ERROR - 2023-05-17 12:02:21 --> Error connecting to the database: mysqli_sql_exception: No se puede establecer una conexión ya que el equipo de destino denegó expresamente dicha conexión in C:\xampp\htdocs\Agendamiento-Citas\system\Database\MySQLi\Connection.php:173
Stack trace:
#0 C:\xampp\htdocs\Agendamiento-Citas\system\Database\MySQLi\Connection.php(173): mysqli->real_connect('localhost', 'root', Object(SensitiveParameterValue), 'db_citas', 3306, '', 0)
#1 C:\xampp\htdocs\Agendamiento-Citas\system\Database\BaseConnection.php(391): CodeIgniter\Database\MySQLi\Connection->connect(false)
#2 C:\xampp\htdocs\Agendamiento-Citas\system\Database\BaseConnection.php(573): CodeIgniter\Database\BaseConnection->initialize()
#3 C:\xampp\htdocs\Agendamiento-Citas\system\Database\BaseBuilder.php(1616): CodeIgniter\Database\BaseConnection->query('SELECT `usuario...', Array, false)
#4 C:\xampp\htdocs\Agendamiento-Citas\system\Model.php(241): CodeIgniter\Database\BaseBuilder->get()
#5 C:\xampp\htdocs\Agendamiento-Citas\system\BaseModel.php(618): CodeIgniter\Model->doFindAll(0, 0)
#6 C:\xampp\htdocs\Agendamiento-Citas\app\Models\AdministradorModels\UsuariosModel.php(49): CodeIgniter\BaseModel->findAll()
#7 C:\xampp\htdocs\Agendamiento-Citas\app\Controllers\LoginRegistrarUsuario.php(24): App\Models\AdministradorModels\UsuariosModel->obtenerUsuariosTodo('A')
#8 C:\xampp\htdocs\Agendamiento-Citas\system\CodeIgniter.php(934): App\Controllers\LoginRegistrarUsuario->index()
#9 C:\xampp\htdocs\Agendamiento-Citas\system\CodeIgniter.php(499): CodeIgniter\CodeIgniter->runController(Object(App\Controllers\LoginRegistrarUsuario))
#10 C:\xampp\htdocs\Agendamiento-Citas\system\CodeIgniter.php(368): CodeIgniter\CodeIgniter->handleRequest(NULL, Object(Config\Cache), false)
#11 C:\xampp\htdocs\Agendamiento-Citas\public\index.php(67): CodeIgniter\CodeIgniter->run()
#12 {main}

Next CodeIgniter\Database\Exceptions\DatabaseException: No se puede establecer una conexión ya que el equipo de destino denegó expresamente dicha conexión in C:\xampp\htdocs\Agendamiento-Citas\system\Database\MySQLi\Connection.php:218
Stack trace:
#0 C:\xampp\htdocs\Agendamiento-Citas\system\Database\BaseConnection.php(391): CodeIgniter\Database\MySQLi\Connection->connect(false)
#1 C:\xampp\htdocs\Agendamiento-Citas\system\Database\BaseConnection.php(573): CodeIgniter\Database\BaseConnection->initialize()
#2 C:\xampp\htdocs\Agendamiento-Citas\system\Database\BaseBuilder.php(1616): CodeIgniter\Database\BaseConnection->query('SELECT `usuario...', Array, false)
#3 C:\xampp\htdocs\Agendamiento-Citas\system\Model.php(241): CodeIgniter\Database\BaseBuilder->get()
#4 C:\xampp\htdocs\Agendamiento-Citas\system\BaseModel.php(618): CodeIgniter\Model->doFindAll(0, 0)
#5 C:\xampp\htdocs\Agendamiento-Citas\app\Models\AdministradorModels\UsuariosModel.php(49): CodeIgniter\BaseModel->findAll()
#6 C:\xampp\htdocs\Agendamiento-Citas\app\Controllers\LoginRegistrarUsuario.php(24): App\Models\AdministradorModels\UsuariosModel->obtenerUsuariosTodo('A')
#7 C:\xampp\htdocs\Agendamiento-Citas\system\CodeIgniter.php(934): App\Controllers\LoginRegistrarUsuario->index()
#8 C:\xampp\htdocs\Agendamiento-Citas\system\CodeIgniter.php(499): CodeIgniter\CodeIgniter->runController(Object(App\Controllers\LoginRegistrarUsuario))
#9 C:\xampp\htdocs\Agendamiento-Citas\system\CodeIgniter.php(368): CodeIgniter\CodeIgniter->handleRequest(NULL, Object(Config\Cache), false)
#10 C:\xampp\htdocs\Agendamiento-Citas\public\index.php(67): CodeIgniter\CodeIgniter->run()
#11 {main}
CRITICAL - 2023-05-17 12:02:21 --> Unable to connect to the database.
Main connection [MySQLi]: No se puede establecer una conexión ya que el equipo de destino denegó expresamente dicha conexión
in SYSTEMPATH\Database\BaseConnection.php on line 427.
 1 SYSTEMPATH\Database\BaseConnection.php(573): CodeIgniter\Database\BaseConnection->initialize()
 2 SYSTEMPATH\Database\BaseBuilder.php(1616): CodeIgniter\Database\BaseConnection->query('SELECT `usuarios`.*, `detalleSexo`.`nombre` as `nomSexo`, `detalleTipoDoc`.`nombre` as `nomTipoDoc`, `detalleCargo`.`nombre` as `nomCargo`
FROM `usuarios`
JOIN `detalles` as `detalleSexo` ON `detalleSexo`.`id_detalles` = `usuarios`.`sexo`
JOIN `detalles` as `detalleTipoDoc` ON `detalleTipoDoc`.`id_detalles` = `usuarios`.`tipo_de_documento`
JOIN `detalles` as `detalleCargo` ON `detalleCargo`.`id_detalles` = `usuarios`.`cargo`
WHERE `usuarios`.`estado` = :usuarios.estado:', [...], false)
 3 SYSTEMPATH\Model.php(241): CodeIgniter\Database\BaseBuilder->get()
 4 SYSTEMPATH\BaseModel.php(618): CodeIgniter\Model->doFindAll(0, 0)
 5 APPPATH\Models\AdministradorModels\UsuariosModel.php(49): CodeIgniter\BaseModel->findAll()
 6 APPPATH\Controllers\LoginRegistrarUsuario.php(24): App\Models\AdministradorModels\UsuariosModel->obtenerUsuariosTodo('A')
 7 SYSTEMPATH\CodeIgniter.php(934): App\Controllers\LoginRegistrarUsuario->index()
 8 SYSTEMPATH\CodeIgniter.php(499): CodeIgniter\CodeIgniter->runController(Object(App\Controllers\LoginRegistrarUsuario))
 9 SYSTEMPATH\CodeIgniter.php(368): CodeIgniter\CodeIgniter->handleRequest(null, Object(Config\Cache), false)
10 FCPATH\index.php(67): CodeIgniter\CodeIgniter->run()
ERROR - 2023-05-17 12:05:03 --> Error connecting to the database: mysqli_sql_exception: No se puede establecer una conexión ya que el equipo de destino denegó expresamente dicha conexión in C:\xampp\htdocs\Agendamiento-Citas\system\Database\MySQLi\Connection.php:173
Stack trace:
#0 C:\xampp\htdocs\Agendamiento-Citas\system\Database\MySQLi\Connection.php(173): mysqli->real_connect('localhost', 'root', Object(SensitiveParameterValue), 'db_citas', 3306, '', 0)
#1 C:\xampp\htdocs\Agendamiento-Citas\system\Database\BaseConnection.php(391): CodeIgniter\Database\MySQLi\Connection->connect(false)
#2 C:\xampp\htdocs\Agendamiento-Citas\system\Database\BaseConnection.php(573): CodeIgniter\Database\BaseConnection->initialize()
#3 C:\xampp\htdocs\Agendamiento-Citas\system\Database\BaseBuilder.php(1616): CodeIgniter\Database\BaseConnection->query('SELECT `usuario...', Array, false)
#4 C:\xampp\htdocs\Agendamiento-Citas\system\Model.php(241): CodeIgniter\Database\BaseBuilder->get()
#5 C:\xampp\htdocs\Agendamiento-Citas\system\BaseModel.php(618): CodeIgniter\Model->doFindAll(0, 0)
#6 C:\xampp\htdocs\Agendamiento-Citas\app\Models\AdministradorModels\UsuariosModel.php(49): CodeIgniter\BaseModel->findAll()
#7 C:\xampp\htdocs\Agendamiento-Citas\app\Controllers\LoginRegistrarUsuario.php(24): App\Models\AdministradorModels\UsuariosModel->obtenerUsuariosTodo('A')
#8 C:\xampp\htdocs\Agendamiento-Citas\system\CodeIgniter.php(934): App\Controllers\LoginRegistrarUsuario->index()
#9 C:\xampp\htdocs\Agendamiento-Citas\system\CodeIgniter.php(499): CodeIgniter\CodeIgniter->runController(Object(App\Controllers\LoginRegistrarUsuario))
#10 C:\xampp\htdocs\Agendamiento-Citas\system\CodeIgniter.php(368): CodeIgniter\CodeIgniter->handleRequest(NULL, Object(Config\Cache), false)
#11 C:\xampp\htdocs\Agendamiento-Citas\public\index.php(67): CodeIgniter\CodeIgniter->run()
#12 {main}

Next CodeIgniter\Database\Exceptions\DatabaseException: No se puede establecer una conexión ya que el equipo de destino denegó expresamente dicha conexión in C:\xampp\htdocs\Agendamiento-Citas\system\Database\MySQLi\Connection.php:218
Stack trace:
#0 C:\xampp\htdocs\Agendamiento-Citas\system\Database\BaseConnection.php(391): CodeIgniter\Database\MySQLi\Connection->connect(false)
#1 C:\xampp\htdocs\Agendamiento-Citas\system\Database\BaseConnection.php(573): CodeIgniter\Database\BaseConnection->initialize()
#2 C:\xampp\htdocs\Agendamiento-Citas\system\Database\BaseBuilder.php(1616): CodeIgniter\Database\BaseConnection->query('SELECT `usuario...', Array, false)
#3 C:\xampp\htdocs\Agendamiento-Citas\system\Model.php(241): CodeIgniter\Database\BaseBuilder->get()
#4 C:\xampp\htdocs\Agendamiento-Citas\system\BaseModel.php(618): CodeIgniter\Model->doFindAll(0, 0)
#5 C:\xampp\htdocs\Agendamiento-Citas\app\Models\AdministradorModels\UsuariosModel.php(49): CodeIgniter\BaseModel->findAll()
#6 C:\xampp\htdocs\Agendamiento-Citas\app\Controllers\LoginRegistrarUsuario.php(24): App\Models\AdministradorModels\UsuariosModel->obtenerUsuariosTodo('A')
#7 C:\xampp\htdocs\Agendamiento-Citas\system\CodeIgniter.php(934): App\Controllers\LoginRegistrarUsuario->index()
#8 C:\xampp\htdocs\Agendamiento-Citas\system\CodeIgniter.php(499): CodeIgniter\CodeIgniter->runController(Object(App\Controllers\LoginRegistrarUsuario))
#9 C:\xampp\htdocs\Agendamiento-Citas\system\CodeIgniter.php(368): CodeIgniter\CodeIgniter->handleRequest(NULL, Object(Config\Cache), false)
#10 C:\xampp\htdocs\Agendamiento-Citas\public\index.php(67): CodeIgniter\CodeIgniter->run()
#11 {main}
CRITICAL - 2023-05-17 12:05:03 --> Unable to connect to the database.
Main connection [MySQLi]: No se puede establecer una conexión ya que el equipo de destino denegó expresamente dicha conexión
in SYSTEMPATH\Database\BaseConnection.php on line 427.
 1 SYSTEMPATH\Database\BaseConnection.php(573): CodeIgniter\Database\BaseConnection->initialize()
 2 SYSTEMPATH\Database\BaseBuilder.php(1616): CodeIgniter\Database\BaseConnection->query('SELECT `usuarios`.*, `detalleSexo`.`nombre` as `nomSexo`, `detalleTipoDoc`.`nombre` as `nomTipoDoc`, `detalleCargo`.`nombre` as `nomCargo`
FROM `usuarios`
JOIN `detalles` as `detalleSexo` ON `detalleSexo`.`id_detalles` = `usuarios`.`sexo`
JOIN `detalles` as `detalleTipoDoc` ON `detalleTipoDoc`.`id_detalles` = `usuarios`.`tipo_de_documento`
JOIN `detalles` as `detalleCargo` ON `detalleCargo`.`id_detalles` = `usuarios`.`cargo`
WHERE `usuarios`.`estado` = :usuarios.estado:', [...], false)
 3 SYSTEMPATH\Model.php(241): CodeIgniter\Database\BaseBuilder->get()
 4 SYSTEMPATH\BaseModel.php(618): CodeIgniter\Model->doFindAll(0, 0)
 5 APPPATH\Models\AdministradorModels\UsuariosModel.php(49): CodeIgniter\BaseModel->findAll()
 6 APPPATH\Controllers\LoginRegistrarUsuario.php(24): App\Models\AdministradorModels\UsuariosModel->obtenerUsuariosTodo('A')
 7 SYSTEMPATH\CodeIgniter.php(934): App\Controllers\LoginRegistrarUsuario->index()
 8 SYSTEMPATH\CodeIgniter.php(499): CodeIgniter\CodeIgniter->runController(Object(App\Controllers\LoginRegistrarUsuario))
 9 SYSTEMPATH\CodeIgniter.php(368): CodeIgniter\CodeIgniter->handleRequest(null, Object(Config\Cache), false)
10 FCPATH\index.php(67): CodeIgniter\CodeIgniter->run()
ERROR - 2023-05-17 12:08:25 --> Error connecting to the database: mysqli_sql_exception: No se puede establecer una conexión ya que el equipo de destino denegó expresamente dicha conexión in C:\xampp\htdocs\Agendamiento-Citas\system\Database\MySQLi\Connection.php:173
Stack trace:
#0 C:\xampp\htdocs\Agendamiento-Citas\system\Database\MySQLi\Connection.php(173): mysqli->real_connect('localhost', 'root', Object(SensitiveParameterValue), 'db_citas', 3306, '', 0)
#1 C:\xampp\htdocs\Agendamiento-Citas\system\Database\BaseConnection.php(391): CodeIgniter\Database\MySQLi\Connection->connect(false)
#2 C:\xampp\htdocs\Agendamiento-Citas\system\Database\BaseConnection.php(573): CodeIgniter\Database\BaseConnection->initialize()
#3 C:\xampp\htdocs\Agendamiento-Citas\system\Database\BaseBuilder.php(1616): CodeIgniter\Database\BaseConnection->query('SELECT `detalle...', Array, false)
#4 C:\xampp\htdocs\Agendamiento-Citas\system\Model.php(241): CodeIgniter\Database\BaseBuilder->get()
#5 C:\xampp\htdocs\Agendamiento-Citas\system\BaseModel.php(618): CodeIgniter\Model->doFindAll(0, 0)
#6 C:\xampp\htdocs\Agendamiento-Citas\app\Models\AdministradorModels\DetallesModel.php(42): CodeIgniter\BaseModel->findAll()
#7 C:\xampp\htdocs\Agendamiento-Citas\app\Controllers\LoginRegistrarUsuario.php(25): App\Models\AdministradorModels\DetallesModel->obtenerDetallesConexion('1', 'A')
#8 C:\xampp\htdocs\Agendamiento-Citas\system\CodeIgniter.php(934): App\Controllers\LoginRegistrarUsuario->index()
#9 C:\xampp\htdocs\Agendamiento-Citas\system\CodeIgniter.php(499): CodeIgniter\CodeIgniter->runController(Object(App\Controllers\LoginRegistrarUsuario))
#10 C:\xampp\htdocs\Agendamiento-Citas\system\CodeIgniter.php(368): CodeIgniter\CodeIgniter->handleRequest(NULL, Object(Config\Cache), false)
#11 C:\xampp\htdocs\Agendamiento-Citas\public\index.php(67): CodeIgniter\CodeIgniter->run()
#12 {main}

Next CodeIgniter\Database\Exceptions\DatabaseException: No se puede establecer una conexión ya que el equipo de destino denegó expresamente dicha conexión in C:\xampp\htdocs\Agendamiento-Citas\system\Database\MySQLi\Connection.php:218
Stack trace:
#0 C:\xampp\htdocs\Agendamiento-Citas\system\Database\BaseConnection.php(391): CodeIgniter\Database\MySQLi\Connection->connect(false)
#1 C:\xampp\htdocs\Agendamiento-Citas\system\Database\BaseConnection.php(573): CodeIgniter\Database\BaseConnection->initialize()
#2 C:\xampp\htdocs\Agendamiento-Citas\system\Database\BaseBuilder.php(1616): CodeIgniter\Database\BaseConnection->query('SELECT `detalle...', Array, false)
#3 C:\xampp\htdocs\Agendamiento-Citas\system\Model.php(241): CodeIgniter\Database\BaseBuilder->get()
#4 C:\xampp\htdocs\Agendamiento-Citas\system\BaseModel.php(618): CodeIgniter\Model->doFindAll(0, 0)
#5 C:\xampp\htdocs\Agendamiento-Citas\app\Models\AdministradorModels\DetallesModel.php(42): CodeIgniter\BaseModel->findAll()
#6 C:\xampp\htdocs\Agendamiento-Citas\app\Controllers\LoginRegistrarUsuario.php(25): App\Models\AdministradorModels\DetallesModel->obtenerDetallesConexion('1', 'A')
#7 C:\xampp\htdocs\Agendamiento-Citas\system\CodeIgniter.php(934): App\Controllers\LoginRegistrarUsuario->index()
#8 C:\xampp\htdocs\Agendamiento-Citas\system\CodeIgniter.php(499): CodeIgniter\CodeIgniter->runController(Object(App\Controllers\LoginRegistrarUsuario))
#9 C:\xampp\htdocs\Agendamiento-Citas\system\CodeIgniter.php(368): CodeIgniter\CodeIgniter->handleRequest(NULL, Object(Config\Cache), false)
#10 C:\xampp\htdocs\Agendamiento-Citas\public\index.php(67): CodeIgniter\CodeIgniter->run()
#11 {main}
CRITICAL - 2023-05-17 12:08:25 --> Unable to connect to the database.
Main connection [MySQLi]: No se puede establecer una conexión ya que el equipo de destino denegó expresamente dicha conexión
in SYSTEMPATH\Database\BaseConnection.php on line 427.
 1 SYSTEMPATH\Database\BaseConnection.php(573): CodeIgniter\Database\BaseConnection->initialize()
 2 SYSTEMPATH\Database\BaseBuilder.php(1616): CodeIgniter\Database\BaseConnection->query('SELECT `detalles`.*, `usuarios`.`nombre_corto` as `NomUsuario`, `encabezado`.`nombre` as `NomEncabezado`
FROM `detalles`
JOIN `usuarios` ON `usuarios`.`id_usuario` = `detalles`.`usuario_crea`
JOIN `encabezado` ON `encabezado`.`id_encabezado` = `detalles`.`id_encabezado`
WHERE `detalles`.`id_encabezado` = :detalles.id_encabezado:
AND `detalles`.`estado` = :detalles.estado:', [...], false)
 3 SYSTEMPATH\Model.php(241): CodeIgniter\Database\BaseBuilder->get()
 4 SYSTEMPATH\BaseModel.php(618): CodeIgniter\Model->doFindAll(0, 0)
 5 APPPATH\Models\AdministradorModels\DetallesModel.php(42): CodeIgniter\BaseModel->findAll()
 6 APPPATH\Controllers\LoginRegistrarUsuario.php(25): App\Models\AdministradorModels\DetallesModel->obtenerDetallesConexion('1', 'A')
 7 SYSTEMPATH\CodeIgniter.php(934): App\Controllers\LoginRegistrarUsuario->index()
 8 SYSTEMPATH\CodeIgniter.php(499): CodeIgniter\CodeIgniter->runController(Object(App\Controllers\LoginRegistrarUsuario))
 9 SYSTEMPATH\CodeIgniter.php(368): CodeIgniter\CodeIgniter->handleRequest(null, Object(Config\Cache), false)
10 FCPATH\index.php(67): CodeIgniter\CodeIgniter->run()
ERROR - 2023-05-17 12:09:17 --> Error connecting to the database: mysqli_sql_exception: No se puede establecer una conexión ya que el equipo de destino denegó expresamente dicha conexión in C:\xampp\htdocs\Agendamiento-Citas\system\Database\MySQLi\Connection.php:173
Stack trace:
#0 C:\xampp\htdocs\Agendamiento-Citas\system\Database\MySQLi\Connection.php(173): mysqli->real_connect('localhost', 'root', Object(SensitiveParameterValue), 'db_citas', 3306, '', 0)
#1 C:\xampp\htdocs\Agendamiento-Citas\system\Database\BaseConnection.php(391): CodeIgniter\Database\MySQLi\Connection->connect(false)
#2 C:\xampp\htdocs\Agendamiento-Citas\system\Database\BaseConnection.php(573): CodeIgniter\Database\BaseConnection->initialize()
#3 C:\xampp\htdocs\Agendamiento-Citas\system\Database\BaseBuilder.php(1616): CodeIgniter\Database\BaseConnection->query('SELECT `usuario...', Array, false)
#4 C:\xampp\htdocs\Agendamiento-Citas\system\Model.php(241): CodeIgniter\Database\BaseBuilder->get()
#5 C:\xampp\htdocs\Agendamiento-Citas\system\BaseModel.php(618): CodeIgniter\Model->doFindAll(0, 0)
#6 C:\xampp\htdocs\Agendamiento-Citas\app\Models\AdministradorModels\UsuariosModel.php(49): CodeIgniter\BaseModel->findAll()
#7 C:\xampp\htdocs\Agendamiento-Citas\app\Controllers\AdministrarUsuarios.php(28): App\Models\AdministradorModels\UsuariosModel->obtenerUsuariosTodo('A')
#8 C:\xampp\htdocs\Agendamiento-Citas\system\CodeIgniter.php(934): App\Controllers\AdministrarUsuarios->index()
#9 C:\xampp\htdocs\Agendamiento-Citas\system\CodeIgniter.php(499): CodeIgniter\CodeIgniter->runController(Object(App\Controllers\AdministrarUsuarios))
#10 C:\xampp\htdocs\Agendamiento-Citas\system\CodeIgniter.php(368): CodeIgniter\CodeIgniter->handleRequest(NULL, Object(Config\Cache), false)
#11 C:\xampp\htdocs\Agendamiento-Citas\public\index.php(67): CodeIgniter\CodeIgniter->run()
#12 {main}

Next CodeIgniter\Database\Exceptions\DatabaseException: No se puede establecer una conexión ya que el equipo de destino denegó expresamente dicha conexión in C:\xampp\htdocs\Agendamiento-Citas\system\Database\MySQLi\Connection.php:218
Stack trace:
#0 C:\xampp\htdocs\Agendamiento-Citas\system\Database\BaseConnection.php(391): CodeIgniter\Database\MySQLi\Connection->connect(false)
#1 C:\xampp\htdocs\Agendamiento-Citas\system\Database\BaseConnection.php(573): CodeIgniter\Database\BaseConnection->initialize()
#2 C:\xampp\htdocs\Agendamiento-Citas\system\Database\BaseBuilder.php(1616): CodeIgniter\Database\BaseConnection->query('SELECT `usuario...', Array, false)
#3 C:\xampp\htdocs\Agendamiento-Citas\system\Model.php(241): CodeIgniter\Database\BaseBuilder->get()
#4 C:\xampp\htdocs\Agendamiento-Citas\system\BaseModel.php(618): CodeIgniter\Model->doFindAll(0, 0)
#5 C:\xampp\htdocs\Agendamiento-Citas\app\Models\AdministradorModels\UsuariosModel.php(49): CodeIgniter\BaseModel->findAll()
#6 C:\xampp\htdocs\Agendamiento-Citas\app\Controllers\AdministrarUsuarios.php(28): App\Models\AdministradorModels\UsuariosModel->obtenerUsuariosTodo('A')
#7 C:\xampp\htdocs\Agendamiento-Citas\system\CodeIgniter.php(934): App\Controllers\AdministrarUsuarios->index()
#8 C:\xampp\htdocs\Agendamiento-Citas\system\CodeIgniter.php(499): CodeIgniter\CodeIgniter->runController(Object(App\Controllers\AdministrarUsuarios))
#9 C:\xampp\htdocs\Agendamiento-Citas\system\CodeIgniter.php(368): CodeIgniter\CodeIgniter->handleRequest(NULL, Object(Config\Cache), false)
#10 C:\xampp\htdocs\Agendamiento-Citas\public\index.php(67): CodeIgniter\CodeIgniter->run()
#11 {main}
CRITICAL - 2023-05-17 12:09:17 --> Unable to connect to the database.
Main connection [MySQLi]: No se puede establecer una conexión ya que el equipo de destino denegó expresamente dicha conexión
in SYSTEMPATH\Database\BaseConnection.php on line 427.
 1 SYSTEMPATH\Database\BaseConnection.php(573): CodeIgniter\Database\BaseConnection->initialize()
 2 SYSTEMPATH\Database\BaseBuilder.php(1616): CodeIgniter\Database\BaseConnection->query('SELECT `usuarios`.*, `detalleSexo`.`nombre` as `nomSexo`, `detalleTipoDoc`.`nombre` as `nomTipoDoc`, `detalleCargo`.`nombre` as `nomCargo`
FROM `usuarios`
JOIN `detalles` as `detalleSexo` ON `detalleSexo`.`id_detalles` = `usuarios`.`sexo`
JOIN `detalles` as `detalleTipoDoc` ON `detalleTipoDoc`.`id_detalles` = `usuarios`.`tipo_de_documento`
JOIN `detalles` as `detalleCargo` ON `detalleCargo`.`id_detalles` = `usuarios`.`cargo`
WHERE `usuarios`.`estado` = :usuarios.estado:', [...], false)
 3 SYSTEMPATH\Model.php(241): CodeIgniter\Database\BaseBuilder->get()
 4 SYSTEMPATH\BaseModel.php(618): CodeIgniter\Model->doFindAll(0, 0)
 5 APPPATH\Models\AdministradorModels\UsuariosModel.php(49): CodeIgniter\BaseModel->findAll()
 6 APPPATH\Controllers\AdministrarUsuarios.php(28): App\Models\AdministradorModels\UsuariosModel->obtenerUsuariosTodo('A')
 7 SYSTEMPATH\CodeIgniter.php(934): App\Controllers\AdministrarUsuarios->index()
 8 SYSTEMPATH\CodeIgniter.php(499): CodeIgniter\CodeIgniter->runController(Object(App\Controllers\AdministrarUsuarios))
 9 SYSTEMPATH\CodeIgniter.php(368): CodeIgniter\CodeIgniter->handleRequest(null, Object(Config\Cache), false)
10 FCPATH\index.php(67): CodeIgniter\CodeIgniter->run()
CRITICAL - 2023-05-17 12:29:51 --> Call to a member function obtenerHoras() on null
in APPPATH\Controllers\EstudiantesSolicitarCita.php on line 34.
 1 SYSTEMPATH\CodeIgniter.php(934): App\Controllers\EstudiantesSolicitarCita->index()
 2 SYSTEMPATH\CodeIgniter.php(499): CodeIgniter\CodeIgniter->runController(Object(App\Controllers\EstudiantesSolicitarCita))
 3 SYSTEMPATH\CodeIgniter.php(368): CodeIgniter\CodeIgniter->handleRequest(null, Object(Config\Cache), false)
 4 FCPATH\index.php(67): CodeIgniter\CodeIgniter->run()
CRITICAL - 2023-05-17 14:25:20 --> Namespace declaration statement has to be the very first statement or after any declare call in the script
in APPPATH\Controllers\LoginSignin.php on line 3.
 1 [internal function]: CodeIgniter\Debug\Exceptions->shutdownHandler()
CRITICAL - 2023-05-17 14:25:40 --> Namespace declaration statement has to be the very first statement or after any declare call in the script
in APPPATH\Controllers\LoginSignin.php on line 3.
 1 [internal function]: CodeIgniter\Debug\Exceptions->shutdownHandler()
CRITICAL - 2023-05-17 14:34:38 --> Undefined variable $usuario
in APPPATH\Views\administradores\principal\headercopy.php on line 102.
 1 APPPATH\Views\administradores\principal\headercopy.php(102): CodeIgniter\Debug\Exceptions->errorHandler(2, 'Undefined variable $usuario', 'APPPATH\\Views\\administradores\\principal\\headercopy.php', 102)
 2 SYSTEMPATH\View\View.php(213): include('APPPATH\\Views\\administradores\\principal\\headercopy.php')
 3 SYSTEMPATH\View\View.php(216): CodeIgniter\View\View->CodeIgniter\View\{closure}()
 4 SYSTEMPATH\Common.php(1184): CodeIgniter\View\View->render('administradores/principal/headercopy', [], true)
 5 APPPATH\Controllers\AdministrarPerfil.php(18): view('administradores/principal/headercopy', [...])
 6 SYSTEMPATH\CodeIgniter.php(934): App\Controllers\AdministrarPerfil->index()
 7 SYSTEMPATH\CodeIgniter.php(499): CodeIgniter\CodeIgniter->runController(Object(App\Controllers\AdministrarPerfil))
 8 SYSTEMPATH\CodeIgniter.php(368): CodeIgniter\CodeIgniter->handleRequest(null, Object(Config\Cache), false)
 9 FCPATH\index.php(67): CodeIgniter\CodeIgniter->run()
CRITICAL - 2023-05-17 14:35:15 --> Undefined variable $usuario
in APPPATH\Views\administradores\principal\headercopy.php on line 102.
 1 APPPATH\Views\administradores\principal\headercopy.php(102): CodeIgniter\Debug\Exceptions->errorHandler(2, 'Undefined variable $usuario', 'APPPATH\\Views\\administradores\\principal\\headercopy.php', 102)
 2 SYSTEMPATH\View\View.php(213): include('APPPATH\\Views\\administradores\\principal\\headercopy.php')
 3 SYSTEMPATH\View\View.php(216): CodeIgniter\View\View->CodeIgniter\View\{closure}()
 4 SYSTEMPATH\Common.php(1184): CodeIgniter\View\View->render('administradores/principal/headercopy', [], true)
 5 APPPATH\Controllers\AdministrarPerfil.php(18): view('administradores/principal/headercopy', [...])
 6 SYSTEMPATH\CodeIgniter.php(934): App\Controllers\AdministrarPerfil->index()
 7 SYSTEMPATH\CodeIgniter.php(499): CodeIgniter\CodeIgniter->runController(Object(App\Controllers\AdministrarPerfil))
 8 SYSTEMPATH\CodeIgniter.php(368): CodeIgniter\CodeIgniter->handleRequest(null, Object(Config\Cache), false)
 9 FCPATH\index.php(67): CodeIgniter\CodeIgniter->run()
CRITICAL - 2023-05-17 14:35:17 --> Undefined variable $usuario
in APPPATH\Views\administradores\principal\headercopy.php on line 102.
 1 APPPATH\Views\administradores\principal\headercopy.php(102): CodeIgniter\Debug\Exceptions->errorHandler(2, 'Undefined variable $usuario', 'APPPATH\\Views\\administradores\\principal\\headercopy.php', 102)
 2 SYSTEMPATH\View\View.php(213): include('APPPATH\\Views\\administradores\\principal\\headercopy.php')
 3 SYSTEMPATH\View\View.php(216): CodeIgniter\View\View->CodeIgniter\View\{closure}()
 4 SYSTEMPATH\Common.php(1184): CodeIgniter\View\View->render('administradores/principal/headercopy', [], true)
 5 APPPATH\Controllers\AdministrarPerfil.php(18): view('administradores/principal/headercopy', [...])
 6 SYSTEMPATH\CodeIgniter.php(934): App\Controllers\AdministrarPerfil->index()
 7 SYSTEMPATH\CodeIgniter.php(499): CodeIgniter\CodeIgniter->runController(Object(App\Controllers\AdministrarPerfil))
 8 SYSTEMPATH\CodeIgniter.php(368): CodeIgniter\CodeIgniter->handleRequest(null, Object(Config\Cache), false)
 9 FCPATH\index.php(67): CodeIgniter\CodeIgniter->run()
CRITICAL - 2023-05-17 14:35:17 --> Undefined variable $usuario
in APPPATH\Views\administradores\principal\headercopy.php on line 102.
 1 APPPATH\Views\administradores\principal\headercopy.php(102): CodeIgniter\Debug\Exceptions->errorHandler(2, 'Undefined variable $usuario', 'APPPATH\\Views\\administradores\\principal\\headercopy.php', 102)
 2 SYSTEMPATH\View\View.php(213): include('APPPATH\\Views\\administradores\\principal\\headercopy.php')
 3 SYSTEMPATH\View\View.php(216): CodeIgniter\View\View->CodeIgniter\View\{closure}()
 4 SYSTEMPATH\Common.php(1184): CodeIgniter\View\View->render('administradores/principal/headercopy', [], true)
 5 APPPATH\Controllers\AdministrarPerfil.php(18): view('administradores/principal/headercopy', [...])
 6 SYSTEMPATH\CodeIgniter.php(934): App\Controllers\AdministrarPerfil->index()
 7 SYSTEMPATH\CodeIgniter.php(499): CodeIgniter\CodeIgniter->runController(Object(App\Controllers\AdministrarPerfil))
 8 SYSTEMPATH\CodeIgniter.php(368): CodeIgniter\CodeIgniter->handleRequest(null, Object(Config\Cache), false)
 9 FCPATH\index.php(67): CodeIgniter\CodeIgniter->run()
CRITICAL - 2023-05-17 14:35:18 --> Undefined variable $usuario
in APPPATH\Views\administradores\principal\headercopy.php on line 102.
 1 APPPATH\Views\administradores\principal\headercopy.php(102): CodeIgniter\Debug\Exceptions->errorHandler(2, 'Undefined variable $usuario', 'APPPATH\\Views\\administradores\\principal\\headercopy.php', 102)
 2 SYSTEMPATH\View\View.php(213): include('APPPATH\\Views\\administradores\\principal\\headercopy.php')
 3 SYSTEMPATH\View\View.php(216): CodeIgniter\View\View->CodeIgniter\View\{closure}()
 4 SYSTEMPATH\Common.php(1184): CodeIgniter\View\View->render('administradores/principal/headercopy', [], true)
 5 APPPATH\Controllers\AdministrarPerfil.php(18): view('administradores/principal/headercopy', [...])
 6 SYSTEMPATH\CodeIgniter.php(934): App\Controllers\AdministrarPerfil->index()
 7 SYSTEMPATH\CodeIgniter.php(499): CodeIgniter\CodeIgniter->runController(Object(App\Controllers\AdministrarPerfil))
 8 SYSTEMPATH\CodeIgniter.php(368): CodeIgniter\CodeIgniter->handleRequest(null, Object(Config\Cache), false)
 9 FCPATH\index.php(67): CodeIgniter\CodeIgniter->run()
CRITICAL - 2023-05-17 14:35:19 --> Undefined variable $usuario
in APPPATH\Views\administradores\principal\headercopy.php on line 102.
 1 APPPATH\Views\administradores\principal\headercopy.php(102): CodeIgniter\Debug\Exceptions->errorHandler(2, 'Undefined variable $usuario', 'APPPATH\\Views\\administradores\\principal\\headercopy.php', 102)
 2 SYSTEMPATH\View\View.php(213): include('APPPATH\\Views\\administradores\\principal\\headercopy.php')
 3 SYSTEMPATH\View\View.php(216): CodeIgniter\View\View->CodeIgniter\View\{closure}()
 4 SYSTEMPATH\Common.php(1184): CodeIgniter\View\View->render('administradores/principal/headercopy', [], true)
 5 APPPATH\Controllers\AdministrarPerfil.php(18): view('administradores/principal/headercopy', [...])
 6 SYSTEMPATH\CodeIgniter.php(934): App\Controllers\AdministrarPerfil->index()
 7 SYSTEMPATH\CodeIgniter.php(499): CodeIgniter\CodeIgniter->runController(Object(App\Controllers\AdministrarPerfil))
 8 SYSTEMPATH\CodeIgniter.php(368): CodeIgniter\CodeIgniter->handleRequest(null, Object(Config\Cache), false)
 9 FCPATH\index.php(67): CodeIgniter\CodeIgniter->run()
CRITICAL - 2023-05-17 14:35:19 --> Undefined variable $usuario
in APPPATH\Views\administradores\principal\headercopy.php on line 102.
 1 APPPATH\Views\administradores\principal\headercopy.php(102): CodeIgniter\Debug\Exceptions->errorHandler(2, 'Undefined variable $usuario', 'APPPATH\\Views\\administradores\\principal\\headercopy.php', 102)
 2 SYSTEMPATH\View\View.php(213): include('APPPATH\\Views\\administradores\\principal\\headercopy.php')
 3 SYSTEMPATH\View\View.php(216): CodeIgniter\View\View->CodeIgniter\View\{closure}()
 4 SYSTEMPATH\Common.php(1184): CodeIgniter\View\View->render('administradores/principal/headercopy', [], true)
 5 APPPATH\Controllers\AdministrarPerfil.php(18): view('administradores/principal/headercopy', [...])
 6 SYSTEMPATH\CodeIgniter.php(934): App\Controllers\AdministrarPerfil->index()
 7 SYSTEMPATH\CodeIgniter.php(499): CodeIgniter\CodeIgniter->runController(Object(App\Controllers\AdministrarPerfil))
 8 SYSTEMPATH\CodeIgniter.php(368): CodeIgniter\CodeIgniter->handleRequest(null, Object(Config\Cache), false)
 9 FCPATH\index.php(67): CodeIgniter\CodeIgniter->run()
CRITICAL - 2023-05-17 14:35:43 --> Undefined variable $usuario
in APPPATH\Views\administradores\principal\headercopy.php on line 102.
 1 APPPATH\Views\administradores\principal\headercopy.php(102): CodeIgniter\Debug\Exceptions->errorHandler(2, 'Undefined variable $usuario', 'APPPATH\\Views\\administradores\\principal\\headercopy.php', 102)
 2 SYSTEMPATH\View\View.php(213): include('APPPATH\\Views\\administradores\\principal\\headercopy.php')
 3 SYSTEMPATH\View\View.php(216): CodeIgniter\View\View->CodeIgniter\View\{closure}()
 4 SYSTEMPATH\Common.php(1184): CodeIgniter\View\View->render('administradores/principal/headercopy', [], true)
 5 APPPATH\Controllers\AdministrarPerfil.php(18): view('administradores/principal/headercopy', [...])
 6 SYSTEMPATH\CodeIgniter.php(934): App\Controllers\AdministrarPerfil->index()
 7 SYSTEMPATH\CodeIgniter.php(499): CodeIgniter\CodeIgniter->runController(Object(App\Controllers\AdministrarPerfil))
 8 SYSTEMPATH\CodeIgniter.php(368): CodeIgniter\CodeIgniter->handleRequest(null, Object(Config\Cache), false)
 9 FCPATH\index.php(67): CodeIgniter\CodeIgniter->run()
CRITICAL - 2023-05-17 14:36:26 --> Undefined variable $usuario
in APPPATH\Views\administradores\principal\headercopy.php on line 102.
 1 APPPATH\Views\administradores\principal\headercopy.php(102): CodeIgniter\Debug\Exceptions->errorHandler(2, 'Undefined variable $usuario', 'APPPATH\\Views\\administradores\\principal\\headercopy.php', 102)
 2 SYSTEMPATH\View\View.php(213): include('APPPATH\\Views\\administradores\\principal\\headercopy.php')
 3 SYSTEMPATH\View\View.php(216): CodeIgniter\View\View->CodeIgniter\View\{closure}()
 4 SYSTEMPATH\Common.php(1184): CodeIgniter\View\View->render('administradores/principal/headercopy', [], true)
 5 APPPATH\Controllers\AdministrarPerfil.php(18): view('administradores/principal/headercopy', [...])
 6 SYSTEMPATH\CodeIgniter.php(934): App\Controllers\AdministrarPerfil->index()
 7 SYSTEMPATH\CodeIgniter.php(499): CodeIgniter\CodeIgniter->runController(Object(App\Controllers\AdministrarPerfil))
 8 SYSTEMPATH\CodeIgniter.php(368): CodeIgniter\CodeIgniter->handleRequest(null, Object(Config\Cache), false)
 9 FCPATH\index.php(67): CodeIgniter\CodeIgniter->run()
CRITICAL - 2023-05-17 14:37:10 --> Undefined variable $usuario
in APPPATH\Views\administradores\principal\headercopy.php on line 104.
 1 APPPATH\Views\administradores\principal\headercopy.php(104): CodeIgniter\Debug\Exceptions->errorHandler(2, 'Undefined variable $usuario', 'APPPATH\\Views\\administradores\\principal\\headercopy.php', 104)
 2 SYSTEMPATH\View\View.php(213): include('APPPATH\\Views\\administradores\\principal\\headercopy.php')
 3 SYSTEMPATH\View\View.php(216): CodeIgniter\View\View->CodeIgniter\View\{closure}()
 4 SYSTEMPATH\Common.php(1184): CodeIgniter\View\View->render('administradores/principal/headercopy', [], true)
 5 APPPATH\Controllers\AdministrarPerfil.php(18): view('administradores/principal/headercopy', [...])
 6 SYSTEMPATH\CodeIgniter.php(934): App\Controllers\AdministrarPerfil->index()
 7 SYSTEMPATH\CodeIgniter.php(499): CodeIgniter\CodeIgniter->runController(Object(App\Controllers\AdministrarPerfil))
 8 SYSTEMPATH\CodeIgniter.php(368): CodeIgniter\CodeIgniter->handleRequest(null, Object(Config\Cache), false)
 9 FCPATH\index.php(67): CodeIgniter\CodeIgniter->run()
CRITICAL - 2023-05-17 14:38:55 --> Undefined variable $usuario
in APPPATH\Views\administradores\principal\headercopy.php on line 104.
 1 APPPATH\Views\administradores\principal\headercopy.php(104): CodeIgniter\Debug\Exceptions->errorHandler(2, 'Undefined variable $usuario', 'APPPATH\\Views\\administradores\\principal\\headercopy.php', 104)
 2 SYSTEMPATH\View\View.php(213): include('APPPATH\\Views\\administradores\\principal\\headercopy.php')
 3 SYSTEMPATH\View\View.php(216): CodeIgniter\View\View->CodeIgniter\View\{closure}()
 4 SYSTEMPATH\Common.php(1184): CodeIgniter\View\View->render('administradores/principal/headercopy', [], true)
 5 APPPATH\Controllers\AdministrarPerfil.php(18): view('administradores/principal/headercopy', [...])
 6 SYSTEMPATH\CodeIgniter.php(934): App\Controllers\AdministrarPerfil->index()
 7 SYSTEMPATH\CodeIgniter.php(499): CodeIgniter\CodeIgniter->runController(Object(App\Controllers\AdministrarPerfil))
 8 SYSTEMPATH\CodeIgniter.php(368): CodeIgniter\CodeIgniter->handleRequest(null, Object(Config\Cache), false)
 9 FCPATH\index.php(67): CodeIgniter\CodeIgniter->run()
CRITICAL - 2023-05-17 14:38:56 --> Undefined variable $usuario
in APPPATH\Views\administradores\principal\headercopy.php on line 104.
 1 APPPATH\Views\administradores\principal\headercopy.php(104): CodeIgniter\Debug\Exceptions->errorHandler(2, 'Undefined variable $usuario', 'APPPATH\\Views\\administradores\\principal\\headercopy.php', 104)
 2 SYSTEMPATH\View\View.php(213): include('APPPATH\\Views\\administradores\\principal\\headercopy.php')
 3 SYSTEMPATH\View\View.php(216): CodeIgniter\View\View->CodeIgniter\View\{closure}()
 4 SYSTEMPATH\Common.php(1184): CodeIgniter\View\View->render('administradores/principal/headercopy', [], true)
 5 APPPATH\Controllers\AdministrarPerfil.php(18): view('administradores/principal/headercopy', [...])
 6 SYSTEMPATH\CodeIgniter.php(934): App\Controllers\AdministrarPerfil->index()
 7 SYSTEMPATH\CodeIgniter.php(499): CodeIgniter\CodeIgniter->runController(Object(App\Controllers\AdministrarPerfil))
 8 SYSTEMPATH\CodeIgniter.php(368): CodeIgniter\CodeIgniter->handleRequest(null, Object(Config\Cache), false)
 9 FCPATH\index.php(67): CodeIgniter\CodeIgniter->run()
CRITICAL - 2023-05-17 14:38:56 --> Undefined variable $usuario
in APPPATH\Views\administradores\principal\headercopy.php on line 104.
 1 APPPATH\Views\administradores\principal\headercopy.php(104): CodeIgniter\Debug\Exceptions->errorHandler(2, 'Undefined variable $usuario', 'APPPATH\\Views\\administradores\\principal\\headercopy.php', 104)
 2 SYSTEMPATH\View\View.php(213): include('APPPATH\\Views\\administradores\\principal\\headercopy.php')
 3 SYSTEMPATH\View\View.php(216): CodeIgniter\View\View->CodeIgniter\View\{closure}()
 4 SYSTEMPATH\Common.php(1184): CodeIgniter\View\View->render('administradores/principal/headercopy', [], true)
 5 APPPATH\Controllers\AdministrarPerfil.php(18): view('administradores/principal/headercopy', [...])
 6 SYSTEMPATH\CodeIgniter.php(934): App\Controllers\AdministrarPerfil->index()
 7 SYSTEMPATH\CodeIgniter.php(499): CodeIgniter\CodeIgniter->runController(Object(App\Controllers\AdministrarPerfil))
 8 SYSTEMPATH\CodeIgniter.php(368): CodeIgniter\CodeIgniter->handleRequest(null, Object(Config\Cache), false)
 9 FCPATH\index.php(67): CodeIgniter\CodeIgniter->run()
CRITICAL - 2023-05-17 14:38:58 --> Undefined variable $usuario
in APPPATH\Views\administradores\principal\headercopy.php on line 104.
 1 APPPATH\Views\administradores\principal\headercopy.php(104): CodeIgniter\Debug\Exceptions->errorHandler(2, 'Undefined variable $usuario', 'APPPATH\\Views\\administradores\\principal\\headercopy.php', 104)
 2 SYSTEMPATH\View\View.php(213): include('APPPATH\\Views\\administradores\\principal\\headercopy.php')
 3 SYSTEMPATH\View\View.php(216): CodeIgniter\View\View->CodeIgniter\View\{closure}()
 4 SYSTEMPATH\Common.php(1184): CodeIgniter\View\View->render('administradores/principal/headercopy', [], true)
 5 APPPATH\Controllers\AdministrarPerfil.php(18): view('administradores/principal/headercopy', [...])
 6 SYSTEMPATH\CodeIgniter.php(934): App\Controllers\AdministrarPerfil->index()
 7 SYSTEMPATH\CodeIgniter.php(499): CodeIgniter\CodeIgniter->runController(Object(App\Controllers\AdministrarPerfil))
 8 SYSTEMPATH\CodeIgniter.php(368): CodeIgniter\CodeIgniter->handleRequest(null, Object(Config\Cache), false)
 9 FCPATH\index.php(67): CodeIgniter\CodeIgniter->run()
CRITICAL - 2023-05-17 14:38:59 --> Undefined variable $usuario
in APPPATH\Views\administradores\principal\headercopy.php on line 104.
 1 APPPATH\Views\administradores\principal\headercopy.php(104): CodeIgniter\Debug\Exceptions->errorHandler(2, 'Undefined variable $usuario', 'APPPATH\\Views\\administradores\\principal\\headercopy.php', 104)
 2 SYSTEMPATH\View\View.php(213): include('APPPATH\\Views\\administradores\\principal\\headercopy.php')
 3 SYSTEMPATH\View\View.php(216): CodeIgniter\View\View->CodeIgniter\View\{closure}()
 4 SYSTEMPATH\Common.php(1184): CodeIgniter\View\View->render('administradores/principal/headercopy', [], true)
 5 APPPATH\Controllers\AdministrarPerfil.php(18): view('administradores/principal/headercopy', [...])
 6 SYSTEMPATH\CodeIgniter.php(934): App\Controllers\AdministrarPerfil->index()
 7 SYSTEMPATH\CodeIgniter.php(499): CodeIgniter\CodeIgniter->runController(Object(App\Controllers\AdministrarPerfil))
 8 SYSTEMPATH\CodeIgniter.php(368): CodeIgniter\CodeIgniter->handleRequest(null, Object(Config\Cache), false)
 9 FCPATH\index.php(67): CodeIgniter\CodeIgniter->run()
CRITICAL - 2023-05-17 14:39:00 --> Undefined variable $usuario
in APPPATH\Views\administradores\principal\headercopy.php on line 104.
 1 APPPATH\Views\administradores\principal\headercopy.php(104): CodeIgniter\Debug\Exceptions->errorHandler(2, 'Undefined variable $usuario', 'APPPATH\\Views\\administradores\\principal\\headercopy.php', 104)
 2 SYSTEMPATH\View\View.php(213): include('APPPATH\\Views\\administradores\\principal\\headercopy.php')
 3 SYSTEMPATH\View\View.php(216): CodeIgniter\View\View->CodeIgniter\View\{closure}()
 4 SYSTEMPATH\Common.php(1184): CodeIgniter\View\View->render('administradores/principal/headercopy', [], true)
 5 APPPATH\Controllers\AdministrarPerfil.php(18): view('administradores/principal/headercopy', [...])
 6 SYSTEMPATH\CodeIgniter.php(934): App\Controllers\AdministrarPerfil->index()
 7 SYSTEMPATH\CodeIgniter.php(499): CodeIgniter\CodeIgniter->runController(Object(App\Controllers\AdministrarPerfil))
 8 SYSTEMPATH\CodeIgniter.php(368): CodeIgniter\CodeIgniter->handleRequest(null, Object(Config\Cache), false)
 9 FCPATH\index.php(67): CodeIgniter\CodeIgniter->run()
CRITICAL - 2023-05-17 14:39:01 --> Undefined variable $usuario
in APPPATH\Views\administradores\principal\headercopy.php on line 104.
 1 APPPATH\Views\administradores\principal\headercopy.php(104): CodeIgniter\Debug\Exceptions->errorHandler(2, 'Undefined variable $usuario', 'APPPATH\\Views\\administradores\\principal\\headercopy.php', 104)
 2 SYSTEMPATH\View\View.php(213): include('APPPATH\\Views\\administradores\\principal\\headercopy.php')
 3 SYSTEMPATH\View\View.php(216): CodeIgniter\View\View->CodeIgniter\View\{closure}()
 4 SYSTEMPATH\Common.php(1184): CodeIgniter\View\View->render('administradores/principal/headercopy', [], true)
 5 APPPATH\Controllers\AdministrarPerfil.php(18): view('administradores/principal/headercopy', [...])
 6 SYSTEMPATH\CodeIgniter.php(934): App\Controllers\AdministrarPerfil->index()
 7 SYSTEMPATH\CodeIgniter.php(499): CodeIgniter\CodeIgniter->runController(Object(App\Controllers\AdministrarPerfil))
 8 SYSTEMPATH\CodeIgniter.php(368): CodeIgniter\CodeIgniter->handleRequest(null, Object(Config\Cache), false)
 9 FCPATH\index.php(67): CodeIgniter\CodeIgniter->run()
CRITICAL - 2023-05-17 14:39:01 --> Undefined variable $usuario
in APPPATH\Views\administradores\principal\headercopy.php on line 104.
 1 APPPATH\Views\administradores\principal\headercopy.php(104): CodeIgniter\Debug\Exceptions->errorHandler(2, 'Undefined variable $usuario', 'APPPATH\\Views\\administradores\\principal\\headercopy.php', 104)
 2 SYSTEMPATH\View\View.php(213): include('APPPATH\\Views\\administradores\\principal\\headercopy.php')
 3 SYSTEMPATH\View\View.php(216): CodeIgniter\View\View->CodeIgniter\View\{closure}()
 4 SYSTEMPATH\Common.php(1184): CodeIgniter\View\View->render('administradores/principal/headercopy', [], true)
 5 APPPATH\Controllers\AdministrarPerfil.php(18): view('administradores/principal/headercopy', [...])
 6 SYSTEMPATH\CodeIgniter.php(934): App\Controllers\AdministrarPerfil->index()
 7 SYSTEMPATH\CodeIgniter.php(499): CodeIgniter\CodeIgniter->runController(Object(App\Controllers\AdministrarPerfil))
 8 SYSTEMPATH\CodeIgniter.php(368): CodeIgniter\CodeIgniter->handleRequest(null, Object(Config\Cache), false)
 9 FCPATH\index.php(67): CodeIgniter\CodeIgniter->run()
CRITICAL - 2023-05-17 14:39:27 --> Undefined variable $usuario
in APPPATH\Views\administradores\principal\headercopy.php on line 104.
 1 APPPATH\Views\administradores\principal\headercopy.php(104): CodeIgniter\Debug\Exceptions->errorHandler(2, 'Undefined variable $usuario', 'APPPATH\\Views\\administradores\\principal\\headercopy.php', 104)
 2 SYSTEMPATH\View\View.php(213): include('APPPATH\\Views\\administradores\\principal\\headercopy.php')
 3 SYSTEMPATH\View\View.php(216): CodeIgniter\View\View->CodeIgniter\View\{closure}()
 4 SYSTEMPATH\Common.php(1184): CodeIgniter\View\View->render('administradores/principal/headercopy', [], true)
 5 APPPATH\Controllers\AdministrarPerfil.php(18): view('administradores/principal/headercopy', [...])
 6 SYSTEMPATH\CodeIgniter.php(934): App\Controllers\AdministrarPerfil->index()
 7 SYSTEMPATH\CodeIgniter.php(499): CodeIgniter\CodeIgniter->runController(Object(App\Controllers\AdministrarPerfil))
 8 SYSTEMPATH\CodeIgniter.php(368): CodeIgniter\CodeIgniter->handleRequest(null, Object(Config\Cache), false)
 9 FCPATH\index.php(67): CodeIgniter\CodeIgniter->run()
CRITICAL - 2023-05-17 14:44:03 --> Undefined variable $usuario
in APPPATH\Views\administradores\principal\headercopy.php on line 104.
 1 APPPATH\Views\administradores\principal\headercopy.php(104): CodeIgniter\Debug\Exceptions->errorHandler(2, 'Undefined variable $usuario', 'APPPATH\\Views\\administradores\\principal\\headercopy.php', 104)
 2 SYSTEMPATH\View\View.php(213): include('APPPATH\\Views\\administradores\\principal\\headercopy.php')
 3 SYSTEMPATH\View\View.php(216): CodeIgniter\View\View->CodeIgniter\View\{closure}()
 4 SYSTEMPATH\Common.php(1184): CodeIgniter\View\View->render('administradores/principal/headercopy', [], true)
 5 APPPATH\Controllers\AdministrarPerfil.php(18): view('administradores/principal/headercopy', [...])
 6 SYSTEMPATH\CodeIgniter.php(934): App\Controllers\AdministrarPerfil->index()
 7 SYSTEMPATH\CodeIgniter.php(499): CodeIgniter\CodeIgniter->runController(Object(App\Controllers\AdministrarPerfil))
 8 SYSTEMPATH\CodeIgniter.php(368): CodeIgniter\CodeIgniter->handleRequest(null, Object(Config\Cache), false)
 9 FCPATH\index.php(67): CodeIgniter\CodeIgniter->run()
CRITICAL - 2023-05-17 14:44:04 --> Undefined variable $usuario
in APPPATH\Views\administradores\principal\headercopy.php on line 104.
 1 APPPATH\Views\administradores\principal\headercopy.php(104): CodeIgniter\Debug\Exceptions->errorHandler(2, 'Undefined variable $usuario', 'APPPATH\\Views\\administradores\\principal\\headercopy.php', 104)
 2 SYSTEMPATH\View\View.php(213): include('APPPATH\\Views\\administradores\\principal\\headercopy.php')
 3 SYSTEMPATH\View\View.php(216): CodeIgniter\View\View->CodeIgniter\View\{closure}()
 4 SYSTEMPATH\Common.php(1184): CodeIgniter\View\View->render('administradores/principal/headercopy', [], true)
 5 APPPATH\Controllers\AdministrarPerfil.php(18): view('administradores/principal/headercopy', [...])
 6 SYSTEMPATH\CodeIgniter.php(934): App\Controllers\AdministrarPerfil->index()
 7 SYSTEMPATH\CodeIgniter.php(499): CodeIgniter\CodeIgniter->runController(Object(App\Controllers\AdministrarPerfil))
 8 SYSTEMPATH\CodeIgniter.php(368): CodeIgniter\CodeIgniter->handleRequest(null, Object(Config\Cache), false)
 9 FCPATH\index.php(67): CodeIgniter\CodeIgniter->run()
CRITICAL - 2023-05-17 14:49:29 --> Undefined variable $usuario
in APPPATH\Views\administradores\principal\headercopy.php on line 44.
 1 APPPATH\Views\administradores\principal\headercopy.php(44): CodeIgniter\Debug\Exceptions->errorHandler(2, 'Undefined variable $usuario', 'APPPATH\\Views\\administradores\\principal\\headercopy.php', 44)
 2 SYSTEMPATH\View\View.php(213): include('APPPATH\\Views\\administradores\\principal\\headercopy.php')
 3 SYSTEMPATH\View\View.php(216): CodeIgniter\View\View->CodeIgniter\View\{closure}()
 4 SYSTEMPATH\Common.php(1184): CodeIgniter\View\View->render('administradores/principal/headercopy', [], true)
 5 APPPATH\Controllers\AdministrarPerfil.php(18): view('administradores/principal/headercopy', [...])
 6 SYSTEMPATH\CodeIgniter.php(934): App\Controllers\AdministrarPerfil->index()
 7 SYSTEMPATH\CodeIgniter.php(499): CodeIgniter\CodeIgniter->runController(Object(App\Controllers\AdministrarPerfil))
 8 SYSTEMPATH\CodeIgniter.php(368): CodeIgniter\CodeIgniter->handleRequest(null, Object(Config\Cache), false)
 9 FCPATH\index.php(67): CodeIgniter\CodeIgniter->run()
CRITICAL - 2023-05-17 14:50:50 --> Undefined variable $usuario
in APPPATH\Views\administradores\principal\headercopy.php on line 44.
 1 APPPATH\Views\administradores\principal\headercopy.php(44): CodeIgniter\Debug\Exceptions->errorHandler(2, 'Undefined variable $usuario', 'APPPATH\\Views\\administradores\\principal\\headercopy.php', 44)
 2 SYSTEMPATH\View\View.php(213): include('APPPATH\\Views\\administradores\\principal\\headercopy.php')
 3 SYSTEMPATH\View\View.php(216): CodeIgniter\View\View->CodeIgniter\View\{closure}()
 4 SYSTEMPATH\Common.php(1184): CodeIgniter\View\View->render('administradores/principal/headercopy', [], true)
 5 APPPATH\Controllers\AdministrarPerfil.php(18): view('administradores/principal/headercopy', [...])
 6 SYSTEMPATH\CodeIgniter.php(934): App\Controllers\AdministrarPerfil->index()
 7 SYSTEMPATH\CodeIgniter.php(499): CodeIgniter\CodeIgniter->runController(Object(App\Controllers\AdministrarPerfil))
 8 SYSTEMPATH\CodeIgniter.php(368): CodeIgniter\CodeIgniter->handleRequest(null, Object(Config\Cache), false)
 9 FCPATH\index.php(67): CodeIgniter\CodeIgniter->run()
CRITICAL - 2023-05-17 14:54:13 --> Undefined variable $usuario
in APPPATH\Views\administradores\principal\headercopy.php on line 44.
 1 APPPATH\Views\administradores\principal\headercopy.php(44): CodeIgniter\Debug\Exceptions->errorHandler(2, 'Undefined variable $usuario', 'APPPATH\\Views\\administradores\\principal\\headercopy.php', 44)
 2 SYSTEMPATH\View\View.php(213): include('APPPATH\\Views\\administradores\\principal\\headercopy.php')
 3 SYSTEMPATH\View\View.php(216): CodeIgniter\View\View->CodeIgniter\View\{closure}()
 4 SYSTEMPATH\Common.php(1184): CodeIgniter\View\View->render('administradores/principal/headercopy', [], true)
 5 APPPATH\Controllers\AdministrarPerfil.php(18): view('administradores/principal/headercopy', [...])
 6 SYSTEMPATH\CodeIgniter.php(934): App\Controllers\AdministrarPerfil->index()
 7 SYSTEMPATH\CodeIgniter.php(499): CodeIgniter\CodeIgniter->runController(Object(App\Controllers\AdministrarPerfil))
 8 SYSTEMPATH\CodeIgniter.php(368): CodeIgniter\CodeIgniter->handleRequest(null, Object(Config\Cache), false)
 9 FCPATH\index.php(67): CodeIgniter\CodeIgniter->run()
CRITICAL - 2023-05-17 14:54:31 --> Undefined variable $usuario
in APPPATH\Views\administradores\principal\headercopy.php on line 44.
 1 APPPATH\Views\administradores\principal\headercopy.php(44): CodeIgniter\Debug\Exceptions->errorHandler(2, 'Undefined variable $usuario', 'APPPATH\\Views\\administradores\\principal\\headercopy.php', 44)
 2 SYSTEMPATH\View\View.php(213): include('APPPATH\\Views\\administradores\\principal\\headercopy.php')
 3 SYSTEMPATH\View\View.php(216): CodeIgniter\View\View->CodeIgniter\View\{closure}()
 4 SYSTEMPATH\Common.php(1184): CodeIgniter\View\View->render('administradores/principal/headercopy', [], true)
 5 APPPATH\Controllers\AdministrarPerfil.php(18): view('administradores/principal/headercopy', [...])
 6 SYSTEMPATH\CodeIgniter.php(934): App\Controllers\AdministrarPerfil->index()
 7 SYSTEMPATH\CodeIgniter.php(499): CodeIgniter\CodeIgniter->runController(Object(App\Controllers\AdministrarPerfil))
 8 SYSTEMPATH\CodeIgniter.php(368): CodeIgniter\CodeIgniter->handleRequest(null, Object(Config\Cache), false)
 9 FCPATH\index.php(67): CodeIgniter\CodeIgniter->run()
CRITICAL - 2023-05-17 14:54:33 --> Undefined variable $usuario
in APPPATH\Views\administradores\principal\headercopy.php on line 44.
 1 APPPATH\Views\administradores\principal\headercopy.php(44): CodeIgniter\Debug\Exceptions->errorHandler(2, 'Undefined variable $usuario', 'APPPATH\\Views\\administradores\\principal\\headercopy.php', 44)
 2 SYSTEMPATH\View\View.php(213): include('APPPATH\\Views\\administradores\\principal\\headercopy.php')
 3 SYSTEMPATH\View\View.php(216): CodeIgniter\View\View->CodeIgniter\View\{closure}()
 4 SYSTEMPATH\Common.php(1184): CodeIgniter\View\View->render('administradores/principal/headercopy', [], true)
 5 APPPATH\Controllers\AdministrarPerfil.php(18): view('administradores/principal/headercopy', [...])
 6 SYSTEMPATH\CodeIgniter.php(934): App\Controllers\AdministrarPerfil->index()
 7 SYSTEMPATH\CodeIgniter.php(499): CodeIgniter\CodeIgniter->runController(Object(App\Controllers\AdministrarPerfil))
 8 SYSTEMPATH\CodeIgniter.php(368): CodeIgniter\CodeIgniter->handleRequest(null, Object(Config\Cache), false)
 9 FCPATH\index.php(67): CodeIgniter\CodeIgniter->run()
CRITICAL - 2023-05-17 15:35:47 --> Undefined variable $via
in APPPATH\Views\estudiantes\solicitar\solicitar.php on line 128.
 1 APPPATH\Views\estudiantes\solicitar\solicitar.php(128): CodeIgniter\Debug\Exceptions->errorHandler(2, 'Undefined variable $via', 'APPPATH\\Views\\estudiantes\\solicitar\\solicitar.php', 128)
 2 SYSTEMPATH\View\View.php(213): include('APPPATH\\Views\\estudiantes\\solicitar\\solicitar.php')
 3 SYSTEMPATH\View\View.php(216): CodeIgniter\View\View->CodeIgniter\View\{closure}()
 4 SYSTEMPATH\Common.php(1184): CodeIgniter\View\View->render('estudiantes/Solicitar/solicitar', [], true)
 5 APPPATH\Controllers\EstudiantesSolicitarCita.php(39): view('estudiantes/Solicitar/solicitar', [...])
 6 SYSTEMPATH\CodeIgniter.php(934): App\Controllers\EstudiantesSolicitarCita->index()
 7 SYSTEMPATH\CodeIgniter.php(499): CodeIgniter\CodeIgniter->runController(Object(App\Controllers\EstudiantesSolicitarCita))
 8 SYSTEMPATH\CodeIgniter.php(368): CodeIgniter\CodeIgniter->handleRequest(null, Object(Config\Cache), false)
 9 FCPATH\index.php(67): CodeIgniter\CodeIgniter->run()
ERROR - 2023-05-17 15:44:27 --> mysqli_sql_exception: Column 'sexo' cannot be null in C:\xampp\htdocs\Agendamiento-Citas\system\Database\MySQLi\Connection.php:295
Stack trace:
#0 C:\xampp\htdocs\Agendamiento-Citas\system\Database\MySQLi\Connection.php(295): mysqli->query('INSERT INTO `us...', 0)
#1 C:\xampp\htdocs\Agendamiento-Citas\system\Database\BaseConnection.php(691): CodeIgniter\Database\MySQLi\Connection->execute('INSERT INTO `us...')
#2 C:\xampp\htdocs\Agendamiento-Citas\system\Database\BaseConnection.php(605): CodeIgniter\Database\BaseConnection->simpleQuery('INSERT INTO `us...')
#3 C:\xampp\htdocs\Agendamiento-Citas\system\Database\BaseBuilder.php(2309): CodeIgniter\Database\BaseConnection->query('INSERT INTO `us...', Array, false)
#4 C:\xampp\htdocs\Agendamiento-Citas\system\Model.php(330): CodeIgniter\Database\BaseBuilder->insert()
#5 C:\xampp\htdocs\Agendamiento-Citas\system\BaseModel.php(782): CodeIgniter\Model->doInsert(Array)
#6 C:\xampp\htdocs\Agendamiento-Citas\system\Model.php(730): CodeIgniter\BaseModel->insert(Array, false)
#7 C:\xampp\htdocs\Agendamiento-Citas\system\BaseModel.php(692): CodeIgniter\Model->insert(Array, false)
#8 C:\xampp\htdocs\Agendamiento-Citas\app\Controllers\AdministrarUsuarios.php(46): CodeIgniter\BaseModel->save(Array)
#9 C:\xampp\htdocs\Agendamiento-Citas\system\CodeIgniter.php(934): App\Controllers\AdministrarUsuarios->insertar()
#10 C:\xampp\htdocs\Agendamiento-Citas\system\CodeIgniter.php(499): CodeIgniter\CodeIgniter->runController(Object(App\Controllers\AdministrarUsuarios))
#11 C:\xampp\htdocs\Agendamiento-Citas\system\CodeIgniter.php(368): CodeIgniter\CodeIgniter->handleRequest(NULL, Object(Config\Cache), false)
#12 C:\xampp\htdocs\Agendamiento-Citas\public\index.php(67): CodeIgniter\CodeIgniter->run()
#13 {main}
CRITICAL - 2023-05-17 15:44:27 --> Column 'sexo' cannot be null
in SYSTEMPATH\Database\BaseConnection.php on line 645.
 1 SYSTEMPATH\Database\BaseBuilder.php(2309): CodeIgniter\Database\BaseConnection->query('INSERT INTO `usuarios` (`nombre_p`, `nombre_s`, `apellido_p`, `apellido_s`, `nombre_corto`, `direccion`, `sexo`, `tipo_de_documento`, `numero_de_documento`, `cargo`, `contrasena`, `id_rol`, `fecha_crea`) VALUES (:nombre_p:, :nombre_s:, :apellido_p:, :apellido_s:, :nombre_corto:, :direccion:, :sexo:, :tipo_de_documento:, :numero_de_documento:, :cargo:, :contrasena:, :id_rol:, :fecha_crea:)', [...], false)
 2 SYSTEMPATH\Model.php(330): CodeIgniter\Database\BaseBuilder->insert()
 3 SYSTEMPATH\BaseModel.php(782): CodeIgniter\Model->doInsert([...])
 4 SYSTEMPATH\Model.php(730): CodeIgniter\BaseModel->insert([...], false)
 5 SYSTEMPATH\BaseModel.php(692): CodeIgniter\Model->insert([...], false)
 6 APPPATH\Controllers\AdministrarUsuarios.php(46): CodeIgniter\BaseModel->save([...])
 7 SYSTEMPATH\CodeIgniter.php(934): App\Controllers\AdministrarUsuarios->insertar()
 8 SYSTEMPATH\CodeIgniter.php(499): CodeIgniter\CodeIgniter->runController(Object(App\Controllers\AdministrarUsuarios))
 9 SYSTEMPATH\CodeIgniter.php(368): CodeIgniter\CodeIgniter->handleRequest(null, Object(Config\Cache), false)
10 FCPATH\index.php(67): CodeIgniter\CodeIgniter->run()
ERROR - 2023-05-17 15:44:30 --> mysqli_sql_exception: Column 'sexo' cannot be null in C:\xampp\htdocs\Agendamiento-Citas\system\Database\MySQLi\Connection.php:295
Stack trace:
#0 C:\xampp\htdocs\Agendamiento-Citas\system\Database\MySQLi\Connection.php(295): mysqli->query('INSERT INTO `us...', 0)
#1 C:\xampp\htdocs\Agendamiento-Citas\system\Database\BaseConnection.php(691): CodeIgniter\Database\MySQLi\Connection->execute('INSERT INTO `us...')
#2 C:\xampp\htdocs\Agendamiento-Citas\system\Database\BaseConnection.php(605): CodeIgniter\Database\BaseConnection->simpleQuery('INSERT INTO `us...')
#3 C:\xampp\htdocs\Agendamiento-Citas\system\Database\BaseBuilder.php(2309): CodeIgniter\Database\BaseConnection->query('INSERT INTO `us...', Array, false)
#4 C:\xampp\htdocs\Agendamiento-Citas\system\Model.php(330): CodeIgniter\Database\BaseBuilder->insert()
#5 C:\xampp\htdocs\Agendamiento-Citas\system\BaseModel.php(782): CodeIgniter\Model->doInsert(Array)
#6 C:\xampp\htdocs\Agendamiento-Citas\system\Model.php(730): CodeIgniter\BaseModel->insert(Array, false)
#7 C:\xampp\htdocs\Agendamiento-Citas\system\BaseModel.php(692): CodeIgniter\Model->insert(Array, false)
#8 C:\xampp\htdocs\Agendamiento-Citas\app\Controllers\AdministrarUsuarios.php(46): CodeIgniter\BaseModel->save(Array)
#9 C:\xampp\htdocs\Agendamiento-Citas\system\CodeIgniter.php(934): App\Controllers\AdministrarUsuarios->insertar()
#10 C:\xampp\htdocs\Agendamiento-Citas\system\CodeIgniter.php(499): CodeIgniter\CodeIgniter->runController(Object(App\Controllers\AdministrarUsuarios))
#11 C:\xampp\htdocs\Agendamiento-Citas\system\CodeIgniter.php(368): CodeIgniter\CodeIgniter->handleRequest(NULL, Object(Config\Cache), false)
#12 C:\xampp\htdocs\Agendamiento-Citas\public\index.php(67): CodeIgniter\CodeIgniter->run()
#13 {main}
CRITICAL - 2023-05-17 15:44:30 --> Column 'sexo' cannot be null
in SYSTEMPATH\Database\BaseConnection.php on line 645.
 1 SYSTEMPATH\Database\BaseBuilder.php(2309): CodeIgniter\Database\BaseConnection->query('INSERT INTO `usuarios` (`nombre_p`, `nombre_s`, `apellido_p`, `apellido_s`, `nombre_corto`, `direccion`, `sexo`, `tipo_de_documento`, `numero_de_documento`, `cargo`, `contrasena`, `id_rol`, `fecha_crea`) VALUES (:nombre_p:, :nombre_s:, :apellido_p:, :apellido_s:, :nombre_corto:, :direccion:, :sexo:, :tipo_de_documento:, :numero_de_documento:, :cargo:, :contrasena:, :id_rol:, :fecha_crea:)', [...], false)
 2 SYSTEMPATH\Model.php(330): CodeIgniter\Database\BaseBuilder->insert()
 3 SYSTEMPATH\BaseModel.php(782): CodeIgniter\Model->doInsert([...])
 4 SYSTEMPATH\Model.php(730): CodeIgniter\BaseModel->insert([...], false)
 5 SYSTEMPATH\BaseModel.php(692): CodeIgniter\Model->insert([...], false)
 6 APPPATH\Controllers\AdministrarUsuarios.php(46): CodeIgniter\BaseModel->save([...])
 7 SYSTEMPATH\CodeIgniter.php(934): App\Controllers\AdministrarUsuarios->insertar()
 8 SYSTEMPATH\CodeIgniter.php(499): CodeIgniter\CodeIgniter->runController(Object(App\Controllers\AdministrarUsuarios))
 9 SYSTEMPATH\CodeIgniter.php(368): CodeIgniter\CodeIgniter->handleRequest(null, Object(Config\Cache), false)
10 FCPATH\index.php(67): CodeIgniter\CodeIgniter->run()
ERROR - 2023-05-17 15:44:56 --> mysqli_sql_exception: Column 'sexo' cannot be null in C:\xampp\htdocs\Agendamiento-Citas\system\Database\MySQLi\Connection.php:295
Stack trace:
#0 C:\xampp\htdocs\Agendamiento-Citas\system\Database\MySQLi\Connection.php(295): mysqli->query('INSERT INTO `us...', 0)
#1 C:\xampp\htdocs\Agendamiento-Citas\system\Database\BaseConnection.php(691): CodeIgniter\Database\MySQLi\Connection->execute('INSERT INTO `us...')
#2 C:\xampp\htdocs\Agendamiento-Citas\system\Database\BaseConnection.php(605): CodeIgniter\Database\BaseConnection->simpleQuery('INSERT INTO `us...')
#3 C:\xampp\htdocs\Agendamiento-Citas\system\Database\BaseBuilder.php(2309): CodeIgniter\Database\BaseConnection->query('INSERT INTO `us...', Array, false)
#4 C:\xampp\htdocs\Agendamiento-Citas\system\Model.php(330): CodeIgniter\Database\BaseBuilder->insert()
#5 C:\xampp\htdocs\Agendamiento-Citas\system\BaseModel.php(782): CodeIgniter\Model->doInsert(Array)
#6 C:\xampp\htdocs\Agendamiento-Citas\system\Model.php(730): CodeIgniter\BaseModel->insert(Array, false)
#7 C:\xampp\htdocs\Agendamiento-Citas\system\BaseModel.php(692): CodeIgniter\Model->insert(Array, false)
#8 C:\xampp\htdocs\Agendamiento-Citas\app\Controllers\AdministrarUsuarios.php(46): CodeIgniter\BaseModel->save(Array)
#9 C:\xampp\htdocs\Agendamiento-Citas\system\CodeIgniter.php(934): App\Controllers\AdministrarUsuarios->insertar()
#10 C:\xampp\htdocs\Agendamiento-Citas\system\CodeIgniter.php(499): CodeIgniter\CodeIgniter->runController(Object(App\Controllers\AdministrarUsuarios))
#11 C:\xampp\htdocs\Agendamiento-Citas\system\CodeIgniter.php(368): CodeIgniter\CodeIgniter->handleRequest(NULL, Object(Config\Cache), false)
#12 C:\xampp\htdocs\Agendamiento-Citas\public\index.php(67): CodeIgniter\CodeIgniter->run()
#13 {main}
CRITICAL - 2023-05-17 15:44:56 --> Column 'sexo' cannot be null
in SYSTEMPATH\Database\BaseConnection.php on line 645.
 1 SYSTEMPATH\Database\BaseBuilder.php(2309): CodeIgniter\Database\BaseConnection->query('INSERT INTO `usuarios` (`nombre_p`, `nombre_s`, `apellido_p`, `apellido_s`, `nombre_corto`, `direccion`, `sexo`, `tipo_de_documento`, `numero_de_documento`, `cargo`, `contrasena`, `id_rol`, `fecha_crea`) VALUES (:nombre_p:, :nombre_s:, :apellido_p:, :apellido_s:, :nombre_corto:, :direccion:, :sexo:, :tipo_de_documento:, :numero_de_documento:, :cargo:, :contrasena:, :id_rol:, :fecha_crea:)', [...], false)
 2 SYSTEMPATH\Model.php(330): CodeIgniter\Database\BaseBuilder->insert()
 3 SYSTEMPATH\BaseModel.php(782): CodeIgniter\Model->doInsert([...])
 4 SYSTEMPATH\Model.php(730): CodeIgniter\BaseModel->insert([...], false)
 5 SYSTEMPATH\BaseModel.php(692): CodeIgniter\Model->insert([...], false)
 6 APPPATH\Controllers\AdministrarUsuarios.php(46): CodeIgniter\BaseModel->save([...])
 7 SYSTEMPATH\CodeIgniter.php(934): App\Controllers\AdministrarUsuarios->insertar()
 8 SYSTEMPATH\CodeIgniter.php(499): CodeIgniter\CodeIgniter->runController(Object(App\Controllers\AdministrarUsuarios))
 9 SYSTEMPATH\CodeIgniter.php(368): CodeIgniter\CodeIgniter->handleRequest(null, Object(Config\Cache), false)
10 FCPATH\index.php(67): CodeIgniter\CodeIgniter->run()
ERROR - 2023-05-17 16:51:14 --> mysqli_sql_exception: Cannot add or update a child row: a foreign key constraint fails (`db_citas`.`usuarios`, CONSTRAINT `usuarios_roles` FOREIGN KEY (`id_rol`) REFERENCES `roles` (`id_rol`)) in C:\xampp\htdocs\Agendamiento-Citas\system\Database\MySQLi\Connection.php:295
Stack trace:
#0 C:\xampp\htdocs\Agendamiento-Citas\system\Database\MySQLi\Connection.php(295): mysqli->query('INSERT INTO `us...', 0)
#1 C:\xampp\htdocs\Agendamiento-Citas\system\Database\BaseConnection.php(691): CodeIgniter\Database\MySQLi\Connection->execute('INSERT INTO `us...')
#2 C:\xampp\htdocs\Agendamiento-Citas\system\Database\BaseConnection.php(605): CodeIgniter\Database\BaseConnection->simpleQuery('INSERT INTO `us...')
#3 C:\xampp\htdocs\Agendamiento-Citas\system\Database\BaseBuilder.php(2309): CodeIgniter\Database\BaseConnection->query('INSERT INTO `us...', Array, false)
#4 C:\xampp\htdocs\Agendamiento-Citas\system\Model.php(330): CodeIgniter\Database\BaseBuilder->insert()
#5 C:\xampp\htdocs\Agendamiento-Citas\system\BaseModel.php(782): CodeIgniter\Model->doInsert(Array)
#6 C:\xampp\htdocs\Agendamiento-Citas\system\Model.php(730): CodeIgniter\BaseModel->insert(Array, false)
#7 C:\xampp\htdocs\Agendamiento-Citas\system\BaseModel.php(692): CodeIgniter\Model->insert(Array, false)
#8 C:\xampp\htdocs\Agendamiento-Citas\app\Controllers\LoginRegistrarUsuario.php(46): CodeIgniter\BaseModel->save(Array)
#9 C:\xampp\htdocs\Agendamiento-Citas\system\CodeIgniter.php(934): App\Controllers\LoginRegistrarUsuario->registrar()
#10 C:\xampp\htdocs\Agendamiento-Citas\system\CodeIgniter.php(499): CodeIgniter\CodeIgniter->runController(Object(App\Controllers\LoginRegistrarUsuario))
#11 C:\xampp\htdocs\Agendamiento-Citas\system\CodeIgniter.php(368): CodeIgniter\CodeIgniter->handleRequest(NULL, Object(Config\Cache), false)
#12 C:\xampp\htdocs\Agendamiento-Citas\public\index.php(67): CodeIgniter\CodeIgniter->run()
#13 {main}
CRITICAL - 2023-05-17 16:51:14 --> Cannot add or update a child row: a foreign key constraint fails (`db_citas`.`usuarios`, CONSTRAINT `usuarios_roles` FOREIGN KEY (`id_rol`) REFERENCES `roles` (`id_rol`))
in SYSTEMPATH\Database\BaseConnection.php on line 645.
 1 SYSTEMPATH\Database\BaseBuilder.php(2309): CodeIgniter\Database\BaseConnection->query('INSERT INTO `usuarios` (`nombre_p`, `nombre_s`, `apellido_p`, `apellido_s`, `nombre_corto`, `direccion`, `sexo`, `tipo_de_documento`, `numero_de_documento`, `cargo`, `id_rol`, `contrasena`, `fecha_crea`) VALUES (:nombre_p:, :nombre_s:, :apellido_p:, :apellido_s:, :nombre_corto:, :direccion:, :sexo:, :tipo_de_documento:, :numero_de_documento:, :cargo:, :id_rol:, :contrasena:, :fecha_crea:)', [...], false)
 2 SYSTEMPATH\Model.php(330): CodeIgniter\Database\BaseBuilder->insert()
 3 SYSTEMPATH\BaseModel.php(782): CodeIgniter\Model->doInsert([...])
 4 SYSTEMPATH\Model.php(730): CodeIgniter\BaseModel->insert([...], false)
 5 SYSTEMPATH\BaseModel.php(692): CodeIgniter\Model->insert([...], false)
 6 APPPATH\Controllers\LoginRegistrarUsuario.php(46): CodeIgniter\BaseModel->save([...])
 7 SYSTEMPATH\CodeIgniter.php(934): App\Controllers\LoginRegistrarUsuario->registrar()
 8 SYSTEMPATH\CodeIgniter.php(499): CodeIgniter\CodeIgniter->runController(Object(App\Controllers\LoginRegistrarUsuario))
 9 SYSTEMPATH\CodeIgniter.php(368): CodeIgniter\CodeIgniter->handleRequest(null, Object(Config\Cache), false)
10 FCPATH\index.php(67): CodeIgniter\CodeIgniter->run()
ERROR - 2023-05-17 16:51:19 --> mysqli_sql_exception: Cannot add or update a child row: a foreign key constraint fails (`db_citas`.`usuarios`, CONSTRAINT `usuarios_roles` FOREIGN KEY (`id_rol`) REFERENCES `roles` (`id_rol`)) in C:\xampp\htdocs\Agendamiento-Citas\system\Database\MySQLi\Connection.php:295
Stack trace:
#0 C:\xampp\htdocs\Agendamiento-Citas\system\Database\MySQLi\Connection.php(295): mysqli->query('INSERT INTO `us...', 0)
#1 C:\xampp\htdocs\Agendamiento-Citas\system\Database\BaseConnection.php(691): CodeIgniter\Database\MySQLi\Connection->execute('INSERT INTO `us...')
#2 C:\xampp\htdocs\Agendamiento-Citas\system\Database\BaseConnection.php(605): CodeIgniter\Database\BaseConnection->simpleQuery('INSERT INTO `us...')
#3 C:\xampp\htdocs\Agendamiento-Citas\system\Database\BaseBuilder.php(2309): CodeIgniter\Database\BaseConnection->query('INSERT INTO `us...', Array, false)
#4 C:\xampp\htdocs\Agendamiento-Citas\system\Model.php(330): CodeIgniter\Database\BaseBuilder->insert()
#5 C:\xampp\htdocs\Agendamiento-Citas\system\BaseModel.php(782): CodeIgniter\Model->doInsert(Array)
#6 C:\xampp\htdocs\Agendamiento-Citas\system\Model.php(730): CodeIgniter\BaseModel->insert(Array, false)
#7 C:\xampp\htdocs\Agendamiento-Citas\system\BaseModel.php(692): CodeIgniter\Model->insert(Array, false)
#8 C:\xampp\htdocs\Agendamiento-Citas\app\Controllers\LoginRegistrarUsuario.php(46): CodeIgniter\BaseModel->save(Array)
#9 C:\xampp\htdocs\Agendamiento-Citas\system\CodeIgniter.php(934): App\Controllers\LoginRegistrarUsuario->registrar()
#10 C:\xampp\htdocs\Agendamiento-Citas\system\CodeIgniter.php(499): CodeIgniter\CodeIgniter->runController(Object(App\Controllers\LoginRegistrarUsuario))
#11 C:\xampp\htdocs\Agendamiento-Citas\system\CodeIgniter.php(368): CodeIgniter\CodeIgniter->handleRequest(NULL, Object(Config\Cache), false)
#12 C:\xampp\htdocs\Agendamiento-Citas\public\index.php(67): CodeIgniter\CodeIgniter->run()
#13 {main}
CRITICAL - 2023-05-17 16:51:19 --> Cannot add or update a child row: a foreign key constraint fails (`db_citas`.`usuarios`, CONSTRAINT `usuarios_roles` FOREIGN KEY (`id_rol`) REFERENCES `roles` (`id_rol`))
in SYSTEMPATH\Database\BaseConnection.php on line 645.
 1 SYSTEMPATH\Database\BaseBuilder.php(2309): CodeIgniter\Database\BaseConnection->query('INSERT INTO `usuarios` (`nombre_p`, `nombre_s`, `apellido_p`, `apellido_s`, `nombre_corto`, `direccion`, `sexo`, `tipo_de_documento`, `numero_de_documento`, `cargo`, `id_rol`, `contrasena`, `fecha_crea`) VALUES (:nombre_p:, :nombre_s:, :apellido_p:, :apellido_s:, :nombre_corto:, :direccion:, :sexo:, :tipo_de_documento:, :numero_de_documento:, :cargo:, :id_rol:, :contrasena:, :fecha_crea:)', [...], false)
 2 SYSTEMPATH\Model.php(330): CodeIgniter\Database\BaseBuilder->insert()
 3 SYSTEMPATH\BaseModel.php(782): CodeIgniter\Model->doInsert([...])
 4 SYSTEMPATH\Model.php(730): CodeIgniter\BaseModel->insert([...], false)
 5 SYSTEMPATH\BaseModel.php(692): CodeIgniter\Model->insert([...], false)
 6 APPPATH\Controllers\LoginRegistrarUsuario.php(46): CodeIgniter\BaseModel->save([...])
 7 SYSTEMPATH\CodeIgniter.php(934): App\Controllers\LoginRegistrarUsuario->registrar()
 8 SYSTEMPATH\CodeIgniter.php(499): CodeIgniter\CodeIgniter->runController(Object(App\Controllers\LoginRegistrarUsuario))
 9 SYSTEMPATH\CodeIgniter.php(368): CodeIgniter\CodeIgniter->handleRequest(null, Object(Config\Cache), false)
10 FCPATH\index.php(67): CodeIgniter\CodeIgniter->run()
