ERROR - 2023-05-31 12:51:56 --> Error connecting to the database: mysqli_sql_exception: No se puede establecer una conexión ya que el equipo de destino denegó expresamente dicha conexión in C:\xampp\htdocs\Agendamiento-Citas\system\Database\MySQLi\Connection.php:173
Stack trace:
#0 C:\xampp\htdocs\Agendamiento-Citas\system\Database\MySQLi\Connection.php(173): mysqli->real_connect('localhost', 'root', Object(SensitiveParameterValue), 'db_citas', 3306, '', 0)
#1 C:\xampp\htdocs\Agendamiento-Citas\system\Database\BaseConnection.php(391): CodeIgniter\Database\MySQLi\Connection->connect(false)
#2 C:\xampp\htdocs\Agendamiento-Citas\system\Database\BaseConnection.php(573): CodeIgniter\Database\BaseConnection->initialize()
#3 C:\xampp\htdocs\Agendamiento-Citas\system\Database\BaseBuilder.php(1616): CodeIgniter\Database\BaseConnection->query('SELECT `usuario...', Array, false)
#4 C:\xampp\htdocs\Agendamiento-Citas\system\Model.php(268): CodeIgniter\Database\BaseBuilder->get()
#5 C:\xampp\htdocs\Agendamiento-Citas\system\BaseModel.php(656): CodeIgniter\Model->doFirst()
#6 C:\xampp\htdocs\Agendamiento-Citas\app\Models\AdministradorModels\UsuariosModel.php(124): CodeIgniter\BaseModel->first()
#7 C:\xampp\htdocs\Agendamiento-Citas\app\Controllers\LoginSignin.php(39): App\Models\AdministradorModels\UsuariosModel->Auth_usuario('sadmin')
#8 C:\xampp\htdocs\Agendamiento-Citas\system\CodeIgniter.php(934): App\Controllers\LoginSignin->auth()
#9 C:\xampp\htdocs\Agendamiento-Citas\system\CodeIgniter.php(499): CodeIgniter\CodeIgniter->runController(Object(App\Controllers\LoginSignin))
#10 C:\xampp\htdocs\Agendamiento-Citas\system\CodeIgniter.php(368): CodeIgniter\CodeIgniter->handleRequest(NULL, Object(Config\Cache), false)
#11 C:\xampp\htdocs\Agendamiento-Citas\public\index.php(67): CodeIgniter\CodeIgniter->run()
#12 {main}

Next CodeIgniter\Database\Exceptions\DatabaseException: No se puede establecer una conexión ya que el equipo de destino denegó expresamente dicha conexión in C:\xampp\htdocs\Agendamiento-Citas\system\Database\MySQLi\Connection.php:218
Stack trace:
#0 C:\xampp\htdocs\Agendamiento-Citas\system\Database\BaseConnection.php(391): CodeIgniter\Database\MySQLi\Connection->connect(false)
#1 C:\xampp\htdocs\Agendamiento-Citas\system\Database\BaseConnection.php(573): CodeIgniter\Database\BaseConnection->initialize()
#2 C:\xampp\htdocs\Agendamiento-Citas\system\Database\BaseBuilder.php(1616): CodeIgniter\Database\BaseConnection->query('SELECT `usuario...', Array, false)
#3 C:\xampp\htdocs\Agendamiento-Citas\system\Model.php(268): CodeIgniter\Database\BaseBuilder->get()
#4 C:\xampp\htdocs\Agendamiento-Citas\system\BaseModel.php(656): CodeIgniter\Model->doFirst()
#5 C:\xampp\htdocs\Agendamiento-Citas\app\Models\AdministradorModels\UsuariosModel.php(124): CodeIgniter\BaseModel->first()
#6 C:\xampp\htdocs\Agendamiento-Citas\app\Controllers\LoginSignin.php(39): App\Models\AdministradorModels\UsuariosModel->Auth_usuario('sadmin')
#7 C:\xampp\htdocs\Agendamiento-Citas\system\CodeIgniter.php(934): App\Controllers\LoginSignin->auth()
#8 C:\xampp\htdocs\Agendamiento-Citas\system\CodeIgniter.php(499): CodeIgniter\CodeIgniter->runController(Object(App\Controllers\LoginSignin))
#9 C:\xampp\htdocs\Agendamiento-Citas\system\CodeIgniter.php(368): CodeIgniter\CodeIgniter->handleRequest(NULL, Object(Config\Cache), false)
#10 C:\xampp\htdocs\Agendamiento-Citas\public\index.php(67): CodeIgniter\CodeIgniter->run()
#11 {main}
CRITICAL - 2023-05-31 12:51:56 --> Unable to connect to the database.
Main connection [MySQLi]: No se puede establecer una conexión ya que el equipo de destino denegó expresamente dicha conexión
in SYSTEMPATH\Database\BaseConnection.php on line 427.
 1 SYSTEMPATH\Database\BaseConnection.php(573): CodeIgniter\Database\BaseConnection->initialize()
 2 SYSTEMPATH\Database\BaseBuilder.php(1616): CodeIgniter\Database\BaseConnection->query('SELECT `usuarios`.*
FROM `usuarios`
WHERE `nombre_corto` = :nombre_corto:
 LIMIT 1', [...], false)
 3 SYSTEMPATH\Model.php(268): CodeIgniter\Database\BaseBuilder->get()
 4 SYSTEMPATH\BaseModel.php(656): CodeIgniter\Model->doFirst()
 5 APPPATH\Models\AdministradorModels\UsuariosModel.php(124): CodeIgniter\BaseModel->first()
 6 APPPATH\Controllers\LoginSignin.php(39): App\Models\AdministradorModels\UsuariosModel->Auth_usuario('sadmin')
 7 SYSTEMPATH\CodeIgniter.php(934): App\Controllers\LoginSignin->auth()
 8 SYSTEMPATH\CodeIgniter.php(499): CodeIgniter\CodeIgniter->runController(Object(App\Controllers\LoginSignin))
 9 SYSTEMPATH\CodeIgniter.php(368): CodeIgniter\CodeIgniter->handleRequest(null, Object(Config\Cache), false)
10 FCPATH\index.php(67): CodeIgniter\CodeIgniter->run()
ERROR - 2023-05-31 12:59:31 --> mysqli_sql_exception: Table 'db_citas.horas' doesn't exist in C:\xampp\htdocs\Agendamiento-Citas\system\Database\MySQLi\Connection.php:295
Stack trace:
#0 C:\xampp\htdocs\Agendamiento-Citas\system\Database\MySQLi\Connection.php(295): mysqli->query('SELECT `horas`....', 0)
#1 C:\xampp\htdocs\Agendamiento-Citas\system\Database\BaseConnection.php(691): CodeIgniter\Database\MySQLi\Connection->execute('SELECT `horas`....')
#2 C:\xampp\htdocs\Agendamiento-Citas\system\Database\BaseConnection.php(605): CodeIgniter\Database\BaseConnection->simpleQuery('SELECT `horas`....')
#3 C:\xampp\htdocs\Agendamiento-Citas\system\Database\BaseBuilder.php(1616): CodeIgniter\Database\BaseConnection->query('SELECT `horas`....', Array, false)
#4 C:\xampp\htdocs\Agendamiento-Citas\system\Model.php(241): CodeIgniter\Database\BaseBuilder->get()
#5 C:\xampp\htdocs\Agendamiento-Citas\system\BaseModel.php(618): CodeIgniter\Model->doFindAll(0, 0)
#6 C:\xampp\htdocs\Agendamiento-Citas\app\Models\AdministradorModels\HorasModel.php(31): CodeIgniter\BaseModel->findAll()
#7 C:\xampp\htdocs\Agendamiento-Citas\app\Controllers\AdministrarHoras.php(22): App\Models\AdministradorModels\HorasModel->obtenerHoras('A')
#8 C:\xampp\htdocs\Agendamiento-Citas\system\CodeIgniter.php(934): App\Controllers\AdministrarHoras->index()
#9 C:\xampp\htdocs\Agendamiento-Citas\system\CodeIgniter.php(499): CodeIgniter\CodeIgniter->runController(Object(App\Controllers\AdministrarHoras))
#10 C:\xampp\htdocs\Agendamiento-Citas\system\CodeIgniter.php(368): CodeIgniter\CodeIgniter->handleRequest(NULL, Object(Config\Cache), false)
#11 C:\xampp\htdocs\Agendamiento-Citas\public\index.php(67): CodeIgniter\CodeIgniter->run()
#12 {main}
CRITICAL - 2023-05-31 12:59:31 --> Table 'db_citas.horas' doesn't exist
in SYSTEMPATH\Database\BaseConnection.php on line 645.
 1 SYSTEMPATH\Database\BaseBuilder.php(1616): CodeIgniter\Database\BaseConnection->query('SELECT `horas`.*, `usuarios`.`nombre_corto` as `NomUsuario`
FROM `horas`
JOIN `usuarios` ON `usuarios`.`id_usuario` = `horas`.`usuario_crea`
WHERE `horas`.`estado` = :horas.estado:', [...], false)
 2 SYSTEMPATH\Model.php(241): CodeIgniter\Database\BaseBuilder->get()
 3 SYSTEMPATH\BaseModel.php(618): CodeIgniter\Model->doFindAll(0, 0)
 4 APPPATH\Models\AdministradorModels\HorasModel.php(31): CodeIgniter\BaseModel->findAll()
 5 APPPATH\Controllers\AdministrarHoras.php(22): App\Models\AdministradorModels\HorasModel->obtenerHoras('A')
 6 SYSTEMPATH\CodeIgniter.php(934): App\Controllers\AdministrarHoras->index()
 7 SYSTEMPATH\CodeIgniter.php(499): CodeIgniter\CodeIgniter->runController(Object(App\Controllers\AdministrarHoras))
 8 SYSTEMPATH\CodeIgniter.php(368): CodeIgniter\CodeIgniter->handleRequest(null, Object(Config\Cache), false)
 9 FCPATH\index.php(67): CodeIgniter\CodeIgniter->run()
ERROR - 2023-05-31 13:07:49 --> mysqli_sql_exception: Cannot add or update a child row: a foreign key constraint fails (`db_citas`.`usuarios`, CONSTRAINT `Rol_Usuarios` FOREIGN KEY (`id_rol`) REFERENCES `roles` (`id_rol`)) in C:\xampp\htdocs\Agendamiento-Citas\system\Database\MySQLi\Connection.php:295
Stack trace:
#0 C:\xampp\htdocs\Agendamiento-Citas\system\Database\MySQLi\Connection.php(295): mysqli->query('UPDATE `usuario...', 0)
#1 C:\xampp\htdocs\Agendamiento-Citas\system\Database\BaseConnection.php(691): CodeIgniter\Database\MySQLi\Connection->execute('UPDATE `usuario...')
#2 C:\xampp\htdocs\Agendamiento-Citas\system\Database\BaseConnection.php(605): CodeIgniter\Database\BaseConnection->simpleQuery('UPDATE `usuario...')
#3 C:\xampp\htdocs\Agendamiento-Citas\system\Database\BaseBuilder.php(2476): CodeIgniter\Database\BaseConnection->query('UPDATE `usuario...', Array, false)
#4 C:\xampp\htdocs\Agendamiento-Citas\system\Model.php(396): CodeIgniter\Database\BaseBuilder->update()
#5 C:\xampp\htdocs\Agendamiento-Citas\system\BaseModel.php(943): CodeIgniter\Model->doUpdate(Array, Array)
#6 C:\xampp\htdocs\Agendamiento-Citas\system\Model.php(756): CodeIgniter\BaseModel->update(Array, Array)
#7 C:\xampp\htdocs\Agendamiento-Citas\app\Controllers\Perfiles.php(54): CodeIgniter\Model->update('12', Array)
#8 C:\xampp\htdocs\Agendamiento-Citas\system\CodeIgniter.php(934): App\Controllers\Perfiles->actualizar()
#9 C:\xampp\htdocs\Agendamiento-Citas\system\CodeIgniter.php(499): CodeIgniter\CodeIgniter->runController(Object(App\Controllers\Perfiles))
#10 C:\xampp\htdocs\Agendamiento-Citas\system\CodeIgniter.php(368): CodeIgniter\CodeIgniter->handleRequest(NULL, Object(Config\Cache), false)
#11 C:\xampp\htdocs\Agendamiento-Citas\public\index.php(67): CodeIgniter\CodeIgniter->run()
#12 {main}
CRITICAL - 2023-05-31 13:07:49 --> Cannot add or update a child row: a foreign key constraint fails (`db_citas`.`usuarios`, CONSTRAINT `Rol_Usuarios` FOREIGN KEY (`id_rol`) REFERENCES `roles` (`id_rol`))
in SYSTEMPATH\Database\BaseConnection.php on line 645.
 1 SYSTEMPATH\Database\BaseBuilder.php(2476): CodeIgniter\Database\BaseConnection->query('UPDATE `usuarios` SET `nombre_corto` = :nombre_corto:, `nombre_p` = :nombre_p:, `nombre_s` = :nombre_s:, `apellido_p` = :apellido_p:, `apellido_s` = :apellido_s:, `sexo` = :sexo:, `direccion` = :direccion:, `id_rol` = :id_rol:, `contrasena` = :contrasena:
WHERE `usuarios`.`id_usuario` IN :usuarios.id_usuario:', [...], false)
 2 SYSTEMPATH\Model.php(396): CodeIgniter\Database\BaseBuilder->update()
 3 SYSTEMPATH\BaseModel.php(943): CodeIgniter\Model->doUpdate([...], [...])
 4 SYSTEMPATH\Model.php(756): CodeIgniter\BaseModel->update([...], [...])
 5 APPPATH\Controllers\Perfiles.php(54): CodeIgniter\Model->update('12', [...])
 6 SYSTEMPATH\CodeIgniter.php(934): App\Controllers\Perfiles->actualizar()
 7 SYSTEMPATH\CodeIgniter.php(499): CodeIgniter\CodeIgniter->runController(Object(App\Controllers\Perfiles))
 8 SYSTEMPATH\CodeIgniter.php(368): CodeIgniter\CodeIgniter->handleRequest(null, Object(Config\Cache), false)
 9 FCPATH\index.php(67): CodeIgniter\CodeIgniter->run()
CRITICAL - 2023-05-31 13:08:17 --> syntax error, unexpected token "=>", expecting "]"
in APPPATH\Controllers\LoginRegistrarUsuario.php on line 99.
 1 SYSTEMPATH\Autoloader\Autoloader.php(289): CodeIgniter\Autoloader\Autoloader->includeFile('APPPATH\\Controllers\\LoginRegistrarUsuario.php')
 2 SYSTEMPATH\Autoloader\Autoloader.php(267): CodeIgniter\Autoloader\Autoloader->loadInNamespace('App\\Controllers\\LoginRegistrarUsuario')
 3 [internal function]: CodeIgniter\Autoloader\Autoloader->loadClass('App\\Controllers\\LoginRegistrarUsuario')
 4 SYSTEMPATH\CodeIgniter.php(892): class_exists('\\App\\Controllers\\LoginRegistrarUsuario', true)
 5 SYSTEMPATH\CodeIgniter.php(486): CodeIgniter\CodeIgniter->startController()
 6 SYSTEMPATH\CodeIgniter.php(368): CodeIgniter\CodeIgniter->handleRequest(null, Object(Config\Cache), false)
 7 FCPATH\index.php(67): CodeIgniter\CodeIgniter->run()
CRITICAL - 2023-05-31 13:08:52 --> syntax error, unexpected token "=>", expecting "]"
in APPPATH\Controllers\LoginRegistrarUsuario.php on line 99.
 1 SYSTEMPATH\Autoloader\Autoloader.php(289): CodeIgniter\Autoloader\Autoloader->includeFile('APPPATH\\Controllers\\LoginRegistrarUsuario.php')
 2 SYSTEMPATH\Autoloader\Autoloader.php(267): CodeIgniter\Autoloader\Autoloader->loadInNamespace('App\\Controllers\\LoginRegistrarUsuario')
 3 [internal function]: CodeIgniter\Autoloader\Autoloader->loadClass('App\\Controllers\\LoginRegistrarUsuario')
 4 SYSTEMPATH\CodeIgniter.php(892): class_exists('\\App\\Controllers\\LoginRegistrarUsuario', true)
 5 SYSTEMPATH\CodeIgniter.php(486): CodeIgniter\CodeIgniter->startController()
 6 SYSTEMPATH\CodeIgniter.php(368): CodeIgniter\CodeIgniter->handleRequest(null, Object(Config\Cache), false)
 7 FCPATH\index.php(67): CodeIgniter\CodeIgniter->run()
CRITICAL - 2023-05-31 13:08:53 --> syntax error, unexpected token "=>", expecting "]"
in APPPATH\Controllers\LoginRegistrarUsuario.php on line 99.
 1 SYSTEMPATH\Autoloader\Autoloader.php(289): CodeIgniter\Autoloader\Autoloader->includeFile('APPPATH\\Controllers\\LoginRegistrarUsuario.php')
 2 SYSTEMPATH\Autoloader\Autoloader.php(267): CodeIgniter\Autoloader\Autoloader->loadInNamespace('App\\Controllers\\LoginRegistrarUsuario')
 3 [internal function]: CodeIgniter\Autoloader\Autoloader->loadClass('App\\Controllers\\LoginRegistrarUsuario')
 4 SYSTEMPATH\CodeIgniter.php(892): class_exists('\\App\\Controllers\\LoginRegistrarUsuario', true)
 5 SYSTEMPATH\CodeIgniter.php(486): CodeIgniter\CodeIgniter->startController()
 6 SYSTEMPATH\CodeIgniter.php(368): CodeIgniter\CodeIgniter->handleRequest(null, Object(Config\Cache), false)
 7 FCPATH\index.php(67): CodeIgniter\CodeIgniter->run()
ERROR - 2023-05-31 13:10:33 --> mysqli_sql_exception: Table 'db_citas.horas' doesn't exist in C:\xampp\htdocs\Agendamiento-Citas\system\Database\MySQLi\Connection.php:295
Stack trace:
#0 C:\xampp\htdocs\Agendamiento-Citas\system\Database\MySQLi\Connection.php(295): mysqli->query('SELECT `horas`....', 0)
#1 C:\xampp\htdocs\Agendamiento-Citas\system\Database\BaseConnection.php(691): CodeIgniter\Database\MySQLi\Connection->execute('SELECT `horas`....')
#2 C:\xampp\htdocs\Agendamiento-Citas\system\Database\BaseConnection.php(605): CodeIgniter\Database\BaseConnection->simpleQuery('SELECT `horas`....')
#3 C:\xampp\htdocs\Agendamiento-Citas\system\Database\BaseBuilder.php(1616): CodeIgniter\Database\BaseConnection->query('SELECT `horas`....', Array, false)
#4 C:\xampp\htdocs\Agendamiento-Citas\system\Model.php(241): CodeIgniter\Database\BaseBuilder->get()
#5 C:\xampp\htdocs\Agendamiento-Citas\system\BaseModel.php(618): CodeIgniter\Model->doFindAll(0, 0)
#6 C:\xampp\htdocs\Agendamiento-Citas\app\Models\AdministradorModels\HorasModel.php(31): CodeIgniter\BaseModel->findAll()
#7 C:\xampp\htdocs\Agendamiento-Citas\app\Controllers\AdministrarHoras.php(22): App\Models\AdministradorModels\HorasModel->obtenerHoras('A')
#8 C:\xampp\htdocs\Agendamiento-Citas\system\CodeIgniter.php(934): App\Controllers\AdministrarHoras->index()
#9 C:\xampp\htdocs\Agendamiento-Citas\system\CodeIgniter.php(499): CodeIgniter\CodeIgniter->runController(Object(App\Controllers\AdministrarHoras))
#10 C:\xampp\htdocs\Agendamiento-Citas\system\CodeIgniter.php(368): CodeIgniter\CodeIgniter->handleRequest(NULL, Object(Config\Cache), false)
#11 C:\xampp\htdocs\Agendamiento-Citas\public\index.php(67): CodeIgniter\CodeIgniter->run()
#12 {main}
CRITICAL - 2023-05-31 13:10:33 --> Table 'db_citas.horas' doesn't exist
in SYSTEMPATH\Database\BaseConnection.php on line 645.
 1 SYSTEMPATH\Database\BaseBuilder.php(1616): CodeIgniter\Database\BaseConnection->query('SELECT `horas`.*, `usuarios`.`nombre_corto` as `NomUsuario`
FROM `horas`
JOIN `usuarios` ON `usuarios`.`id_usuario` = `horas`.`usuario_crea`
WHERE `horas`.`estado` = :horas.estado:', [...], false)
 2 SYSTEMPATH\Model.php(241): CodeIgniter\Database\BaseBuilder->get()
 3 SYSTEMPATH\BaseModel.php(618): CodeIgniter\Model->doFindAll(0, 0)
 4 APPPATH\Models\AdministradorModels\HorasModel.php(31): CodeIgniter\BaseModel->findAll()
 5 APPPATH\Controllers\AdministrarHoras.php(22): App\Models\AdministradorModels\HorasModel->obtenerHoras('A')
 6 SYSTEMPATH\CodeIgniter.php(934): App\Controllers\AdministrarHoras->index()
 7 SYSTEMPATH\CodeIgniter.php(499): CodeIgniter\CodeIgniter->runController(Object(App\Controllers\AdministrarHoras))
 8 SYSTEMPATH\CodeIgniter.php(368): CodeIgniter\CodeIgniter->handleRequest(null, Object(Config\Cache), false)
 9 FCPATH\index.php(67): CodeIgniter\CodeIgniter->run()
CRITICAL - 2023-05-31 13:12:09 --> syntax error, unexpected single-quoted string "numero", expecting "]"
in APPPATH\Controllers\LoginRegistrarUsuario.php on line 99.
 1 SYSTEMPATH\Autoloader\Autoloader.php(289): CodeIgniter\Autoloader\Autoloader->includeFile('APPPATH\\Controllers\\LoginRegistrarUsuario.php')
 2 SYSTEMPATH\Autoloader\Autoloader.php(267): CodeIgniter\Autoloader\Autoloader->loadInNamespace('App\\Controllers\\LoginRegistrarUsuario')
 3 [internal function]: CodeIgniter\Autoloader\Autoloader->loadClass('App\\Controllers\\LoginRegistrarUsuario')
 4 SYSTEMPATH\CodeIgniter.php(892): class_exists('\\App\\Controllers\\LoginRegistrarUsuario', true)
 5 SYSTEMPATH\CodeIgniter.php(486): CodeIgniter\CodeIgniter->startController()
 6 SYSTEMPATH\CodeIgniter.php(368): CodeIgniter\CodeIgniter->handleRequest(null, Object(Config\Cache), false)
 7 FCPATH\index.php(67): CodeIgniter\CodeIgniter->run()
ERROR - 2023-05-31 13:12:14 --> mysqli_sql_exception: Table 'db_citas.horas' doesn't exist in C:\xampp\htdocs\Agendamiento-Citas\system\Database\MySQLi\Connection.php:295
Stack trace:
#0 C:\xampp\htdocs\Agendamiento-Citas\system\Database\MySQLi\Connection.php(295): mysqli->query('SELECT `horas`....', 0)
#1 C:\xampp\htdocs\Agendamiento-Citas\system\Database\BaseConnection.php(691): CodeIgniter\Database\MySQLi\Connection->execute('SELECT `horas`....')
#2 C:\xampp\htdocs\Agendamiento-Citas\system\Database\BaseConnection.php(605): CodeIgniter\Database\BaseConnection->simpleQuery('SELECT `horas`....')
#3 C:\xampp\htdocs\Agendamiento-Citas\system\Database\BaseBuilder.php(1616): CodeIgniter\Database\BaseConnection->query('SELECT `horas`....', Array, false)
#4 C:\xampp\htdocs\Agendamiento-Citas\system\Model.php(241): CodeIgniter\Database\BaseBuilder->get()
#5 C:\xampp\htdocs\Agendamiento-Citas\system\BaseModel.php(618): CodeIgniter\Model->doFindAll(0, 0)
#6 C:\xampp\htdocs\Agendamiento-Citas\app\Models\AdministradorModels\HorasModel.php(31): CodeIgniter\BaseModel->findAll()
#7 C:\xampp\htdocs\Agendamiento-Citas\app\Controllers\AdministrarHoras.php(22): App\Models\AdministradorModels\HorasModel->obtenerHoras('A')
#8 C:\xampp\htdocs\Agendamiento-Citas\system\CodeIgniter.php(934): App\Controllers\AdministrarHoras->index()
#9 C:\xampp\htdocs\Agendamiento-Citas\system\CodeIgniter.php(499): CodeIgniter\CodeIgniter->runController(Object(App\Controllers\AdministrarHoras))
#10 C:\xampp\htdocs\Agendamiento-Citas\system\CodeIgniter.php(368): CodeIgniter\CodeIgniter->handleRequest(NULL, Object(Config\Cache), false)
#11 C:\xampp\htdocs\Agendamiento-Citas\public\index.php(67): CodeIgniter\CodeIgniter->run()
#12 {main}
CRITICAL - 2023-05-31 13:12:14 --> Table 'db_citas.horas' doesn't exist
in SYSTEMPATH\Database\BaseConnection.php on line 645.
 1 SYSTEMPATH\Database\BaseBuilder.php(1616): CodeIgniter\Database\BaseConnection->query('SELECT `horas`.*, `usuarios`.`nombre_corto` as `NomUsuario`
FROM `horas`
JOIN `usuarios` ON `usuarios`.`id_usuario` = `horas`.`usuario_crea`
WHERE `horas`.`estado` = :horas.estado:', [...], false)
 2 SYSTEMPATH\Model.php(241): CodeIgniter\Database\BaseBuilder->get()
 3 SYSTEMPATH\BaseModel.php(618): CodeIgniter\Model->doFindAll(0, 0)
 4 APPPATH\Models\AdministradorModels\HorasModel.php(31): CodeIgniter\BaseModel->findAll()
 5 APPPATH\Controllers\AdministrarHoras.php(22): App\Models\AdministradorModels\HorasModel->obtenerHoras('A')
 6 SYSTEMPATH\CodeIgniter.php(934): App\Controllers\AdministrarHoras->index()
 7 SYSTEMPATH\CodeIgniter.php(499): CodeIgniter\CodeIgniter->runController(Object(App\Controllers\AdministrarHoras))
 8 SYSTEMPATH\CodeIgniter.php(368): CodeIgniter\CodeIgniter->handleRequest(null, Object(Config\Cache), false)
 9 FCPATH\index.php(67): CodeIgniter\CodeIgniter->run()
ERROR - 2023-05-31 13:14:44 --> mysqli_sql_exception: Cannot add or update a child row: a foreign key constraint fails (`db_citas`.`correos`, CONSTRAINT `correo_usuarios` FOREIGN KEY (`id_usuarios`) REFERENCES `usuarios` (`id_usuario`)) in C:\xampp\htdocs\Agendamiento-Citas\system\Database\MySQLi\Connection.php:295
Stack trace:
#0 C:\xampp\htdocs\Agendamiento-Citas\system\Database\MySQLi\Connection.php(295): mysqli->query('INSERT INTO `co...', 0)
#1 C:\xampp\htdocs\Agendamiento-Citas\system\Database\BaseConnection.php(691): CodeIgniter\Database\MySQLi\Connection->execute('INSERT INTO `co...')
#2 C:\xampp\htdocs\Agendamiento-Citas\system\Database\BaseConnection.php(605): CodeIgniter\Database\BaseConnection->simpleQuery('INSERT INTO `co...')
#3 C:\xampp\htdocs\Agendamiento-Citas\system\Database\BaseBuilder.php(2309): CodeIgniter\Database\BaseConnection->query('INSERT INTO `co...', Array, false)
#4 C:\xampp\htdocs\Agendamiento-Citas\system\Model.php(330): CodeIgniter\Database\BaseBuilder->insert()
#5 C:\xampp\htdocs\Agendamiento-Citas\system\BaseModel.php(782): CodeIgniter\Model->doInsert(Array)
#6 C:\xampp\htdocs\Agendamiento-Citas\system\Model.php(730): CodeIgniter\BaseModel->insert(Array, false)
#7 C:\xampp\htdocs\Agendamiento-Citas\system\BaseModel.php(692): CodeIgniter\Model->insert(Array, false)
#8 C:\xampp\htdocs\Agendamiento-Citas\app\Controllers\LoginRegistrarUsuario.php(87): CodeIgniter\BaseModel->save(Array)
#9 C:\xampp\htdocs\Agendamiento-Citas\system\CodeIgniter.php(934): App\Controllers\LoginRegistrarUsuario->registrar()
#10 C:\xampp\htdocs\Agendamiento-Citas\system\CodeIgniter.php(499): CodeIgniter\CodeIgniter->runController(Object(App\Controllers\LoginRegistrarUsuario))
#11 C:\xampp\htdocs\Agendamiento-Citas\system\CodeIgniter.php(368): CodeIgniter\CodeIgniter->handleRequest(NULL, Object(Config\Cache), false)
#12 C:\xampp\htdocs\Agendamiento-Citas\public\index.php(67): CodeIgniter\CodeIgniter->run()
#13 {main}
CRITICAL - 2023-05-31 13:14:44 --> Cannot add or update a child row: a foreign key constraint fails (`db_citas`.`correos`, CONSTRAINT `correo_usuarios` FOREIGN KEY (`id_usuarios`) REFERENCES `usuarios` (`id_usuario`))
in SYSTEMPATH\Database\BaseConnection.php on line 645.
 1 SYSTEMPATH\Database\BaseBuilder.php(2309): CodeIgniter\Database\BaseConnection->query('INSERT INTO `correos` (`usuario_crea`, `prioridad`, `correo_electronico`, `fecha_crea`) VALUES (:usuario_crea:, :prioridad:, :correo_electronico:, :fecha_crea:)', [...], false)
 2 SYSTEMPATH\Model.php(330): CodeIgniter\Database\BaseBuilder->insert()
 3 SYSTEMPATH\BaseModel.php(782): CodeIgniter\Model->doInsert([...])
 4 SYSTEMPATH\Model.php(730): CodeIgniter\BaseModel->insert([...], false)
 5 SYSTEMPATH\BaseModel.php(692): CodeIgniter\Model->insert([...], false)
 6 APPPATH\Controllers\LoginRegistrarUsuario.php(87): CodeIgniter\BaseModel->save([...])
 7 SYSTEMPATH\CodeIgniter.php(934): App\Controllers\LoginRegistrarUsuario->registrar()
 8 SYSTEMPATH\CodeIgniter.php(499): CodeIgniter\CodeIgniter->runController(Object(App\Controllers\LoginRegistrarUsuario))
 9 SYSTEMPATH\CodeIgniter.php(368): CodeIgniter\CodeIgniter->handleRequest(null, Object(Config\Cache), false)
10 FCPATH\index.php(67): CodeIgniter\CodeIgniter->run()
ERROR - 2023-05-31 13:20:26 --> mysqli_sql_exception: Cannot add or update a child row: a foreign key constraint fails (`db_citas`.`correos`, CONSTRAINT `correo_usuarios` FOREIGN KEY (`id_usuarios`) REFERENCES `usuarios` (`id_usuario`)) in C:\xampp\htdocs\Agendamiento-Citas\system\Database\MySQLi\Connection.php:295
Stack trace:
#0 C:\xampp\htdocs\Agendamiento-Citas\system\Database\MySQLi\Connection.php(295): mysqli->query('INSERT INTO `co...', 0)
#1 C:\xampp\htdocs\Agendamiento-Citas\system\Database\BaseConnection.php(691): CodeIgniter\Database\MySQLi\Connection->execute('INSERT INTO `co...')
#2 C:\xampp\htdocs\Agendamiento-Citas\system\Database\BaseConnection.php(605): CodeIgniter\Database\BaseConnection->simpleQuery('INSERT INTO `co...')
#3 C:\xampp\htdocs\Agendamiento-Citas\system\Database\BaseBuilder.php(2309): CodeIgniter\Database\BaseConnection->query('INSERT INTO `co...', Array, false)
#4 C:\xampp\htdocs\Agendamiento-Citas\system\Model.php(330): CodeIgniter\Database\BaseBuilder->insert()
#5 C:\xampp\htdocs\Agendamiento-Citas\system\BaseModel.php(782): CodeIgniter\Model->doInsert(Array)
#6 C:\xampp\htdocs\Agendamiento-Citas\system\Model.php(730): CodeIgniter\BaseModel->insert(Array, false)
#7 C:\xampp\htdocs\Agendamiento-Citas\system\BaseModel.php(692): CodeIgniter\Model->insert(Array, false)
#8 C:\xampp\htdocs\Agendamiento-Citas\app\Controllers\LoginRegistrarUsuario.php(87): CodeIgniter\BaseModel->save(Array)
#9 C:\xampp\htdocs\Agendamiento-Citas\system\CodeIgniter.php(934): App\Controllers\LoginRegistrarUsuario->registrar()
#10 C:\xampp\htdocs\Agendamiento-Citas\system\CodeIgniter.php(499): CodeIgniter\CodeIgniter->runController(Object(App\Controllers\LoginRegistrarUsuario))
#11 C:\xampp\htdocs\Agendamiento-Citas\system\CodeIgniter.php(368): CodeIgniter\CodeIgniter->handleRequest(NULL, Object(Config\Cache), false)
#12 C:\xampp\htdocs\Agendamiento-Citas\public\index.php(67): CodeIgniter\CodeIgniter->run()
#13 {main}
CRITICAL - 2023-05-31 13:20:26 --> Cannot add or update a child row: a foreign key constraint fails (`db_citas`.`correos`, CONSTRAINT `correo_usuarios` FOREIGN KEY (`id_usuarios`) REFERENCES `usuarios` (`id_usuario`))
in SYSTEMPATH\Database\BaseConnection.php on line 645.
 1 SYSTEMPATH\Database\BaseBuilder.php(2309): CodeIgniter\Database\BaseConnection->query('INSERT INTO `correos` (`usuario_crea`, `prioridad`, `correo_electronico`, `fecha_crea`) VALUES (:usuario_crea:, :prioridad:, :correo_electronico:, :fecha_crea:)', [...], false)
 2 SYSTEMPATH\Model.php(330): CodeIgniter\Database\BaseBuilder->insert()
 3 SYSTEMPATH\BaseModel.php(782): CodeIgniter\Model->doInsert([...])
 4 SYSTEMPATH\Model.php(730): CodeIgniter\BaseModel->insert([...], false)
 5 SYSTEMPATH\BaseModel.php(692): CodeIgniter\Model->insert([...], false)
 6 APPPATH\Controllers\LoginRegistrarUsuario.php(87): CodeIgniter\BaseModel->save([...])
 7 SYSTEMPATH\CodeIgniter.php(934): App\Controllers\LoginRegistrarUsuario->registrar()
 8 SYSTEMPATH\CodeIgniter.php(499): CodeIgniter\CodeIgniter->runController(Object(App\Controllers\LoginRegistrarUsuario))
 9 SYSTEMPATH\CodeIgniter.php(368): CodeIgniter\CodeIgniter->handleRequest(null, Object(Config\Cache), false)
10 FCPATH\index.php(67): CodeIgniter\CodeIgniter->run()
ERROR - 2023-05-31 13:24:35 --> mysqli_sql_exception: Cannot add or update a child row: a foreign key constraint fails (`db_citas`.`telefonos`, CONSTRAINT `telefono_detalles` FOREIGN KEY (`tipo_telefono`) REFERENCES `detalles` (`id_detalles`)) in C:\xampp\htdocs\Agendamiento-Citas\system\Database\MySQLi\Connection.php:295
Stack trace:
#0 C:\xampp\htdocs\Agendamiento-Citas\system\Database\MySQLi\Connection.php(295): mysqli->query('INSERT INTO `te...', 0)
#1 C:\xampp\htdocs\Agendamiento-Citas\system\Database\BaseConnection.php(691): CodeIgniter\Database\MySQLi\Connection->execute('INSERT INTO `te...')
#2 C:\xampp\htdocs\Agendamiento-Citas\system\Database\BaseConnection.php(605): CodeIgniter\Database\BaseConnection->simpleQuery('INSERT INTO `te...')
#3 C:\xampp\htdocs\Agendamiento-Citas\system\Database\BaseBuilder.php(2309): CodeIgniter\Database\BaseConnection->query('INSERT INTO `te...', Array, false)
#4 C:\xampp\htdocs\Agendamiento-Citas\system\Model.php(330): CodeIgniter\Database\BaseBuilder->insert()
#5 C:\xampp\htdocs\Agendamiento-Citas\system\BaseModel.php(782): CodeIgniter\Model->doInsert(Array)
#6 C:\xampp\htdocs\Agendamiento-Citas\system\Model.php(730): CodeIgniter\BaseModel->insert(Array, true)
#7 C:\xampp\htdocs\Agendamiento-Citas\app\Controllers\AdministrarTelefonos.php(55): CodeIgniter\Model->insert(Array)
#8 C:\xampp\htdocs\Agendamiento-Citas\system\CodeIgniter.php(934): App\Controllers\AdministrarTelefonos->insertar()
#9 C:\xampp\htdocs\Agendamiento-Citas\system\CodeIgniter.php(499): CodeIgniter\CodeIgniter->runController(Object(App\Controllers\AdministrarTelefonos))
#10 C:\xampp\htdocs\Agendamiento-Citas\system\CodeIgniter.php(368): CodeIgniter\CodeIgniter->handleRequest(NULL, Object(Config\Cache), false)
#11 C:\xampp\htdocs\Agendamiento-Citas\public\index.php(67): CodeIgniter\CodeIgniter->run()
#12 {main}
CRITICAL - 2023-05-31 13:24:35 --> Cannot add or update a child row: a foreign key constraint fails (`db_citas`.`telefonos`, CONSTRAINT `telefono_detalles` FOREIGN KEY (`tipo_telefono`) REFERENCES `detalles` (`id_detalles`))
in SYSTEMPATH\Database\BaseConnection.php on line 645.
 1 SYSTEMPATH\Database\BaseBuilder.php(2309): CodeIgniter\Database\BaseConnection->query('INSERT INTO `telefonos` (`numero`, `prioridad`, `id_usuario`, `usuario_crea`, `fecha_crea`) VALUES (:numero:, :prioridad:, :id_usuario:, :usuario_crea:, :fecha_crea:)', [...], false)
 2 SYSTEMPATH\Model.php(330): CodeIgniter\Database\BaseBuilder->insert()
 3 SYSTEMPATH\BaseModel.php(782): CodeIgniter\Model->doInsert([...])
 4 SYSTEMPATH\Model.php(730): CodeIgniter\BaseModel->insert([...], true)
 5 APPPATH\Controllers\AdministrarTelefonos.php(55): CodeIgniter\Model->insert([...])
 6 SYSTEMPATH\CodeIgniter.php(934): App\Controllers\AdministrarTelefonos->insertar()
 7 SYSTEMPATH\CodeIgniter.php(499): CodeIgniter\CodeIgniter->runController(Object(App\Controllers\AdministrarTelefonos))
 8 SYSTEMPATH\CodeIgniter.php(368): CodeIgniter\CodeIgniter->handleRequest(null, Object(Config\Cache), false)
 9 FCPATH\index.php(67): CodeIgniter\CodeIgniter->run()
ERROR - 2023-05-31 13:25:18 --> mysqli_sql_exception: Cannot add or update a child row: a foreign key constraint fails (`db_citas`.`telefonos`, CONSTRAINT `telefono_detalles` FOREIGN KEY (`tipo_telefono`) REFERENCES `detalles` (`id_detalles`)) in C:\xampp\htdocs\Agendamiento-Citas\system\Database\MySQLi\Connection.php:295
Stack trace:
#0 C:\xampp\htdocs\Agendamiento-Citas\system\Database\MySQLi\Connection.php(295): mysqli->query('INSERT INTO `te...', 0)
#1 C:\xampp\htdocs\Agendamiento-Citas\system\Database\BaseConnection.php(691): CodeIgniter\Database\MySQLi\Connection->execute('INSERT INTO `te...')
#2 C:\xampp\htdocs\Agendamiento-Citas\system\Database\BaseConnection.php(605): CodeIgniter\Database\BaseConnection->simpleQuery('INSERT INTO `te...')
#3 C:\xampp\htdocs\Agendamiento-Citas\system\Database\BaseBuilder.php(2309): CodeIgniter\Database\BaseConnection->query('INSERT INTO `te...', Array, false)
#4 C:\xampp\htdocs\Agendamiento-Citas\system\Model.php(330): CodeIgniter\Database\BaseBuilder->insert()
#5 C:\xampp\htdocs\Agendamiento-Citas\system\BaseModel.php(782): CodeIgniter\Model->doInsert(Array)
#6 C:\xampp\htdocs\Agendamiento-Citas\system\Model.php(730): CodeIgniter\BaseModel->insert(Array, true)
#7 C:\xampp\htdocs\Agendamiento-Citas\app\Controllers\AdministrarTelefonos.php(55): CodeIgniter\Model->insert(Array)
#8 C:\xampp\htdocs\Agendamiento-Citas\system\CodeIgniter.php(934): App\Controllers\AdministrarTelefonos->insertar()
#9 C:\xampp\htdocs\Agendamiento-Citas\system\CodeIgniter.php(499): CodeIgniter\CodeIgniter->runController(Object(App\Controllers\AdministrarTelefonos))
#10 C:\xampp\htdocs\Agendamiento-Citas\system\CodeIgniter.php(368): CodeIgniter\CodeIgniter->handleRequest(NULL, Object(Config\Cache), false)
#11 C:\xampp\htdocs\Agendamiento-Citas\public\index.php(67): CodeIgniter\CodeIgniter->run()
#12 {main}
CRITICAL - 2023-05-31 13:25:18 --> Cannot add or update a child row: a foreign key constraint fails (`db_citas`.`telefonos`, CONSTRAINT `telefono_detalles` FOREIGN KEY (`tipo_telefono`) REFERENCES `detalles` (`id_detalles`))
in SYSTEMPATH\Database\BaseConnection.php on line 645.
 1 SYSTEMPATH\Database\BaseBuilder.php(2309): CodeIgniter\Database\BaseConnection->query('INSERT INTO `telefonos` (`numero`, `prioridad`, `id_usuario`, `usuario_crea`, `fecha_crea`) VALUES (:numero:, :prioridad:, :id_usuario:, :usuario_crea:, :fecha_crea:)', [...], false)
 2 SYSTEMPATH\Model.php(330): CodeIgniter\Database\BaseBuilder->insert()
 3 SYSTEMPATH\BaseModel.php(782): CodeIgniter\Model->doInsert([...])
 4 SYSTEMPATH\Model.php(730): CodeIgniter\BaseModel->insert([...], true)
 5 APPPATH\Controllers\AdministrarTelefonos.php(55): CodeIgniter\Model->insert([...])
 6 SYSTEMPATH\CodeIgniter.php(934): App\Controllers\AdministrarTelefonos->insertar()
 7 SYSTEMPATH\CodeIgniter.php(499): CodeIgniter\CodeIgniter->runController(Object(App\Controllers\AdministrarTelefonos))
 8 SYSTEMPATH\CodeIgniter.php(368): CodeIgniter\CodeIgniter->handleRequest(null, Object(Config\Cache), false)
 9 FCPATH\index.php(67): CodeIgniter\CodeIgniter->run()
ERROR - 2023-05-31 13:25:41 --> mysqli_sql_exception: Cannot add or update a child row: a foreign key constraint fails (`db_citas`.`correos`, CONSTRAINT `correos_usuarios` FOREIGN KEY (`id_usuarios`) REFERENCES `usuarios` (`id_usuario`)) in C:\xampp\htdocs\Agendamiento-Citas\system\Database\MySQLi\Connection.php:295
Stack trace:
#0 C:\xampp\htdocs\Agendamiento-Citas\system\Database\MySQLi\Connection.php(295): mysqli->query('INSERT INTO `co...', 0)
#1 C:\xampp\htdocs\Agendamiento-Citas\system\Database\BaseConnection.php(691): CodeIgniter\Database\MySQLi\Connection->execute('INSERT INTO `co...')
#2 C:\xampp\htdocs\Agendamiento-Citas\system\Database\BaseConnection.php(605): CodeIgniter\Database\BaseConnection->simpleQuery('INSERT INTO `co...')
#3 C:\xampp\htdocs\Agendamiento-Citas\system\Database\BaseBuilder.php(2309): CodeIgniter\Database\BaseConnection->query('INSERT INTO `co...', Array, false)
#4 C:\xampp\htdocs\Agendamiento-Citas\system\Model.php(330): CodeIgniter\Database\BaseBuilder->insert()
#5 C:\xampp\htdocs\Agendamiento-Citas\system\BaseModel.php(782): CodeIgniter\Model->doInsert(Array)
#6 C:\xampp\htdocs\Agendamiento-Citas\system\Model.php(730): CodeIgniter\BaseModel->insert(Array, false)
#7 C:\xampp\htdocs\Agendamiento-Citas\system\BaseModel.php(692): CodeIgniter\Model->insert(Array, false)
#8 C:\xampp\htdocs\Agendamiento-Citas\app\Controllers\LoginRegistrarUsuario.php(87): CodeIgniter\BaseModel->save(Array)
#9 C:\xampp\htdocs\Agendamiento-Citas\system\CodeIgniter.php(934): App\Controllers\LoginRegistrarUsuario->registrar()
#10 C:\xampp\htdocs\Agendamiento-Citas\system\CodeIgniter.php(499): CodeIgniter\CodeIgniter->runController(Object(App\Controllers\LoginRegistrarUsuario))
#11 C:\xampp\htdocs\Agendamiento-Citas\system\CodeIgniter.php(368): CodeIgniter\CodeIgniter->handleRequest(NULL, Object(Config\Cache), false)
#12 C:\xampp\htdocs\Agendamiento-Citas\public\index.php(67): CodeIgniter\CodeIgniter->run()
#13 {main}
CRITICAL - 2023-05-31 13:25:41 --> Cannot add or update a child row: a foreign key constraint fails (`db_citas`.`correos`, CONSTRAINT `correos_usuarios` FOREIGN KEY (`id_usuarios`) REFERENCES `usuarios` (`id_usuario`))
in SYSTEMPATH\Database\BaseConnection.php on line 645.
 1 SYSTEMPATH\Database\BaseBuilder.php(2309): CodeIgniter\Database\BaseConnection->query('INSERT INTO `correos` (`usuario_crea`, `prioridad`, `correo_electronico`, `fecha_crea`) VALUES (:usuario_crea:, :prioridad:, :correo_electronico:, :fecha_crea:)', [...], false)
 2 SYSTEMPATH\Model.php(330): CodeIgniter\Database\BaseBuilder->insert()
 3 SYSTEMPATH\BaseModel.php(782): CodeIgniter\Model->doInsert([...])
 4 SYSTEMPATH\Model.php(730): CodeIgniter\BaseModel->insert([...], false)
 5 SYSTEMPATH\BaseModel.php(692): CodeIgniter\Model->insert([...], false)
 6 APPPATH\Controllers\LoginRegistrarUsuario.php(87): CodeIgniter\BaseModel->save([...])
 7 SYSTEMPATH\CodeIgniter.php(934): App\Controllers\LoginRegistrarUsuario->registrar()
 8 SYSTEMPATH\CodeIgniter.php(499): CodeIgniter\CodeIgniter->runController(Object(App\Controllers\LoginRegistrarUsuario))
 9 SYSTEMPATH\CodeIgniter.php(368): CodeIgniter\CodeIgniter->handleRequest(null, Object(Config\Cache), false)
10 FCPATH\index.php(67): CodeIgniter\CodeIgniter->run()
CRITICAL - 2023-05-31 13:26:10 --> Class "App\Models\AdministradorModels\HorasModel" not found
in APPPATH\Controllers\EstudiantesSolicitarCita.php on line 25.
 1 SYSTEMPATH\CodeIgniter.php(906): App\Controllers\EstudiantesSolicitarCita->__construct()
 2 SYSTEMPATH\CodeIgniter.php(490): CodeIgniter\CodeIgniter->createController()
 3 SYSTEMPATH\CodeIgniter.php(368): CodeIgniter\CodeIgniter->handleRequest(null, Object(Config\Cache), false)
 4 FCPATH\index.php(67): CodeIgniter\CodeIgniter->run()
ERROR - 2023-05-31 13:26:32 --> mysqli_sql_exception: Cannot add or update a child row: a foreign key constraint fails (`db_citas`.`correos`, CONSTRAINT `correos_usuarios` FOREIGN KEY (`id_usuarios`) REFERENCES `usuarios` (`id_usuario`)) in C:\xampp\htdocs\Agendamiento-Citas\system\Database\MySQLi\Connection.php:295
Stack trace:
#0 C:\xampp\htdocs\Agendamiento-Citas\system\Database\MySQLi\Connection.php(295): mysqli->query('INSERT INTO `co...', 0)
#1 C:\xampp\htdocs\Agendamiento-Citas\system\Database\BaseConnection.php(691): CodeIgniter\Database\MySQLi\Connection->execute('INSERT INTO `co...')
#2 C:\xampp\htdocs\Agendamiento-Citas\system\Database\BaseConnection.php(605): CodeIgniter\Database\BaseConnection->simpleQuery('INSERT INTO `co...')
#3 C:\xampp\htdocs\Agendamiento-Citas\system\Database\BaseBuilder.php(2309): CodeIgniter\Database\BaseConnection->query('INSERT INTO `co...', Array, false)
#4 C:\xampp\htdocs\Agendamiento-Citas\system\Model.php(330): CodeIgniter\Database\BaseBuilder->insert()
#5 C:\xampp\htdocs\Agendamiento-Citas\system\BaseModel.php(782): CodeIgniter\Model->doInsert(Array)
#6 C:\xampp\htdocs\Agendamiento-Citas\system\Model.php(730): CodeIgniter\BaseModel->insert(Array, false)
#7 C:\xampp\htdocs\Agendamiento-Citas\system\BaseModel.php(692): CodeIgniter\Model->insert(Array, false)
#8 C:\xampp\htdocs\Agendamiento-Citas\app\Controllers\LoginRegistrarUsuario.php(87): CodeIgniter\BaseModel->save(Array)
#9 C:\xampp\htdocs\Agendamiento-Citas\system\CodeIgniter.php(934): App\Controllers\LoginRegistrarUsuario->registrar()
#10 C:\xampp\htdocs\Agendamiento-Citas\system\CodeIgniter.php(499): CodeIgniter\CodeIgniter->runController(Object(App\Controllers\LoginRegistrarUsuario))
#11 C:\xampp\htdocs\Agendamiento-Citas\system\CodeIgniter.php(368): CodeIgniter\CodeIgniter->handleRequest(NULL, Object(Config\Cache), false)
#12 C:\xampp\htdocs\Agendamiento-Citas\public\index.php(67): CodeIgniter\CodeIgniter->run()
#13 {main}
CRITICAL - 2023-05-31 13:26:32 --> Cannot add or update a child row: a foreign key constraint fails (`db_citas`.`correos`, CONSTRAINT `correos_usuarios` FOREIGN KEY (`id_usuarios`) REFERENCES `usuarios` (`id_usuario`))
in SYSTEMPATH\Database\BaseConnection.php on line 645.
 1 SYSTEMPATH\Database\BaseBuilder.php(2309): CodeIgniter\Database\BaseConnection->query('INSERT INTO `correos` (`usuario_crea`, `prioridad`, `correo_electronico`, `fecha_crea`) VALUES (:usuario_crea:, :prioridad:, :correo_electronico:, :fecha_crea:)', [...], false)
 2 SYSTEMPATH\Model.php(330): CodeIgniter\Database\BaseBuilder->insert()
 3 SYSTEMPATH\BaseModel.php(782): CodeIgniter\Model->doInsert([...])
 4 SYSTEMPATH\Model.php(730): CodeIgniter\BaseModel->insert([...], false)
 5 SYSTEMPATH\BaseModel.php(692): CodeIgniter\Model->insert([...], false)
 6 APPPATH\Controllers\LoginRegistrarUsuario.php(87): CodeIgniter\BaseModel->save([...])
 7 SYSTEMPATH\CodeIgniter.php(934): App\Controllers\LoginRegistrarUsuario->registrar()
 8 SYSTEMPATH\CodeIgniter.php(499): CodeIgniter\CodeIgniter->runController(Object(App\Controllers\LoginRegistrarUsuario))
 9 SYSTEMPATH\CodeIgniter.php(368): CodeIgniter\CodeIgniter->handleRequest(null, Object(Config\Cache), false)
10 FCPATH\index.php(67): CodeIgniter\CodeIgniter->run()
ERROR - 2023-05-31 13:26:32 --> mysqli_sql_exception: Cannot add or update a child row: a foreign key constraint fails (`db_citas`.`telefonos`, CONSTRAINT `telefono_detalles` FOREIGN KEY (`tipo_telefono`) REFERENCES `detalles` (`id_detalles`)) in C:\xampp\htdocs\Agendamiento-Citas\system\Database\MySQLi\Connection.php:295
Stack trace:
#0 C:\xampp\htdocs\Agendamiento-Citas\system\Database\MySQLi\Connection.php(295): mysqli->query('INSERT INTO `te...', 0)
#1 C:\xampp\htdocs\Agendamiento-Citas\system\Database\BaseConnection.php(691): CodeIgniter\Database\MySQLi\Connection->execute('INSERT INTO `te...')
#2 C:\xampp\htdocs\Agendamiento-Citas\system\Database\BaseConnection.php(605): CodeIgniter\Database\BaseConnection->simpleQuery('INSERT INTO `te...')
#3 C:\xampp\htdocs\Agendamiento-Citas\system\Database\BaseBuilder.php(2309): CodeIgniter\Database\BaseConnection->query('INSERT INTO `te...', Array, false)
#4 C:\xampp\htdocs\Agendamiento-Citas\system\Model.php(330): CodeIgniter\Database\BaseBuilder->insert()
#5 C:\xampp\htdocs\Agendamiento-Citas\system\BaseModel.php(782): CodeIgniter\Model->doInsert(Array)
#6 C:\xampp\htdocs\Agendamiento-Citas\system\Model.php(730): CodeIgniter\BaseModel->insert(Array, true)
#7 C:\xampp\htdocs\Agendamiento-Citas\app\Controllers\AdministrarTelefonos.php(55): CodeIgniter\Model->insert(Array)
#8 C:\xampp\htdocs\Agendamiento-Citas\system\CodeIgniter.php(934): App\Controllers\AdministrarTelefonos->insertar()
#9 C:\xampp\htdocs\Agendamiento-Citas\system\CodeIgniter.php(499): CodeIgniter\CodeIgniter->runController(Object(App\Controllers\AdministrarTelefonos))
#10 C:\xampp\htdocs\Agendamiento-Citas\system\CodeIgniter.php(368): CodeIgniter\CodeIgniter->handleRequest(NULL, Object(Config\Cache), false)
#11 C:\xampp\htdocs\Agendamiento-Citas\public\index.php(67): CodeIgniter\CodeIgniter->run()
#12 {main}
CRITICAL - 2023-05-31 13:26:32 --> Cannot add or update a child row: a foreign key constraint fails (`db_citas`.`telefonos`, CONSTRAINT `telefono_detalles` FOREIGN KEY (`tipo_telefono`) REFERENCES `detalles` (`id_detalles`))
in SYSTEMPATH\Database\BaseConnection.php on line 645.
 1 SYSTEMPATH\Database\BaseBuilder.php(2309): CodeIgniter\Database\BaseConnection->query('INSERT INTO `telefonos` (`numero`, `prioridad`, `id_usuario`, `usuario_crea`, `fecha_crea`) VALUES (:numero:, :prioridad:, :id_usuario:, :usuario_crea:, :fecha_crea:)', [...], false)
 2 SYSTEMPATH\Model.php(330): CodeIgniter\Database\BaseBuilder->insert()
 3 SYSTEMPATH\BaseModel.php(782): CodeIgniter\Model->doInsert([...])
 4 SYSTEMPATH\Model.php(730): CodeIgniter\BaseModel->insert([...], true)
 5 APPPATH\Controllers\AdministrarTelefonos.php(55): CodeIgniter\Model->insert([...])
 6 SYSTEMPATH\CodeIgniter.php(934): App\Controllers\AdministrarTelefonos->insertar()
 7 SYSTEMPATH\CodeIgniter.php(499): CodeIgniter\CodeIgniter->runController(Object(App\Controllers\AdministrarTelefonos))
 8 SYSTEMPATH\CodeIgniter.php(368): CodeIgniter\CodeIgniter->handleRequest(null, Object(Config\Cache), false)
 9 FCPATH\index.php(67): CodeIgniter\CodeIgniter->run()
CRITICAL - 2023-05-31 13:29:00 --> Class "App\Models\AdministradorModels\HorasModel" not found
in APPPATH\Controllers\EstudiantesSolicitarCita.php on line 25.
 1 SYSTEMPATH\CodeIgniter.php(906): App\Controllers\EstudiantesSolicitarCita->__construct()
 2 SYSTEMPATH\CodeIgniter.php(490): CodeIgniter\CodeIgniter->createController()
 3 SYSTEMPATH\CodeIgniter.php(368): CodeIgniter\CodeIgniter->handleRequest(null, Object(Config\Cache), false)
 4 FCPATH\index.php(67): CodeIgniter\CodeIgniter->run()
CRITICAL - 2023-05-31 13:30:26 --> Call to a member function obtenerHoras() on null
in APPPATH\Controllers\EstudiantesSolicitarCita.php on line 34.
 1 SYSTEMPATH\CodeIgniter.php(934): App\Controllers\EstudiantesSolicitarCita->index()
 2 SYSTEMPATH\CodeIgniter.php(499): CodeIgniter\CodeIgniter->runController(Object(App\Controllers\EstudiantesSolicitarCita))
 3 SYSTEMPATH\CodeIgniter.php(368): CodeIgniter\CodeIgniter->handleRequest(null, Object(Config\Cache), false)
 4 FCPATH\index.php(67): CodeIgniter\CodeIgniter->run()
CRITICAL - 2023-05-31 13:30:35 --> Undefined variable $dataHoras
in APPPATH\Controllers\EstudiantesSolicitarCita.php on line 36.
 1 APPPATH\Controllers\EstudiantesSolicitarCita.php(36): CodeIgniter\Debug\Exceptions->errorHandler(2, 'Undefined variable $dataHoras', 'APPPATH\\Controllers\\EstudiantesSolicitarCita.php', 36)
 2 SYSTEMPATH\CodeIgniter.php(934): App\Controllers\EstudiantesSolicitarCita->index()
 3 SYSTEMPATH\CodeIgniter.php(499): CodeIgniter\CodeIgniter->runController(Object(App\Controllers\EstudiantesSolicitarCita))
 4 SYSTEMPATH\CodeIgniter.php(368): CodeIgniter\CodeIgniter->handleRequest(null, Object(Config\Cache), false)
 5 FCPATH\index.php(67): CodeIgniter\CodeIgniter->run()
CRITICAL - 2023-05-31 13:32:04 --> Undefined variable $horas
in APPPATH\Views\estudiantes\solicitar\solicitar.php on line 121.
 1 APPPATH\Views\estudiantes\solicitar\solicitar.php(121): CodeIgniter\Debug\Exceptions->errorHandler(2, 'Undefined variable $horas', 'APPPATH\\Views\\estudiantes\\solicitar\\solicitar.php', 121)
 2 SYSTEMPATH\View\View.php(213): include('APPPATH\\Views\\estudiantes\\solicitar\\solicitar.php')
 3 SYSTEMPATH\View\View.php(216): CodeIgniter\View\View->CodeIgniter\View\{closure}()
 4 SYSTEMPATH\Common.php(1184): CodeIgniter\View\View->render('estudiantes/Solicitar/solicitar', [], true)
 5 APPPATH\Controllers\EstudiantesSolicitarCita.php(41): view('estudiantes/Solicitar/solicitar', [...])
 6 SYSTEMPATH\CodeIgniter.php(934): App\Controllers\EstudiantesSolicitarCita->index()
 7 SYSTEMPATH\CodeIgniter.php(499): CodeIgniter\CodeIgniter->runController(Object(App\Controllers\EstudiantesSolicitarCita))
 8 SYSTEMPATH\CodeIgniter.php(368): CodeIgniter\CodeIgniter->handleRequest(null, Object(Config\Cache), false)
 9 FCPATH\index.php(67): CodeIgniter\CodeIgniter->run()
CRITICAL - 2023-05-31 13:32:07 --> Undefined variable $horas
in APPPATH\Views\estudiantes\solicitar\solicitar.php on line 121.
 1 APPPATH\Views\estudiantes\solicitar\solicitar.php(121): CodeIgniter\Debug\Exceptions->errorHandler(2, 'Undefined variable $horas', 'APPPATH\\Views\\estudiantes\\solicitar\\solicitar.php', 121)
 2 SYSTEMPATH\View\View.php(213): include('APPPATH\\Views\\estudiantes\\solicitar\\solicitar.php')
 3 SYSTEMPATH\View\View.php(216): CodeIgniter\View\View->CodeIgniter\View\{closure}()
 4 SYSTEMPATH\Common.php(1184): CodeIgniter\View\View->render('estudiantes/Solicitar/solicitar', [], true)
 5 APPPATH\Controllers\EstudiantesSolicitarCita.php(41): view('estudiantes/Solicitar/solicitar', [...])
 6 SYSTEMPATH\CodeIgniter.php(934): App\Controllers\EstudiantesSolicitarCita->index()
 7 SYSTEMPATH\CodeIgniter.php(499): CodeIgniter\CodeIgniter->runController(Object(App\Controllers\EstudiantesSolicitarCita))
 8 SYSTEMPATH\CodeIgniter.php(368): CodeIgniter\CodeIgniter->handleRequest(null, Object(Config\Cache), false)
 9 FCPATH\index.php(67): CodeIgniter\CodeIgniter->run()
ERROR - 2023-05-31 13:35:43 --> mysqli_sql_exception: Column 'sexo' cannot be null in C:\xampp\htdocs\Agendamiento-Citas\system\Database\MySQLi\Connection.php:295
Stack trace:
#0 C:\xampp\htdocs\Agendamiento-Citas\system\Database\MySQLi\Connection.php(295): mysqli->query('INSERT INTO `us...', 0)
#1 C:\xampp\htdocs\Agendamiento-Citas\system\Database\BaseConnection.php(691): CodeIgniter\Database\MySQLi\Connection->execute('INSERT INTO `us...')
#2 C:\xampp\htdocs\Agendamiento-Citas\system\Database\BaseConnection.php(605): CodeIgniter\Database\BaseConnection->simpleQuery('INSERT INTO `us...')
#3 C:\xampp\htdocs\Agendamiento-Citas\system\Database\BaseBuilder.php(2309): CodeIgniter\Database\BaseConnection->query('INSERT INTO `us...', Array, false)
#4 C:\xampp\htdocs\Agendamiento-Citas\system\Model.php(330): CodeIgniter\Database\BaseBuilder->insert()
#5 C:\xampp\htdocs\Agendamiento-Citas\system\BaseModel.php(782): CodeIgniter\Model->doInsert(Array)
#6 C:\xampp\htdocs\Agendamiento-Citas\system\Model.php(730): CodeIgniter\BaseModel->insert(Array, false)
#7 C:\xampp\htdocs\Agendamiento-Citas\system\BaseModel.php(692): CodeIgniter\Model->insert(Array, false)
#8 C:\xampp\htdocs\Agendamiento-Citas\app\Controllers\AdministrarUsuarios.php(46): CodeIgniter\BaseModel->save(Array)
#9 C:\xampp\htdocs\Agendamiento-Citas\system\CodeIgniter.php(934): App\Controllers\AdministrarUsuarios->insertar()
#10 C:\xampp\htdocs\Agendamiento-Citas\system\CodeIgniter.php(499): CodeIgniter\CodeIgniter->runController(Object(App\Controllers\AdministrarUsuarios))
#11 C:\xampp\htdocs\Agendamiento-Citas\system\CodeIgniter.php(368): CodeIgniter\CodeIgniter->handleRequest(NULL, Object(Config\Cache), false)
#12 C:\xampp\htdocs\Agendamiento-Citas\public\index.php(67): CodeIgniter\CodeIgniter->run()
#13 {main}
CRITICAL - 2023-05-31 13:35:43 --> Column 'sexo' cannot be null
in SYSTEMPATH\Database\BaseConnection.php on line 645.
 1 SYSTEMPATH\Database\BaseBuilder.php(2309): CodeIgniter\Database\BaseConnection->query('INSERT INTO `usuarios` (`nombre_p`, `nombre_s`, `apellido_p`, `apellido_s`, `nombre_corto`, `direccion`, `sexo`, `tipo_de_documento`, `numero_de_documento`, `contrasena`, `id_rol`, `fecha_crea`) VALUES (:nombre_p:, :nombre_s:, :apellido_p:, :apellido_s:, :nombre_corto:, :direccion:, :sexo:, :tipo_de_documento:, :numero_de_documento:, :contrasena:, :id_rol:, :fecha_crea:)', [...], false)
 2 SYSTEMPATH\Model.php(330): CodeIgniter\Database\BaseBuilder->insert()
 3 SYSTEMPATH\BaseModel.php(782): CodeIgniter\Model->doInsert([...])
 4 SYSTEMPATH\Model.php(730): CodeIgniter\BaseModel->insert([...], false)
 5 SYSTEMPATH\BaseModel.php(692): CodeIgniter\Model->insert([...], false)
 6 APPPATH\Controllers\AdministrarUsuarios.php(46): CodeIgniter\BaseModel->save([...])
 7 SYSTEMPATH\CodeIgniter.php(934): App\Controllers\AdministrarUsuarios->insertar()
 8 SYSTEMPATH\CodeIgniter.php(499): CodeIgniter\CodeIgniter->runController(Object(App\Controllers\AdministrarUsuarios))
 9 SYSTEMPATH\CodeIgniter.php(368): CodeIgniter\CodeIgniter->handleRequest(null, Object(Config\Cache), false)
10 FCPATH\index.php(67): CodeIgniter\CodeIgniter->run()
CRITICAL - 2023-05-31 13:38:33 --> Undefined variable $DatosPerfil
in APPPATH\Views\docentes\principal\headercopy.php on line 58.
 1 APPPATH\Views\docentes\principal\headercopy.php(58): CodeIgniter\Debug\Exceptions->errorHandler(2, 'Undefined variable $DatosPerfil', 'APPPATH\\Views\\docentes\\principal\\headercopy.php', 58)
 2 SYSTEMPATH\View\View.php(213): include('APPPATH\\Views\\docentes\\principal\\headercopy.php')
 3 SYSTEMPATH\View\View.php(216): CodeIgniter\View\View->CodeIgniter\View\{closure}()
 4 SYSTEMPATH\Common.php(1184): CodeIgniter\View\View->render('docentes/principal/headercopy', [], true)
 5 APPPATH\Controllers\DocenteDisponibilidad.php(28): view('docentes/principal/headercopy', [...])
 6 SYSTEMPATH\CodeIgniter.php(934): App\Controllers\DocenteDisponibilidad->index()
 7 SYSTEMPATH\CodeIgniter.php(499): CodeIgniter\CodeIgniter->runController(Object(App\Controllers\DocenteDisponibilidad))
 8 SYSTEMPATH\CodeIgniter.php(368): CodeIgniter\CodeIgniter->handleRequest(null, Object(Config\Cache), false)
 9 FCPATH\index.php(67): CodeIgniter\CodeIgniter->run()
CRITICAL - 2023-05-31 13:46:30 --> Undefined variable $DatosPerfil
in APPPATH\Views\docentes\principal\headercopy.php on line 58.
 1 APPPATH\Views\docentes\principal\headercopy.php(58): CodeIgniter\Debug\Exceptions->errorHandler(2, 'Undefined variable $DatosPerfil', 'APPPATH\\Views\\docentes\\principal\\headercopy.php', 58)
 2 SYSTEMPATH\View\View.php(213): include('APPPATH\\Views\\docentes\\principal\\headercopy.php')
 3 SYSTEMPATH\View\View.php(216): CodeIgniter\View\View->CodeIgniter\View\{closure}()
 4 SYSTEMPATH\Common.php(1184): CodeIgniter\View\View->render('docentes/principal/headercopy', [], true)
 5 APPPATH\Controllers\DocenteDisponibilidad.php(28): view('docentes/principal/headercopy', [...])
 6 SYSTEMPATH\CodeIgniter.php(934): App\Controllers\DocenteDisponibilidad->index()
 7 SYSTEMPATH\CodeIgniter.php(499): CodeIgniter\CodeIgniter->runController(Object(App\Controllers\DocenteDisponibilidad))
 8 SYSTEMPATH\CodeIgniter.php(368): CodeIgniter\CodeIgniter->handleRequest(null, Object(Config\Cache), false)
 9 FCPATH\index.php(67): CodeIgniter\CodeIgniter->run()
CRITICAL - 2023-05-31 13:50:45 --> Trying to access array offset on value of type null
in APPPATH\Views\docentes\principal\headercopy.php on line 58.
 1 APPPATH\Views\docentes\principal\headercopy.php(58): CodeIgniter\Debug\Exceptions->errorHandler(2, 'Trying to access array offset on value of type null', 'APPPATH\\Views\\docentes\\principal\\headercopy.php', 58)
 2 SYSTEMPATH\View\View.php(213): include('APPPATH\\Views\\docentes\\principal\\headercopy.php')
 3 SYSTEMPATH\View\View.php(216): CodeIgniter\View\View->CodeIgniter\View\{closure}()
 4 SYSTEMPATH\Common.php(1184): CodeIgniter\View\View->render('docentes/principal/headercopy', [], true)
 5 APPPATH\Controllers\Perfiles.php(47): view('docentes/principal/headercopy', [...])
 6 SYSTEMPATH\CodeIgniter.php(934): App\Controllers\Perfiles->Docentes()
 7 SYSTEMPATH\CodeIgniter.php(499): CodeIgniter\CodeIgniter->runController(Object(App\Controllers\Perfiles))
 8 SYSTEMPATH\CodeIgniter.php(368): CodeIgniter\CodeIgniter->handleRequest(null, Object(Config\Cache), false)
 9 FCPATH\index.php(67): CodeIgniter\CodeIgniter->run()
CRITICAL - 2023-05-31 13:51:59 --> Undefined variable $DatosPerfil
in APPPATH\Views\docentes\principal\headercopy.php on line 58.
 1 APPPATH\Views\docentes\principal\headercopy.php(58): CodeIgniter\Debug\Exceptions->errorHandler(2, 'Undefined variable $DatosPerfil', 'APPPATH\\Views\\docentes\\principal\\headercopy.php', 58)
 2 SYSTEMPATH\View\View.php(213): include('APPPATH\\Views\\docentes\\principal\\headercopy.php')
 3 SYSTEMPATH\View\View.php(216): CodeIgniter\View\View->CodeIgniter\View\{closure}()
 4 SYSTEMPATH\Common.php(1184): CodeIgniter\View\View->render('docentes/principal/headercopy', [], true)
 5 APPPATH\Controllers\DocenteDisponibilidad.php(28): view('docentes/principal/headercopy', [...])
 6 SYSTEMPATH\CodeIgniter.php(934): App\Controllers\DocenteDisponibilidad->index()
 7 SYSTEMPATH\CodeIgniter.php(499): CodeIgniter\CodeIgniter->runController(Object(App\Controllers\DocenteDisponibilidad))
 8 SYSTEMPATH\CodeIgniter.php(368): CodeIgniter\CodeIgniter->handleRequest(null, Object(Config\Cache), false)
 9 FCPATH\index.php(67): CodeIgniter\CodeIgniter->run()
CRITICAL - 2023-05-31 13:52:07 --> Undefined variable $DatosPerfil
in APPPATH\Views\docentes\principal\headercopy.php on line 58.
 1 APPPATH\Views\docentes\principal\headercopy.php(58): CodeIgniter\Debug\Exceptions->errorHandler(2, 'Undefined variable $DatosPerfil', 'APPPATH\\Views\\docentes\\principal\\headercopy.php', 58)
 2 SYSTEMPATH\View\View.php(213): include('APPPATH\\Views\\docentes\\principal\\headercopy.php')
 3 SYSTEMPATH\View\View.php(216): CodeIgniter\View\View->CodeIgniter\View\{closure}()
 4 SYSTEMPATH\Common.php(1184): CodeIgniter\View\View->render('docentes/principal/headercopy', [], true)
 5 APPPATH\Controllers\DocenteDisponibilidad.php(28): view('docentes/principal/headercopy', [...])
 6 SYSTEMPATH\CodeIgniter.php(934): App\Controllers\DocenteDisponibilidad->index()
 7 SYSTEMPATH\CodeIgniter.php(499): CodeIgniter\CodeIgniter->runController(Object(App\Controllers\DocenteDisponibilidad))
 8 SYSTEMPATH\CodeIgniter.php(368): CodeIgniter\CodeIgniter->handleRequest(null, Object(Config\Cache), false)
 9 FCPATH\index.php(67): CodeIgniter\CodeIgniter->run()
CRITICAL - 2023-05-31 13:53:00 --> Undefined variable $DatosPerfil
in APPPATH\Views\docentes\principal\headercopy.php on line 58.
 1 APPPATH\Views\docentes\principal\headercopy.php(58): CodeIgniter\Debug\Exceptions->errorHandler(2, 'Undefined variable $DatosPerfil', 'APPPATH\\Views\\docentes\\principal\\headercopy.php', 58)
 2 SYSTEMPATH\View\View.php(213): include('APPPATH\\Views\\docentes\\principal\\headercopy.php')
 3 SYSTEMPATH\View\View.php(216): CodeIgniter\View\View->CodeIgniter\View\{closure}()
 4 SYSTEMPATH\Common.php(1184): CodeIgniter\View\View->render('docentes/principal/headercopy', [], true)
 5 APPPATH\Controllers\DocenteDisponibilidad.php(28): view('docentes/principal/headercopy', [...])
 6 SYSTEMPATH\CodeIgniter.php(934): App\Controllers\DocenteDisponibilidad->index()
 7 SYSTEMPATH\CodeIgniter.php(499): CodeIgniter\CodeIgniter->runController(Object(App\Controllers\DocenteDisponibilidad))
 8 SYSTEMPATH\CodeIgniter.php(368): CodeIgniter\CodeIgniter->handleRequest(null, Object(Config\Cache), false)
 9 FCPATH\index.php(67): CodeIgniter\CodeIgniter->run()
ERROR - 2023-05-31 13:53:06 --> mysqli_sql_exception: Cannot add or update a child row: a foreign key constraint fails (`db_citas`.`usuarios`, CONSTRAINT `Rol_Usuarios` FOREIGN KEY (`id_rol`) REFERENCES `roles` (`id_rol`)) in C:\xampp\htdocs\Agendamiento-Citas\system\Database\MySQLi\Connection.php:295
Stack trace:
#0 C:\xampp\htdocs\Agendamiento-Citas\system\Database\MySQLi\Connection.php(295): mysqli->query('UPDATE `usuario...', 0)
#1 C:\xampp\htdocs\Agendamiento-Citas\system\Database\BaseConnection.php(691): CodeIgniter\Database\MySQLi\Connection->execute('UPDATE `usuario...')
#2 C:\xampp\htdocs\Agendamiento-Citas\system\Database\BaseConnection.php(605): CodeIgniter\Database\BaseConnection->simpleQuery('UPDATE `usuario...')
#3 C:\xampp\htdocs\Agendamiento-Citas\system\Database\BaseBuilder.php(2476): CodeIgniter\Database\BaseConnection->query('UPDATE `usuario...', Array, false)
#4 C:\xampp\htdocs\Agendamiento-Citas\system\Model.php(396): CodeIgniter\Database\BaseBuilder->update()
#5 C:\xampp\htdocs\Agendamiento-Citas\system\BaseModel.php(943): CodeIgniter\Model->doUpdate(Array, Array)
#6 C:\xampp\htdocs\Agendamiento-Citas\system\Model.php(756): CodeIgniter\BaseModel->update(Array, Array)
#7 C:\xampp\htdocs\Agendamiento-Citas\app\Controllers\Perfiles.php(54): CodeIgniter\Model->update('28', Array)
#8 C:\xampp\htdocs\Agendamiento-Citas\system\CodeIgniter.php(934): App\Controllers\Perfiles->actualizar()
#9 C:\xampp\htdocs\Agendamiento-Citas\system\CodeIgniter.php(499): CodeIgniter\CodeIgniter->runController(Object(App\Controllers\Perfiles))
#10 C:\xampp\htdocs\Agendamiento-Citas\system\CodeIgniter.php(368): CodeIgniter\CodeIgniter->handleRequest(NULL, Object(Config\Cache), false)
#11 C:\xampp\htdocs\Agendamiento-Citas\public\index.php(67): CodeIgniter\CodeIgniter->run()
#12 {main}
CRITICAL - 2023-05-31 13:53:06 --> Cannot add or update a child row: a foreign key constraint fails (`db_citas`.`usuarios`, CONSTRAINT `Rol_Usuarios` FOREIGN KEY (`id_rol`) REFERENCES `roles` (`id_rol`))
in SYSTEMPATH\Database\BaseConnection.php on line 645.
 1 SYSTEMPATH\Database\BaseBuilder.php(2476): CodeIgniter\Database\BaseConnection->query('UPDATE `usuarios` SET `nombre_corto` = :nombre_corto:, `nombre_p` = :nombre_p:, `nombre_s` = :nombre_s:, `apellido_p` = :apellido_p:, `apellido_s` = :apellido_s:, `sexo` = :sexo:, `direccion` = :direccion:, `id_rol` = :id_rol:, `numero_de_documento` = :numero_de_documento:, `contrasena` = :contrasena:
WHERE `usuarios`.`id_usuario` IN :usuarios.id_usuario:', [...], false)
 2 SYSTEMPATH\Model.php(396): CodeIgniter\Database\BaseBuilder->update()
 3 SYSTEMPATH\BaseModel.php(943): CodeIgniter\Model->doUpdate([...], [...])
 4 SYSTEMPATH\Model.php(756): CodeIgniter\BaseModel->update([...], [...])
 5 APPPATH\Controllers\Perfiles.php(54): CodeIgniter\Model->update('28', [...])
 6 SYSTEMPATH\CodeIgniter.php(934): App\Controllers\Perfiles->actualizar()
 7 SYSTEMPATH\CodeIgniter.php(499): CodeIgniter\CodeIgniter->runController(Object(App\Controllers\Perfiles))
 8 SYSTEMPATH\CodeIgniter.php(368): CodeIgniter\CodeIgniter->handleRequest(null, Object(Config\Cache), false)
 9 FCPATH\index.php(67): CodeIgniter\CodeIgniter->run()
ERROR - 2023-05-31 13:54:39 --> mysqli_sql_exception: Cannot add or update a child row: a foreign key constraint fails (`db_citas`.`usuarios`, CONSTRAINT `Rol_Usuarios` FOREIGN KEY (`id_rol`) REFERENCES `roles` (`id_rol`)) in C:\xampp\htdocs\Agendamiento-Citas\system\Database\MySQLi\Connection.php:295
Stack trace:
#0 C:\xampp\htdocs\Agendamiento-Citas\system\Database\MySQLi\Connection.php(295): mysqli->query('UPDATE `usuario...', 0)
#1 C:\xampp\htdocs\Agendamiento-Citas\system\Database\BaseConnection.php(691): CodeIgniter\Database\MySQLi\Connection->execute('UPDATE `usuario...')
#2 C:\xampp\htdocs\Agendamiento-Citas\system\Database\BaseConnection.php(605): CodeIgniter\Database\BaseConnection->simpleQuery('UPDATE `usuario...')
#3 C:\xampp\htdocs\Agendamiento-Citas\system\Database\BaseBuilder.php(2476): CodeIgniter\Database\BaseConnection->query('UPDATE `usuario...', Array, false)
#4 C:\xampp\htdocs\Agendamiento-Citas\system\Model.php(396): CodeIgniter\Database\BaseBuilder->update()
#5 C:\xampp\htdocs\Agendamiento-Citas\system\BaseModel.php(943): CodeIgniter\Model->doUpdate(Array, Array)
#6 C:\xampp\htdocs\Agendamiento-Citas\system\Model.php(756): CodeIgniter\BaseModel->update(Array, Array)
#7 C:\xampp\htdocs\Agendamiento-Citas\app\Controllers\Perfiles.php(54): CodeIgniter\Model->update('28', Array)
#8 C:\xampp\htdocs\Agendamiento-Citas\system\CodeIgniter.php(934): App\Controllers\Perfiles->actualizar()
#9 C:\xampp\htdocs\Agendamiento-Citas\system\CodeIgniter.php(499): CodeIgniter\CodeIgniter->runController(Object(App\Controllers\Perfiles))
#10 C:\xampp\htdocs\Agendamiento-Citas\system\CodeIgniter.php(368): CodeIgniter\CodeIgniter->handleRequest(NULL, Object(Config\Cache), false)
#11 C:\xampp\htdocs\Agendamiento-Citas\public\index.php(67): CodeIgniter\CodeIgniter->run()
#12 {main}
CRITICAL - 2023-05-31 13:54:39 --> Cannot add or update a child row: a foreign key constraint fails (`db_citas`.`usuarios`, CONSTRAINT `Rol_Usuarios` FOREIGN KEY (`id_rol`) REFERENCES `roles` (`id_rol`))
in SYSTEMPATH\Database\BaseConnection.php on line 645.
 1 SYSTEMPATH\Database\BaseBuilder.php(2476): CodeIgniter\Database\BaseConnection->query('UPDATE `usuarios` SET `nombre_corto` = :nombre_corto:, `nombre_p` = :nombre_p:, `nombre_s` = :nombre_s:, `apellido_p` = :apellido_p:, `apellido_s` = :apellido_s:, `sexo` = :sexo:, `direccion` = :direccion:, `id_rol` = :id_rol:, `numero_de_documento` = :numero_de_documento:, `contrasena` = :contrasena:
WHERE `usuarios`.`id_usuario` IN :usuarios.id_usuario:', [...], false)
 2 SYSTEMPATH\Model.php(396): CodeIgniter\Database\BaseBuilder->update()
 3 SYSTEMPATH\BaseModel.php(943): CodeIgniter\Model->doUpdate([...], [...])
 4 SYSTEMPATH\Model.php(756): CodeIgniter\BaseModel->update([...], [...])
 5 APPPATH\Controllers\Perfiles.php(54): CodeIgniter\Model->update('28', [...])
 6 SYSTEMPATH\CodeIgniter.php(934): App\Controllers\Perfiles->actualizar()
 7 SYSTEMPATH\CodeIgniter.php(499): CodeIgniter\CodeIgniter->runController(Object(App\Controllers\Perfiles))
 8 SYSTEMPATH\CodeIgniter.php(368): CodeIgniter\CodeIgniter->handleRequest(null, Object(Config\Cache), false)
 9 FCPATH\index.php(67): CodeIgniter\CodeIgniter->run()
CRITICAL - 2023-05-31 13:54:56 --> Undefined variable $DatosPerfil
in APPPATH\Views\docentes\principal\headercopy.php on line 58.
 1 APPPATH\Views\docentes\principal\headercopy.php(58): CodeIgniter\Debug\Exceptions->errorHandler(2, 'Undefined variable $DatosPerfil', 'APPPATH\\Views\\docentes\\principal\\headercopy.php', 58)
 2 SYSTEMPATH\View\View.php(213): include('APPPATH\\Views\\docentes\\principal\\headercopy.php')
 3 SYSTEMPATH\View\View.php(216): CodeIgniter\View\View->CodeIgniter\View\{closure}()
 4 SYSTEMPATH\Common.php(1184): CodeIgniter\View\View->render('docentes/principal/headercopy', [], true)
 5 APPPATH\Controllers\DocenteDisponibilidad.php(28): view('docentes/principal/headercopy', [...])
 6 SYSTEMPATH\CodeIgniter.php(934): App\Controllers\DocenteDisponibilidad->index()
 7 SYSTEMPATH\CodeIgniter.php(499): CodeIgniter\CodeIgniter->runController(Object(App\Controllers\DocenteDisponibilidad))
 8 SYSTEMPATH\CodeIgniter.php(368): CodeIgniter\CodeIgniter->handleRequest(null, Object(Config\Cache), false)
 9 FCPATH\index.php(67): CodeIgniter\CodeIgniter->run()
CRITICAL - 2023-05-31 14:00:31 --> Undefined variable $DatosPerfil
in APPPATH\Views\docentes\principal\headercopy.php on line 58.
 1 APPPATH\Views\docentes\principal\headercopy.php(58): CodeIgniter\Debug\Exceptions->errorHandler(2, 'Undefined variable $DatosPerfil', 'APPPATH\\Views\\docentes\\principal\\headercopy.php', 58)
 2 SYSTEMPATH\View\View.php(213): include('APPPATH\\Views\\docentes\\principal\\headercopy.php')
 3 SYSTEMPATH\View\View.php(216): CodeIgniter\View\View->CodeIgniter\View\{closure}()
 4 SYSTEMPATH\Common.php(1184): CodeIgniter\View\View->render('docentes/principal/headercopy', [], true)
 5 APPPATH\Controllers\DocenteDisponibilidad.php(28): view('docentes/principal/headercopy', [...])
 6 SYSTEMPATH\CodeIgniter.php(934): App\Controllers\DocenteDisponibilidad->index()
 7 SYSTEMPATH\CodeIgniter.php(499): CodeIgniter\CodeIgniter->runController(Object(App\Controllers\DocenteDisponibilidad))
 8 SYSTEMPATH\CodeIgniter.php(368): CodeIgniter\CodeIgniter->handleRequest(null, Object(Config\Cache), false)
 9 FCPATH\index.php(67): CodeIgniter\CodeIgniter->run()
CRITICAL - 2023-05-31 14:00:33 --> Undefined variable $DatosPerfil
in APPPATH\Views\docentes\principal\headercopy.php on line 58.
 1 APPPATH\Views\docentes\principal\headercopy.php(58): CodeIgniter\Debug\Exceptions->errorHandler(2, 'Undefined variable $DatosPerfil', 'APPPATH\\Views\\docentes\\principal\\headercopy.php', 58)
 2 SYSTEMPATH\View\View.php(213): include('APPPATH\\Views\\docentes\\principal\\headercopy.php')
 3 SYSTEMPATH\View\View.php(216): CodeIgniter\View\View->CodeIgniter\View\{closure}()
 4 SYSTEMPATH\Common.php(1184): CodeIgniter\View\View->render('docentes/principal/headercopy', [], true)
 5 APPPATH\Controllers\DocenteDisponibilidad.php(28): view('docentes/principal/headercopy', [...])
 6 SYSTEMPATH\CodeIgniter.php(934): App\Controllers\DocenteDisponibilidad->index()
 7 SYSTEMPATH\CodeIgniter.php(499): CodeIgniter\CodeIgniter->runController(Object(App\Controllers\DocenteDisponibilidad))
 8 SYSTEMPATH\CodeIgniter.php(368): CodeIgniter\CodeIgniter->handleRequest(null, Object(Config\Cache), false)
 9 FCPATH\index.php(67): CodeIgniter\CodeIgniter->run()
CRITICAL - 2023-05-31 14:00:35 --> Undefined variable $DatosPerfil
in APPPATH\Views\docentes\principal\headercopy.php on line 58.
 1 APPPATH\Views\docentes\principal\headercopy.php(58): CodeIgniter\Debug\Exceptions->errorHandler(2, 'Undefined variable $DatosPerfil', 'APPPATH\\Views\\docentes\\principal\\headercopy.php', 58)
 2 SYSTEMPATH\View\View.php(213): include('APPPATH\\Views\\docentes\\principal\\headercopy.php')
 3 SYSTEMPATH\View\View.php(216): CodeIgniter\View\View->CodeIgniter\View\{closure}()
 4 SYSTEMPATH\Common.php(1184): CodeIgniter\View\View->render('docentes/principal/headercopy', [], true)
 5 APPPATH\Controllers\DocenteDisponibilidad.php(28): view('docentes/principal/headercopy', [...])
 6 SYSTEMPATH\CodeIgniter.php(934): App\Controllers\DocenteDisponibilidad->index()
 7 SYSTEMPATH\CodeIgniter.php(499): CodeIgniter\CodeIgniter->runController(Object(App\Controllers\DocenteDisponibilidad))
 8 SYSTEMPATH\CodeIgniter.php(368): CodeIgniter\CodeIgniter->handleRequest(null, Object(Config\Cache), false)
 9 FCPATH\index.php(67): CodeIgniter\CodeIgniter->run()
CRITICAL - 2023-05-31 15:49:13 --> syntax error, unexpected token "*"
in APPPATH\Controllers\Perfiles.php on line 84.
 1 SYSTEMPATH\Autoloader\Autoloader.php(289): CodeIgniter\Autoloader\Autoloader->includeFile('APPPATH\\Controllers\\Perfiles.php')
 2 SYSTEMPATH\Autoloader\Autoloader.php(267): CodeIgniter\Autoloader\Autoloader->loadInNamespace('App\\Controllers\\Perfiles')
 3 [internal function]: CodeIgniter\Autoloader\Autoloader->loadClass('App\\Controllers\\Perfiles')
 4 SYSTEMPATH\CodeIgniter.php(892): class_exists('\\App\\Controllers\\Perfiles', true)
 5 SYSTEMPATH\CodeIgniter.php(486): CodeIgniter\CodeIgniter->startController()
 6 SYSTEMPATH\CodeIgniter.php(368): CodeIgniter\CodeIgniter->handleRequest(null, Object(Config\Cache), false)
 7 FCPATH\index.php(67): CodeIgniter\CodeIgniter->run()
CRITICAL - 2023-05-31 15:49:14 --> syntax error, unexpected token "*"
in APPPATH\Controllers\Perfiles.php on line 84.
 1 SYSTEMPATH\Autoloader\Autoloader.php(289): CodeIgniter\Autoloader\Autoloader->includeFile('APPPATH\\Controllers\\Perfiles.php')
 2 SYSTEMPATH\Autoloader\Autoloader.php(267): CodeIgniter\Autoloader\Autoloader->loadInNamespace('App\\Controllers\\Perfiles')
 3 [internal function]: CodeIgniter\Autoloader\Autoloader->loadClass('App\\Controllers\\Perfiles')
 4 SYSTEMPATH\CodeIgniter.php(892): class_exists('\\App\\Controllers\\Perfiles', true)
 5 SYSTEMPATH\CodeIgniter.php(486): CodeIgniter\CodeIgniter->startController()
 6 SYSTEMPATH\CodeIgniter.php(368): CodeIgniter\CodeIgniter->handleRequest(null, Object(Config\Cache), false)
 7 FCPATH\index.php(67): CodeIgniter\CodeIgniter->run()
CRITICAL - 2023-05-31 15:49:43 --> syntax error, unexpected token "*"
in APPPATH\Controllers\Perfiles.php on line 84.
 1 SYSTEMPATH\Autoloader\Autoloader.php(289): CodeIgniter\Autoloader\Autoloader->includeFile('APPPATH\\Controllers\\Perfiles.php')
 2 SYSTEMPATH\Autoloader\Autoloader.php(267): CodeIgniter\Autoloader\Autoloader->loadInNamespace('App\\Controllers\\Perfiles')
 3 [internal function]: CodeIgniter\Autoloader\Autoloader->loadClass('App\\Controllers\\Perfiles')
 4 SYSTEMPATH\CodeIgniter.php(892): class_exists('\\App\\Controllers\\Perfiles', true)
 5 SYSTEMPATH\CodeIgniter.php(486): CodeIgniter\CodeIgniter->startController()
 6 SYSTEMPATH\CodeIgniter.php(368): CodeIgniter\CodeIgniter->handleRequest(null, Object(Config\Cache), false)
 7 FCPATH\index.php(67): CodeIgniter\CodeIgniter->run()
CRITICAL - 2023-05-31 15:49:57 --> syntax error, unexpected token "*"
in APPPATH\Controllers\Perfiles.php on line 85.
 1 SYSTEMPATH\Autoloader\Autoloader.php(289): CodeIgniter\Autoloader\Autoloader->includeFile('APPPATH\\Controllers\\Perfiles.php')
 2 SYSTEMPATH\Autoloader\Autoloader.php(267): CodeIgniter\Autoloader\Autoloader->loadInNamespace('App\\Controllers\\Perfiles')
 3 [internal function]: CodeIgniter\Autoloader\Autoloader->loadClass('App\\Controllers\\Perfiles')
 4 SYSTEMPATH\CodeIgniter.php(892): class_exists('\\App\\Controllers\\Perfiles', true)
 5 SYSTEMPATH\CodeIgniter.php(486): CodeIgniter\CodeIgniter->startController()
 6 SYSTEMPATH\CodeIgniter.php(368): CodeIgniter\CodeIgniter->handleRequest(null, Object(Config\Cache), false)
 7 FCPATH\index.php(67): CodeIgniter\CodeIgniter->run()
CRITICAL - 2023-05-31 15:49:58 --> syntax error, unexpected token "*"
in APPPATH\Controllers\Perfiles.php on line 85.
 1 SYSTEMPATH\Autoloader\Autoloader.php(289): CodeIgniter\Autoloader\Autoloader->includeFile('APPPATH\\Controllers\\Perfiles.php')
 2 SYSTEMPATH\Autoloader\Autoloader.php(267): CodeIgniter\Autoloader\Autoloader->loadInNamespace('App\\Controllers\\Perfiles')
 3 [internal function]: CodeIgniter\Autoloader\Autoloader->loadClass('App\\Controllers\\Perfiles')
 4 SYSTEMPATH\CodeIgniter.php(892): class_exists('\\App\\Controllers\\Perfiles', true)
 5 SYSTEMPATH\CodeIgniter.php(486): CodeIgniter\CodeIgniter->startController()
 6 SYSTEMPATH\CodeIgniter.php(368): CodeIgniter\CodeIgniter->handleRequest(null, Object(Config\Cache), false)
 7 FCPATH\index.php(67): CodeIgniter\CodeIgniter->run()
CRITICAL - 2023-05-31 15:50:12 --> syntax error, unexpected token "*"
in APPPATH\Controllers\Perfiles.php on line 83.
 1 SYSTEMPATH\Autoloader\Autoloader.php(289): CodeIgniter\Autoloader\Autoloader->includeFile('APPPATH\\Controllers\\Perfiles.php')
 2 SYSTEMPATH\Autoloader\Autoloader.php(267): CodeIgniter\Autoloader\Autoloader->loadInNamespace('App\\Controllers\\Perfiles')
 3 [internal function]: CodeIgniter\Autoloader\Autoloader->loadClass('App\\Controllers\\Perfiles')
 4 SYSTEMPATH\CodeIgniter.php(892): class_exists('\\App\\Controllers\\Perfiles', true)
 5 SYSTEMPATH\CodeIgniter.php(486): CodeIgniter\CodeIgniter->startController()
 6 SYSTEMPATH\CodeIgniter.php(368): CodeIgniter\CodeIgniter->handleRequest(null, Object(Config\Cache), false)
 7 FCPATH\index.php(67): CodeIgniter\CodeIgniter->run()
CRITICAL - 2023-05-31 15:50:28 --> syntax error, unexpected token "*"
in APPPATH\Controllers\Perfiles.php on line 85.
 1 SYSTEMPATH\Autoloader\Autoloader.php(289): CodeIgniter\Autoloader\Autoloader->includeFile('APPPATH\\Controllers\\Perfiles.php')
 2 SYSTEMPATH\Autoloader\Autoloader.php(267): CodeIgniter\Autoloader\Autoloader->loadInNamespace('App\\Controllers\\Perfiles')
 3 [internal function]: CodeIgniter\Autoloader\Autoloader->loadClass('App\\Controllers\\Perfiles')
 4 SYSTEMPATH\CodeIgniter.php(892): class_exists('\\App\\Controllers\\Perfiles', true)
 5 SYSTEMPATH\CodeIgniter.php(486): CodeIgniter\CodeIgniter->startController()
 6 SYSTEMPATH\CodeIgniter.php(368): CodeIgniter\CodeIgniter->handleRequest(null, Object(Config\Cache), false)
 7 FCPATH\index.php(67): CodeIgniter\CodeIgniter->run()
CRITICAL - 2023-05-31 15:50:29 --> syntax error, unexpected token "*"
in APPPATH\Controllers\Perfiles.php on line 85.
 1 SYSTEMPATH\Autoloader\Autoloader.php(289): CodeIgniter\Autoloader\Autoloader->includeFile('APPPATH\\Controllers\\Perfiles.php')
 2 SYSTEMPATH\Autoloader\Autoloader.php(267): CodeIgniter\Autoloader\Autoloader->loadInNamespace('App\\Controllers\\Perfiles')
 3 [internal function]: CodeIgniter\Autoloader\Autoloader->loadClass('App\\Controllers\\Perfiles')
 4 SYSTEMPATH\CodeIgniter.php(892): class_exists('\\App\\Controllers\\Perfiles', true)
 5 SYSTEMPATH\CodeIgniter.php(486): CodeIgniter\CodeIgniter->startController()
 6 SYSTEMPATH\CodeIgniter.php(368): CodeIgniter\CodeIgniter->handleRequest(null, Object(Config\Cache), false)
 7 FCPATH\index.php(67): CodeIgniter\CodeIgniter->run()
CRITICAL - 2023-05-31 15:50:47 --> Undefined array key 0
in APPPATH\Controllers\Perfiles.php on line 77.
 1 APPPATH\Controllers\Perfiles.php(77): CodeIgniter\Debug\Exceptions->errorHandler(2, 'Undefined array key 0', 'APPPATH\\Controllers\\Perfiles.php', 77)
 2 SYSTEMPATH\CodeIgniter.php(934): App\Controllers\Perfiles->actualizar()
 3 SYSTEMPATH\CodeIgniter.php(499): CodeIgniter\CodeIgniter->runController(Object(App\Controllers\Perfiles))
 4 SYSTEMPATH\CodeIgniter.php(368): CodeIgniter\CodeIgniter->handleRequest(null, Object(Config\Cache), false)
 5 FCPATH\index.php(67): CodeIgniter\CodeIgniter->run()
CRITICAL - 2023-05-31 15:51:07 --> Trying to access array offset on value of type null
in APPPATH\Controllers\Perfiles.php on line 77.
 1 APPPATH\Controllers\Perfiles.php(77): CodeIgniter\Debug\Exceptions->errorHandler(2, 'Trying to access array offset on value of type null', 'APPPATH\\Controllers\\Perfiles.php', 77)
 2 SYSTEMPATH\CodeIgniter.php(934): App\Controllers\Perfiles->actualizar()
 3 SYSTEMPATH\CodeIgniter.php(499): CodeIgniter\CodeIgniter->runController(Object(App\Controllers\Perfiles))
 4 SYSTEMPATH\CodeIgniter.php(368): CodeIgniter\CodeIgniter->handleRequest(null, Object(Config\Cache), false)
 5 FCPATH\index.php(67): CodeIgniter\CodeIgniter->run()
CRITICAL - 2023-05-31 15:51:40 --> Trying to access array offset on value of type null
in APPPATH\Controllers\Perfiles.php on line 77.
 1 APPPATH\Controllers\Perfiles.php(77): CodeIgniter\Debug\Exceptions->errorHandler(2, 'Trying to access array offset on value of type null', 'APPPATH\\Controllers\\Perfiles.php', 77)
 2 SYSTEMPATH\CodeIgniter.php(934): App\Controllers\Perfiles->actualizar()
 3 SYSTEMPATH\CodeIgniter.php(499): CodeIgniter\CodeIgniter->runController(Object(App\Controllers\Perfiles))
 4 SYSTEMPATH\CodeIgniter.php(368): CodeIgniter\CodeIgniter->handleRequest(null, Object(Config\Cache), false)
 5 FCPATH\index.php(67): CodeIgniter\CodeIgniter->run()
CRITICAL - 2023-05-31 15:57:40 --> Call to undefined method App\Models\AdministradorModels\TelefonosModel::datosEmailByIdUsuario
in SYSTEMPATH\Model.php on line 842.
 1 APPPATH\Controllers\Perfiles.php(78): CodeIgniter\Model->__call('datosEmailByIdUsuario', [...])
 2 SYSTEMPATH\CodeIgniter.php(934): App\Controllers\Perfiles->actualizar()
 3 SYSTEMPATH\CodeIgniter.php(499): CodeIgniter\CodeIgniter->runController(Object(App\Controllers\Perfiles))
 4 SYSTEMPATH\CodeIgniter.php(368): CodeIgniter\CodeIgniter->handleRequest(null, Object(Config\Cache), false)
 5 FCPATH\index.php(67): CodeIgniter\CodeIgniter->run()
CRITICAL - 2023-05-31 15:57:59 --> Call to undefined method App\Models\AdministradorModels\TelefonosModel::datosEmailByIdUsuario
in SYSTEMPATH\Model.php on line 842.
 1 APPPATH\Controllers\Perfiles.php(78): CodeIgniter\Model->__call('datosEmailByIdUsuario', [...])
 2 SYSTEMPATH\CodeIgniter.php(934): App\Controllers\Perfiles->actualizar()
 3 SYSTEMPATH\CodeIgniter.php(499): CodeIgniter\CodeIgniter->runController(Object(App\Controllers\Perfiles))
 4 SYSTEMPATH\CodeIgniter.php(368): CodeIgniter\CodeIgniter->handleRequest(null, Object(Config\Cache), false)
 5 FCPATH\index.php(67): CodeIgniter\CodeIgniter->run()
CRITICAL - 2023-05-31 15:58:00 --> Call to undefined method App\Models\AdministradorModels\TelefonosModel::datosEmailByIdUsuario
in SYSTEMPATH\Model.php on line 842.
 1 APPPATH\Controllers\Perfiles.php(78): CodeIgniter\Model->__call('datosEmailByIdUsuario', [...])
 2 SYSTEMPATH\CodeIgniter.php(934): App\Controllers\Perfiles->actualizar()
 3 SYSTEMPATH\CodeIgniter.php(499): CodeIgniter\CodeIgniter->runController(Object(App\Controllers\Perfiles))
 4 SYSTEMPATH\CodeIgniter.php(368): CodeIgniter\CodeIgniter->handleRequest(null, Object(Config\Cache), false)
 5 FCPATH\index.php(67): CodeIgniter\CodeIgniter->run()
CRITICAL - 2023-05-31 15:58:22 --> Call to undefined method App\Models\AdministradorModels\TelefonosModel::datosEmailByIdUsuario
in SYSTEMPATH\Model.php on line 842.
 1 APPPATH\Controllers\Perfiles.php(78): CodeIgniter\Model->__call('datosEmailByIdUsuario', [...])
 2 SYSTEMPATH\CodeIgniter.php(934): App\Controllers\Perfiles->actualizar()
 3 SYSTEMPATH\CodeIgniter.php(499): CodeIgniter\CodeIgniter->runController(Object(App\Controllers\Perfiles))
 4 SYSTEMPATH\CodeIgniter.php(368): CodeIgniter\CodeIgniter->handleRequest(null, Object(Config\Cache), false)
 5 FCPATH\index.php(67): CodeIgniter\CodeIgniter->run()
CRITICAL - 2023-05-31 15:58:45 --> Call to undefined method App\Models\AdministradorModels\TelefonosModel::datosEmailByIdUsuario
in SYSTEMPATH\Model.php on line 842.
 1 APPPATH\Controllers\Perfiles.php(78): CodeIgniter\Model->__call('datosEmailByIdUsuario', [...])
 2 SYSTEMPATH\CodeIgniter.php(934): App\Controllers\Perfiles->actualizar()
 3 SYSTEMPATH\CodeIgniter.php(499): CodeIgniter\CodeIgniter->runController(Object(App\Controllers\Perfiles))
 4 SYSTEMPATH\CodeIgniter.php(368): CodeIgniter\CodeIgniter->handleRequest(null, Object(Config\Cache), false)
 5 FCPATH\index.php(67): CodeIgniter\CodeIgniter->run()
CRITICAL - 2023-05-31 15:58:56 --> Undefined array key "id_usuario"
in APPPATH\Controllers\Perfiles.php on line 85.
 1 APPPATH\Controllers\Perfiles.php(85): CodeIgniter\Debug\Exceptions->errorHandler(2, 'Undefined array key "id_usuario"', 'APPPATH\\Controllers\\Perfiles.php', 85)
 2 SYSTEMPATH\CodeIgniter.php(934): App\Controllers\Perfiles->actualizar()
 3 SYSTEMPATH\CodeIgniter.php(499): CodeIgniter\CodeIgniter->runController(Object(App\Controllers\Perfiles))
 4 SYSTEMPATH\CodeIgniter.php(368): CodeIgniter\CodeIgniter->handleRequest(null, Object(Config\Cache), false)
 5 FCPATH\index.php(67): CodeIgniter\CodeIgniter->run()
CRITICAL - 2023-05-31 15:58:57 --> Undefined array key "id_usuario"
in APPPATH\Controllers\Perfiles.php on line 85.
 1 APPPATH\Controllers\Perfiles.php(85): CodeIgniter\Debug\Exceptions->errorHandler(2, 'Undefined array key "id_usuario"', 'APPPATH\\Controllers\\Perfiles.php', 85)
 2 SYSTEMPATH\CodeIgniter.php(934): App\Controllers\Perfiles->actualizar()
 3 SYSTEMPATH\CodeIgniter.php(499): CodeIgniter\CodeIgniter->runController(Object(App\Controllers\Perfiles))
 4 SYSTEMPATH\CodeIgniter.php(368): CodeIgniter\CodeIgniter->handleRequest(null, Object(Config\Cache), false)
 5 FCPATH\index.php(67): CodeIgniter\CodeIgniter->run()
CRITICAL - 2023-05-31 15:59:28 --> Trying to access array offset on value of type null
in APPPATH\Views\docentes\principal\headercopy.php on line 58.
 1 APPPATH\Views\docentes\principal\headercopy.php(58): CodeIgniter\Debug\Exceptions->errorHandler(2, 'Trying to access array offset on value of type null', 'APPPATH\\Views\\docentes\\principal\\headercopy.php', 58)
 2 SYSTEMPATH\View\View.php(213): include('APPPATH\\Views\\docentes\\principal\\headercopy.php')
 3 SYSTEMPATH\View\View.php(216): CodeIgniter\View\View->CodeIgniter\View\{closure}()
 4 SYSTEMPATH\Common.php(1184): CodeIgniter\View\View->render('docentes/principal/headercopy', [], true)
 5 APPPATH\Controllers\Perfiles.php(47): view('docentes/principal/headercopy', [...])
 6 SYSTEMPATH\CodeIgniter.php(934): App\Controllers\Perfiles->Docentes()
 7 SYSTEMPATH\CodeIgniter.php(499): CodeIgniter\CodeIgniter->runController(Object(App\Controllers\Perfiles))
 8 SYSTEMPATH\CodeIgniter.php(368): CodeIgniter\CodeIgniter->handleRequest(null, Object(Config\Cache), false)
 9 FCPATH\index.php(67): CodeIgniter\CodeIgniter->run()
CRITICAL - 2023-05-31 15:59:30 --> Trying to access array offset on value of type null
in APPPATH\Views\docentes\principal\headercopy.php on line 58.
 1 APPPATH\Views\docentes\principal\headercopy.php(58): CodeIgniter\Debug\Exceptions->errorHandler(2, 'Trying to access array offset on value of type null', 'APPPATH\\Views\\docentes\\principal\\headercopy.php', 58)
 2 SYSTEMPATH\View\View.php(213): include('APPPATH\\Views\\docentes\\principal\\headercopy.php')
 3 SYSTEMPATH\View\View.php(216): CodeIgniter\View\View->CodeIgniter\View\{closure}()
 4 SYSTEMPATH\Common.php(1184): CodeIgniter\View\View->render('docentes/principal/headercopy', [], true)
 5 APPPATH\Controllers\Perfiles.php(47): view('docentes/principal/headercopy', [...])
 6 SYSTEMPATH\CodeIgniter.php(934): App\Controllers\Perfiles->Docentes()
 7 SYSTEMPATH\CodeIgniter.php(499): CodeIgniter\CodeIgniter->runController(Object(App\Controllers\Perfiles))
 8 SYSTEMPATH\CodeIgniter.php(368): CodeIgniter\CodeIgniter->handleRequest(null, Object(Config\Cache), false)
 9 FCPATH\index.php(67): CodeIgniter\CodeIgniter->run()
CRITICAL - 2023-05-31 16:03:56 --> Undefined variable $DatosPerfil
in APPPATH\Views\docentes\principal\headercopy.php on line 58.
 1 APPPATH\Views\docentes\principal\headercopy.php(58): CodeIgniter\Debug\Exceptions->errorHandler(2, 'Undefined variable $DatosPerfil', 'APPPATH\\Views\\docentes\\principal\\headercopy.php', 58)
 2 SYSTEMPATH\View\View.php(213): include('APPPATH\\Views\\docentes\\principal\\headercopy.php')
 3 SYSTEMPATH\View\View.php(216): CodeIgniter\View\View->CodeIgniter\View\{closure}()
 4 SYSTEMPATH\Common.php(1184): CodeIgniter\View\View->render('docentes/principal/headercopy', [], true)
 5 APPPATH\Controllers\Inicio.php(40): view('docentes/principal/headercopy', [...])
 6 SYSTEMPATH\CodeIgniter.php(934): App\Controllers\Inicio->Docentes()
 7 SYSTEMPATH\CodeIgniter.php(499): CodeIgniter\CodeIgniter->runController(Object(App\Controllers\Inicio))
 8 SYSTEMPATH\CodeIgniter.php(368): CodeIgniter\CodeIgniter->handleRequest(null, Object(Config\Cache), false)
 9 FCPATH\index.php(67): CodeIgniter\CodeIgniter->run()
CRITICAL - 2023-05-31 16:04:00 --> Undefined variable $DatosPerfil
in APPPATH\Views\docentes\principal\headercopy.php on line 58.
 1 APPPATH\Views\docentes\principal\headercopy.php(58): CodeIgniter\Debug\Exceptions->errorHandler(2, 'Undefined variable $DatosPerfil', 'APPPATH\\Views\\docentes\\principal\\headercopy.php', 58)
 2 SYSTEMPATH\View\View.php(213): include('APPPATH\\Views\\docentes\\principal\\headercopy.php')
 3 SYSTEMPATH\View\View.php(216): CodeIgniter\View\View->CodeIgniter\View\{closure}()
 4 SYSTEMPATH\Common.php(1184): CodeIgniter\View\View->render('docentes/principal/headercopy', [], true)
 5 APPPATH\Controllers\DocenteBuzonEntrada.php(19): view('docentes/principal/headercopy', [...])
 6 SYSTEMPATH\CodeIgniter.php(934): App\Controllers\DocenteBuzonEntrada->index()
 7 SYSTEMPATH\CodeIgniter.php(499): CodeIgniter\CodeIgniter->runController(Object(App\Controllers\DocenteBuzonEntrada))
 8 SYSTEMPATH\CodeIgniter.php(368): CodeIgniter\CodeIgniter->handleRequest(null, Object(Config\Cache), false)
 9 FCPATH\index.php(67): CodeIgniter\CodeIgniter->run()
CRITICAL - 2023-05-31 16:07:28 --> Undefined variable $DatosPerfil
in APPPATH\Views\docentes\principal\headercopy.php on line 58.
 1 APPPATH\Views\docentes\principal\headercopy.php(58): CodeIgniter\Debug\Exceptions->errorHandler(2, 'Undefined variable $DatosPerfil', 'APPPATH\\Views\\docentes\\principal\\headercopy.php', 58)
 2 SYSTEMPATH\View\View.php(213): include('APPPATH\\Views\\docentes\\principal\\headercopy.php')
 3 SYSTEMPATH\View\View.php(216): CodeIgniter\View\View->CodeIgniter\View\{closure}()
 4 SYSTEMPATH\Common.php(1184): CodeIgniter\View\View->render('docentes/principal/headercopy', [], true)
 5 APPPATH\Controllers\DocenteDisponibilidad.php(28): view('docentes/principal/headercopy', [...])
 6 SYSTEMPATH\CodeIgniter.php(934): App\Controllers\DocenteDisponibilidad->index()
 7 SYSTEMPATH\CodeIgniter.php(499): CodeIgniter\CodeIgniter->runController(Object(App\Controllers\DocenteDisponibilidad))
 8 SYSTEMPATH\CodeIgniter.php(368): CodeIgniter\CodeIgniter->handleRequest(null, Object(Config\Cache), false)
 9 FCPATH\index.php(67): CodeIgniter\CodeIgniter->run()
CRITICAL - 2023-05-31 16:08:35 --> Undefined variable $DatosPerfil
in APPPATH\Views\docentes\principal\headercopy.php on line 58.
 1 APPPATH\Views\docentes\principal\headercopy.php(58): CodeIgniter\Debug\Exceptions->errorHandler(2, 'Undefined variable $DatosPerfil', 'APPPATH\\Views\\docentes\\principal\\headercopy.php', 58)
 2 SYSTEMPATH\View\View.php(213): include('APPPATH\\Views\\docentes\\principal\\headercopy.php')
 3 SYSTEMPATH\View\View.php(216): CodeIgniter\View\View->CodeIgniter\View\{closure}()
 4 SYSTEMPATH\Common.php(1184): CodeIgniter\View\View->render('docentes/principal/headercopy', [], true)
 5 APPPATH\Controllers\DocenteDisponibilidad.php(28): view('docentes/principal/headercopy', [...])
 6 SYSTEMPATH\CodeIgniter.php(934): App\Controllers\DocenteDisponibilidad->index()
 7 SYSTEMPATH\CodeIgniter.php(499): CodeIgniter\CodeIgniter->runController(Object(App\Controllers\DocenteDisponibilidad))
 8 SYSTEMPATH\CodeIgniter.php(368): CodeIgniter\CodeIgniter->handleRequest(null, Object(Config\Cache), false)
 9 FCPATH\index.php(67): CodeIgniter\CodeIgniter->run()
CRITICAL - 2023-05-31 16:22:15 --> Undefined array key "id_disponibilidad"
in APPPATH\Views\estudiantes\registrarCita\registro.php on line 71.
 1 APPPATH\Views\estudiantes\registrarCita\registro.php(71): CodeIgniter\Debug\Exceptions->errorHandler(2, 'Undefined array key "id_disponibilidad"', 'APPPATH\\Views\\estudiantes\\registrarCita\\registro.php', 71)
 2 SYSTEMPATH\View\View.php(213): include('APPPATH\\Views\\estudiantes\\registrarCita\\registro.php')
 3 SYSTEMPATH\View\View.php(216): CodeIgniter\View\View->CodeIgniter\View\{closure}()
 4 SYSTEMPATH\Common.php(1184): CodeIgniter\View\View->render('/estudiantes/registrarCita/registro', [], true)
 5 APPPATH\Controllers\EstudiantesRegistroCita.php(26): view('/estudiantes/registrarCita/registro', [...])
 6 SYSTEMPATH\CodeIgniter.php(934): App\Controllers\EstudiantesRegistroCita->index()
 7 SYSTEMPATH\CodeIgniter.php(499): CodeIgniter\CodeIgniter->runController(Object(App\Controllers\EstudiantesRegistroCita))
 8 SYSTEMPATH\CodeIgniter.php(368): CodeIgniter\CodeIgniter->handleRequest(null, Object(Config\Cache), false)
 9 FCPATH\index.php(67): CodeIgniter\CodeIgniter->run()
CRITICAL - 2023-05-31 16:22:16 --> Undefined variable $DatosPerfil
in APPPATH\Views\docentes\principal\headercopy.php on line 58.
 1 APPPATH\Views\docentes\principal\headercopy.php(58): CodeIgniter\Debug\Exceptions->errorHandler(2, 'Undefined variable $DatosPerfil', 'APPPATH\\Views\\docentes\\principal\\headercopy.php', 58)
 2 SYSTEMPATH\View\View.php(213): include('APPPATH\\Views\\docentes\\principal\\headercopy.php')
 3 SYSTEMPATH\View\View.php(216): CodeIgniter\View\View->CodeIgniter\View\{closure}()
 4 SYSTEMPATH\Common.php(1184): CodeIgniter\View\View->render('docentes/principal/headercopy', [], true)
 5 APPPATH\Controllers\DocenteDisponibilidad.php(28): view('docentes/principal/headercopy', [...])
 6 SYSTEMPATH\CodeIgniter.php(934): App\Controllers\DocenteDisponibilidad->index()
 7 SYSTEMPATH\CodeIgniter.php(499): CodeIgniter\CodeIgniter->runController(Object(App\Controllers\DocenteDisponibilidad))
 8 SYSTEMPATH\CodeIgniter.php(368): CodeIgniter\CodeIgniter->handleRequest(null, Object(Config\Cache), false)
 9 FCPATH\index.php(67): CodeIgniter\CodeIgniter->run()
CRITICAL - 2023-05-31 16:22:25 --> Undefined variable $DatosPerfil
in APPPATH\Views\docentes\principal\headercopy.php on line 58.
 1 APPPATH\Views\docentes\principal\headercopy.php(58): CodeIgniter\Debug\Exceptions->errorHandler(2, 'Undefined variable $DatosPerfil', 'APPPATH\\Views\\docentes\\principal\\headercopy.php', 58)
 2 SYSTEMPATH\View\View.php(213): include('APPPATH\\Views\\docentes\\principal\\headercopy.php')
 3 SYSTEMPATH\View\View.php(216): CodeIgniter\View\View->CodeIgniter\View\{closure}()
 4 SYSTEMPATH\Common.php(1184): CodeIgniter\View\View->render('docentes/principal/headercopy', [], true)
 5 APPPATH\Controllers\DocenteDisponibilidad.php(28): view('docentes/principal/headercopy', [...])
 6 SYSTEMPATH\CodeIgniter.php(934): App\Controllers\DocenteDisponibilidad->index()
 7 SYSTEMPATH\CodeIgniter.php(499): CodeIgniter\CodeIgniter->runController(Object(App\Controllers\DocenteDisponibilidad))
 8 SYSTEMPATH\CodeIgniter.php(368): CodeIgniter\CodeIgniter->handleRequest(null, Object(Config\Cache), false)
 9 FCPATH\index.php(67): CodeIgniter\CodeIgniter->run()
CRITICAL - 2023-05-31 16:26:23 --> Undefined variable $DatosPerfil
in APPPATH\Views\docentes\principal\headercopy.php on line 58.
 1 APPPATH\Views\docentes\principal\headercopy.php(58): CodeIgniter\Debug\Exceptions->errorHandler(2, 'Undefined variable $DatosPerfil', 'APPPATH\\Views\\docentes\\principal\\headercopy.php', 58)
 2 SYSTEMPATH\View\View.php(213): include('APPPATH\\Views\\docentes\\principal\\headercopy.php')
 3 SYSTEMPATH\View\View.php(216): CodeIgniter\View\View->CodeIgniter\View\{closure}()
 4 SYSTEMPATH\Common.php(1184): CodeIgniter\View\View->render('docentes/principal/headercopy', [], true)
 5 APPPATH\Controllers\DocenteDisponibilidad.php(28): view('docentes/principal/headercopy', [...])
 6 SYSTEMPATH\CodeIgniter.php(934): App\Controllers\DocenteDisponibilidad->index()
 7 SYSTEMPATH\CodeIgniter.php(499): CodeIgniter\CodeIgniter->runController(Object(App\Controllers\DocenteDisponibilidad))
 8 SYSTEMPATH\CodeIgniter.php(368): CodeIgniter\CodeIgniter->handleRequest(null, Object(Config\Cache), false)
 9 FCPATH\index.php(67): CodeIgniter\CodeIgniter->run()
CRITICAL - 2023-05-31 16:27:45 --> Undefined variable $Perfil
in APPPATH\Views\docentes\principal\headercopy.php on line 58.
 1 APPPATH\Views\docentes\principal\headercopy.php(58): CodeIgniter\Debug\Exceptions->errorHandler(2, 'Undefined variable $Perfil', 'APPPATH\\Views\\docentes\\principal\\headercopy.php', 58)
 2 SYSTEMPATH\View\View.php(213): include('APPPATH\\Views\\docentes\\principal\\headercopy.php')
 3 SYSTEMPATH\View\View.php(216): CodeIgniter\View\View->CodeIgniter\View\{closure}()
 4 SYSTEMPATH\Common.php(1184): CodeIgniter\View\View->render('docentes/principal/headercopy', [], true)
 5 APPPATH\Controllers\DocenteDisponibilidad.php(28): view('docentes/principal/headercopy', [...])
 6 SYSTEMPATH\CodeIgniter.php(934): App\Controllers\DocenteDisponibilidad->index()
 7 SYSTEMPATH\CodeIgniter.php(499): CodeIgniter\CodeIgniter->runController(Object(App\Controllers\DocenteDisponibilidad))
 8 SYSTEMPATH\CodeIgniter.php(368): CodeIgniter\CodeIgniter->handleRequest(null, Object(Config\Cache), false)
 9 FCPATH\index.php(67): CodeIgniter\CodeIgniter->run()
CRITICAL - 2023-05-31 16:28:52 --> Undefined variable $DatosPerfil
in APPPATH\Views\docentes\principal\headercopy.php on line 58.
 1 APPPATH\Views\docentes\principal\headercopy.php(58): CodeIgniter\Debug\Exceptions->errorHandler(2, 'Undefined variable $DatosPerfil', 'APPPATH\\Views\\docentes\\principal\\headercopy.php', 58)
 2 SYSTEMPATH\View\View.php(213): include('APPPATH\\Views\\docentes\\principal\\headercopy.php')
 3 SYSTEMPATH\View\View.php(216): CodeIgniter\View\View->CodeIgniter\View\{closure}()
 4 SYSTEMPATH\Common.php(1184): CodeIgniter\View\View->render('docentes/principal/headercopy', [], true)
 5 APPPATH\Controllers\DocenteBuzonEntrada.php(19): view('docentes/principal/headercopy', [...])
 6 SYSTEMPATH\CodeIgniter.php(934): App\Controllers\DocenteBuzonEntrada->index()
 7 SYSTEMPATH\CodeIgniter.php(499): CodeIgniter\CodeIgniter->runController(Object(App\Controllers\DocenteBuzonEntrada))
 8 SYSTEMPATH\CodeIgniter.php(368): CodeIgniter\CodeIgniter->handleRequest(null, Object(Config\Cache), false)
 9 FCPATH\index.php(67): CodeIgniter\CodeIgniter->run()
CRITICAL - 2023-05-31 16:28:58 --> Undefined variable $DatosPerfil
in APPPATH\Views\docentes\principal\headercopy.php on line 58.
 1 APPPATH\Views\docentes\principal\headercopy.php(58): CodeIgniter\Debug\Exceptions->errorHandler(2, 'Undefined variable $DatosPerfil', 'APPPATH\\Views\\docentes\\principal\\headercopy.php', 58)
 2 SYSTEMPATH\View\View.php(213): include('APPPATH\\Views\\docentes\\principal\\headercopy.php')
 3 SYSTEMPATH\View\View.php(216): CodeIgniter\View\View->CodeIgniter\View\{closure}()
 4 SYSTEMPATH\Common.php(1184): CodeIgniter\View\View->render('docentes/principal/headercopy', [], true)
 5 APPPATH\Controllers\DocenteDisponibilidad.php(28): view('docentes/principal/headercopy', [...])
 6 SYSTEMPATH\CodeIgniter.php(934): App\Controllers\DocenteDisponibilidad->index()
 7 SYSTEMPATH\CodeIgniter.php(499): CodeIgniter\CodeIgniter->runController(Object(App\Controllers\DocenteDisponibilidad))
 8 SYSTEMPATH\CodeIgniter.php(368): CodeIgniter\CodeIgniter->handleRequest(null, Object(Config\Cache), false)
 9 FCPATH\index.php(67): CodeIgniter\CodeIgniter->run()
CRITICAL - 2023-05-31 16:29:04 --> Undefined variable $DatosPerfil
in APPPATH\Views\docentes\principal\headercopy.php on line 58.
 1 APPPATH\Views\docentes\principal\headercopy.php(58): CodeIgniter\Debug\Exceptions->errorHandler(2, 'Undefined variable $DatosPerfil', 'APPPATH\\Views\\docentes\\principal\\headercopy.php', 58)
 2 SYSTEMPATH\View\View.php(213): include('APPPATH\\Views\\docentes\\principal\\headercopy.php')
 3 SYSTEMPATH\View\View.php(216): CodeIgniter\View\View->CodeIgniter\View\{closure}()
 4 SYSTEMPATH\Common.php(1184): CodeIgniter\View\View->render('docentes/principal/headercopy', [], true)
 5 APPPATH\Controllers\Inicio.php(40): view('docentes/principal/headercopy', [...])
 6 SYSTEMPATH\CodeIgniter.php(934): App\Controllers\Inicio->Docentes()
 7 SYSTEMPATH\CodeIgniter.php(499): CodeIgniter\CodeIgniter->runController(Object(App\Controllers\Inicio))
 8 SYSTEMPATH\CodeIgniter.php(368): CodeIgniter\CodeIgniter->handleRequest(null, Object(Config\Cache), false)
 9 FCPATH\index.php(67): CodeIgniter\CodeIgniter->run()
CRITICAL - 2023-05-31 16:40:07 --> Undefined variable $DatosPerfil
in APPPATH\Views\docentes\principal\headercopy.php on line 58.
 1 APPPATH\Views\docentes\principal\headercopy.php(58): CodeIgniter\Debug\Exceptions->errorHandler(2, 'Undefined variable $DatosPerfil', 'APPPATH\\Views\\docentes\\principal\\headercopy.php', 58)
 2 SYSTEMPATH\View\View.php(213): include('APPPATH\\Views\\docentes\\principal\\headercopy.php')
 3 SYSTEMPATH\View\View.php(216): CodeIgniter\View\View->CodeIgniter\View\{closure}()
 4 SYSTEMPATH\Common.php(1184): CodeIgniter\View\View->render('docentes/principal/headercopy', [], true)
 5 APPPATH\Controllers\DocenteBuzonEntrada.php(19): view('docentes/principal/headercopy', [...])
 6 SYSTEMPATH\CodeIgniter.php(934): App\Controllers\DocenteBuzonEntrada->index()
 7 SYSTEMPATH\CodeIgniter.php(499): CodeIgniter\CodeIgniter->runController(Object(App\Controllers\DocenteBuzonEntrada))
 8 SYSTEMPATH\CodeIgniter.php(368): CodeIgniter\CodeIgniter->handleRequest(null, Object(Config\Cache), false)
 9 FCPATH\index.php(67): CodeIgniter\CodeIgniter->run()
CRITICAL - 2023-05-31 16:42:21 --> Undefined variable $DatosPerfil
in APPPATH\Views\docentes\principal\headercopy.php on line 58.
 1 APPPATH\Views\docentes\principal\headercopy.php(58): CodeIgniter\Debug\Exceptions->errorHandler(2, 'Undefined variable $DatosPerfil', 'APPPATH\\Views\\docentes\\principal\\headercopy.php', 58)
 2 SYSTEMPATH\View\View.php(213): include('APPPATH\\Views\\docentes\\principal\\headercopy.php')
 3 SYSTEMPATH\View\View.php(216): CodeIgniter\View\View->CodeIgniter\View\{closure}()
 4 SYSTEMPATH\Common.php(1184): CodeIgniter\View\View->render('docentes/principal/headercopy', [], true)
 5 APPPATH\Controllers\DocenteBuzonEntrada.php(19): view('docentes/principal/headercopy', [...])
 6 SYSTEMPATH\CodeIgniter.php(934): App\Controllers\DocenteBuzonEntrada->index()
 7 SYSTEMPATH\CodeIgniter.php(499): CodeIgniter\CodeIgniter->runController(Object(App\Controllers\DocenteBuzonEntrada))
 8 SYSTEMPATH\CodeIgniter.php(368): CodeIgniter\CodeIgniter->handleRequest(null, Object(Config\Cache), false)
 9 FCPATH\index.php(67): CodeIgniter\CodeIgniter->run()
CRITICAL - 2023-05-31 16:43:40 --> Undefined variable $DatosPerfil
in APPPATH\Views\docentes\principal\headercopy.php on line 58.
 1 APPPATH\Views\docentes\principal\headercopy.php(58): CodeIgniter\Debug\Exceptions->errorHandler(2, 'Undefined variable $DatosPerfil', 'APPPATH\\Views\\docentes\\principal\\headercopy.php', 58)
 2 SYSTEMPATH\View\View.php(213): include('APPPATH\\Views\\docentes\\principal\\headercopy.php')
 3 SYSTEMPATH\View\View.php(216): CodeIgniter\View\View->CodeIgniter\View\{closure}()
 4 SYSTEMPATH\Common.php(1184): CodeIgniter\View\View->render('docentes/principal/headercopy', [], true)
 5 APPPATH\Controllers\DocenteBuzonEntrada.php(19): view('docentes/principal/headercopy', [...])
 6 SYSTEMPATH\CodeIgniter.php(934): App\Controllers\DocenteBuzonEntrada->index()
 7 SYSTEMPATH\CodeIgniter.php(499): CodeIgniter\CodeIgniter->runController(Object(App\Controllers\DocenteBuzonEntrada))
 8 SYSTEMPATH\CodeIgniter.php(368): CodeIgniter\CodeIgniter->handleRequest(null, Object(Config\Cache), false)
 9 FCPATH\index.php(67): CodeIgniter\CodeIgniter->run()
CRITICAL - 2023-05-31 16:43:49 --> Undefined variable $DatosPerfil
in APPPATH\Views\docentes\principal\headercopy.php on line 58.
 1 APPPATH\Views\docentes\principal\headercopy.php(58): CodeIgniter\Debug\Exceptions->errorHandler(2, 'Undefined variable $DatosPerfil', 'APPPATH\\Views\\docentes\\principal\\headercopy.php', 58)
 2 SYSTEMPATH\View\View.php(213): include('APPPATH\\Views\\docentes\\principal\\headercopy.php')
 3 SYSTEMPATH\View\View.php(216): CodeIgniter\View\View->CodeIgniter\View\{closure}()
 4 SYSTEMPATH\Common.php(1184): CodeIgniter\View\View->render('docentes/principal/headercopy', [], true)
 5 APPPATH\Controllers\DocenteBuzonEntrada.php(19): view('docentes/principal/headercopy', [...])
 6 SYSTEMPATH\CodeIgniter.php(934): App\Controllers\DocenteBuzonEntrada->index()
 7 SYSTEMPATH\CodeIgniter.php(499): CodeIgniter\CodeIgniter->runController(Object(App\Controllers\DocenteBuzonEntrada))
 8 SYSTEMPATH\CodeIgniter.php(368): CodeIgniter\CodeIgniter->handleRequest(null, Object(Config\Cache), false)
 9 FCPATH\index.php(67): CodeIgniter\CodeIgniter->run()
