CRITICAL - 2023-04-24 12:43:44 --> Invalid file: "docentes/principal/copy.php"
in SYSTEMPATH\Exceptions\FrameworkException.php on line 33.
 1 SYSTEMPATH\View\View.php(201): CodeIgniter\Exceptions\FrameworkException::forInvalidFile('docentes/principal/copy.php')
 2 SYSTEMPATH\Common.php(1184): CodeIgniter\View\View->render('docentes/principal/copy', [], true)
 3 APPPATH\Controllers\AgendamientoDisponibilidad.php(19): view('docentes/principal/copy', [...])
 4 SYSTEMPATH\CodeIgniter.php(934): App\Controllers\AgendamientoDisponibilidad->index()
 5 SYSTEMPATH\CodeIgniter.php(499): CodeIgniter\CodeIgniter->runController(Object(App\Controllers\AgendamientoDisponibilidad))
 6 SYSTEMPATH\CodeIgniter.php(368): CodeIgniter\CodeIgniter->handleRequest(null, Object(Config\Cache), false)
 7 FCPATH\index.php(67): CodeIgniter\CodeIgniter->run()
CRITICAL - 2023-04-24 15:07:13 --> Invalid file: "adminitradores/usuarios/usuarios.php"
in SYSTEMPATH\Exceptions\FrameworkException.php on line 33.
 1 SYSTEMPATH\View\View.php(201): CodeIgniter\Exceptions\FrameworkException::forInvalidFile('adminitradores/usuarios/usuarios.php')
 2 SYSTEMPATH\Common.php(1184): CodeIgniter\View\View->render('adminitradores/usuarios/usuarios', [], true)
 3 APPPATH\Controllers\Usuarios.php(20): view('adminitradores/usuarios/usuarios', [...])
 4 SYSTEMPATH\CodeIgniter.php(934): App\Controllers\Usuarios->index()
 5 SYSTEMPATH\CodeIgniter.php(499): CodeIgniter\CodeIgniter->runController(Object(App\Controllers\Usuarios))
 6 SYSTEMPATH\CodeIgniter.php(368): CodeIgniter\CodeIgniter->handleRequest(null, Object(Config\Cache), false)
 7 FCPATH\index.php(67): CodeIgniter\CodeIgniter->run()
CRITICAL - 2023-04-24 15:08:39 --> Invalid file: "adminitradores/usuarios/usuario.php"
in SYSTEMPATH\Exceptions\FrameworkException.php on line 33.
 1 SYSTEMPATH\View\View.php(201): CodeIgniter\Exceptions\FrameworkException::forInvalidFile('adminitradores/usuarios/usuario.php')
 2 SYSTEMPATH\Common.php(1184): CodeIgniter\View\View->render('adminitradores/usuarios/usuario', [], true)
 3 APPPATH\Controllers\Usuarios.php(20): view('adminitradores/usuarios/usuario', [...])
 4 SYSTEMPATH\CodeIgniter.php(934): App\Controllers\Usuarios->index()
 5 SYSTEMPATH\CodeIgniter.php(499): CodeIgniter\CodeIgniter->runController(Object(App\Controllers\Usuarios))
 6 SYSTEMPATH\CodeIgniter.php(368): CodeIgniter\CodeIgniter->handleRequest(null, Object(Config\Cache), false)
 7 FCPATH\index.php(67): CodeIgniter\CodeIgniter->run()
CRITICAL - 2023-04-24 15:08:40 --> Invalid file: "adminitradores/usuarios/usuario.php"
in SYSTEMPATH\Exceptions\FrameworkException.php on line 33.
 1 SYSTEMPATH\View\View.php(201): CodeIgniter\Exceptions\FrameworkException::forInvalidFile('adminitradores/usuarios/usuario.php')
 2 SYSTEMPATH\Common.php(1184): CodeIgniter\View\View->render('adminitradores/usuarios/usuario', [], true)
 3 APPPATH\Controllers\Usuarios.php(20): view('adminitradores/usuarios/usuario', [...])
 4 SYSTEMPATH\CodeIgniter.php(934): App\Controllers\Usuarios->index()
 5 SYSTEMPATH\CodeIgniter.php(499): CodeIgniter\CodeIgniter->runController(Object(App\Controllers\Usuarios))
 6 SYSTEMPATH\CodeIgniter.php(368): CodeIgniter\CodeIgniter->handleRequest(null, Object(Config\Cache), false)
 7 FCPATH\index.php(67): CodeIgniter\CodeIgniter->run()
CRITICAL - 2023-04-24 15:08:40 --> Invalid file: "adminitradores/usuarios/usuario.php"
in SYSTEMPATH\Exceptions\FrameworkException.php on line 33.
 1 SYSTEMPATH\View\View.php(201): CodeIgniter\Exceptions\FrameworkException::forInvalidFile('adminitradores/usuarios/usuario.php')
 2 SYSTEMPATH\Common.php(1184): CodeIgniter\View\View->render('adminitradores/usuarios/usuario', [], true)
 3 APPPATH\Controllers\Usuarios.php(20): view('adminitradores/usuarios/usuario', [...])
 4 SYSTEMPATH\CodeIgniter.php(934): App\Controllers\Usuarios->index()
 5 SYSTEMPATH\CodeIgniter.php(499): CodeIgniter\CodeIgniter->runController(Object(App\Controllers\Usuarios))
 6 SYSTEMPATH\CodeIgniter.php(368): CodeIgniter\CodeIgniter->handleRequest(null, Object(Config\Cache), false)
 7 FCPATH\index.php(67): CodeIgniter\CodeIgniter->run()
CRITICAL - 2023-04-24 15:08:40 --> Invalid file: "adminitradores/usuarios/usuario.php"
in SYSTEMPATH\Exceptions\FrameworkException.php on line 33.
 1 SYSTEMPATH\View\View.php(201): CodeIgniter\Exceptions\FrameworkException::forInvalidFile('adminitradores/usuarios/usuario.php')
 2 SYSTEMPATH\Common.php(1184): CodeIgniter\View\View->render('adminitradores/usuarios/usuario', [], true)
 3 APPPATH\Controllers\Usuarios.php(20): view('adminitradores/usuarios/usuario', [...])
 4 SYSTEMPATH\CodeIgniter.php(934): App\Controllers\Usuarios->index()
 5 SYSTEMPATH\CodeIgniter.php(499): CodeIgniter\CodeIgniter->runController(Object(App\Controllers\Usuarios))
 6 SYSTEMPATH\CodeIgniter.php(368): CodeIgniter\CodeIgniter->handleRequest(null, Object(Config\Cache), false)
 7 FCPATH\index.php(67): CodeIgniter\CodeIgniter->run()
CRITICAL - 2023-04-24 15:08:41 --> Invalid file: "adminitradores/usuarios/usuario.php"
in SYSTEMPATH\Exceptions\FrameworkException.php on line 33.
 1 SYSTEMPATH\View\View.php(201): CodeIgniter\Exceptions\FrameworkException::forInvalidFile('adminitradores/usuarios/usuario.php')
 2 SYSTEMPATH\Common.php(1184): CodeIgniter\View\View->render('adminitradores/usuarios/usuario', [], true)
 3 APPPATH\Controllers\Usuarios.php(20): view('adminitradores/usuarios/usuario', [...])
 4 SYSTEMPATH\CodeIgniter.php(934): App\Controllers\Usuarios->index()
 5 SYSTEMPATH\CodeIgniter.php(499): CodeIgniter\CodeIgniter->runController(Object(App\Controllers\Usuarios))
 6 SYSTEMPATH\CodeIgniter.php(368): CodeIgniter\CodeIgniter->handleRequest(null, Object(Config\Cache), false)
 7 FCPATH\index.php(67): CodeIgniter\CodeIgniter->run()
CRITICAL - 2023-04-24 15:08:41 --> Invalid file: "adminitradores/usuarios/usuario.php"
in SYSTEMPATH\Exceptions\FrameworkException.php on line 33.
 1 SYSTEMPATH\View\View.php(201): CodeIgniter\Exceptions\FrameworkException::forInvalidFile('adminitradores/usuarios/usuario.php')
 2 SYSTEMPATH\Common.php(1184): CodeIgniter\View\View->render('adminitradores/usuarios/usuario', [], true)
 3 APPPATH\Controllers\Usuarios.php(20): view('adminitradores/usuarios/usuario', [...])
 4 SYSTEMPATH\CodeIgniter.php(934): App\Controllers\Usuarios->index()
 5 SYSTEMPATH\CodeIgniter.php(499): CodeIgniter\CodeIgniter->runController(Object(App\Controllers\Usuarios))
 6 SYSTEMPATH\CodeIgniter.php(368): CodeIgniter\CodeIgniter->handleRequest(null, Object(Config\Cache), false)
 7 FCPATH\index.php(67): CodeIgniter\CodeIgniter->run()
CRITICAL - 2023-04-24 15:08:41 --> Invalid file: "adminitradores/usuarios/usuario.php"
in SYSTEMPATH\Exceptions\FrameworkException.php on line 33.
 1 SYSTEMPATH\View\View.php(201): CodeIgniter\Exceptions\FrameworkException::forInvalidFile('adminitradores/usuarios/usuario.php')
 2 SYSTEMPATH\Common.php(1184): CodeIgniter\View\View->render('adminitradores/usuarios/usuario', [], true)
 3 APPPATH\Controllers\Usuarios.php(20): view('adminitradores/usuarios/usuario', [...])
 4 SYSTEMPATH\CodeIgniter.php(934): App\Controllers\Usuarios->index()
 5 SYSTEMPATH\CodeIgniter.php(499): CodeIgniter\CodeIgniter->runController(Object(App\Controllers\Usuarios))
 6 SYSTEMPATH\CodeIgniter.php(368): CodeIgniter\CodeIgniter->handleRequest(null, Object(Config\Cache), false)
 7 FCPATH\index.php(67): CodeIgniter\CodeIgniter->run()
CRITICAL - 2023-04-24 15:08:41 --> Invalid file: "adminitradores/usuarios/usuario.php"
in SYSTEMPATH\Exceptions\FrameworkException.php on line 33.
 1 SYSTEMPATH\View\View.php(201): CodeIgniter\Exceptions\FrameworkException::forInvalidFile('adminitradores/usuarios/usuario.php')
 2 SYSTEMPATH\Common.php(1184): CodeIgniter\View\View->render('adminitradores/usuarios/usuario', [], true)
 3 APPPATH\Controllers\Usuarios.php(20): view('adminitradores/usuarios/usuario', [...])
 4 SYSTEMPATH\CodeIgniter.php(934): App\Controllers\Usuarios->index()
 5 SYSTEMPATH\CodeIgniter.php(499): CodeIgniter\CodeIgniter->runController(Object(App\Controllers\Usuarios))
 6 SYSTEMPATH\CodeIgniter.php(368): CodeIgniter\CodeIgniter->handleRequest(null, Object(Config\Cache), false)
 7 FCPATH\index.php(67): CodeIgniter\CodeIgniter->run()
CRITICAL - 2023-04-24 15:08:41 --> Invalid file: "adminitradores/usuarios/usuario.php"
in SYSTEMPATH\Exceptions\FrameworkException.php on line 33.
 1 SYSTEMPATH\View\View.php(201): CodeIgniter\Exceptions\FrameworkException::forInvalidFile('adminitradores/usuarios/usuario.php')
 2 SYSTEMPATH\Common.php(1184): CodeIgniter\View\View->render('adminitradores/usuarios/usuario', [], true)
 3 APPPATH\Controllers\Usuarios.php(20): view('adminitradores/usuarios/usuario', [...])
 4 SYSTEMPATH\CodeIgniter.php(934): App\Controllers\Usuarios->index()
 5 SYSTEMPATH\CodeIgniter.php(499): CodeIgniter\CodeIgniter->runController(Object(App\Controllers\Usuarios))
 6 SYSTEMPATH\CodeIgniter.php(368): CodeIgniter\CodeIgniter->handleRequest(null, Object(Config\Cache), false)
 7 FCPATH\index.php(67): CodeIgniter\CodeIgniter->run()
CRITICAL - 2023-04-24 15:08:42 --> Invalid file: "adminitradores/usuarios/usuario.php"
in SYSTEMPATH\Exceptions\FrameworkException.php on line 33.
 1 SYSTEMPATH\View\View.php(201): CodeIgniter\Exceptions\FrameworkException::forInvalidFile('adminitradores/usuarios/usuario.php')
 2 SYSTEMPATH\Common.php(1184): CodeIgniter\View\View->render('adminitradores/usuarios/usuario', [], true)
 3 APPPATH\Controllers\Usuarios.php(20): view('adminitradores/usuarios/usuario', [...])
 4 SYSTEMPATH\CodeIgniter.php(934): App\Controllers\Usuarios->index()
 5 SYSTEMPATH\CodeIgniter.php(499): CodeIgniter\CodeIgniter->runController(Object(App\Controllers\Usuarios))
 6 SYSTEMPATH\CodeIgniter.php(368): CodeIgniter\CodeIgniter->handleRequest(null, Object(Config\Cache), false)
 7 FCPATH\index.php(67): CodeIgniter\CodeIgniter->run()
CRITICAL - 2023-04-24 15:08:42 --> Invalid file: "adminitradores/usuarios/usuario.php"
in SYSTEMPATH\Exceptions\FrameworkException.php on line 33.
 1 SYSTEMPATH\View\View.php(201): CodeIgniter\Exceptions\FrameworkException::forInvalidFile('adminitradores/usuarios/usuario.php')
 2 SYSTEMPATH\Common.php(1184): CodeIgniter\View\View->render('adminitradores/usuarios/usuario', [], true)
 3 APPPATH\Controllers\Usuarios.php(20): view('adminitradores/usuarios/usuario', [...])
 4 SYSTEMPATH\CodeIgniter.php(934): App\Controllers\Usuarios->index()
 5 SYSTEMPATH\CodeIgniter.php(499): CodeIgniter\CodeIgniter->runController(Object(App\Controllers\Usuarios))
 6 SYSTEMPATH\CodeIgniter.php(368): CodeIgniter\CodeIgniter->handleRequest(null, Object(Config\Cache), false)
 7 FCPATH\index.php(67): CodeIgniter\CodeIgniter->run()
CRITICAL - 2023-04-24 15:08:42 --> Invalid file: "adminitradores/usuarios/usuario.php"
in SYSTEMPATH\Exceptions\FrameworkException.php on line 33.
 1 SYSTEMPATH\View\View.php(201): CodeIgniter\Exceptions\FrameworkException::forInvalidFile('adminitradores/usuarios/usuario.php')
 2 SYSTEMPATH\Common.php(1184): CodeIgniter\View\View->render('adminitradores/usuarios/usuario', [], true)
 3 APPPATH\Controllers\Usuarios.php(20): view('adminitradores/usuarios/usuario', [...])
 4 SYSTEMPATH\CodeIgniter.php(934): App\Controllers\Usuarios->index()
 5 SYSTEMPATH\CodeIgniter.php(499): CodeIgniter\CodeIgniter->runController(Object(App\Controllers\Usuarios))
 6 SYSTEMPATH\CodeIgniter.php(368): CodeIgniter\CodeIgniter->handleRequest(null, Object(Config\Cache), false)
 7 FCPATH\index.php(67): CodeIgniter\CodeIgniter->run()
CRITICAL - 2023-04-24 15:08:42 --> Invalid file: "adminitradores/usuarios/usuario.php"
in SYSTEMPATH\Exceptions\FrameworkException.php on line 33.
 1 SYSTEMPATH\View\View.php(201): CodeIgniter\Exceptions\FrameworkException::forInvalidFile('adminitradores/usuarios/usuario.php')
 2 SYSTEMPATH\Common.php(1184): CodeIgniter\View\View->render('adminitradores/usuarios/usuario', [], true)
 3 APPPATH\Controllers\Usuarios.php(20): view('adminitradores/usuarios/usuario', [...])
 4 SYSTEMPATH\CodeIgniter.php(934): App\Controllers\Usuarios->index()
 5 SYSTEMPATH\CodeIgniter.php(499): CodeIgniter\CodeIgniter->runController(Object(App\Controllers\Usuarios))
 6 SYSTEMPATH\CodeIgniter.php(368): CodeIgniter\CodeIgniter->handleRequest(null, Object(Config\Cache), false)
 7 FCPATH\index.php(67): CodeIgniter\CodeIgniter->run()
CRITICAL - 2023-04-24 15:08:43 --> Invalid file: "adminitradores/usuarios/usuario.php"
in SYSTEMPATH\Exceptions\FrameworkException.php on line 33.
 1 SYSTEMPATH\View\View.php(201): CodeIgniter\Exceptions\FrameworkException::forInvalidFile('adminitradores/usuarios/usuario.php')
 2 SYSTEMPATH\Common.php(1184): CodeIgniter\View\View->render('adminitradores/usuarios/usuario', [], true)
 3 APPPATH\Controllers\Usuarios.php(20): view('adminitradores/usuarios/usuario', [...])
 4 SYSTEMPATH\CodeIgniter.php(934): App\Controllers\Usuarios->index()
 5 SYSTEMPATH\CodeIgniter.php(499): CodeIgniter\CodeIgniter->runController(Object(App\Controllers\Usuarios))
 6 SYSTEMPATH\CodeIgniter.php(368): CodeIgniter\CodeIgniter->handleRequest(null, Object(Config\Cache), false)
 7 FCPATH\index.php(67): CodeIgniter\CodeIgniter->run()
CRITICAL - 2023-04-24 15:08:43 --> Invalid file: "adminitradores/usuarios/usuario.php"
in SYSTEMPATH\Exceptions\FrameworkException.php on line 33.
 1 SYSTEMPATH\View\View.php(201): CodeIgniter\Exceptions\FrameworkException::forInvalidFile('adminitradores/usuarios/usuario.php')
 2 SYSTEMPATH\Common.php(1184): CodeIgniter\View\View->render('adminitradores/usuarios/usuario', [], true)
 3 APPPATH\Controllers\Usuarios.php(20): view('adminitradores/usuarios/usuario', [...])
 4 SYSTEMPATH\CodeIgniter.php(934): App\Controllers\Usuarios->index()
 5 SYSTEMPATH\CodeIgniter.php(499): CodeIgniter\CodeIgniter->runController(Object(App\Controllers\Usuarios))
 6 SYSTEMPATH\CodeIgniter.php(368): CodeIgniter\CodeIgniter->handleRequest(null, Object(Config\Cache), false)
 7 FCPATH\index.php(67): CodeIgniter\CodeIgniter->run()
CRITICAL - 2023-04-24 15:08:43 --> Invalid file: "adminitradores/usuarios/usuario.php"
in SYSTEMPATH\Exceptions\FrameworkException.php on line 33.
 1 SYSTEMPATH\View\View.php(201): CodeIgniter\Exceptions\FrameworkException::forInvalidFile('adminitradores/usuarios/usuario.php')
 2 SYSTEMPATH\Common.php(1184): CodeIgniter\View\View->render('adminitradores/usuarios/usuario', [], true)
 3 APPPATH\Controllers\Usuarios.php(20): view('adminitradores/usuarios/usuario', [...])
 4 SYSTEMPATH\CodeIgniter.php(934): App\Controllers\Usuarios->index()
 5 SYSTEMPATH\CodeIgniter.php(499): CodeIgniter\CodeIgniter->runController(Object(App\Controllers\Usuarios))
 6 SYSTEMPATH\CodeIgniter.php(368): CodeIgniter\CodeIgniter->handleRequest(null, Object(Config\Cache), false)
 7 FCPATH\index.php(67): CodeIgniter\CodeIgniter->run()
CRITICAL - 2023-04-24 15:08:43 --> Invalid file: "adminitradores/usuarios/usuario.php"
in SYSTEMPATH\Exceptions\FrameworkException.php on line 33.
 1 SYSTEMPATH\View\View.php(201): CodeIgniter\Exceptions\FrameworkException::forInvalidFile('adminitradores/usuarios/usuario.php')
 2 SYSTEMPATH\Common.php(1184): CodeIgniter\View\View->render('adminitradores/usuarios/usuario', [], true)
 3 APPPATH\Controllers\Usuarios.php(20): view('adminitradores/usuarios/usuario', [...])
 4 SYSTEMPATH\CodeIgniter.php(934): App\Controllers\Usuarios->index()
 5 SYSTEMPATH\CodeIgniter.php(499): CodeIgniter\CodeIgniter->runController(Object(App\Controllers\Usuarios))
 6 SYSTEMPATH\CodeIgniter.php(368): CodeIgniter\CodeIgniter->handleRequest(null, Object(Config\Cache), false)
 7 FCPATH\index.php(67): CodeIgniter\CodeIgniter->run()
CRITICAL - 2023-04-24 15:08:44 --> Invalid file: "adminitradores/usuarios/usuario.php"
in SYSTEMPATH\Exceptions\FrameworkException.php on line 33.
 1 SYSTEMPATH\View\View.php(201): CodeIgniter\Exceptions\FrameworkException::forInvalidFile('adminitradores/usuarios/usuario.php')
 2 SYSTEMPATH\Common.php(1184): CodeIgniter\View\View->render('adminitradores/usuarios/usuario', [], true)
 3 APPPATH\Controllers\Usuarios.php(20): view('adminitradores/usuarios/usuario', [...])
 4 SYSTEMPATH\CodeIgniter.php(934): App\Controllers\Usuarios->index()
 5 SYSTEMPATH\CodeIgniter.php(499): CodeIgniter\CodeIgniter->runController(Object(App\Controllers\Usuarios))
 6 SYSTEMPATH\CodeIgniter.php(368): CodeIgniter\CodeIgniter->handleRequest(null, Object(Config\Cache), false)
 7 FCPATH\index.php(67): CodeIgniter\CodeIgniter->run()
CRITICAL - 2023-04-24 15:08:44 --> Invalid file: "adminitradores/usuarios/usuario.php"
in SYSTEMPATH\Exceptions\FrameworkException.php on line 33.
 1 SYSTEMPATH\View\View.php(201): CodeIgniter\Exceptions\FrameworkException::forInvalidFile('adminitradores/usuarios/usuario.php')
 2 SYSTEMPATH\Common.php(1184): CodeIgniter\View\View->render('adminitradores/usuarios/usuario', [], true)
 3 APPPATH\Controllers\Usuarios.php(20): view('adminitradores/usuarios/usuario', [...])
 4 SYSTEMPATH\CodeIgniter.php(934): App\Controllers\Usuarios->index()
 5 SYSTEMPATH\CodeIgniter.php(499): CodeIgniter\CodeIgniter->runController(Object(App\Controllers\Usuarios))
 6 SYSTEMPATH\CodeIgniter.php(368): CodeIgniter\CodeIgniter->handleRequest(null, Object(Config\Cache), false)
 7 FCPATH\index.php(67): CodeIgniter\CodeIgniter->run()
CRITICAL - 2023-04-24 15:54:07 --> Undefined variable $paises
in APPPATH\Views\administradores\usuarios\usuario.php on line 86.
 1 APPPATH\Views\administradores\usuarios\usuario.php(86): CodeIgniter\Debug\Exceptions->errorHandler(2, 'Undefined variable $paises', 'APPPATH\\Views\\administradores\\usuarios\\usuario.php', 86)
 2 SYSTEMPATH\View\View.php(213): include('APPPATH\\Views\\administradores\\usuarios\\usuario.php')
 3 SYSTEMPATH\View\View.php(216): CodeIgniter\View\View->CodeIgniter\View\{closure}()
 4 SYSTEMPATH\Common.php(1184): CodeIgniter\View\View->render('administradores/usuarios/usuario.php', [], true)
 5 APPPATH\Controllers\Usuarios.php(20): view('administradores/usuarios/usuario.php', [...])
 6 SYSTEMPATH\CodeIgniter.php(934): App\Controllers\Usuarios->index()
 7 SYSTEMPATH\CodeIgniter.php(499): CodeIgniter\CodeIgniter->runController(Object(App\Controllers\Usuarios))
 8 SYSTEMPATH\CodeIgniter.php(368): CodeIgniter\CodeIgniter->handleRequest(null, Object(Config\Cache), false)
 9 FCPATH\index.php(67): CodeIgniter\CodeIgniter->run()
