CRITICAL - 2023-07-02 16:07:08 --> Undefined variable $disp_docente
in APPPATH\Views\docentes\agendamientoDisponibilidad\agendamiento.php on line 257.
 1 APPPATH\Views\docentes\agendamientoDisponibilidad\agendamiento.php(257): CodeIgniter\Debug\Exceptions->errorHandler(2, 'Undefined variable $disp_docente', 'APPPATH\\Views\\docentes\\agendamientoDisponibilidad\\agendamiento.php', 257)
 2 SYSTEMPATH\View\View.php(213): include('APPPATH\\Views\\docentes\\agendamientoDisponibilidad\\agendamiento.php')
 3 SYSTEMPATH\View\View.php(216): CodeIgniter\View\View->CodeIgniter\View\{closure}()
 4 SYSTEMPATH\Common.php(1184): CodeIgniter\View\View->render('docentes/agendamientoDisponibilidad/agendamiento', [], true)
 5 APPPATH\Controllers\DocenteDisponibilidad.php(37): view('docentes/agendamientoDisponibilidad/agendamiento', [...])
 6 SYSTEMPATH\CodeIgniter.php(934): App\Controllers\DocenteDisponibilidad->index()
 7 SYSTEMPATH\CodeIgniter.php(499): CodeIgniter\CodeIgniter->runController(Object(App\Controllers\DocenteDisponibilidad))
 8 SYSTEMPATH\CodeIgniter.php(368): CodeIgniter\CodeIgniter->handleRequest(null, Object(Config\Cache), false)
 9 FCPATH\index.php(67): CodeIgniter\CodeIgniter->run()
CRITICAL - 2023-07-02 16:08:34 --> Undefined variable $event
in APPPATH\Views\estudiantes\solicitar\solicitar.php on line 335.
 1 APPPATH\Views\estudiantes\solicitar\solicitar.php(335): CodeIgniter\Debug\Exceptions->errorHandler(2, 'Undefined variable $event', 'APPPATH\\Views\\estudiantes\\solicitar\\solicitar.php', 335)
 2 SYSTEMPATH\View\View.php(213): include('APPPATH\\Views\\estudiantes\\solicitar\\solicitar.php')
 3 SYSTEMPATH\View\View.php(216): CodeIgniter\View\View->CodeIgniter\View\{closure}()
 4 SYSTEMPATH\Common.php(1184): CodeIgniter\View\View->render('estudiantes/Solicitar/solicitar', [], true)
 5 APPPATH\Controllers\EstudiantesSolicitarCita.php(57): view('estudiantes/Solicitar/solicitar', [...])
 6 SYSTEMPATH\CodeIgniter.php(934): App\Controllers\EstudiantesSolicitarCita->index()
 7 SYSTEMPATH\CodeIgniter.php(499): CodeIgniter\CodeIgniter->runController(Object(App\Controllers\EstudiantesSolicitarCita))
 8 SYSTEMPATH\CodeIgniter.php(368): CodeIgniter\CodeIgniter->handleRequest(null, Object(Config\Cache), false)
 9 FCPATH\index.php(67): CodeIgniter\CodeIgniter->run()
CRITICAL - 2023-07-02 16:26:07 --> Undefined variable $cita
in APPPATH\Controllers\EstudiantesSolicitarCita.php on line 111.
 1 APPPATH\Controllers\EstudiantesSolicitarCita.php(111): CodeIgniter\Debug\Exceptions->errorHandler(2, 'Undefined variable $cita', 'APPPATH\\Controllers\\EstudiantesSolicitarCita.php', 111)
 2 SYSTEMPATH\CodeIgniter.php(934): App\Controllers\EstudiantesSolicitarCita->crear_Cita()
 3 SYSTEMPATH\CodeIgniter.php(499): CodeIgniter\CodeIgniter->runController(Object(App\Controllers\EstudiantesSolicitarCita))
 4 SYSTEMPATH\CodeIgniter.php(368): CodeIgniter\CodeIgniter->handleRequest(null, Object(Config\Cache), false)
 5 FCPATH\index.php(67): CodeIgniter\CodeIgniter->run()
CRITICAL - 2023-07-02 16:26:26 --> Undefined variable $model
in APPPATH\Controllers\EstudiantesSolicitarCita.php on line 111.
 1 APPPATH\Controllers\EstudiantesSolicitarCita.php(111): CodeIgniter\Debug\Exceptions->errorHandler(2, 'Undefined variable $model', 'APPPATH\\Controllers\\EstudiantesSolicitarCita.php', 111)
 2 SYSTEMPATH\CodeIgniter.php(934): App\Controllers\EstudiantesSolicitarCita->crear_Cita()
 3 SYSTEMPATH\CodeIgniter.php(499): CodeIgniter\CodeIgniter->runController(Object(App\Controllers\EstudiantesSolicitarCita))
 4 SYSTEMPATH\CodeIgniter.php(368): CodeIgniter\CodeIgniter->handleRequest(null, Object(Config\Cache), false)
 5 FCPATH\index.php(67): CodeIgniter\CodeIgniter->run()
ERROR - 2023-07-02 16:27:03 --> mysqli_sql_exception: Table 'db_citas.cita' doesn't exist in C:\xampp\htdocs\Agendamiento-Citas\system\Database\MySQLi\Connection.php:295
Stack trace:
#0 C:\xampp\htdocs\Agendamiento-Citas\system\Database\MySQLi\Connection.php(295): mysqli->query('INSERT INTO `ci...', 0)
#1 C:\xampp\htdocs\Agendamiento-Citas\system\Database\BaseConnection.php(691): CodeIgniter\Database\MySQLi\Connection->execute('INSERT INTO `ci...')
#2 C:\xampp\htdocs\Agendamiento-Citas\system\Database\BaseConnection.php(605): CodeIgniter\Database\BaseConnection->simpleQuery('INSERT INTO `ci...')
#3 C:\xampp\htdocs\Agendamiento-Citas\system\Database\BaseBuilder.php(2309): CodeIgniter\Database\BaseConnection->query('INSERT INTO `ci...', Array, false)
#4 C:\xampp\htdocs\Agendamiento-Citas\system\Model.php(330): CodeIgniter\Database\BaseBuilder->insert()
#5 C:\xampp\htdocs\Agendamiento-Citas\system\BaseModel.php(782): CodeIgniter\Model->doInsert(Array)
#6 C:\xampp\htdocs\Agendamiento-Citas\system\Model.php(730): CodeIgniter\BaseModel->insert(Array, true)
#7 C:\xampp\htdocs\Agendamiento-Citas\app\Controllers\EstudiantesSolicitarCita.php(112): CodeIgniter\Model->insert(Array)
#8 C:\xampp\htdocs\Agendamiento-Citas\system\CodeIgniter.php(934): App\Controllers\EstudiantesSolicitarCita->crear_Cita()
#9 C:\xampp\htdocs\Agendamiento-Citas\system\CodeIgniter.php(499): CodeIgniter\CodeIgniter->runController(Object(App\Controllers\EstudiantesSolicitarCita))
#10 C:\xampp\htdocs\Agendamiento-Citas\system\CodeIgniter.php(368): CodeIgniter\CodeIgniter->handleRequest(NULL, Object(Config\Cache), false)
#11 C:\xampp\htdocs\Agendamiento-Citas\public\index.php(67): CodeIgniter\CodeIgniter->run()
#12 {main}
CRITICAL - 2023-07-02 16:27:03 --> Table 'db_citas.cita' doesn't exist
in SYSTEMPATH\Database\BaseConnection.php on line 645.
 1 SYSTEMPATH\Database\BaseBuilder.php(2309): CodeIgniter\Database\BaseConnection->query('INSERT INTO `cita` (`aula`, `id_asunto`, `hora_de_inicio`, `hora_de_finalizacion`, `usuario_crea`, `fecha_crea`) VALUES (:aula:, :id_asunto:, :hora_de_inicio:, :hora_de_finalizacion:, :usuario_crea:, :fecha_crea:)', [...], false)
 2 SYSTEMPATH\Model.php(330): CodeIgniter\Database\BaseBuilder->insert()
 3 SYSTEMPATH\BaseModel.php(782): CodeIgniter\Model->doInsert([...])
 4 SYSTEMPATH\Model.php(730): CodeIgniter\BaseModel->insert([...], true)
 5 APPPATH\Controllers\EstudiantesSolicitarCita.php(112): CodeIgniter\Model->insert([...])
 6 SYSTEMPATH\CodeIgniter.php(934): App\Controllers\EstudiantesSolicitarCita->crear_Cita()
 7 SYSTEMPATH\CodeIgniter.php(499): CodeIgniter\CodeIgniter->runController(Object(App\Controllers\EstudiantesSolicitarCita))
 8 SYSTEMPATH\CodeIgniter.php(368): CodeIgniter\CodeIgniter->handleRequest(null, Object(Config\Cache), false)
 9 FCPATH\index.php(67): CodeIgniter\CodeIgniter->run()
ERROR - 2023-07-02 16:36:46 --> mysqli_sql_exception: Table 'db_citas.cita' doesn't exist in C:\xampp\htdocs\Agendamiento-Citas\system\Database\MySQLi\Connection.php:295
Stack trace:
#0 C:\xampp\htdocs\Agendamiento-Citas\system\Database\MySQLi\Connection.php(295): mysqli->query('INSERT INTO `ci...', 0)
#1 C:\xampp\htdocs\Agendamiento-Citas\system\Database\BaseConnection.php(691): CodeIgniter\Database\MySQLi\Connection->execute('INSERT INTO `ci...')
#2 C:\xampp\htdocs\Agendamiento-Citas\system\Database\BaseConnection.php(605): CodeIgniter\Database\BaseConnection->simpleQuery('INSERT INTO `ci...')
#3 C:\xampp\htdocs\Agendamiento-Citas\system\Database\BaseBuilder.php(2309): CodeIgniter\Database\BaseConnection->query('INSERT INTO `ci...', Array, false)
#4 C:\xampp\htdocs\Agendamiento-Citas\system\Model.php(330): CodeIgniter\Database\BaseBuilder->insert()
#5 C:\xampp\htdocs\Agendamiento-Citas\system\BaseModel.php(782): CodeIgniter\Model->doInsert(Array)
#6 C:\xampp\htdocs\Agendamiento-Citas\system\Model.php(730): CodeIgniter\BaseModel->insert(Array, true)
#7 C:\xampp\htdocs\Agendamiento-Citas\app\Controllers\EstudiantesSolicitarCita.php(102): CodeIgniter\Model->insert(Array)
#8 C:\xampp\htdocs\Agendamiento-Citas\system\CodeIgniter.php(934): App\Controllers\EstudiantesSolicitarCita->crear_Cita()
#9 C:\xampp\htdocs\Agendamiento-Citas\system\CodeIgniter.php(499): CodeIgniter\CodeIgniter->runController(Object(App\Controllers\EstudiantesSolicitarCita))
#10 C:\xampp\htdocs\Agendamiento-Citas\system\CodeIgniter.php(368): CodeIgniter\CodeIgniter->handleRequest(NULL, Object(Config\Cache), false)
#11 C:\xampp\htdocs\Agendamiento-Citas\public\index.php(67): CodeIgniter\CodeIgniter->run()
#12 {main}
CRITICAL - 2023-07-02 16:36:46 --> Table 'db_citas.cita' doesn't exist
in SYSTEMPATH\Database\BaseConnection.php on line 645.
 1 SYSTEMPATH\Database\BaseBuilder.php(2309): CodeIgniter\Database\BaseConnection->query('INSERT INTO `cita` (`aula`, `id_asunto`, `hora_de_inicio`, `hora_de_finalizacion`, `usuario_crea`, `fecha_crea`) VALUES (:aula:, :id_asunto:, :hora_de_inicio:, :hora_de_finalizacion:, :usuario_crea:, :fecha_crea:)', [...], false)
 2 SYSTEMPATH\Model.php(330): CodeIgniter\Database\BaseBuilder->insert()
 3 SYSTEMPATH\BaseModel.php(782): CodeIgniter\Model->doInsert([...])
 4 SYSTEMPATH\Model.php(730): CodeIgniter\BaseModel->insert([...], true)
 5 APPPATH\Controllers\EstudiantesSolicitarCita.php(102): CodeIgniter\Model->insert([...])
 6 SYSTEMPATH\CodeIgniter.php(934): App\Controllers\EstudiantesSolicitarCita->crear_Cita()
 7 SYSTEMPATH\CodeIgniter.php(499): CodeIgniter\CodeIgniter->runController(Object(App\Controllers\EstudiantesSolicitarCita))
 8 SYSTEMPATH\CodeIgniter.php(368): CodeIgniter\CodeIgniter->handleRequest(null, Object(Config\Cache), false)
 9 FCPATH\index.php(67): CodeIgniter\CodeIgniter->run()
ERROR - 2023-07-02 16:37:10 --> mysqli_sql_exception: Table 'db_citas.cita' doesn't exist in C:\xampp\htdocs\Agendamiento-Citas\system\Database\MySQLi\Connection.php:295
Stack trace:
#0 C:\xampp\htdocs\Agendamiento-Citas\system\Database\MySQLi\Connection.php(295): mysqli->query('INSERT INTO `ci...', 0)
#1 C:\xampp\htdocs\Agendamiento-Citas\system\Database\BaseConnection.php(691): CodeIgniter\Database\MySQLi\Connection->execute('INSERT INTO `ci...')
#2 C:\xampp\htdocs\Agendamiento-Citas\system\Database\BaseConnection.php(605): CodeIgniter\Database\BaseConnection->simpleQuery('INSERT INTO `ci...')
#3 C:\xampp\htdocs\Agendamiento-Citas\system\Database\BaseBuilder.php(2309): CodeIgniter\Database\BaseConnection->query('INSERT INTO `ci...', Array, false)
#4 C:\xampp\htdocs\Agendamiento-Citas\system\Model.php(330): CodeIgniter\Database\BaseBuilder->insert()
#5 C:\xampp\htdocs\Agendamiento-Citas\system\BaseModel.php(782): CodeIgniter\Model->doInsert(Array)
#6 C:\xampp\htdocs\Agendamiento-Citas\system\Model.php(730): CodeIgniter\BaseModel->insert(Array, true)
#7 C:\xampp\htdocs\Agendamiento-Citas\app\Controllers\EstudiantesSolicitarCita.php(102): CodeIgniter\Model->insert(Array)
#8 C:\xampp\htdocs\Agendamiento-Citas\system\CodeIgniter.php(934): App\Controllers\EstudiantesSolicitarCita->crear_Cita()
#9 C:\xampp\htdocs\Agendamiento-Citas\system\CodeIgniter.php(499): CodeIgniter\CodeIgniter->runController(Object(App\Controllers\EstudiantesSolicitarCita))
#10 C:\xampp\htdocs\Agendamiento-Citas\system\CodeIgniter.php(368): CodeIgniter\CodeIgniter->handleRequest(NULL, Object(Config\Cache), false)
#11 C:\xampp\htdocs\Agendamiento-Citas\public\index.php(67): CodeIgniter\CodeIgniter->run()
#12 {main}
CRITICAL - 2023-07-02 16:37:10 --> Table 'db_citas.cita' doesn't exist
in SYSTEMPATH\Database\BaseConnection.php on line 645.
 1 SYSTEMPATH\Database\BaseBuilder.php(2309): CodeIgniter\Database\BaseConnection->query('INSERT INTO `cita` (`aula`, `id_asunto`, `hora_de_inicio`, `hora_de_finalizacion`, `usuario_crea`, `fecha_crea`) VALUES (:aula:, :id_asunto:, :hora_de_inicio:, :hora_de_finalizacion:, :usuario_crea:, :fecha_crea:)', [...], false)
 2 SYSTEMPATH\Model.php(330): CodeIgniter\Database\BaseBuilder->insert()
 3 SYSTEMPATH\BaseModel.php(782): CodeIgniter\Model->doInsert([...])
 4 SYSTEMPATH\Model.php(730): CodeIgniter\BaseModel->insert([...], true)
 5 APPPATH\Controllers\EstudiantesSolicitarCita.php(102): CodeIgniter\Model->insert([...])
 6 SYSTEMPATH\CodeIgniter.php(934): App\Controllers\EstudiantesSolicitarCita->crear_Cita()
 7 SYSTEMPATH\CodeIgniter.php(499): CodeIgniter\CodeIgniter->runController(Object(App\Controllers\EstudiantesSolicitarCita))
 8 SYSTEMPATH\CodeIgniter.php(368): CodeIgniter\CodeIgniter->handleRequest(null, Object(Config\Cache), false)
 9 FCPATH\index.php(67): CodeIgniter\CodeIgniter->run()
ERROR - 2023-07-02 16:38:30 --> mysqli_sql_exception: Table 'db_citas.cita' doesn't exist in C:\xampp\htdocs\Agendamiento-Citas\system\Database\MySQLi\Connection.php:295
Stack trace:
#0 C:\xampp\htdocs\Agendamiento-Citas\system\Database\MySQLi\Connection.php(295): mysqli->query('INSERT INTO `ci...', 0)
#1 C:\xampp\htdocs\Agendamiento-Citas\system\Database\BaseConnection.php(691): CodeIgniter\Database\MySQLi\Connection->execute('INSERT INTO `ci...')
#2 C:\xampp\htdocs\Agendamiento-Citas\system\Database\BaseConnection.php(605): CodeIgniter\Database\BaseConnection->simpleQuery('INSERT INTO `ci...')
#3 C:\xampp\htdocs\Agendamiento-Citas\system\Database\BaseBuilder.php(2309): CodeIgniter\Database\BaseConnection->query('INSERT INTO `ci...', Array, false)
#4 C:\xampp\htdocs\Agendamiento-Citas\system\Model.php(330): CodeIgniter\Database\BaseBuilder->insert()
#5 C:\xampp\htdocs\Agendamiento-Citas\system\BaseModel.php(782): CodeIgniter\Model->doInsert(Array)
#6 C:\xampp\htdocs\Agendamiento-Citas\system\Model.php(730): CodeIgniter\BaseModel->insert(Array, true)
#7 C:\xampp\htdocs\Agendamiento-Citas\app\Controllers\EstudiantesSolicitarCita.php(102): CodeIgniter\Model->insert(Array)
#8 C:\xampp\htdocs\Agendamiento-Citas\system\CodeIgniter.php(934): App\Controllers\EstudiantesSolicitarCita->crear_Cita()
#9 C:\xampp\htdocs\Agendamiento-Citas\system\CodeIgniter.php(499): CodeIgniter\CodeIgniter->runController(Object(App\Controllers\EstudiantesSolicitarCita))
#10 C:\xampp\htdocs\Agendamiento-Citas\system\CodeIgniter.php(368): CodeIgniter\CodeIgniter->handleRequest(NULL, Object(Config\Cache), false)
#11 C:\xampp\htdocs\Agendamiento-Citas\public\index.php(67): CodeIgniter\CodeIgniter->run()
#12 {main}
CRITICAL - 2023-07-02 16:38:30 --> Table 'db_citas.cita' doesn't exist
in SYSTEMPATH\Database\BaseConnection.php on line 645.
 1 SYSTEMPATH\Database\BaseBuilder.php(2309): CodeIgniter\Database\BaseConnection->query('INSERT INTO `cita` (`aula`, `id_asunto`, `hora_de_inicio`, `hora_de_finalizacion`, `usuario_crea`, `fecha_crea`) VALUES (:aula:, :id_asunto:, :hora_de_inicio:, :hora_de_finalizacion:, :usuario_crea:, :fecha_crea:)', [...], false)
 2 SYSTEMPATH\Model.php(330): CodeIgniter\Database\BaseBuilder->insert()
 3 SYSTEMPATH\BaseModel.php(782): CodeIgniter\Model->doInsert([...])
 4 SYSTEMPATH\Model.php(730): CodeIgniter\BaseModel->insert([...], true)
 5 APPPATH\Controllers\EstudiantesSolicitarCita.php(102): CodeIgniter\Model->insert([...])
 6 SYSTEMPATH\CodeIgniter.php(934): App\Controllers\EstudiantesSolicitarCita->crear_Cita()
 7 SYSTEMPATH\CodeIgniter.php(499): CodeIgniter\CodeIgniter->runController(Object(App\Controllers\EstudiantesSolicitarCita))
 8 SYSTEMPATH\CodeIgniter.php(368): CodeIgniter\CodeIgniter->handleRequest(null, Object(Config\Cache), false)
 9 FCPATH\index.php(67): CodeIgniter\CodeIgniter->run()
ERROR - 2023-07-02 16:38:34 --> mysqli_sql_exception: Table 'db_citas.cita' doesn't exist in C:\xampp\htdocs\Agendamiento-Citas\system\Database\MySQLi\Connection.php:295
Stack trace:
#0 C:\xampp\htdocs\Agendamiento-Citas\system\Database\MySQLi\Connection.php(295): mysqli->query('INSERT INTO `ci...', 0)
#1 C:\xampp\htdocs\Agendamiento-Citas\system\Database\BaseConnection.php(691): CodeIgniter\Database\MySQLi\Connection->execute('INSERT INTO `ci...')
#2 C:\xampp\htdocs\Agendamiento-Citas\system\Database\BaseConnection.php(605): CodeIgniter\Database\BaseConnection->simpleQuery('INSERT INTO `ci...')
#3 C:\xampp\htdocs\Agendamiento-Citas\system\Database\BaseBuilder.php(2309): CodeIgniter\Database\BaseConnection->query('INSERT INTO `ci...', Array, false)
#4 C:\xampp\htdocs\Agendamiento-Citas\system\Model.php(330): CodeIgniter\Database\BaseBuilder->insert()
#5 C:\xampp\htdocs\Agendamiento-Citas\system\BaseModel.php(782): CodeIgniter\Model->doInsert(Array)
#6 C:\xampp\htdocs\Agendamiento-Citas\system\Model.php(730): CodeIgniter\BaseModel->insert(Array, true)
#7 C:\xampp\htdocs\Agendamiento-Citas\app\Controllers\EstudiantesSolicitarCita.php(102): CodeIgniter\Model->insert(Array)
#8 C:\xampp\htdocs\Agendamiento-Citas\system\CodeIgniter.php(934): App\Controllers\EstudiantesSolicitarCita->crear_Cita()
#9 C:\xampp\htdocs\Agendamiento-Citas\system\CodeIgniter.php(499): CodeIgniter\CodeIgniter->runController(Object(App\Controllers\EstudiantesSolicitarCita))
#10 C:\xampp\htdocs\Agendamiento-Citas\system\CodeIgniter.php(368): CodeIgniter\CodeIgniter->handleRequest(NULL, Object(Config\Cache), false)
#11 C:\xampp\htdocs\Agendamiento-Citas\public\index.php(67): CodeIgniter\CodeIgniter->run()
#12 {main}
CRITICAL - 2023-07-02 16:38:34 --> Table 'db_citas.cita' doesn't exist
in SYSTEMPATH\Database\BaseConnection.php on line 645.
 1 SYSTEMPATH\Database\BaseBuilder.php(2309): CodeIgniter\Database\BaseConnection->query('INSERT INTO `cita` (`aula`, `id_asunto`, `hora_de_inicio`, `hora_de_finalizacion`, `usuario_crea`, `fecha_crea`) VALUES (:aula:, :id_asunto:, :hora_de_inicio:, :hora_de_finalizacion:, :usuario_crea:, :fecha_crea:)', [...], false)
 2 SYSTEMPATH\Model.php(330): CodeIgniter\Database\BaseBuilder->insert()
 3 SYSTEMPATH\BaseModel.php(782): CodeIgniter\Model->doInsert([...])
 4 SYSTEMPATH\Model.php(730): CodeIgniter\BaseModel->insert([...], true)
 5 APPPATH\Controllers\EstudiantesSolicitarCita.php(102): CodeIgniter\Model->insert([...])
 6 SYSTEMPATH\CodeIgniter.php(934): App\Controllers\EstudiantesSolicitarCita->crear_Cita()
 7 SYSTEMPATH\CodeIgniter.php(499): CodeIgniter\CodeIgniter->runController(Object(App\Controllers\EstudiantesSolicitarCita))
 8 SYSTEMPATH\CodeIgniter.php(368): CodeIgniter\CodeIgniter->handleRequest(null, Object(Config\Cache), false)
 9 FCPATH\index.php(67): CodeIgniter\CodeIgniter->run()
ERROR - 2023-07-02 16:40:03 --> mysqli_sql_exception: Table 'db_citas.cita' doesn't exist in C:\xampp\htdocs\Agendamiento-Citas\system\Database\MySQLi\Connection.php:295
Stack trace:
#0 C:\xampp\htdocs\Agendamiento-Citas\system\Database\MySQLi\Connection.php(295): mysqli->query('INSERT INTO `ci...', 0)
#1 C:\xampp\htdocs\Agendamiento-Citas\system\Database\BaseConnection.php(691): CodeIgniter\Database\MySQLi\Connection->execute('INSERT INTO `ci...')
#2 C:\xampp\htdocs\Agendamiento-Citas\system\Database\BaseConnection.php(605): CodeIgniter\Database\BaseConnection->simpleQuery('INSERT INTO `ci...')
#3 C:\xampp\htdocs\Agendamiento-Citas\system\Database\BaseBuilder.php(2309): CodeIgniter\Database\BaseConnection->query('INSERT INTO `ci...', Array, false)
#4 C:\xampp\htdocs\Agendamiento-Citas\system\Model.php(330): CodeIgniter\Database\BaseBuilder->insert()
#5 C:\xampp\htdocs\Agendamiento-Citas\system\BaseModel.php(782): CodeIgniter\Model->doInsert(Array)
#6 C:\xampp\htdocs\Agendamiento-Citas\system\Model.php(730): CodeIgniter\BaseModel->insert(Array, true)
#7 C:\xampp\htdocs\Agendamiento-Citas\app\Controllers\EstudiantesSolicitarCita.php(102): CodeIgniter\Model->insert(Array)
#8 C:\xampp\htdocs\Agendamiento-Citas\system\CodeIgniter.php(934): App\Controllers\EstudiantesSolicitarCita->crear_Cita()
#9 C:\xampp\htdocs\Agendamiento-Citas\system\CodeIgniter.php(499): CodeIgniter\CodeIgniter->runController(Object(App\Controllers\EstudiantesSolicitarCita))
#10 C:\xampp\htdocs\Agendamiento-Citas\system\CodeIgniter.php(368): CodeIgniter\CodeIgniter->handleRequest(NULL, Object(Config\Cache), false)
#11 C:\xampp\htdocs\Agendamiento-Citas\public\index.php(67): CodeIgniter\CodeIgniter->run()
#12 {main}
CRITICAL - 2023-07-02 16:40:03 --> Table 'db_citas.cita' doesn't exist
in SYSTEMPATH\Database\BaseConnection.php on line 645.
 1 SYSTEMPATH\Database\BaseBuilder.php(2309): CodeIgniter\Database\BaseConnection->query('INSERT INTO `cita` (`aula`, `id_asunto`, `hora_de_inicio`, `hora_de_finalizacion`, `usuario_crea`, `fecha_crea`) VALUES (:aula:, :id_asunto:, :hora_de_inicio:, :hora_de_finalizacion:, :usuario_crea:, :fecha_crea:)', [...], false)
 2 SYSTEMPATH\Model.php(330): CodeIgniter\Database\BaseBuilder->insert()
 3 SYSTEMPATH\BaseModel.php(782): CodeIgniter\Model->doInsert([...])
 4 SYSTEMPATH\Model.php(730): CodeIgniter\BaseModel->insert([...], true)
 5 APPPATH\Controllers\EstudiantesSolicitarCita.php(102): CodeIgniter\Model->insert([...])
 6 SYSTEMPATH\CodeIgniter.php(934): App\Controllers\EstudiantesSolicitarCita->crear_Cita()
 7 SYSTEMPATH\CodeIgniter.php(499): CodeIgniter\CodeIgniter->runController(Object(App\Controllers\EstudiantesSolicitarCita))
 8 SYSTEMPATH\CodeIgniter.php(368): CodeIgniter\CodeIgniter->handleRequest(null, Object(Config\Cache), false)
 9 FCPATH\index.php(67): CodeIgniter\CodeIgniter->run()
ERROR - 2023-07-02 16:48:04 --> mysqli_sql_exception: Cannot add or update a child row: a foreign key constraint fails (`db_citas`.`citas`, CONSTRAINT `citas_pruevent` FOREIGN KEY (`disponibilidad`) REFERENCES `pruebaeventos` (`id`)) in C:\xampp\htdocs\Agendamiento-Citas\system\Database\MySQLi\Connection.php:295
Stack trace:
#0 C:\xampp\htdocs\Agendamiento-Citas\system\Database\MySQLi\Connection.php(295): mysqli->query('INSERT INTO `ci...', 0)
#1 C:\xampp\htdocs\Agendamiento-Citas\system\Database\BaseConnection.php(691): CodeIgniter\Database\MySQLi\Connection->execute('INSERT INTO `ci...')
#2 C:\xampp\htdocs\Agendamiento-Citas\system\Database\BaseConnection.php(605): CodeIgniter\Database\BaseConnection->simpleQuery('INSERT INTO `ci...')
#3 C:\xampp\htdocs\Agendamiento-Citas\system\Database\BaseBuilder.php(2309): CodeIgniter\Database\BaseConnection->query('INSERT INTO `ci...', Array, false)
#4 C:\xampp\htdocs\Agendamiento-Citas\system\Model.php(330): CodeIgniter\Database\BaseBuilder->insert()
#5 C:\xampp\htdocs\Agendamiento-Citas\system\BaseModel.php(782): CodeIgniter\Model->doInsert(Array)
#6 C:\xampp\htdocs\Agendamiento-Citas\system\Model.php(730): CodeIgniter\BaseModel->insert(Array, true)
#7 C:\xampp\htdocs\Agendamiento-Citas\app\Controllers\EstudiantesSolicitarCita.php(101): CodeIgniter\Model->insert(Array)
#8 C:\xampp\htdocs\Agendamiento-Citas\system\CodeIgniter.php(934): App\Controllers\EstudiantesSolicitarCita->crear_Cita()
#9 C:\xampp\htdocs\Agendamiento-Citas\system\CodeIgniter.php(499): CodeIgniter\CodeIgniter->runController(Object(App\Controllers\EstudiantesSolicitarCita))
#10 C:\xampp\htdocs\Agendamiento-Citas\system\CodeIgniter.php(368): CodeIgniter\CodeIgniter->handleRequest(NULL, Object(Config\Cache), false)
#11 C:\xampp\htdocs\Agendamiento-Citas\public\index.php(67): CodeIgniter\CodeIgniter->run()
#12 {main}
CRITICAL - 2023-07-02 16:48:04 --> Cannot add or update a child row: a foreign key constraint fails (`db_citas`.`citas`, CONSTRAINT `citas_pruevent` FOREIGN KEY (`disponibilidad`) REFERENCES `pruebaeventos` (`id`))
in SYSTEMPATH\Database\BaseConnection.php on line 645.
 1 SYSTEMPATH\Database\BaseBuilder.php(2309): CodeIgniter\Database\BaseConnection->query('INSERT INTO `citas` (`aula`, `id_asunto`, `hora_de_inicio`, `hora_de_finalizacion`, `usuario_crea`, `fecha_crea`) VALUES (:aula:, :id_asunto:, :hora_de_inicio:, :hora_de_finalizacion:, :usuario_crea:, :fecha_crea:)', [...], false)
 2 SYSTEMPATH\Model.php(330): CodeIgniter\Database\BaseBuilder->insert()
 3 SYSTEMPATH\BaseModel.php(782): CodeIgniter\Model->doInsert([...])
 4 SYSTEMPATH\Model.php(730): CodeIgniter\BaseModel->insert([...], true)
 5 APPPATH\Controllers\EstudiantesSolicitarCita.php(101): CodeIgniter\Model->insert([...])
 6 SYSTEMPATH\CodeIgniter.php(934): App\Controllers\EstudiantesSolicitarCita->crear_Cita()
 7 SYSTEMPATH\CodeIgniter.php(499): CodeIgniter\CodeIgniter->runController(Object(App\Controllers\EstudiantesSolicitarCita))
 8 SYSTEMPATH\CodeIgniter.php(368): CodeIgniter\CodeIgniter->handleRequest(null, Object(Config\Cache), false)
 9 FCPATH\index.php(67): CodeIgniter\CodeIgniter->run()
ERROR - 2023-07-02 16:48:53 --> mysqli_sql_exception: Cannot add or update a child row: a foreign key constraint fails (`db_citas`.`citas`, CONSTRAINT `citas_pruevent` FOREIGN KEY (`disponibilidad`) REFERENCES `pruebaeventos` (`id`)) in C:\xampp\htdocs\Agendamiento-Citas\system\Database\MySQLi\Connection.php:295
Stack trace:
#0 C:\xampp\htdocs\Agendamiento-Citas\system\Database\MySQLi\Connection.php(295): mysqli->query('INSERT INTO `ci...', 0)
#1 C:\xampp\htdocs\Agendamiento-Citas\system\Database\BaseConnection.php(691): CodeIgniter\Database\MySQLi\Connection->execute('INSERT INTO `ci...')
#2 C:\xampp\htdocs\Agendamiento-Citas\system\Database\BaseConnection.php(605): CodeIgniter\Database\BaseConnection->simpleQuery('INSERT INTO `ci...')
#3 C:\xampp\htdocs\Agendamiento-Citas\system\Database\BaseBuilder.php(2309): CodeIgniter\Database\BaseConnection->query('INSERT INTO `ci...', Array, false)
#4 C:\xampp\htdocs\Agendamiento-Citas\system\Model.php(330): CodeIgniter\Database\BaseBuilder->insert()
#5 C:\xampp\htdocs\Agendamiento-Citas\system\BaseModel.php(782): CodeIgniter\Model->doInsert(Array)
#6 C:\xampp\htdocs\Agendamiento-Citas\system\Model.php(730): CodeIgniter\BaseModel->insert(Array, true)
#7 C:\xampp\htdocs\Agendamiento-Citas\app\Controllers\EstudiantesSolicitarCita.php(101): CodeIgniter\Model->insert(Array)
#8 C:\xampp\htdocs\Agendamiento-Citas\system\CodeIgniter.php(934): App\Controllers\EstudiantesSolicitarCita->crear_Cita()
#9 C:\xampp\htdocs\Agendamiento-Citas\system\CodeIgniter.php(499): CodeIgniter\CodeIgniter->runController(Object(App\Controllers\EstudiantesSolicitarCita))
#10 C:\xampp\htdocs\Agendamiento-Citas\system\CodeIgniter.php(368): CodeIgniter\CodeIgniter->handleRequest(NULL, Object(Config\Cache), false)
#11 C:\xampp\htdocs\Agendamiento-Citas\public\index.php(67): CodeIgniter\CodeIgniter->run()
#12 {main}
CRITICAL - 2023-07-02 16:48:53 --> Cannot add or update a child row: a foreign key constraint fails (`db_citas`.`citas`, CONSTRAINT `citas_pruevent` FOREIGN KEY (`disponibilidad`) REFERENCES `pruebaeventos` (`id`))
in SYSTEMPATH\Database\BaseConnection.php on line 645.
 1 SYSTEMPATH\Database\BaseBuilder.php(2309): CodeIgniter\Database\BaseConnection->query('INSERT INTO `citas` (`aula`, `id_asunto`, `hora_de_inicio`, `hora_de_finalizacion`, `usuario_crea`, `fecha_crea`) VALUES (:aula:, :id_asunto:, :hora_de_inicio:, :hora_de_finalizacion:, :usuario_crea:, :fecha_crea:)', [...], false)
 2 SYSTEMPATH\Model.php(330): CodeIgniter\Database\BaseBuilder->insert()
 3 SYSTEMPATH\BaseModel.php(782): CodeIgniter\Model->doInsert([...])
 4 SYSTEMPATH\Model.php(730): CodeIgniter\BaseModel->insert([...], true)
 5 APPPATH\Controllers\EstudiantesSolicitarCita.php(101): CodeIgniter\Model->insert([...])
 6 SYSTEMPATH\CodeIgniter.php(934): App\Controllers\EstudiantesSolicitarCita->crear_Cita()
 7 SYSTEMPATH\CodeIgniter.php(499): CodeIgniter\CodeIgniter->runController(Object(App\Controllers\EstudiantesSolicitarCita))
 8 SYSTEMPATH\CodeIgniter.php(368): CodeIgniter\CodeIgniter->handleRequest(null, Object(Config\Cache), false)
 9 FCPATH\index.php(67): CodeIgniter\CodeIgniter->run()
ERROR - 2023-07-02 16:50:50 --> mysqli_sql_exception: Cannot add or update a child row: a foreign key constraint fails (`db_citas`.`citas`, CONSTRAINT `citas_pruevent` FOREIGN KEY (`disponibilidad`) REFERENCES `pruebaeventos` (`id`)) in C:\xampp\htdocs\Agendamiento-Citas\system\Database\MySQLi\Connection.php:295
Stack trace:
#0 C:\xampp\htdocs\Agendamiento-Citas\system\Database\MySQLi\Connection.php(295): mysqli->query('INSERT INTO `ci...', 0)
#1 C:\xampp\htdocs\Agendamiento-Citas\system\Database\BaseConnection.php(691): CodeIgniter\Database\MySQLi\Connection->execute('INSERT INTO `ci...')
#2 C:\xampp\htdocs\Agendamiento-Citas\system\Database\BaseConnection.php(605): CodeIgniter\Database\BaseConnection->simpleQuery('INSERT INTO `ci...')
#3 C:\xampp\htdocs\Agendamiento-Citas\system\Database\BaseBuilder.php(2309): CodeIgniter\Database\BaseConnection->query('INSERT INTO `ci...', Array, false)
#4 C:\xampp\htdocs\Agendamiento-Citas\system\Model.php(330): CodeIgniter\Database\BaseBuilder->insert()
#5 C:\xampp\htdocs\Agendamiento-Citas\system\BaseModel.php(782): CodeIgniter\Model->doInsert(Array)
#6 C:\xampp\htdocs\Agendamiento-Citas\system\Model.php(730): CodeIgniter\BaseModel->insert(Array, true)
#7 C:\xampp\htdocs\Agendamiento-Citas\app\Controllers\EstudiantesSolicitarCita.php(101): CodeIgniter\Model->insert(Array)
#8 C:\xampp\htdocs\Agendamiento-Citas\system\CodeIgniter.php(934): App\Controllers\EstudiantesSolicitarCita->crear_Cita()
#9 C:\xampp\htdocs\Agendamiento-Citas\system\CodeIgniter.php(499): CodeIgniter\CodeIgniter->runController(Object(App\Controllers\EstudiantesSolicitarCita))
#10 C:\xampp\htdocs\Agendamiento-Citas\system\CodeIgniter.php(368): CodeIgniter\CodeIgniter->handleRequest(NULL, Object(Config\Cache), false)
#11 C:\xampp\htdocs\Agendamiento-Citas\public\index.php(67): CodeIgniter\CodeIgniter->run()
#12 {main}
CRITICAL - 2023-07-02 16:50:50 --> Cannot add or update a child row: a foreign key constraint fails (`db_citas`.`citas`, CONSTRAINT `citas_pruevent` FOREIGN KEY (`disponibilidad`) REFERENCES `pruebaeventos` (`id`))
in SYSTEMPATH\Database\BaseConnection.php on line 645.
 1 SYSTEMPATH\Database\BaseBuilder.php(2309): CodeIgniter\Database\BaseConnection->query('INSERT INTO `citas` (`aula`, `id_asunto`, `hora_de_inicio`, `hora_de_finalizacion`, `usuario_crea`, `fecha_crea`) VALUES (:aula:, :id_asunto:, :hora_de_inicio:, :hora_de_finalizacion:, :usuario_crea:, :fecha_crea:)', [...], false)
 2 SYSTEMPATH\Model.php(330): CodeIgniter\Database\BaseBuilder->insert()
 3 SYSTEMPATH\BaseModel.php(782): CodeIgniter\Model->doInsert([...])
 4 SYSTEMPATH\Model.php(730): CodeIgniter\BaseModel->insert([...], true)
 5 APPPATH\Controllers\EstudiantesSolicitarCita.php(101): CodeIgniter\Model->insert([...])
 6 SYSTEMPATH\CodeIgniter.php(934): App\Controllers\EstudiantesSolicitarCita->crear_Cita()
 7 SYSTEMPATH\CodeIgniter.php(499): CodeIgniter\CodeIgniter->runController(Object(App\Controllers\EstudiantesSolicitarCita))
 8 SYSTEMPATH\CodeIgniter.php(368): CodeIgniter\CodeIgniter->handleRequest(null, Object(Config\Cache), false)
 9 FCPATH\index.php(67): CodeIgniter\CodeIgniter->run()
ERROR - 2023-07-02 16:51:01 --> mysqli_sql_exception: Cannot add or update a child row: a foreign key constraint fails (`db_citas`.`citas`, CONSTRAINT `citas_pruevent` FOREIGN KEY (`disponibilidad`) REFERENCES `pruebaeventos` (`id`)) in C:\xampp\htdocs\Agendamiento-Citas\system\Database\MySQLi\Connection.php:295
Stack trace:
#0 C:\xampp\htdocs\Agendamiento-Citas\system\Database\MySQLi\Connection.php(295): mysqli->query('INSERT INTO `ci...', 0)
#1 C:\xampp\htdocs\Agendamiento-Citas\system\Database\BaseConnection.php(691): CodeIgniter\Database\MySQLi\Connection->execute('INSERT INTO `ci...')
#2 C:\xampp\htdocs\Agendamiento-Citas\system\Database\BaseConnection.php(605): CodeIgniter\Database\BaseConnection->simpleQuery('INSERT INTO `ci...')
#3 C:\xampp\htdocs\Agendamiento-Citas\system\Database\BaseBuilder.php(2309): CodeIgniter\Database\BaseConnection->query('INSERT INTO `ci...', Array, false)
#4 C:\xampp\htdocs\Agendamiento-Citas\system\Model.php(330): CodeIgniter\Database\BaseBuilder->insert()
#5 C:\xampp\htdocs\Agendamiento-Citas\system\BaseModel.php(782): CodeIgniter\Model->doInsert(Array)
#6 C:\xampp\htdocs\Agendamiento-Citas\system\Model.php(730): CodeIgniter\BaseModel->insert(Array, true)
#7 C:\xampp\htdocs\Agendamiento-Citas\app\Controllers\EstudiantesSolicitarCita.php(101): CodeIgniter\Model->insert(Array)
#8 C:\xampp\htdocs\Agendamiento-Citas\system\CodeIgniter.php(934): App\Controllers\EstudiantesSolicitarCita->crear_Cita()
#9 C:\xampp\htdocs\Agendamiento-Citas\system\CodeIgniter.php(499): CodeIgniter\CodeIgniter->runController(Object(App\Controllers\EstudiantesSolicitarCita))
#10 C:\xampp\htdocs\Agendamiento-Citas\system\CodeIgniter.php(368): CodeIgniter\CodeIgniter->handleRequest(NULL, Object(Config\Cache), false)
#11 C:\xampp\htdocs\Agendamiento-Citas\public\index.php(67): CodeIgniter\CodeIgniter->run()
#12 {main}
CRITICAL - 2023-07-02 16:51:01 --> Cannot add or update a child row: a foreign key constraint fails (`db_citas`.`citas`, CONSTRAINT `citas_pruevent` FOREIGN KEY (`disponibilidad`) REFERENCES `pruebaeventos` (`id`))
in SYSTEMPATH\Database\BaseConnection.php on line 645.
 1 SYSTEMPATH\Database\BaseBuilder.php(2309): CodeIgniter\Database\BaseConnection->query('INSERT INTO `citas` (`aula`, `id_asunto`, `hora_de_inicio`, `hora_de_finalizacion`, `usuario_crea`, `fecha_crea`) VALUES (:aula:, :id_asunto:, :hora_de_inicio:, :hora_de_finalizacion:, :usuario_crea:, :fecha_crea:)', [...], false)
 2 SYSTEMPATH\Model.php(330): CodeIgniter\Database\BaseBuilder->insert()
 3 SYSTEMPATH\BaseModel.php(782): CodeIgniter\Model->doInsert([...])
 4 SYSTEMPATH\Model.php(730): CodeIgniter\BaseModel->insert([...], true)
 5 APPPATH\Controllers\EstudiantesSolicitarCita.php(101): CodeIgniter\Model->insert([...])
 6 SYSTEMPATH\CodeIgniter.php(934): App\Controllers\EstudiantesSolicitarCita->crear_Cita()
 7 SYSTEMPATH\CodeIgniter.php(499): CodeIgniter\CodeIgniter->runController(Object(App\Controllers\EstudiantesSolicitarCita))
 8 SYSTEMPATH\CodeIgniter.php(368): CodeIgniter\CodeIgniter->handleRequest(null, Object(Config\Cache), false)
 9 FCPATH\index.php(67): CodeIgniter\CodeIgniter->run()
CRITICAL - 2023-07-02 16:59:23 --> Undefined array key "asunto"
in APPPATH\Views\estudiantes\solicitar\solicitar.php on line 118.
 1 APPPATH\Views\estudiantes\solicitar\solicitar.php(118): CodeIgniter\Debug\Exceptions->errorHandler(2, 'Undefined array key "asunto"', 'APPPATH\\Views\\estudiantes\\solicitar\\solicitar.php', 118)
 2 SYSTEMPATH\View\View.php(213): include('APPPATH\\Views\\estudiantes\\solicitar\\solicitar.php')
 3 SYSTEMPATH\View\View.php(216): CodeIgniter\View\View->CodeIgniter\View\{closure}()
 4 SYSTEMPATH\Common.php(1184): CodeIgniter\View\View->render('estudiantes/Solicitar/solicitar', [], true)
 5 APPPATH\Controllers\EstudiantesSolicitarCita.php(60): view('estudiantes/Solicitar/solicitar', [...])
 6 SYSTEMPATH\CodeIgniter.php(934): App\Controllers\EstudiantesSolicitarCita->index()
 7 SYSTEMPATH\CodeIgniter.php(499): CodeIgniter\CodeIgniter->runController(Object(App\Controllers\EstudiantesSolicitarCita))
 8 SYSTEMPATH\CodeIgniter.php(368): CodeIgniter\CodeIgniter->handleRequest(null, Object(Config\Cache), false)
 9 FCPATH\index.php(67): CodeIgniter\CodeIgniter->run()
ERROR - 2023-07-02 17:03:51 --> mysqli_sql_exception: Cannot delete or update a parent row: a foreign key constraint fails (`db_citas`.`citas`, CONSTRAINT `citas_pruevent` FOREIGN KEY (`disponibilidad`) REFERENCES `pruebaeventos` (`id`)) in C:\xampp\htdocs\Agendamiento-Citas\system\Database\MySQLi\Connection.php:295
Stack trace:
#0 C:\xampp\htdocs\Agendamiento-Citas\system\Database\MySQLi\Connection.php(295): mysqli->query('DELETE FROM `pr...', 0)
#1 C:\xampp\htdocs\Agendamiento-Citas\system\Database\BaseConnection.php(691): CodeIgniter\Database\MySQLi\Connection->execute('DELETE FROM `pr...')
#2 C:\xampp\htdocs\Agendamiento-Citas\system\Database\BaseConnection.php(605): CodeIgniter\Database\BaseConnection->simpleQuery('DELETE FROM `pr...')
#3 C:\xampp\htdocs\Agendamiento-Citas\system\Database\BaseBuilder.php(2791): CodeIgniter\Database\BaseConnection->query('DELETE FROM `pr...', Array, false)
#4 C:\xampp\htdocs\Agendamiento-Citas\system\Model.php(456): CodeIgniter\Database\BaseBuilder->delete()
#5 C:\xampp\htdocs\Agendamiento-Citas\system\BaseModel.php(1065): CodeIgniter\Model->doDelete(Array, false)
#6 C:\xampp\htdocs\Agendamiento-Citas\app\Controllers\DocenteDisponibilidad.php(89): CodeIgniter\BaseModel->delete(Array)
#7 C:\xampp\htdocs\Agendamiento-Citas\system\CodeIgniter.php(934): App\Controllers\DocenteDisponibilidad->eliminar_evento('49')
#8 C:\xampp\htdocs\Agendamiento-Citas\system\CodeIgniter.php(499): CodeIgniter\CodeIgniter->runController(Object(App\Controllers\DocenteDisponibilidad))
#9 C:\xampp\htdocs\Agendamiento-Citas\system\CodeIgniter.php(368): CodeIgniter\CodeIgniter->handleRequest(NULL, Object(Config\Cache), false)
#10 C:\xampp\htdocs\Agendamiento-Citas\public\index.php(67): CodeIgniter\CodeIgniter->run()
#11 {main}
CRITICAL - 2023-07-02 17:03:51 --> Cannot delete or update a parent row: a foreign key constraint fails (`db_citas`.`citas`, CONSTRAINT `citas_pruevent` FOREIGN KEY (`disponibilidad`) REFERENCES `pruebaeventos` (`id`))
in SYSTEMPATH\Database\BaseConnection.php on line 645.
 1 SYSTEMPATH\Database\BaseBuilder.php(2791): CodeIgniter\Database\BaseConnection->query('DELETE FROM `pruebaeventos`
WHERE `id` IN :id:', [...], false)
 2 SYSTEMPATH\Model.php(456): CodeIgniter\Database\BaseBuilder->delete()
 3 SYSTEMPATH\BaseModel.php(1065): CodeIgniter\Model->doDelete([...], false)
 4 APPPATH\Controllers\DocenteDisponibilidad.php(89): CodeIgniter\BaseModel->delete([...])
 5 SYSTEMPATH\CodeIgniter.php(934): App\Controllers\DocenteDisponibilidad->eliminar_evento('49')
 6 SYSTEMPATH\CodeIgniter.php(499): CodeIgniter\CodeIgniter->runController(Object(App\Controllers\DocenteDisponibilidad))
 7 SYSTEMPATH\CodeIgniter.php(368): CodeIgniter\CodeIgniter->handleRequest(null, Object(Config\Cache), false)
 8 FCPATH\index.php(67): CodeIgniter\CodeIgniter->run()
ERROR - 2023-07-02 17:03:55 --> mysqli_sql_exception: Cannot delete or update a parent row: a foreign key constraint fails (`db_citas`.`citas`, CONSTRAINT `citas_pruevent` FOREIGN KEY (`disponibilidad`) REFERENCES `pruebaeventos` (`id`)) in C:\xampp\htdocs\Agendamiento-Citas\system\Database\MySQLi\Connection.php:295
Stack trace:
#0 C:\xampp\htdocs\Agendamiento-Citas\system\Database\MySQLi\Connection.php(295): mysqli->query('DELETE FROM `pr...', 0)
#1 C:\xampp\htdocs\Agendamiento-Citas\system\Database\BaseConnection.php(691): CodeIgniter\Database\MySQLi\Connection->execute('DELETE FROM `pr...')
#2 C:\xampp\htdocs\Agendamiento-Citas\system\Database\BaseConnection.php(605): CodeIgniter\Database\BaseConnection->simpleQuery('DELETE FROM `pr...')
#3 C:\xampp\htdocs\Agendamiento-Citas\system\Database\BaseBuilder.php(2791): CodeIgniter\Database\BaseConnection->query('DELETE FROM `pr...', Array, false)
#4 C:\xampp\htdocs\Agendamiento-Citas\system\Model.php(456): CodeIgniter\Database\BaseBuilder->delete()
#5 C:\xampp\htdocs\Agendamiento-Citas\system\BaseModel.php(1065): CodeIgniter\Model->doDelete(Array, false)
#6 C:\xampp\htdocs\Agendamiento-Citas\app\Controllers\DocenteDisponibilidad.php(89): CodeIgniter\BaseModel->delete(Array)
#7 C:\xampp\htdocs\Agendamiento-Citas\system\CodeIgniter.php(934): App\Controllers\DocenteDisponibilidad->eliminar_evento('49')
#8 C:\xampp\htdocs\Agendamiento-Citas\system\CodeIgniter.php(499): CodeIgniter\CodeIgniter->runController(Object(App\Controllers\DocenteDisponibilidad))
#9 C:\xampp\htdocs\Agendamiento-Citas\system\CodeIgniter.php(368): CodeIgniter\CodeIgniter->handleRequest(NULL, Object(Config\Cache), false)
#10 C:\xampp\htdocs\Agendamiento-Citas\public\index.php(67): CodeIgniter\CodeIgniter->run()
#11 {main}
CRITICAL - 2023-07-02 17:03:55 --> Cannot delete or update a parent row: a foreign key constraint fails (`db_citas`.`citas`, CONSTRAINT `citas_pruevent` FOREIGN KEY (`disponibilidad`) REFERENCES `pruebaeventos` (`id`))
in SYSTEMPATH\Database\BaseConnection.php on line 645.
 1 SYSTEMPATH\Database\BaseBuilder.php(2791): CodeIgniter\Database\BaseConnection->query('DELETE FROM `pruebaeventos`
WHERE `id` IN :id:', [...], false)
 2 SYSTEMPATH\Model.php(456): CodeIgniter\Database\BaseBuilder->delete()
 3 SYSTEMPATH\BaseModel.php(1065): CodeIgniter\Model->doDelete([...], false)
 4 APPPATH\Controllers\DocenteDisponibilidad.php(89): CodeIgniter\BaseModel->delete([...])
 5 SYSTEMPATH\CodeIgniter.php(934): App\Controllers\DocenteDisponibilidad->eliminar_evento('49')
 6 SYSTEMPATH\CodeIgniter.php(499): CodeIgniter\CodeIgniter->runController(Object(App\Controllers\DocenteDisponibilidad))
 7 SYSTEMPATH\CodeIgniter.php(368): CodeIgniter\CodeIgniter->handleRequest(null, Object(Config\Cache), false)
 8 FCPATH\index.php(67): CodeIgniter\CodeIgniter->run()
ERROR - 2023-07-02 17:04:08 --> mysqli_sql_exception: Cannot delete or update a parent row: a foreign key constraint fails (`db_citas`.`citas`, CONSTRAINT `citas_pruevent` FOREIGN KEY (`disponibilidad`) REFERENCES `pruebaeventos` (`id`)) in C:\xampp\htdocs\Agendamiento-Citas\system\Database\MySQLi\Connection.php:295
Stack trace:
#0 C:\xampp\htdocs\Agendamiento-Citas\system\Database\MySQLi\Connection.php(295): mysqli->query('DELETE FROM `pr...', 0)
#1 C:\xampp\htdocs\Agendamiento-Citas\system\Database\BaseConnection.php(691): CodeIgniter\Database\MySQLi\Connection->execute('DELETE FROM `pr...')
#2 C:\xampp\htdocs\Agendamiento-Citas\system\Database\BaseConnection.php(605): CodeIgniter\Database\BaseConnection->simpleQuery('DELETE FROM `pr...')
#3 C:\xampp\htdocs\Agendamiento-Citas\system\Database\BaseBuilder.php(2791): CodeIgniter\Database\BaseConnection->query('DELETE FROM `pr...', Array, false)
#4 C:\xampp\htdocs\Agendamiento-Citas\system\Model.php(456): CodeIgniter\Database\BaseBuilder->delete()
#5 C:\xampp\htdocs\Agendamiento-Citas\system\BaseModel.php(1065): CodeIgniter\Model->doDelete(Array, false)
#6 C:\xampp\htdocs\Agendamiento-Citas\app\Controllers\DocenteDisponibilidad.php(89): CodeIgniter\BaseModel->delete(Array)
#7 C:\xampp\htdocs\Agendamiento-Citas\system\CodeIgniter.php(934): App\Controllers\DocenteDisponibilidad->eliminar_evento('49')
#8 C:\xampp\htdocs\Agendamiento-Citas\system\CodeIgniter.php(499): CodeIgniter\CodeIgniter->runController(Object(App\Controllers\DocenteDisponibilidad))
#9 C:\xampp\htdocs\Agendamiento-Citas\system\CodeIgniter.php(368): CodeIgniter\CodeIgniter->handleRequest(NULL, Object(Config\Cache), false)
#10 C:\xampp\htdocs\Agendamiento-Citas\public\index.php(67): CodeIgniter\CodeIgniter->run()
#11 {main}
CRITICAL - 2023-07-02 17:04:08 --> Cannot delete or update a parent row: a foreign key constraint fails (`db_citas`.`citas`, CONSTRAINT `citas_pruevent` FOREIGN KEY (`disponibilidad`) REFERENCES `pruebaeventos` (`id`))
in SYSTEMPATH\Database\BaseConnection.php on line 645.
 1 SYSTEMPATH\Database\BaseBuilder.php(2791): CodeIgniter\Database\BaseConnection->query('DELETE FROM `pruebaeventos`
WHERE `id` IN :id:', [...], false)
 2 SYSTEMPATH\Model.php(456): CodeIgniter\Database\BaseBuilder->delete()
 3 SYSTEMPATH\BaseModel.php(1065): CodeIgniter\Model->doDelete([...], false)
 4 APPPATH\Controllers\DocenteDisponibilidad.php(89): CodeIgniter\BaseModel->delete([...])
 5 SYSTEMPATH\CodeIgniter.php(934): App\Controllers\DocenteDisponibilidad->eliminar_evento('49')
 6 SYSTEMPATH\CodeIgniter.php(499): CodeIgniter\CodeIgniter->runController(Object(App\Controllers\DocenteDisponibilidad))
 7 SYSTEMPATH\CodeIgniter.php(368): CodeIgniter\CodeIgniter->handleRequest(null, Object(Config\Cache), false)
 8 FCPATH\index.php(67): CodeIgniter\CodeIgniter->run()
ERROR - 2023-07-02 17:04:28 --> mysqli_sql_exception: Cannot delete or update a parent row: a foreign key constraint fails (`db_citas`.`citas`, CONSTRAINT `citas_pruevent` FOREIGN KEY (`disponibilidad`) REFERENCES `pruebaeventos` (`id`)) in C:\xampp\htdocs\Agendamiento-Citas\system\Database\MySQLi\Connection.php:295
Stack trace:
#0 C:\xampp\htdocs\Agendamiento-Citas\system\Database\MySQLi\Connection.php(295): mysqli->query('DELETE FROM `pr...', 0)
#1 C:\xampp\htdocs\Agendamiento-Citas\system\Database\BaseConnection.php(691): CodeIgniter\Database\MySQLi\Connection->execute('DELETE FROM `pr...')
#2 C:\xampp\htdocs\Agendamiento-Citas\system\Database\BaseConnection.php(605): CodeIgniter\Database\BaseConnection->simpleQuery('DELETE FROM `pr...')
#3 C:\xampp\htdocs\Agendamiento-Citas\system\Database\BaseBuilder.php(2791): CodeIgniter\Database\BaseConnection->query('DELETE FROM `pr...', Array, false)
#4 C:\xampp\htdocs\Agendamiento-Citas\system\Model.php(456): CodeIgniter\Database\BaseBuilder->delete()
#5 C:\xampp\htdocs\Agendamiento-Citas\system\BaseModel.php(1065): CodeIgniter\Model->doDelete(Array, false)
#6 C:\xampp\htdocs\Agendamiento-Citas\app\Controllers\DocenteDisponibilidad.php(89): CodeIgniter\BaseModel->delete(Array)
#7 C:\xampp\htdocs\Agendamiento-Citas\system\CodeIgniter.php(934): App\Controllers\DocenteDisponibilidad->eliminar_evento('49')
#8 C:\xampp\htdocs\Agendamiento-Citas\system\CodeIgniter.php(499): CodeIgniter\CodeIgniter->runController(Object(App\Controllers\DocenteDisponibilidad))
#9 C:\xampp\htdocs\Agendamiento-Citas\system\CodeIgniter.php(368): CodeIgniter\CodeIgniter->handleRequest(NULL, Object(Config\Cache), false)
#10 C:\xampp\htdocs\Agendamiento-Citas\public\index.php(67): CodeIgniter\CodeIgniter->run()
#11 {main}
CRITICAL - 2023-07-02 17:04:28 --> Cannot delete or update a parent row: a foreign key constraint fails (`db_citas`.`citas`, CONSTRAINT `citas_pruevent` FOREIGN KEY (`disponibilidad`) REFERENCES `pruebaeventos` (`id`))
in SYSTEMPATH\Database\BaseConnection.php on line 645.
 1 SYSTEMPATH\Database\BaseBuilder.php(2791): CodeIgniter\Database\BaseConnection->query('DELETE FROM `pruebaeventos`
WHERE `id` IN :id:', [...], false)
 2 SYSTEMPATH\Model.php(456): CodeIgniter\Database\BaseBuilder->delete()
 3 SYSTEMPATH\BaseModel.php(1065): CodeIgniter\Model->doDelete([...], false)
 4 APPPATH\Controllers\DocenteDisponibilidad.php(89): CodeIgniter\BaseModel->delete([...])
 5 SYSTEMPATH\CodeIgniter.php(934): App\Controllers\DocenteDisponibilidad->eliminar_evento('49')
 6 SYSTEMPATH\CodeIgniter.php(499): CodeIgniter\CodeIgniter->runController(Object(App\Controllers\DocenteDisponibilidad))
 7 SYSTEMPATH\CodeIgniter.php(368): CodeIgniter\CodeIgniter->handleRequest(null, Object(Config\Cache), false)
 8 FCPATH\index.php(67): CodeIgniter\CodeIgniter->run()
CRITICAL - 2023-07-02 17:09:48 --> Undefined variable $Asun
in APPPATH\Views\estudiantes\solicitar\solicitar.php on line 114.
 1 APPPATH\Views\estudiantes\solicitar\solicitar.php(114): CodeIgniter\Debug\Exceptions->errorHandler(2, 'Undefined variable $Asun', 'APPPATH\\Views\\estudiantes\\solicitar\\solicitar.php', 114)
 2 SYSTEMPATH\View\View.php(213): include('APPPATH\\Views\\estudiantes\\solicitar\\solicitar.php')
 3 SYSTEMPATH\View\View.php(216): CodeIgniter\View\View->CodeIgniter\View\{closure}()
 4 SYSTEMPATH\Common.php(1184): CodeIgniter\View\View->render('estudiantes/Solicitar/solicitar', [], true)
 5 APPPATH\Controllers\EstudiantesSolicitarCita.php(60): view('estudiantes/Solicitar/solicitar', [...])
 6 SYSTEMPATH\CodeIgniter.php(934): App\Controllers\EstudiantesSolicitarCita->index()
 7 SYSTEMPATH\CodeIgniter.php(499): CodeIgniter\CodeIgniter->runController(Object(App\Controllers\EstudiantesSolicitarCita))
 8 SYSTEMPATH\CodeIgniter.php(368): CodeIgniter\CodeIgniter->handleRequest(null, Object(Config\Cache), false)
 9 FCPATH\index.php(67): CodeIgniter\CodeIgniter->run()
CRITICAL - 2023-07-02 17:10:06 --> Undefined variable $Asun
in APPPATH\Views\estudiantes\solicitar\solicitar.php on line 114.
 1 APPPATH\Views\estudiantes\solicitar\solicitar.php(114): CodeIgniter\Debug\Exceptions->errorHandler(2, 'Undefined variable $Asun', 'APPPATH\\Views\\estudiantes\\solicitar\\solicitar.php', 114)
 2 SYSTEMPATH\View\View.php(213): include('APPPATH\\Views\\estudiantes\\solicitar\\solicitar.php')
 3 SYSTEMPATH\View\View.php(216): CodeIgniter\View\View->CodeIgniter\View\{closure}()
 4 SYSTEMPATH\Common.php(1184): CodeIgniter\View\View->render('estudiantes/Solicitar/solicitar', [], true)
 5 APPPATH\Controllers\EstudiantesSolicitarCita.php(60): view('estudiantes/Solicitar/solicitar', [...])
 6 SYSTEMPATH\CodeIgniter.php(934): App\Controllers\EstudiantesSolicitarCita->index()
 7 SYSTEMPATH\CodeIgniter.php(499): CodeIgniter\CodeIgniter->runController(Object(App\Controllers\EstudiantesSolicitarCita))
 8 SYSTEMPATH\CodeIgniter.php(368): CodeIgniter\CodeIgniter->handleRequest(null, Object(Config\Cache), false)
 9 FCPATH\index.php(67): CodeIgniter\CodeIgniter->run()
CRITICAL - 2023-07-02 17:10:21 --> Undefined array key "id"
in APPPATH\Views\estudiantes\solicitar\solicitar.php on line 114.
 1 APPPATH\Views\estudiantes\solicitar\solicitar.php(114): CodeIgniter\Debug\Exceptions->errorHandler(2, 'Undefined array key "id"', 'APPPATH\\Views\\estudiantes\\solicitar\\solicitar.php', 114)
 2 SYSTEMPATH\View\View.php(213): include('APPPATH\\Views\\estudiantes\\solicitar\\solicitar.php')
 3 SYSTEMPATH\View\View.php(216): CodeIgniter\View\View->CodeIgniter\View\{closure}()
 4 SYSTEMPATH\Common.php(1184): CodeIgniter\View\View->render('estudiantes/Solicitar/solicitar', [], true)
 5 APPPATH\Controllers\EstudiantesSolicitarCita.php(60): view('estudiantes/Solicitar/solicitar', [...])
 6 SYSTEMPATH\CodeIgniter.php(934): App\Controllers\EstudiantesSolicitarCita->index()
 7 SYSTEMPATH\CodeIgniter.php(499): CodeIgniter\CodeIgniter->runController(Object(App\Controllers\EstudiantesSolicitarCita))
 8 SYSTEMPATH\CodeIgniter.php(368): CodeIgniter\CodeIgniter->handleRequest(null, Object(Config\Cache), false)
 9 FCPATH\index.php(67): CodeIgniter\CodeIgniter->run()
ERROR - 2023-07-02 17:12:58 --> mysqli_sql_exception: Cannot delete or update a parent row: a foreign key constraint fails (`db_citas`.`citas`, CONSTRAINT `citas_pruevent` FOREIGN KEY (`disponibilidad`) REFERENCES `pruebaeventos` (`id`)) in C:\xampp\htdocs\Agendamiento-Citas\system\Database\MySQLi\Connection.php:295
Stack trace:
#0 C:\xampp\htdocs\Agendamiento-Citas\system\Database\MySQLi\Connection.php(295): mysqli->query('DELETE FROM `pr...', 0)
#1 C:\xampp\htdocs\Agendamiento-Citas\system\Database\BaseConnection.php(691): CodeIgniter\Database\MySQLi\Connection->execute('DELETE FROM `pr...')
#2 C:\xampp\htdocs\Agendamiento-Citas\system\Database\BaseConnection.php(605): CodeIgniter\Database\BaseConnection->simpleQuery('DELETE FROM `pr...')
#3 C:\xampp\htdocs\Agendamiento-Citas\system\Database\BaseBuilder.php(2791): CodeIgniter\Database\BaseConnection->query('DELETE FROM `pr...', Array, false)
#4 C:\xampp\htdocs\Agendamiento-Citas\system\Model.php(456): CodeIgniter\Database\BaseBuilder->delete()
#5 C:\xampp\htdocs\Agendamiento-Citas\system\BaseModel.php(1065): CodeIgniter\Model->doDelete(Array, false)
#6 C:\xampp\htdocs\Agendamiento-Citas\app\Controllers\DocenteDisponibilidad.php(89): CodeIgniter\BaseModel->delete(Array)
#7 C:\xampp\htdocs\Agendamiento-Citas\system\CodeIgniter.php(934): App\Controllers\DocenteDisponibilidad->eliminar_evento('91')
#8 C:\xampp\htdocs\Agendamiento-Citas\system\CodeIgniter.php(499): CodeIgniter\CodeIgniter->runController(Object(App\Controllers\DocenteDisponibilidad))
#9 C:\xampp\htdocs\Agendamiento-Citas\system\CodeIgniter.php(368): CodeIgniter\CodeIgniter->handleRequest(NULL, Object(Config\Cache), false)
#10 C:\xampp\htdocs\Agendamiento-Citas\public\index.php(67): CodeIgniter\CodeIgniter->run()
#11 {main}
CRITICAL - 2023-07-02 17:12:58 --> Cannot delete or update a parent row: a foreign key constraint fails (`db_citas`.`citas`, CONSTRAINT `citas_pruevent` FOREIGN KEY (`disponibilidad`) REFERENCES `pruebaeventos` (`id`))
in SYSTEMPATH\Database\BaseConnection.php on line 645.
 1 SYSTEMPATH\Database\BaseBuilder.php(2791): CodeIgniter\Database\BaseConnection->query('DELETE FROM `pruebaeventos`
WHERE `id` IN :id:', [...], false)
 2 SYSTEMPATH\Model.php(456): CodeIgniter\Database\BaseBuilder->delete()
 3 SYSTEMPATH\BaseModel.php(1065): CodeIgniter\Model->doDelete([...], false)
 4 APPPATH\Controllers\DocenteDisponibilidad.php(89): CodeIgniter\BaseModel->delete([...])
 5 SYSTEMPATH\CodeIgniter.php(934): App\Controllers\DocenteDisponibilidad->eliminar_evento('91')
 6 SYSTEMPATH\CodeIgniter.php(499): CodeIgniter\CodeIgniter->runController(Object(App\Controllers\DocenteDisponibilidad))
 7 SYSTEMPATH\CodeIgniter.php(368): CodeIgniter\CodeIgniter->handleRequest(null, Object(Config\Cache), false)
 8 FCPATH\index.php(67): CodeIgniter\CodeIgniter->run()
ERROR - 2023-07-02 17:13:02 --> mysqli_sql_exception: Cannot delete or update a parent row: a foreign key constraint fails (`db_citas`.`citas`, CONSTRAINT `citas_pruevent` FOREIGN KEY (`disponibilidad`) REFERENCES `pruebaeventos` (`id`)) in C:\xampp\htdocs\Agendamiento-Citas\system\Database\MySQLi\Connection.php:295
Stack trace:
#0 C:\xampp\htdocs\Agendamiento-Citas\system\Database\MySQLi\Connection.php(295): mysqli->query('DELETE FROM `pr...', 0)
#1 C:\xampp\htdocs\Agendamiento-Citas\system\Database\BaseConnection.php(691): CodeIgniter\Database\MySQLi\Connection->execute('DELETE FROM `pr...')
#2 C:\xampp\htdocs\Agendamiento-Citas\system\Database\BaseConnection.php(605): CodeIgniter\Database\BaseConnection->simpleQuery('DELETE FROM `pr...')
#3 C:\xampp\htdocs\Agendamiento-Citas\system\Database\BaseBuilder.php(2791): CodeIgniter\Database\BaseConnection->query('DELETE FROM `pr...', Array, false)
#4 C:\xampp\htdocs\Agendamiento-Citas\system\Model.php(456): CodeIgniter\Database\BaseBuilder->delete()
#5 C:\xampp\htdocs\Agendamiento-Citas\system\BaseModel.php(1065): CodeIgniter\Model->doDelete(Array, false)
#6 C:\xampp\htdocs\Agendamiento-Citas\app\Controllers\DocenteDisponibilidad.php(89): CodeIgniter\BaseModel->delete(Array)
#7 C:\xampp\htdocs\Agendamiento-Citas\system\CodeIgniter.php(934): App\Controllers\DocenteDisponibilidad->eliminar_evento('91')
#8 C:\xampp\htdocs\Agendamiento-Citas\system\CodeIgniter.php(499): CodeIgniter\CodeIgniter->runController(Object(App\Controllers\DocenteDisponibilidad))
#9 C:\xampp\htdocs\Agendamiento-Citas\system\CodeIgniter.php(368): CodeIgniter\CodeIgniter->handleRequest(NULL, Object(Config\Cache), false)
#10 C:\xampp\htdocs\Agendamiento-Citas\public\index.php(67): CodeIgniter\CodeIgniter->run()
#11 {main}
CRITICAL - 2023-07-02 17:13:02 --> Cannot delete or update a parent row: a foreign key constraint fails (`db_citas`.`citas`, CONSTRAINT `citas_pruevent` FOREIGN KEY (`disponibilidad`) REFERENCES `pruebaeventos` (`id`))
in SYSTEMPATH\Database\BaseConnection.php on line 645.
 1 SYSTEMPATH\Database\BaseBuilder.php(2791): CodeIgniter\Database\BaseConnection->query('DELETE FROM `pruebaeventos`
WHERE `id` IN :id:', [...], false)
 2 SYSTEMPATH\Model.php(456): CodeIgniter\Database\BaseBuilder->delete()
 3 SYSTEMPATH\BaseModel.php(1065): CodeIgniter\Model->doDelete([...], false)
 4 APPPATH\Controllers\DocenteDisponibilidad.php(89): CodeIgniter\BaseModel->delete([...])
 5 SYSTEMPATH\CodeIgniter.php(934): App\Controllers\DocenteDisponibilidad->eliminar_evento('91')
 6 SYSTEMPATH\CodeIgniter.php(499): CodeIgniter\CodeIgniter->runController(Object(App\Controllers\DocenteDisponibilidad))
 7 SYSTEMPATH\CodeIgniter.php(368): CodeIgniter\CodeIgniter->handleRequest(null, Object(Config\Cache), false)
 8 FCPATH\index.php(67): CodeIgniter\CodeIgniter->run()
CRITICAL - 2023-07-02 17:17:59 --> Undefined array key "nombre_asunto"
in APPPATH\Views\estudiantes\solicitar\solicitar.php on line 121.
 1 APPPATH\Views\estudiantes\solicitar\solicitar.php(121): CodeIgniter\Debug\Exceptions->errorHandler(2, 'Undefined array key "nombre_asunto"', 'APPPATH\\Views\\estudiantes\\solicitar\\solicitar.php', 121)
 2 SYSTEMPATH\View\View.php(213): include('APPPATH\\Views\\estudiantes\\solicitar\\solicitar.php')
 3 SYSTEMPATH\View\View.php(216): CodeIgniter\View\View->CodeIgniter\View\{closure}()
 4 SYSTEMPATH\Common.php(1184): CodeIgniter\View\View->render('estudiantes/Solicitar/solicitar', [], true)
 5 APPPATH\Controllers\EstudiantesSolicitarCita.php(60): view('estudiantes/Solicitar/solicitar', [...])
 6 SYSTEMPATH\CodeIgniter.php(934): App\Controllers\EstudiantesSolicitarCita->index()
 7 SYSTEMPATH\CodeIgniter.php(499): CodeIgniter\CodeIgniter->runController(Object(App\Controllers\EstudiantesSolicitarCita))
 8 SYSTEMPATH\CodeIgniter.php(368): CodeIgniter\CodeIgniter->handleRequest(null, Object(Config\Cache), false)
 9 FCPATH\index.php(67): CodeIgniter\CodeIgniter->run()
CRITICAL - 2023-07-02 17:18:02 --> Undefined array key "nombre_asunto"
in APPPATH\Views\estudiantes\solicitar\solicitar.php on line 121.
 1 APPPATH\Views\estudiantes\solicitar\solicitar.php(121): CodeIgniter\Debug\Exceptions->errorHandler(2, 'Undefined array key "nombre_asunto"', 'APPPATH\\Views\\estudiantes\\solicitar\\solicitar.php', 121)
 2 SYSTEMPATH\View\View.php(213): include('APPPATH\\Views\\estudiantes\\solicitar\\solicitar.php')
 3 SYSTEMPATH\View\View.php(216): CodeIgniter\View\View->CodeIgniter\View\{closure}()
 4 SYSTEMPATH\Common.php(1184): CodeIgniter\View\View->render('estudiantes/Solicitar/solicitar', [], true)
 5 APPPATH\Controllers\EstudiantesSolicitarCita.php(60): view('estudiantes/Solicitar/solicitar', [...])
 6 SYSTEMPATH\CodeIgniter.php(934): App\Controllers\EstudiantesSolicitarCita->index()
 7 SYSTEMPATH\CodeIgniter.php(499): CodeIgniter\CodeIgniter->runController(Object(App\Controllers\EstudiantesSolicitarCita))
 8 SYSTEMPATH\CodeIgniter.php(368): CodeIgniter\CodeIgniter->handleRequest(null, Object(Config\Cache), false)
 9 FCPATH\index.php(67): CodeIgniter\CodeIgniter->run()
CRITICAL - 2023-07-02 17:19:15 --> Undefined array key "nombre_asunto"
in APPPATH\Views\estudiantes\solicitar\solicitar.php on line 126.
 1 APPPATH\Views\estudiantes\solicitar\solicitar.php(126): CodeIgniter\Debug\Exceptions->errorHandler(2, 'Undefined array key "nombre_asunto"', 'APPPATH\\Views\\estudiantes\\solicitar\\solicitar.php', 126)
 2 SYSTEMPATH\View\View.php(213): include('APPPATH\\Views\\estudiantes\\solicitar\\solicitar.php')
 3 SYSTEMPATH\View\View.php(216): CodeIgniter\View\View->CodeIgniter\View\{closure}()
 4 SYSTEMPATH\Common.php(1184): CodeIgniter\View\View->render('estudiantes/Solicitar/solicitar', [], true)
 5 APPPATH\Controllers\EstudiantesSolicitarCita.php(60): view('estudiantes/Solicitar/solicitar', [...])
 6 SYSTEMPATH\CodeIgniter.php(934): App\Controllers\EstudiantesSolicitarCita->index()
 7 SYSTEMPATH\CodeIgniter.php(499): CodeIgniter\CodeIgniter->runController(Object(App\Controllers\EstudiantesSolicitarCita))
 8 SYSTEMPATH\CodeIgniter.php(368): CodeIgniter\CodeIgniter->handleRequest(null, Object(Config\Cache), false)
 9 FCPATH\index.php(67): CodeIgniter\CodeIgniter->run()
CRITICAL - 2023-07-02 17:19:21 --> Undefined array key "aula"
in APPPATH\Views\estudiantes\solicitar\solicitar.php on line 126.
 1 APPPATH\Views\estudiantes\solicitar\solicitar.php(126): CodeIgniter\Debug\Exceptions->errorHandler(2, 'Undefined array key "aula"', 'APPPATH\\Views\\estudiantes\\solicitar\\solicitar.php', 126)
 2 SYSTEMPATH\View\View.php(213): include('APPPATH\\Views\\estudiantes\\solicitar\\solicitar.php')
 3 SYSTEMPATH\View\View.php(216): CodeIgniter\View\View->CodeIgniter\View\{closure}()
 4 SYSTEMPATH\Common.php(1184): CodeIgniter\View\View->render('estudiantes/Solicitar/solicitar', [], true)
 5 APPPATH\Controllers\EstudiantesSolicitarCita.php(60): view('estudiantes/Solicitar/solicitar', [...])
 6 SYSTEMPATH\CodeIgniter.php(934): App\Controllers\EstudiantesSolicitarCita->index()
 7 SYSTEMPATH\CodeIgniter.php(499): CodeIgniter\CodeIgniter->runController(Object(App\Controllers\EstudiantesSolicitarCita))
 8 SYSTEMPATH\CodeIgniter.php(368): CodeIgniter\CodeIgniter->handleRequest(null, Object(Config\Cache), false)
 9 FCPATH\index.php(67): CodeIgniter\CodeIgniter->run()
CRITICAL - 2023-07-02 17:19:50 --> Undefined variable $Asun
in APPPATH\Views\estudiantes\solicitar\solicitar.php on line 114.
 1 APPPATH\Views\estudiantes\solicitar\solicitar.php(114): CodeIgniter\Debug\Exceptions->errorHandler(2, 'Undefined variable $Asun', 'APPPATH\\Views\\estudiantes\\solicitar\\solicitar.php', 114)
 2 SYSTEMPATH\View\View.php(213): include('APPPATH\\Views\\estudiantes\\solicitar\\solicitar.php')
 3 SYSTEMPATH\View\View.php(216): CodeIgniter\View\View->CodeIgniter\View\{closure}()
 4 SYSTEMPATH\Common.php(1184): CodeIgniter\View\View->render('estudiantes/Solicitar/solicitar', [], true)
 5 APPPATH\Controllers\EstudiantesSolicitarCita.php(60): view('estudiantes/Solicitar/solicitar', [...])
 6 SYSTEMPATH\CodeIgniter.php(934): App\Controllers\EstudiantesSolicitarCita->index()
 7 SYSTEMPATH\CodeIgniter.php(499): CodeIgniter\CodeIgniter->runController(Object(App\Controllers\EstudiantesSolicitarCita))
 8 SYSTEMPATH\CodeIgniter.php(368): CodeIgniter\CodeIgniter->handleRequest(null, Object(Config\Cache), false)
 9 FCPATH\index.php(67): CodeIgniter\CodeIgniter->run()
ERROR - 2023-07-02 17:30:55 --> mysqli_sql_exception: Cannot add or update a child row: a foreign key constraint fails (`db_citas`.`citas`, CONSTRAINT `citas_pruevent` FOREIGN KEY (`disponibilidad`) REFERENCES `pruebaeventos` (`id`)) in C:\xampp\htdocs\Agendamiento-Citas\system\Database\MySQLi\Connection.php:295
Stack trace:
#0 C:\xampp\htdocs\Agendamiento-Citas\system\Database\MySQLi\Connection.php(295): mysqli->query('INSERT INTO `ci...', 0)
#1 C:\xampp\htdocs\Agendamiento-Citas\system\Database\BaseConnection.php(691): CodeIgniter\Database\MySQLi\Connection->execute('INSERT INTO `ci...')
#2 C:\xampp\htdocs\Agendamiento-Citas\system\Database\BaseConnection.php(605): CodeIgniter\Database\BaseConnection->simpleQuery('INSERT INTO `ci...')
#3 C:\xampp\htdocs\Agendamiento-Citas\system\Database\BaseBuilder.php(2309): CodeIgniter\Database\BaseConnection->query('INSERT INTO `ci...', Array, false)
#4 C:\xampp\htdocs\Agendamiento-Citas\system\Model.php(330): CodeIgniter\Database\BaseBuilder->insert()
#5 C:\xampp\htdocs\Agendamiento-Citas\system\BaseModel.php(782): CodeIgniter\Model->doInsert(Array)
#6 C:\xampp\htdocs\Agendamiento-Citas\system\Model.php(730): CodeIgniter\BaseModel->insert(Array, true)
#7 C:\xampp\htdocs\Agendamiento-Citas\app\Controllers\EstudiantesSolicitarCita.php(102): CodeIgniter\Model->insert(Array)
#8 C:\xampp\htdocs\Agendamiento-Citas\system\CodeIgniter.php(934): App\Controllers\EstudiantesSolicitarCita->crear_Cita()
#9 C:\xampp\htdocs\Agendamiento-Citas\system\CodeIgniter.php(499): CodeIgniter\CodeIgniter->runController(Object(App\Controllers\EstudiantesSolicitarCita))
#10 C:\xampp\htdocs\Agendamiento-Citas\system\CodeIgniter.php(368): CodeIgniter\CodeIgniter->handleRequest(NULL, Object(Config\Cache), false)
#11 C:\xampp\htdocs\Agendamiento-Citas\public\index.php(67): CodeIgniter\CodeIgniter->run()
#12 {main}
CRITICAL - 2023-07-02 17:30:55 --> Cannot add or update a child row: a foreign key constraint fails (`db_citas`.`citas`, CONSTRAINT `citas_pruevent` FOREIGN KEY (`disponibilidad`) REFERENCES `pruebaeventos` (`id`))
in SYSTEMPATH\Database\BaseConnection.php on line 645.
 1 SYSTEMPATH\Database\BaseBuilder.php(2309): CodeIgniter\Database\BaseConnection->query('INSERT INTO `citas` (`aula`, `id_asunto`, `hora_de_inicio`, `hora_de_finalizacion`, `usuario_crea`, `fecha_crea`) VALUES (:aula:, :id_asunto:, :hora_de_inicio:, :hora_de_finalizacion:, :usuario_crea:, :fecha_crea:)', [...], false)
 2 SYSTEMPATH\Model.php(330): CodeIgniter\Database\BaseBuilder->insert()
 3 SYSTEMPATH\BaseModel.php(782): CodeIgniter\Model->doInsert([...])
 4 SYSTEMPATH\Model.php(730): CodeIgniter\BaseModel->insert([...], true)
 5 APPPATH\Controllers\EstudiantesSolicitarCita.php(102): CodeIgniter\Model->insert([...])
 6 SYSTEMPATH\CodeIgniter.php(934): App\Controllers\EstudiantesSolicitarCita->crear_Cita()
 7 SYSTEMPATH\CodeIgniter.php(499): CodeIgniter\CodeIgniter->runController(Object(App\Controllers\EstudiantesSolicitarCita))
 8 SYSTEMPATH\CodeIgniter.php(368): CodeIgniter\CodeIgniter->handleRequest(null, Object(Config\Cache), false)
 9 FCPATH\index.php(67): CodeIgniter\CodeIgniter->run()
ERROR - 2023-07-02 17:31:04 --> mysqli_sql_exception: Cannot add or update a child row: a foreign key constraint fails (`db_citas`.`citas`, CONSTRAINT `citas_pruevent` FOREIGN KEY (`disponibilidad`) REFERENCES `pruebaeventos` (`id`)) in C:\xampp\htdocs\Agendamiento-Citas\system\Database\MySQLi\Connection.php:295
Stack trace:
#0 C:\xampp\htdocs\Agendamiento-Citas\system\Database\MySQLi\Connection.php(295): mysqli->query('INSERT INTO `ci...', 0)
#1 C:\xampp\htdocs\Agendamiento-Citas\system\Database\BaseConnection.php(691): CodeIgniter\Database\MySQLi\Connection->execute('INSERT INTO `ci...')
#2 C:\xampp\htdocs\Agendamiento-Citas\system\Database\BaseConnection.php(605): CodeIgniter\Database\BaseConnection->simpleQuery('INSERT INTO `ci...')
#3 C:\xampp\htdocs\Agendamiento-Citas\system\Database\BaseBuilder.php(2309): CodeIgniter\Database\BaseConnection->query('INSERT INTO `ci...', Array, false)
#4 C:\xampp\htdocs\Agendamiento-Citas\system\Model.php(330): CodeIgniter\Database\BaseBuilder->insert()
#5 C:\xampp\htdocs\Agendamiento-Citas\system\BaseModel.php(782): CodeIgniter\Model->doInsert(Array)
#6 C:\xampp\htdocs\Agendamiento-Citas\system\Model.php(730): CodeIgniter\BaseModel->insert(Array, true)
#7 C:\xampp\htdocs\Agendamiento-Citas\app\Controllers\EstudiantesSolicitarCita.php(102): CodeIgniter\Model->insert(Array)
#8 C:\xampp\htdocs\Agendamiento-Citas\system\CodeIgniter.php(934): App\Controllers\EstudiantesSolicitarCita->crear_Cita()
#9 C:\xampp\htdocs\Agendamiento-Citas\system\CodeIgniter.php(499): CodeIgniter\CodeIgniter->runController(Object(App\Controllers\EstudiantesSolicitarCita))
#10 C:\xampp\htdocs\Agendamiento-Citas\system\CodeIgniter.php(368): CodeIgniter\CodeIgniter->handleRequest(NULL, Object(Config\Cache), false)
#11 C:\xampp\htdocs\Agendamiento-Citas\public\index.php(67): CodeIgniter\CodeIgniter->run()
#12 {main}
CRITICAL - 2023-07-02 17:31:04 --> Cannot add or update a child row: a foreign key constraint fails (`db_citas`.`citas`, CONSTRAINT `citas_pruevent` FOREIGN KEY (`disponibilidad`) REFERENCES `pruebaeventos` (`id`))
in SYSTEMPATH\Database\BaseConnection.php on line 645.
 1 SYSTEMPATH\Database\BaseBuilder.php(2309): CodeIgniter\Database\BaseConnection->query('INSERT INTO `citas` (`aula`, `id_asunto`, `hora_de_inicio`, `hora_de_finalizacion`, `usuario_crea`, `fecha_crea`) VALUES (:aula:, :id_asunto:, :hora_de_inicio:, :hora_de_finalizacion:, :usuario_crea:, :fecha_crea:)', [...], false)
 2 SYSTEMPATH\Model.php(330): CodeIgniter\Database\BaseBuilder->insert()
 3 SYSTEMPATH\BaseModel.php(782): CodeIgniter\Model->doInsert([...])
 4 SYSTEMPATH\Model.php(730): CodeIgniter\BaseModel->insert([...], true)
 5 APPPATH\Controllers\EstudiantesSolicitarCita.php(102): CodeIgniter\Model->insert([...])
 6 SYSTEMPATH\CodeIgniter.php(934): App\Controllers\EstudiantesSolicitarCita->crear_Cita()
 7 SYSTEMPATH\CodeIgniter.php(499): CodeIgniter\CodeIgniter->runController(Object(App\Controllers\EstudiantesSolicitarCita))
 8 SYSTEMPATH\CodeIgniter.php(368): CodeIgniter\CodeIgniter->handleRequest(null, Object(Config\Cache), false)
 9 FCPATH\index.php(67): CodeIgniter\CodeIgniter->run()
