ERROR - 2023-04-30 19:47:42 --> Error connecting to the database: mysqli_sql_exception: Unknown database 'db_citas' in C:\xampp\htdocs\AgendamientoCitas\system\Database\MySQLi\Connection.php:173
Stack trace:
#0 C:\xampp\htdocs\AgendamientoCitas\system\Database\MySQLi\Connection.php(173): mysqli->real_connect('localhost', 'root', Object(SensitiveParameterValue), 'db_citas', 3306, '', 0)
#1 C:\xampp\htdocs\AgendamientoCitas\system\Database\BaseConnection.php(391): CodeIgniter\Database\MySQLi\Connection->connect(false)
#2 C:\xampp\htdocs\AgendamientoCitas\system\Database\BaseConnection.php(573): CodeIgniter\Database\BaseConnection->initialize()
#3 C:\xampp\htdocs\AgendamientoCitas\system\Database\BaseBuilder.php(1616): CodeIgniter\Database\BaseConnection->query('SELECT `citas`....', Array, false)
#4 C:\xampp\htdocs\AgendamientoCitas\system\Model.php(241): CodeIgniter\Database\BaseBuilder->get()
#5 C:\xampp\htdocs\AgendamientoCitas\system\BaseModel.php(618): CodeIgniter\Model->doFindAll(0, 0)
#6 C:\xampp\htdocs\AgendamientoCitas\app\Models\EstudiantesModels\RegistroCitaModel.php(30): CodeIgniter\BaseModel->findAll()
#7 C:\xampp\htdocs\AgendamientoCitas\app\Controllers\EstudiantesRegistroCita.php(21): App\Models\EstudiantesModels\RegistroCitaModel->obtenerCitas('A')
#8 C:\xampp\htdocs\AgendamientoCitas\system\CodeIgniter.php(934): App\Controllers\EstudiantesRegistroCita->index()
#9 C:\xampp\htdocs\AgendamientoCitas\system\CodeIgniter.php(499): CodeIgniter\CodeIgniter->runController(Object(App\Controllers\EstudiantesRegistroCita))
#10 C:\xampp\htdocs\AgendamientoCitas\system\CodeIgniter.php(368): CodeIgniter\CodeIgniter->handleRequest(NULL, Object(Config\Cache), false)
#11 C:\xampp\htdocs\AgendamientoCitas\public\index.php(67): CodeIgniter\CodeIgniter->run()
#12 {main}

Next CodeIgniter\Database\Exceptions\DatabaseException: Unknown database 'db_citas' in C:\xampp\htdocs\AgendamientoCitas\system\Database\MySQLi\Connection.php:218
Stack trace:
#0 C:\xampp\htdocs\AgendamientoCitas\system\Database\BaseConnection.php(391): CodeIgniter\Database\MySQLi\Connection->connect(false)
#1 C:\xampp\htdocs\AgendamientoCitas\system\Database\BaseConnection.php(573): CodeIgniter\Database\BaseConnection->initialize()
#2 C:\xampp\htdocs\AgendamientoCitas\system\Database\BaseBuilder.php(1616): CodeIgniter\Database\BaseConnection->query('SELECT `citas`....', Array, false)
#3 C:\xampp\htdocs\AgendamientoCitas\system\Model.php(241): CodeIgniter\Database\BaseBuilder->get()
#4 C:\xampp\htdocs\AgendamientoCitas\system\BaseModel.php(618): CodeIgniter\Model->doFindAll(0, 0)
#5 C:\xampp\htdocs\AgendamientoCitas\app\Models\EstudiantesModels\RegistroCitaModel.php(30): CodeIgniter\BaseModel->findAll()
#6 C:\xampp\htdocs\AgendamientoCitas\app\Controllers\EstudiantesRegistroCita.php(21): App\Models\EstudiantesModels\RegistroCitaModel->obtenerCitas('A')
#7 C:\xampp\htdocs\AgendamientoCitas\system\CodeIgniter.php(934): App\Controllers\EstudiantesRegistroCita->index()
#8 C:\xampp\htdocs\AgendamientoCitas\system\CodeIgniter.php(499): CodeIgniter\CodeIgniter->runController(Object(App\Controllers\EstudiantesRegistroCita))
#9 C:\xampp\htdocs\AgendamientoCitas\system\CodeIgniter.php(368): CodeIgniter\CodeIgniter->handleRequest(NULL, Object(Config\Cache), false)
#10 C:\xampp\htdocs\AgendamientoCitas\public\index.php(67): CodeIgniter\CodeIgniter->run()
#11 {main}
CRITICAL - 2023-04-30 19:47:42 --> Unable to connect to the database.
Main connection [MySQLi]: Unknown database 'db_citas'
in SYSTEMPATH\Database\BaseConnection.php on line 427.
 1 SYSTEMPATH\Database\BaseConnection.php(573): CodeIgniter\Database\BaseConnection->initialize()
 2 SYSTEMPATH\Database\BaseBuilder.php(1616): CodeIgniter\Database\BaseConnection->query('SELECT `citas`.*
FROM `citas`
WHERE `estado` = :estado:', [...], false)
 3 SYSTEMPATH\Model.php(241): CodeIgniter\Database\BaseBuilder->get()
 4 SYSTEMPATH\BaseModel.php(618): CodeIgniter\Model->doFindAll(0, 0)
 5 APPPATH\Models\EstudiantesModels\RegistroCitaModel.php(30): CodeIgniter\BaseModel->findAll()
 6 APPPATH\Controllers\EstudiantesRegistroCita.php(21): App\Models\EstudiantesModels\RegistroCitaModel->obtenerCitas('A')
 7 SYSTEMPATH\CodeIgniter.php(934): App\Controllers\EstudiantesRegistroCita->index()
 8 SYSTEMPATH\CodeIgniter.php(499): CodeIgniter\CodeIgniter->runController(Object(App\Controllers\EstudiantesRegistroCita))
 9 SYSTEMPATH\CodeIgniter.php(368): CodeIgniter\CodeIgniter->handleRequest(null, Object(Config\Cache), false)
10 FCPATH\index.php(67): CodeIgniter\CodeIgniter->run()
ERROR - 2023-04-30 19:48:01 --> Error connecting to the database: mysqli_sql_exception: Unknown database 'db_citas' in C:\xampp\htdocs\AgendamientoCitas\system\Database\MySQLi\Connection.php:173
Stack trace:
#0 C:\xampp\htdocs\AgendamientoCitas\system\Database\MySQLi\Connection.php(173): mysqli->real_connect('localhost', 'root', Object(SensitiveParameterValue), 'db_citas', 3306, '', 0)
#1 C:\xampp\htdocs\AgendamientoCitas\system\Database\BaseConnection.php(391): CodeIgniter\Database\MySQLi\Connection->connect(false)
#2 C:\xampp\htdocs\AgendamientoCitas\system\Database\BaseConnection.php(573): CodeIgniter\Database\BaseConnection->initialize()
#3 C:\xampp\htdocs\AgendamientoCitas\system\Database\BaseBuilder.php(1616): CodeIgniter\Database\BaseConnection->query('SELECT `citas`....', Array, false)
#4 C:\xampp\htdocs\AgendamientoCitas\system\Model.php(241): CodeIgniter\Database\BaseBuilder->get()
#5 C:\xampp\htdocs\AgendamientoCitas\system\BaseModel.php(618): CodeIgniter\Model->doFindAll(0, 0)
#6 C:\xampp\htdocs\AgendamientoCitas\app\Models\EstudiantesModels\RegistroCitaModel.php(30): CodeIgniter\BaseModel->findAll()
#7 C:\xampp\htdocs\AgendamientoCitas\app\Controllers\EstudiantesRegistroCita.php(21): App\Models\EstudiantesModels\RegistroCitaModel->obtenerCitas('A')
#8 C:\xampp\htdocs\AgendamientoCitas\system\CodeIgniter.php(934): App\Controllers\EstudiantesRegistroCita->index()
#9 C:\xampp\htdocs\AgendamientoCitas\system\CodeIgniter.php(499): CodeIgniter\CodeIgniter->runController(Object(App\Controllers\EstudiantesRegistroCita))
#10 C:\xampp\htdocs\AgendamientoCitas\system\CodeIgniter.php(368): CodeIgniter\CodeIgniter->handleRequest(NULL, Object(Config\Cache), false)
#11 C:\xampp\htdocs\AgendamientoCitas\public\index.php(67): CodeIgniter\CodeIgniter->run()
#12 {main}

Next CodeIgniter\Database\Exceptions\DatabaseException: Unknown database 'db_citas' in C:\xampp\htdocs\AgendamientoCitas\system\Database\MySQLi\Connection.php:218
Stack trace:
#0 C:\xampp\htdocs\AgendamientoCitas\system\Database\BaseConnection.php(391): CodeIgniter\Database\MySQLi\Connection->connect(false)
#1 C:\xampp\htdocs\AgendamientoCitas\system\Database\BaseConnection.php(573): CodeIgniter\Database\BaseConnection->initialize()
#2 C:\xampp\htdocs\AgendamientoCitas\system\Database\BaseBuilder.php(1616): CodeIgniter\Database\BaseConnection->query('SELECT `citas`....', Array, false)
#3 C:\xampp\htdocs\AgendamientoCitas\system\Model.php(241): CodeIgniter\Database\BaseBuilder->get()
#4 C:\xampp\htdocs\AgendamientoCitas\system\BaseModel.php(618): CodeIgniter\Model->doFindAll(0, 0)
#5 C:\xampp\htdocs\AgendamientoCitas\app\Models\EstudiantesModels\RegistroCitaModel.php(30): CodeIgniter\BaseModel->findAll()
#6 C:\xampp\htdocs\AgendamientoCitas\app\Controllers\EstudiantesRegistroCita.php(21): App\Models\EstudiantesModels\RegistroCitaModel->obtenerCitas('A')
#7 C:\xampp\htdocs\AgendamientoCitas\system\CodeIgniter.php(934): App\Controllers\EstudiantesRegistroCita->index()
#8 C:\xampp\htdocs\AgendamientoCitas\system\CodeIgniter.php(499): CodeIgniter\CodeIgniter->runController(Object(App\Controllers\EstudiantesRegistroCita))
#9 C:\xampp\htdocs\AgendamientoCitas\system\CodeIgniter.php(368): CodeIgniter\CodeIgniter->handleRequest(NULL, Object(Config\Cache), false)
#10 C:\xampp\htdocs\AgendamientoCitas\public\index.php(67): CodeIgniter\CodeIgniter->run()
#11 {main}
CRITICAL - 2023-04-30 19:48:01 --> Unable to connect to the database.
Main connection [MySQLi]: Unknown database 'db_citas'
in SYSTEMPATH\Database\BaseConnection.php on line 427.
 1 SYSTEMPATH\Database\BaseConnection.php(573): CodeIgniter\Database\BaseConnection->initialize()
 2 SYSTEMPATH\Database\BaseBuilder.php(1616): CodeIgniter\Database\BaseConnection->query('SELECT `citas`.*
FROM `citas`
WHERE `estado` = :estado:', [...], false)
 3 SYSTEMPATH\Model.php(241): CodeIgniter\Database\BaseBuilder->get()
 4 SYSTEMPATH\BaseModel.php(618): CodeIgniter\Model->doFindAll(0, 0)
 5 APPPATH\Models\EstudiantesModels\RegistroCitaModel.php(30): CodeIgniter\BaseModel->findAll()
 6 APPPATH\Controllers\EstudiantesRegistroCita.php(21): App\Models\EstudiantesModels\RegistroCitaModel->obtenerCitas('A')
 7 SYSTEMPATH\CodeIgniter.php(934): App\Controllers\EstudiantesRegistroCita->index()
 8 SYSTEMPATH\CodeIgniter.php(499): CodeIgniter\CodeIgniter->runController(Object(App\Controllers\EstudiantesRegistroCita))
 9 SYSTEMPATH\CodeIgniter.php(368): CodeIgniter\CodeIgniter->handleRequest(null, Object(Config\Cache), false)
10 FCPATH\index.php(67): CodeIgniter\CodeIgniter->run()
CRITICAL - 2023-04-30 19:49:01 --> Undefined array key "contrasena"
in APPPATH\Views\administradores\usuarios\usuario.php on line 71.
 1 APPPATH\Views\administradores\usuarios\usuario.php(71): CodeIgniter\Debug\Exceptions->errorHandler(2, 'Undefined array key "contrasena"', 'APPPATH\\Views\\administradores\\usuarios\\usuario.php', 71)
 2 SYSTEMPATH\View\View.php(213): include('APPPATH\\Views\\administradores\\usuarios\\usuario.php')
 3 SYSTEMPATH\View\View.php(216): CodeIgniter\View\View->CodeIgniter\View\{closure}()
 4 SYSTEMPATH\Common.php(1184): CodeIgniter\View\View->render('administradores/usuarios/usuario.php', [], true)
 5 APPPATH\Controllers\AdministrarUsuarios.php(26): view('administradores/usuarios/usuario.php', [...])
 6 SYSTEMPATH\CodeIgniter.php(934): App\Controllers\AdministrarUsuarios->index()
 7 SYSTEMPATH\CodeIgniter.php(499): CodeIgniter\CodeIgniter->runController(Object(App\Controllers\AdministrarUsuarios))
 8 SYSTEMPATH\CodeIgniter.php(368): CodeIgniter\CodeIgniter->handleRequest(null, Object(Config\Cache), false)
 9 FCPATH\index.php(67): CodeIgniter\CodeIgniter->run()
CRITICAL - 2023-04-30 20:21:55 --> Undefined variable $acciones
in APPPATH\Views\administradores\acciones\acciones.php on line 54.
 1 APPPATH\Views\administradores\acciones\acciones.php(54): CodeIgniter\Debug\Exceptions->errorHandler(2, 'Undefined variable $acciones', 'APPPATH\\Views\\administradores\\acciones\\acciones.php', 54)
 2 SYSTEMPATH\View\View.php(213): include('APPPATH\\Views\\administradores\\acciones\\acciones.php')
 3 SYSTEMPATH\View\View.php(216): CodeIgniter\View\View->CodeIgniter\View\{closure}()
 4 SYSTEMPATH\Common.php(1184): CodeIgniter\View\View->render('administradores/acciones/acciones', [], true)
 5 APPPATH\Controllers\AdministrarPermisos.php(26): view('administradores/acciones/acciones', [...])
 6 SYSTEMPATH\CodeIgniter.php(934): App\Controllers\AdministrarPermisos->index()
 7 SYSTEMPATH\CodeIgniter.php(499): CodeIgniter\CodeIgniter->runController(Object(App\Controllers\AdministrarPermisos))
 8 SYSTEMPATH\CodeIgniter.php(368): CodeIgniter\CodeIgniter->handleRequest(null, Object(Config\Cache), false)
 9 FCPATH\index.php(67): CodeIgniter\CodeIgniter->run()
CRITICAL - 2023-04-30 20:29:48 --> Undefined variable $acciones
in APPPATH\Views\administradores\permiso\permisos.php on line 54.
 1 APPPATH\Views\administradores\permiso\permisos.php(54): CodeIgniter\Debug\Exceptions->errorHandler(2, 'Undefined variable $acciones', 'APPPATH\\Views\\administradores\\permiso\\permisos.php', 54)
 2 SYSTEMPATH\View\View.php(213): include('APPPATH\\Views\\administradores\\permiso\\permisos.php')
 3 SYSTEMPATH\View\View.php(216): CodeIgniter\View\View->CodeIgniter\View\{closure}()
 4 SYSTEMPATH\Common.php(1184): CodeIgniter\View\View->render('administradores/permiso/permisos', [], true)
 5 APPPATH\Controllers\AdministrarPermisos.php(26): view('administradores/permiso/permisos', [...])
 6 SYSTEMPATH\CodeIgniter.php(934): App\Controllers\AdministrarPermisos->index()
 7 SYSTEMPATH\CodeIgniter.php(499): CodeIgniter\CodeIgniter->runController(Object(App\Controllers\AdministrarPermisos))
 8 SYSTEMPATH\CodeIgniter.php(368): CodeIgniter\CodeIgniter->handleRequest(null, Object(Config\Cache), false)
 9 FCPATH\index.php(67): CodeIgniter\CodeIgniter->run()
