CRITICAL - 2023-05-19 12:46:42 --> Undefined variable $lapso
in APPPATH\Views\administradores\horas\horas.php on line 49.
 1 APPPATH\Views\administradores\horas\horas.php(49): CodeIgniter\Debug\Exceptions->errorHandler(2, 'Undefined variable $lapso', 'APPPATH\\Views\\administradores\\horas\\horas.php', 49)
 2 SYSTEMPATH\View\View.php(213): include('APPPATH\\Views\\administradores\\horas\\horas.php')
 3 SYSTEMPATH\View\View.php(216): CodeIgniter\View\View->CodeIgniter\View\{closure}()
 4 SYSTEMPATH\Common.php(1184): CodeIgniter\View\View->render('administradores/horas/horas', [], true)
 5 APPPATH\Controllers\AdministrarHoras.php(27): view('administradores/horas/horas', [...])
 6 SYSTEMPATH\CodeIgniter.php(934): App\Controllers\AdministrarHoras->index()
 7 SYSTEMPATH\CodeIgniter.php(499): CodeIgniter\CodeIgniter->runController(Object(App\Controllers\AdministrarHoras))
 8 SYSTEMPATH\CodeIgniter.php(368): CodeIgniter\CodeIgniter->handleRequest(null, Object(Config\Cache), false)
 9 FCPATH\index.php(67): CodeIgniter\CodeIgniter->run()
CRITICAL - 2023-05-19 12:46:45 --> Undefined variable $lapso
in APPPATH\Views\administradores\horas\horas.php on line 49.
 1 APPPATH\Views\administradores\horas\horas.php(49): CodeIgniter\Debug\Exceptions->errorHandler(2, 'Undefined variable $lapso', 'APPPATH\\Views\\administradores\\horas\\horas.php', 49)
 2 SYSTEMPATH\View\View.php(213): include('APPPATH\\Views\\administradores\\horas\\horas.php')
 3 SYSTEMPATH\View\View.php(216): CodeIgniter\View\View->CodeIgniter\View\{closure}()
 4 SYSTEMPATH\Common.php(1184): CodeIgniter\View\View->render('administradores/horas/horas', [], true)
 5 APPPATH\Controllers\AdministrarHoras.php(27): view('administradores/horas/horas', [...])
 6 SYSTEMPATH\CodeIgniter.php(934): App\Controllers\AdministrarHoras->index()
 7 SYSTEMPATH\CodeIgniter.php(499): CodeIgniter\CodeIgniter->runController(Object(App\Controllers\AdministrarHoras))
 8 SYSTEMPATH\CodeIgniter.php(368): CodeIgniter\CodeIgniter->handleRequest(null, Object(Config\Cache), false)
 9 FCPATH\index.php(67): CodeIgniter\CodeIgniter->run()
CRITICAL - 2023-05-19 12:46:50 --> Undefined variable $lapso
in APPPATH\Views\administradores\horas\horas.php on line 49.
 1 APPPATH\Views\administradores\horas\horas.php(49): CodeIgniter\Debug\Exceptions->errorHandler(2, 'Undefined variable $lapso', 'APPPATH\\Views\\administradores\\horas\\horas.php', 49)
 2 SYSTEMPATH\View\View.php(213): include('APPPATH\\Views\\administradores\\horas\\horas.php')
 3 SYSTEMPATH\View\View.php(216): CodeIgniter\View\View->CodeIgniter\View\{closure}()
 4 SYSTEMPATH\Common.php(1184): CodeIgniter\View\View->render('administradores/horas/horas', [], true)
 5 APPPATH\Controllers\AdministrarHoras.php(27): view('administradores/horas/horas', [...])
 6 SYSTEMPATH\CodeIgniter.php(934): App\Controllers\AdministrarHoras->index()
 7 SYSTEMPATH\CodeIgniter.php(499): CodeIgniter\CodeIgniter->runController(Object(App\Controllers\AdministrarHoras))
 8 SYSTEMPATH\CodeIgniter.php(368): CodeIgniter\CodeIgniter->handleRequest(null, Object(Config\Cache), false)
 9 FCPATH\index.php(67): CodeIgniter\CodeIgniter->run()
CRITICAL - 2023-05-19 12:47:13 --> Undefined variable $lapso
in APPPATH\Views\administradores\horas\horas.php on line 49.
 1 APPPATH\Views\administradores\horas\horas.php(49): CodeIgniter\Debug\Exceptions->errorHandler(2, 'Undefined variable $lapso', 'APPPATH\\Views\\administradores\\horas\\horas.php', 49)
 2 SYSTEMPATH\View\View.php(213): include('APPPATH\\Views\\administradores\\horas\\horas.php')
 3 SYSTEMPATH\View\View.php(216): CodeIgniter\View\View->CodeIgniter\View\{closure}()
 4 SYSTEMPATH\Common.php(1184): CodeIgniter\View\View->render('administradores/horas/horas', [], true)
 5 APPPATH\Controllers\AdministrarHoras.php(27): view('administradores/horas/horas', [...])
 6 SYSTEMPATH\CodeIgniter.php(934): App\Controllers\AdministrarHoras->index()
 7 SYSTEMPATH\CodeIgniter.php(499): CodeIgniter\CodeIgniter->runController(Object(App\Controllers\AdministrarHoras))
 8 SYSTEMPATH\CodeIgniter.php(368): CodeIgniter\CodeIgniter->handleRequest(null, Object(Config\Cache), false)
 9 FCPATH\index.php(67): CodeIgniter\CodeIgniter->run()
CRITICAL - 2023-05-19 13:58:22 --> Undefined property: App\Controllers\Perfiles::$perfil
in APPPATH\Controllers\Perfiles.php on line 26.
 1 APPPATH\Controllers\Perfiles.php(26): CodeIgniter\Debug\Exceptions->errorHandler(2, 'Undefined property: App\\Controllers\\Perfiles::$perfil', 'APPPATH\\Controllers\\Perfiles.php', 26)
 2 SYSTEMPATH\CodeIgniter.php(934): App\Controllers\Perfiles->Admin()
 3 SYSTEMPATH\CodeIgniter.php(499): CodeIgniter\CodeIgniter->runController(Object(App\Controllers\Perfiles))
 4 SYSTEMPATH\CodeIgniter.php(368): CodeIgniter\CodeIgniter->handleRequest(null, Object(Config\Cache), false)
 5 FCPATH\index.php(67): CodeIgniter\CodeIgniter->run()
CRITICAL - 2023-05-19 14:00:13 --> Undefined variable $data
in APPPATH\Controllers\PruebaCorreo.php on line 17.
 1 APPPATH\Controllers\PruebaCorreo.php(17): CodeIgniter\Debug\Exceptions->errorHandler(2, 'Undefined variable $data', 'APPPATH\\Controllers\\PruebaCorreo.php', 17)
 2 SYSTEMPATH\CodeIgniter.php(934): App\Controllers\PruebaCorreo->index()
 3 SYSTEMPATH\CodeIgniter.php(499): CodeIgniter\CodeIgniter->runController(Object(App\Controllers\PruebaCorreo))
 4 SYSTEMPATH\CodeIgniter.php(368): CodeIgniter\CodeIgniter->handleRequest(null, Object(Config\Cache), false)
 5 FCPATH\index.php(67): CodeIgniter\CodeIgniter->run()
CRITICAL - 2023-05-19 14:02:14 --> Undefined property: App\Controllers\Perfiles::$miperfil
in APPPATH\Controllers\Perfiles.php on line 26.
 1 APPPATH\Controllers\Perfiles.php(26): CodeIgniter\Debug\Exceptions->errorHandler(2, 'Undefined property: App\\Controllers\\Perfiles::$miperfil', 'APPPATH\\Controllers\\Perfiles.php', 26)
 2 SYSTEMPATH\CodeIgniter.php(934): App\Controllers\Perfiles->Admin()
 3 SYSTEMPATH\CodeIgniter.php(499): CodeIgniter\CodeIgniter->runController(Object(App\Controllers\Perfiles))
 4 SYSTEMPATH\CodeIgniter.php(368): CodeIgniter\CodeIgniter->handleRequest(null, Object(Config\Cache), false)
 5 FCPATH\index.php(67): CodeIgniter\CodeIgniter->run()
CRITICAL - 2023-05-19 14:05:11 --> mail(): Failed to connect to mailserver at &quot;localhost&quot; port 25, verify your &quot;SMTP&quot; and &quot;smtp_port&quot; setting in php.ini or use ini_set()
in APPPATH\Controllers\PruebaCorreo.php on line 55.
 1 [internal function]: CodeIgniter\Debug\Exceptions->errorHandler(2, 'mail(): Failed to connect to mailserver at &quot;localhost&quot; port 25, verify your &quot;SMTP&quot; and &quot;smtp_port&quot; setting in php.ini or use ini_set()', 'APPPATH\\Controllers\\PruebaCorreo.php', 55)
 2 APPPATH\Controllers\PruebaCorreo.php(55): mail('TUEMAIL', 'Envio de correo de prueba con PHP', '
            <html> 
                <head> 
                    <title>Prueba de envio de correo</title> 
                </head>

                <body> 
                    <h1>Solicitud de contacto desde correo de prueba !  </h1>
                    <p> 
                        Contacto:  Edgar Ibarra - Envio de correo de prueba con PHP  <br>
                        Mensaje: estoy probando la enviacion de correos 
                    </p> 
                </body>
            </html>
        ', 'MIME-Version: 1.0
Content-type: text/html; charset=UTF8
FROM: Edgar Ibarra <edgarfernandoibarra@gmail.com>
')
 3 SYSTEMPATH\CodeIgniter.php(934): App\Controllers\PruebaCorreo->enviar()
 4 SYSTEMPATH\CodeIgniter.php(499): CodeIgniter\CodeIgniter->runController(Object(App\Controllers\PruebaCorreo))
 5 SYSTEMPATH\CodeIgniter.php(368): CodeIgniter\CodeIgniter->handleRequest(null, Object(Config\Cache), false)
 6 FCPATH\index.php(67): CodeIgniter\CodeIgniter->run()
CRITICAL - 2023-05-19 14:05:22 --> mail(): Failed to connect to mailserver at &quot;localhost&quot; port 25, verify your &quot;SMTP&quot; and &quot;smtp_port&quot; setting in php.ini or use ini_set()
in APPPATH\Controllers\PruebaCorreo.php on line 55.
 1 [internal function]: CodeIgniter\Debug\Exceptions->errorHandler(2, 'mail(): Failed to connect to mailserver at &quot;localhost&quot; port 25, verify your &quot;SMTP&quot; and &quot;smtp_port&quot; setting in php.ini or use ini_set()', 'APPPATH\\Controllers\\PruebaCorreo.php', 55)
 2 APPPATH\Controllers\PruebaCorreo.php(55): mail('TUEMAIL', 'Envio de correo de prueba con PHP', '
            <html> 
                <head> 
                    <title>Prueba de envio de correo</title> 
                </head>

                <body> 
                    <h1>Solicitud de contacto desde correo de prueba !  </h1>
                    <p> 
                        Contacto:  Edgar Ibarra - Envio de correo de prueba con PHP  <br>
                        Mensaje: estoy probando la enviacion de correos 
                    </p> 
                </body>
            </html>
        ', 'MIME-Version: 1.0
Content-type: text/html; charset=UTF8
FROM: Edgar Ibarra <edgarfernandoibarra@gmail.com>
')
 3 SYSTEMPATH\CodeIgniter.php(934): App\Controllers\PruebaCorreo->enviar()
 4 SYSTEMPATH\CodeIgniter.php(499): CodeIgniter\CodeIgniter->runController(Object(App\Controllers\PruebaCorreo))
 5 SYSTEMPATH\CodeIgniter.php(368): CodeIgniter\CodeIgniter->handleRequest(null, Object(Config\Cache), false)
 6 FCPATH\index.php(67): CodeIgniter\CodeIgniter->run()
CRITICAL - 2023-05-19 14:05:37 --> Undefined property: App\Controllers\Perfiles::$miperfil
in APPPATH\Controllers\Perfiles.php on line 25.
 1 APPPATH\Controllers\Perfiles.php(25): CodeIgniter\Debug\Exceptions->errorHandler(2, 'Undefined property: App\\Controllers\\Perfiles::$miperfil', 'APPPATH\\Controllers\\Perfiles.php', 25)
 2 SYSTEMPATH\CodeIgniter.php(934): App\Controllers\Perfiles->Admin()
 3 SYSTEMPATH\CodeIgniter.php(499): CodeIgniter\CodeIgniter->runController(Object(App\Controllers\Perfiles))
 4 SYSTEMPATH\CodeIgniter.php(368): CodeIgniter\CodeIgniter->handleRequest(null, Object(Config\Cache), false)
 5 FCPATH\index.php(67): CodeIgniter\CodeIgniter->run()
CRITICAL - 2023-05-19 14:05:38 --> Call to undefined function App\Controllers\email()
in APPPATH\Controllers\PruebaCorreo.php on line 55.
 1 SYSTEMPATH\CodeIgniter.php(934): App\Controllers\PruebaCorreo->enviar()
 2 SYSTEMPATH\CodeIgniter.php(499): CodeIgniter\CodeIgniter->runController(Object(App\Controllers\PruebaCorreo))
 3 SYSTEMPATH\CodeIgniter.php(368): CodeIgniter\CodeIgniter->handleRequest(null, Object(Config\Cache), false)
 4 FCPATH\index.php(67): CodeIgniter\CodeIgniter->run()
CRITICAL - 2023-05-19 14:05:39 --> Call to undefined function App\Controllers\email()
in APPPATH\Controllers\PruebaCorreo.php on line 55.
 1 SYSTEMPATH\CodeIgniter.php(934): App\Controllers\PruebaCorreo->enviar()
 2 SYSTEMPATH\CodeIgniter.php(499): CodeIgniter\CodeIgniter->runController(Object(App\Controllers\PruebaCorreo))
 3 SYSTEMPATH\CodeIgniter.php(368): CodeIgniter\CodeIgniter->handleRequest(null, Object(Config\Cache), false)
 4 FCPATH\index.php(67): CodeIgniter\CodeIgniter->run()
CRITICAL - 2023-05-19 14:05:39 --> Call to undefined function App\Controllers\email()
in APPPATH\Controllers\PruebaCorreo.php on line 55.
 1 SYSTEMPATH\CodeIgniter.php(934): App\Controllers\PruebaCorreo->enviar()
 2 SYSTEMPATH\CodeIgniter.php(499): CodeIgniter\CodeIgniter->runController(Object(App\Controllers\PruebaCorreo))
 3 SYSTEMPATH\CodeIgniter.php(368): CodeIgniter\CodeIgniter->handleRequest(null, Object(Config\Cache), false)
 4 FCPATH\index.php(67): CodeIgniter\CodeIgniter->run()
CRITICAL - 2023-05-19 14:05:39 --> Call to undefined function App\Controllers\email()
in APPPATH\Controllers\PruebaCorreo.php on line 55.
 1 SYSTEMPATH\CodeIgniter.php(934): App\Controllers\PruebaCorreo->enviar()
 2 SYSTEMPATH\CodeIgniter.php(499): CodeIgniter\CodeIgniter->runController(Object(App\Controllers\PruebaCorreo))
 3 SYSTEMPATH\CodeIgniter.php(368): CodeIgniter\CodeIgniter->handleRequest(null, Object(Config\Cache), false)
 4 FCPATH\index.php(67): CodeIgniter\CodeIgniter->run()
CRITICAL - 2023-05-19 14:05:39 --> Call to undefined function App\Controllers\email()
in APPPATH\Controllers\PruebaCorreo.php on line 55.
 1 SYSTEMPATH\CodeIgniter.php(934): App\Controllers\PruebaCorreo->enviar()
 2 SYSTEMPATH\CodeIgniter.php(499): CodeIgniter\CodeIgniter->runController(Object(App\Controllers\PruebaCorreo))
 3 SYSTEMPATH\CodeIgniter.php(368): CodeIgniter\CodeIgniter->handleRequest(null, Object(Config\Cache), false)
 4 FCPATH\index.php(67): CodeIgniter\CodeIgniter->run()
CRITICAL - 2023-05-19 14:05:40 --> Call to undefined function App\Controllers\email()
in APPPATH\Controllers\PruebaCorreo.php on line 55.
 1 SYSTEMPATH\CodeIgniter.php(934): App\Controllers\PruebaCorreo->enviar()
 2 SYSTEMPATH\CodeIgniter.php(499): CodeIgniter\CodeIgniter->runController(Object(App\Controllers\PruebaCorreo))
 3 SYSTEMPATH\CodeIgniter.php(368): CodeIgniter\CodeIgniter->handleRequest(null, Object(Config\Cache), false)
 4 FCPATH\index.php(67): CodeIgniter\CodeIgniter->run()
CRITICAL - 2023-05-19 14:05:40 --> Call to undefined function App\Controllers\email()
in APPPATH\Controllers\PruebaCorreo.php on line 55.
 1 SYSTEMPATH\CodeIgniter.php(934): App\Controllers\PruebaCorreo->enviar()
 2 SYSTEMPATH\CodeIgniter.php(499): CodeIgniter\CodeIgniter->runController(Object(App\Controllers\PruebaCorreo))
 3 SYSTEMPATH\CodeIgniter.php(368): CodeIgniter\CodeIgniter->handleRequest(null, Object(Config\Cache), false)
 4 FCPATH\index.php(67): CodeIgniter\CodeIgniter->run()
CRITICAL - 2023-05-19 14:05:40 --> Call to undefined function App\Controllers\email()
in APPPATH\Controllers\PruebaCorreo.php on line 55.
 1 SYSTEMPATH\CodeIgniter.php(934): App\Controllers\PruebaCorreo->enviar()
 2 SYSTEMPATH\CodeIgniter.php(499): CodeIgniter\CodeIgniter->runController(Object(App\Controllers\PruebaCorreo))
 3 SYSTEMPATH\CodeIgniter.php(368): CodeIgniter\CodeIgniter->handleRequest(null, Object(Config\Cache), false)
 4 FCPATH\index.php(67): CodeIgniter\CodeIgniter->run()
CRITICAL - 2023-05-19 14:05:40 --> Call to undefined function App\Controllers\email()
in APPPATH\Controllers\PruebaCorreo.php on line 55.
 1 SYSTEMPATH\CodeIgniter.php(934): App\Controllers\PruebaCorreo->enviar()
 2 SYSTEMPATH\CodeIgniter.php(499): CodeIgniter\CodeIgniter->runController(Object(App\Controllers\PruebaCorreo))
 3 SYSTEMPATH\CodeIgniter.php(368): CodeIgniter\CodeIgniter->handleRequest(null, Object(Config\Cache), false)
 4 FCPATH\index.php(67): CodeIgniter\CodeIgniter->run()
CRITICAL - 2023-05-19 14:05:40 --> Call to undefined function App\Controllers\email()
in APPPATH\Controllers\PruebaCorreo.php on line 55.
 1 SYSTEMPATH\CodeIgniter.php(934): App\Controllers\PruebaCorreo->enviar()
 2 SYSTEMPATH\CodeIgniter.php(499): CodeIgniter\CodeIgniter->runController(Object(App\Controllers\PruebaCorreo))
 3 SYSTEMPATH\CodeIgniter.php(368): CodeIgniter\CodeIgniter->handleRequest(null, Object(Config\Cache), false)
 4 FCPATH\index.php(67): CodeIgniter\CodeIgniter->run()
CRITICAL - 2023-05-19 14:05:40 --> Call to undefined function App\Controllers\email()
in APPPATH\Controllers\PruebaCorreo.php on line 55.
 1 SYSTEMPATH\CodeIgniter.php(934): App\Controllers\PruebaCorreo->enviar()
 2 SYSTEMPATH\CodeIgniter.php(499): CodeIgniter\CodeIgniter->runController(Object(App\Controllers\PruebaCorreo))
 3 SYSTEMPATH\CodeIgniter.php(368): CodeIgniter\CodeIgniter->handleRequest(null, Object(Config\Cache), false)
 4 FCPATH\index.php(67): CodeIgniter\CodeIgniter->run()
CRITICAL - 2023-05-19 14:05:41 --> Call to undefined function App\Controllers\email()
in APPPATH\Controllers\PruebaCorreo.php on line 55.
 1 SYSTEMPATH\CodeIgniter.php(934): App\Controllers\PruebaCorreo->enviar()
 2 SYSTEMPATH\CodeIgniter.php(499): CodeIgniter\CodeIgniter->runController(Object(App\Controllers\PruebaCorreo))
 3 SYSTEMPATH\CodeIgniter.php(368): CodeIgniter\CodeIgniter->handleRequest(null, Object(Config\Cache), false)
 4 FCPATH\index.php(67): CodeIgniter\CodeIgniter->run()
CRITICAL - 2023-05-19 14:05:41 --> Call to undefined function App\Controllers\email()
in APPPATH\Controllers\PruebaCorreo.php on line 55.
 1 SYSTEMPATH\CodeIgniter.php(934): App\Controllers\PruebaCorreo->enviar()
 2 SYSTEMPATH\CodeIgniter.php(499): CodeIgniter\CodeIgniter->runController(Object(App\Controllers\PruebaCorreo))
 3 SYSTEMPATH\CodeIgniter.php(368): CodeIgniter\CodeIgniter->handleRequest(null, Object(Config\Cache), false)
 4 FCPATH\index.php(67): CodeIgniter\CodeIgniter->run()
CRITICAL - 2023-05-19 14:05:41 --> Call to undefined function App\Controllers\email()
in APPPATH\Controllers\PruebaCorreo.php on line 55.
 1 SYSTEMPATH\CodeIgniter.php(934): App\Controllers\PruebaCorreo->enviar()
 2 SYSTEMPATH\CodeIgniter.php(499): CodeIgniter\CodeIgniter->runController(Object(App\Controllers\PruebaCorreo))
 3 SYSTEMPATH\CodeIgniter.php(368): CodeIgniter\CodeIgniter->handleRequest(null, Object(Config\Cache), false)
 4 FCPATH\index.php(67): CodeIgniter\CodeIgniter->run()
CRITICAL - 2023-05-19 14:05:41 --> Call to undefined function App\Controllers\email()
in APPPATH\Controllers\PruebaCorreo.php on line 55.
 1 SYSTEMPATH\CodeIgniter.php(934): App\Controllers\PruebaCorreo->enviar()
 2 SYSTEMPATH\CodeIgniter.php(499): CodeIgniter\CodeIgniter->runController(Object(App\Controllers\PruebaCorreo))
 3 SYSTEMPATH\CodeIgniter.php(368): CodeIgniter\CodeIgniter->handleRequest(null, Object(Config\Cache), false)
 4 FCPATH\index.php(67): CodeIgniter\CodeIgniter->run()
CRITICAL - 2023-05-19 14:05:42 --> Call to undefined function App\Controllers\email()
in APPPATH\Controllers\PruebaCorreo.php on line 55.
 1 SYSTEMPATH\CodeIgniter.php(934): App\Controllers\PruebaCorreo->enviar()
 2 SYSTEMPATH\CodeIgniter.php(499): CodeIgniter\CodeIgniter->runController(Object(App\Controllers\PruebaCorreo))
 3 SYSTEMPATH\CodeIgniter.php(368): CodeIgniter\CodeIgniter->handleRequest(null, Object(Config\Cache), false)
 4 FCPATH\index.php(67): CodeIgniter\CodeIgniter->run()
CRITICAL - 2023-05-19 14:07:08 --> Undefined array key "#email"
in APPPATH\Controllers\PruebaCorreo.php on line 26.
 1 APPPATH\Controllers\PruebaCorreo.php(26): CodeIgniter\Debug\Exceptions->errorHandler(2, 'Undefined array key "#email"', 'APPPATH\\Controllers\\PruebaCorreo.php', 26)
 2 SYSTEMPATH\CodeIgniter.php(934): App\Controllers\PruebaCorreo->enviar()
 3 SYSTEMPATH\CodeIgniter.php(499): CodeIgniter\CodeIgniter->runController(Object(App\Controllers\PruebaCorreo))
 4 SYSTEMPATH\CodeIgniter.php(368): CodeIgniter\CodeIgniter->handleRequest(null, Object(Config\Cache), false)
 5 FCPATH\index.php(67): CodeIgniter\CodeIgniter->run()
CRITICAL - 2023-05-19 14:07:09 --> Undefined array key "#email"
in APPPATH\Controllers\PruebaCorreo.php on line 26.
 1 APPPATH\Controllers\PruebaCorreo.php(26): CodeIgniter\Debug\Exceptions->errorHandler(2, 'Undefined array key "#email"', 'APPPATH\\Controllers\\PruebaCorreo.php', 26)
 2 SYSTEMPATH\CodeIgniter.php(934): App\Controllers\PruebaCorreo->enviar()
 3 SYSTEMPATH\CodeIgniter.php(499): CodeIgniter\CodeIgniter->runController(Object(App\Controllers\PruebaCorreo))
 4 SYSTEMPATH\CodeIgniter.php(368): CodeIgniter\CodeIgniter->handleRequest(null, Object(Config\Cache), false)
 5 FCPATH\index.php(67): CodeIgniter\CodeIgniter->run()
CRITICAL - 2023-05-19 14:07:09 --> Undefined array key "#email"
in APPPATH\Controllers\PruebaCorreo.php on line 26.
 1 APPPATH\Controllers\PruebaCorreo.php(26): CodeIgniter\Debug\Exceptions->errorHandler(2, 'Undefined array key "#email"', 'APPPATH\\Controllers\\PruebaCorreo.php', 26)
 2 SYSTEMPATH\CodeIgniter.php(934): App\Controllers\PruebaCorreo->enviar()
 3 SYSTEMPATH\CodeIgniter.php(499): CodeIgniter\CodeIgniter->runController(Object(App\Controllers\PruebaCorreo))
 4 SYSTEMPATH\CodeIgniter.php(368): CodeIgniter\CodeIgniter->handleRequest(null, Object(Config\Cache), false)
 5 FCPATH\index.php(67): CodeIgniter\CodeIgniter->run()
CRITICAL - 2023-05-19 14:07:09 --> Undefined array key "#email"
in APPPATH\Controllers\PruebaCorreo.php on line 26.
 1 APPPATH\Controllers\PruebaCorreo.php(26): CodeIgniter\Debug\Exceptions->errorHandler(2, 'Undefined array key "#email"', 'APPPATH\\Controllers\\PruebaCorreo.php', 26)
 2 SYSTEMPATH\CodeIgniter.php(934): App\Controllers\PruebaCorreo->enviar()
 3 SYSTEMPATH\CodeIgniter.php(499): CodeIgniter\CodeIgniter->runController(Object(App\Controllers\PruebaCorreo))
 4 SYSTEMPATH\CodeIgniter.php(368): CodeIgniter\CodeIgniter->handleRequest(null, Object(Config\Cache), false)
 5 FCPATH\index.php(67): CodeIgniter\CodeIgniter->run()
CRITICAL - 2023-05-19 14:07:10 --> Undefined array key "#email"
in APPPATH\Controllers\PruebaCorreo.php on line 26.
 1 APPPATH\Controllers\PruebaCorreo.php(26): CodeIgniter\Debug\Exceptions->errorHandler(2, 'Undefined array key "#email"', 'APPPATH\\Controllers\\PruebaCorreo.php', 26)
 2 SYSTEMPATH\CodeIgniter.php(934): App\Controllers\PruebaCorreo->enviar()
 3 SYSTEMPATH\CodeIgniter.php(499): CodeIgniter\CodeIgniter->runController(Object(App\Controllers\PruebaCorreo))
 4 SYSTEMPATH\CodeIgniter.php(368): CodeIgniter\CodeIgniter->handleRequest(null, Object(Config\Cache), false)
 5 FCPATH\index.php(67): CodeIgniter\CodeIgniter->run()
CRITICAL - 2023-05-19 14:07:10 --> Undefined array key "#email"
in APPPATH\Controllers\PruebaCorreo.php on line 26.
 1 APPPATH\Controllers\PruebaCorreo.php(26): CodeIgniter\Debug\Exceptions->errorHandler(2, 'Undefined array key "#email"', 'APPPATH\\Controllers\\PruebaCorreo.php', 26)
 2 SYSTEMPATH\CodeIgniter.php(934): App\Controllers\PruebaCorreo->enviar()
 3 SYSTEMPATH\CodeIgniter.php(499): CodeIgniter\CodeIgniter->runController(Object(App\Controllers\PruebaCorreo))
 4 SYSTEMPATH\CodeIgniter.php(368): CodeIgniter\CodeIgniter->handleRequest(null, Object(Config\Cache), false)
 5 FCPATH\index.php(67): CodeIgniter\CodeIgniter->run()
CRITICAL - 2023-05-19 14:07:10 --> Undefined array key "#email"
in APPPATH\Controllers\PruebaCorreo.php on line 26.
 1 APPPATH\Controllers\PruebaCorreo.php(26): CodeIgniter\Debug\Exceptions->errorHandler(2, 'Undefined array key "#email"', 'APPPATH\\Controllers\\PruebaCorreo.php', 26)
 2 SYSTEMPATH\CodeIgniter.php(934): App\Controllers\PruebaCorreo->enviar()
 3 SYSTEMPATH\CodeIgniter.php(499): CodeIgniter\CodeIgniter->runController(Object(App\Controllers\PruebaCorreo))
 4 SYSTEMPATH\CodeIgniter.php(368): CodeIgniter\CodeIgniter->handleRequest(null, Object(Config\Cache), false)
 5 FCPATH\index.php(67): CodeIgniter\CodeIgniter->run()
CRITICAL - 2023-05-19 14:07:10 --> Undefined array key "#email"
in APPPATH\Controllers\PruebaCorreo.php on line 26.
 1 APPPATH\Controllers\PruebaCorreo.php(26): CodeIgniter\Debug\Exceptions->errorHandler(2, 'Undefined array key "#email"', 'APPPATH\\Controllers\\PruebaCorreo.php', 26)
 2 SYSTEMPATH\CodeIgniter.php(934): App\Controllers\PruebaCorreo->enviar()
 3 SYSTEMPATH\CodeIgniter.php(499): CodeIgniter\CodeIgniter->runController(Object(App\Controllers\PruebaCorreo))
 4 SYSTEMPATH\CodeIgniter.php(368): CodeIgniter\CodeIgniter->handleRequest(null, Object(Config\Cache), false)
 5 FCPATH\index.php(67): CodeIgniter\CodeIgniter->run()
CRITICAL - 2023-05-19 14:07:10 --> Undefined array key "#email"
in APPPATH\Controllers\PruebaCorreo.php on line 26.
 1 APPPATH\Controllers\PruebaCorreo.php(26): CodeIgniter\Debug\Exceptions->errorHandler(2, 'Undefined array key "#email"', 'APPPATH\\Controllers\\PruebaCorreo.php', 26)
 2 SYSTEMPATH\CodeIgniter.php(934): App\Controllers\PruebaCorreo->enviar()
 3 SYSTEMPATH\CodeIgniter.php(499): CodeIgniter\CodeIgniter->runController(Object(App\Controllers\PruebaCorreo))
 4 SYSTEMPATH\CodeIgniter.php(368): CodeIgniter\CodeIgniter->handleRequest(null, Object(Config\Cache), false)
 5 FCPATH\index.php(67): CodeIgniter\CodeIgniter->run()
CRITICAL - 2023-05-19 14:07:10 --> Undefined array key "#email"
in APPPATH\Controllers\PruebaCorreo.php on line 26.
 1 APPPATH\Controllers\PruebaCorreo.php(26): CodeIgniter\Debug\Exceptions->errorHandler(2, 'Undefined array key "#email"', 'APPPATH\\Controllers\\PruebaCorreo.php', 26)
 2 SYSTEMPATH\CodeIgniter.php(934): App\Controllers\PruebaCorreo->enviar()
 3 SYSTEMPATH\CodeIgniter.php(499): CodeIgniter\CodeIgniter->runController(Object(App\Controllers\PruebaCorreo))
 4 SYSTEMPATH\CodeIgniter.php(368): CodeIgniter\CodeIgniter->handleRequest(null, Object(Config\Cache), false)
 5 FCPATH\index.php(67): CodeIgniter\CodeIgniter->run()
CRITICAL - 2023-05-19 14:07:13 --> Undefined array key "email"
in APPPATH\Controllers\PruebaCorreo.php on line 26.
 1 APPPATH\Controllers\PruebaCorreo.php(26): CodeIgniter\Debug\Exceptions->errorHandler(2, 'Undefined array key "email"', 'APPPATH\\Controllers\\PruebaCorreo.php', 26)
 2 SYSTEMPATH\CodeIgniter.php(934): App\Controllers\PruebaCorreo->enviar()
 3 SYSTEMPATH\CodeIgniter.php(499): CodeIgniter\CodeIgniter->runController(Object(App\Controllers\PruebaCorreo))
 4 SYSTEMPATH\CodeIgniter.php(368): CodeIgniter\CodeIgniter->handleRequest(null, Object(Config\Cache), false)
 5 FCPATH\index.php(67): CodeIgniter\CodeIgniter->run()
CRITICAL - 2023-05-19 14:07:14 --> Undefined array key "email"
in APPPATH\Controllers\PruebaCorreo.php on line 26.
 1 APPPATH\Controllers\PruebaCorreo.php(26): CodeIgniter\Debug\Exceptions->errorHandler(2, 'Undefined array key "email"', 'APPPATH\\Controllers\\PruebaCorreo.php', 26)
 2 SYSTEMPATH\CodeIgniter.php(934): App\Controllers\PruebaCorreo->enviar()
 3 SYSTEMPATH\CodeIgniter.php(499): CodeIgniter\CodeIgniter->runController(Object(App\Controllers\PruebaCorreo))
 4 SYSTEMPATH\CodeIgniter.php(368): CodeIgniter\CodeIgniter->handleRequest(null, Object(Config\Cache), false)
 5 FCPATH\index.php(67): CodeIgniter\CodeIgniter->run()
CRITICAL - 2023-05-19 14:07:14 --> Undefined array key "email"
in APPPATH\Controllers\PruebaCorreo.php on line 26.
 1 APPPATH\Controllers\PruebaCorreo.php(26): CodeIgniter\Debug\Exceptions->errorHandler(2, 'Undefined array key "email"', 'APPPATH\\Controllers\\PruebaCorreo.php', 26)
 2 SYSTEMPATH\CodeIgniter.php(934): App\Controllers\PruebaCorreo->enviar()
 3 SYSTEMPATH\CodeIgniter.php(499): CodeIgniter\CodeIgniter->runController(Object(App\Controllers\PruebaCorreo))
 4 SYSTEMPATH\CodeIgniter.php(368): CodeIgniter\CodeIgniter->handleRequest(null, Object(Config\Cache), false)
 5 FCPATH\index.php(67): CodeIgniter\CodeIgniter->run()
CRITICAL - 2023-05-19 14:07:14 --> Undefined array key "email"
in APPPATH\Controllers\PruebaCorreo.php on line 26.
 1 APPPATH\Controllers\PruebaCorreo.php(26): CodeIgniter\Debug\Exceptions->errorHandler(2, 'Undefined array key "email"', 'APPPATH\\Controllers\\PruebaCorreo.php', 26)
 2 SYSTEMPATH\CodeIgniter.php(934): App\Controllers\PruebaCorreo->enviar()
 3 SYSTEMPATH\CodeIgniter.php(499): CodeIgniter\CodeIgniter->runController(Object(App\Controllers\PruebaCorreo))
 4 SYSTEMPATH\CodeIgniter.php(368): CodeIgniter\CodeIgniter->handleRequest(null, Object(Config\Cache), false)
 5 FCPATH\index.php(67): CodeIgniter\CodeIgniter->run()
CRITICAL - 2023-05-19 14:07:14 --> Undefined array key "email"
in APPPATH\Controllers\PruebaCorreo.php on line 26.
 1 APPPATH\Controllers\PruebaCorreo.php(26): CodeIgniter\Debug\Exceptions->errorHandler(2, 'Undefined array key "email"', 'APPPATH\\Controllers\\PruebaCorreo.php', 26)
 2 SYSTEMPATH\CodeIgniter.php(934): App\Controllers\PruebaCorreo->enviar()
 3 SYSTEMPATH\CodeIgniter.php(499): CodeIgniter\CodeIgniter->runController(Object(App\Controllers\PruebaCorreo))
 4 SYSTEMPATH\CodeIgniter.php(368): CodeIgniter\CodeIgniter->handleRequest(null, Object(Config\Cache), false)
 5 FCPATH\index.php(67): CodeIgniter\CodeIgniter->run()
