ERROR - 2023-07-01 15:27:39 --> mysqli_sql_exception: MySQL server has gone away in C:\xampp\htdocs\Agendamiento-Citas\system\Database\MySQLi\Connection.php:295
Stack trace:
#0 C:\xampp\htdocs\Agendamiento-Citas\system\Database\MySQLi\Connection.php(295): mysqli->query('SELECT `usuario...', 0)
#1 C:\xampp\htdocs\Agendamiento-Citas\system\Database\BaseConnection.php(691): CodeIgniter\Database\MySQLi\Connection->execute('SELECT `usuario...')
#2 C:\xampp\htdocs\Agendamiento-Citas\system\Database\BaseConnection.php(605): CodeIgniter\Database\BaseConnection->simpleQuery('SELECT `usuario...')
#3 C:\xampp\htdocs\Agendamiento-Citas\system\Database\BaseBuilder.php(1616): CodeIgniter\Database\BaseConnection->query('SELECT `usuario...', Array, false)
#4 C:\xampp\htdocs\Agendamiento-Citas\system\Model.php(268): CodeIgniter\Database\BaseBuilder->get()
#5 C:\xampp\htdocs\Agendamiento-Citas\system\BaseModel.php(656): CodeIgniter\Model->doFirst()
#6 C:\xampp\htdocs\Agendamiento-Citas\app\Models\AdministradorModels\UsuariosModel.php(126): CodeIgniter\BaseModel->first()
#7 C:\xampp\htdocs\Agendamiento-Citas\app\Controllers\LoginSignin.php(40): App\Models\AdministradorModels\UsuariosModel->Auth_usuario('juanda2702')
#8 C:\xampp\htdocs\Agendamiento-Citas\system\CodeIgniter.php(934): App\Controllers\LoginSignin->auth()
#9 C:\xampp\htdocs\Agendamiento-Citas\system\CodeIgniter.php(499): CodeIgniter\CodeIgniter->runController(Object(App\Controllers\LoginSignin))
#10 C:\xampp\htdocs\Agendamiento-Citas\system\CodeIgniter.php(368): CodeIgniter\CodeIgniter->handleRequest(NULL, Object(Config\Cache), false)
#11 C:\xampp\htdocs\Agendamiento-Citas\public\index.php(67): CodeIgniter\CodeIgniter->run()
#12 {main}
CRITICAL - 2023-07-01 15:27:39 --> MySQL server has gone away
in SYSTEMPATH\Database\BaseConnection.php on line 645.
 1 SYSTEMPATH\Database\BaseBuilder.php(1616): CodeIgniter\Database\BaseConnection->query('SELECT `usuarios`.*
FROM `usuarios`
WHERE `nombre_corto` = :nombre_corto:
 LIMIT 1', [...], false)
 2 SYSTEMPATH\Model.php(268): CodeIgniter\Database\BaseBuilder->get()
 3 SYSTEMPATH\BaseModel.php(656): CodeIgniter\Model->doFirst()
 4 APPPATH\Models\AdministradorModels\UsuariosModel.php(126): CodeIgniter\BaseModel->first()
 5 APPPATH\Controllers\LoginSignin.php(40): App\Models\AdministradorModels\UsuariosModel->Auth_usuario('juanda2702')
 6 SYSTEMPATH\CodeIgniter.php(934): App\Controllers\LoginSignin->auth()
 7 SYSTEMPATH\CodeIgniter.php(499): CodeIgniter\CodeIgniter->runController(Object(App\Controllers\LoginSignin))
 8 SYSTEMPATH\CodeIgniter.php(368): CodeIgniter\CodeIgniter->handleRequest(null, Object(Config\Cache), false)
 9 FCPATH\index.php(67): CodeIgniter\CodeIgniter->run()
CRITICAL - 2023-07-01 17:12:23 --> Trying to access array offset on value of type null
in APPPATH\Views\principal\menu\menu.php on line 108.
 1 APPPATH\Views\principal\menu\menu.php(108): CodeIgniter\Debug\Exceptions->errorHandler(2, 'Trying to access array offset on value of type null', 'APPPATH\\Views\\principal\\menu\\menu.php', 108)
 2 SYSTEMPATH\View\View.php(213): include('APPPATH\\Views\\principal\\menu\\menu.php')
 3 SYSTEMPATH\View\View.php(216): CodeIgniter\View\View->CodeIgniter\View\{closure}()
 4 SYSTEMPATH\Common.php(1184): CodeIgniter\View\View->render('principal/menu/menu', [], true)
 5 APPPATH\Controllers\EstudiantesSolicitarCita.php(56): view('principal/menu/menu', [...])
 6 SYSTEMPATH\CodeIgniter.php(934): App\Controllers\EstudiantesSolicitarCita->index()
 7 SYSTEMPATH\CodeIgniter.php(499): CodeIgniter\CodeIgniter->runController(Object(App\Controllers\EstudiantesSolicitarCita))
 8 SYSTEMPATH\CodeIgniter.php(368): CodeIgniter\CodeIgniter->handleRequest(null, Object(Config\Cache), false)
 9 FCPATH\index.php(67): CodeIgniter\CodeIgniter->run()
CRITICAL - 2023-07-01 17:16:19 --> Trying to access array offset on value of type null
in APPPATH\Views\principal\menu\menu.php on line 108.
 1 APPPATH\Views\principal\menu\menu.php(108): CodeIgniter\Debug\Exceptions->errorHandler(2, 'Trying to access array offset on value of type null', 'APPPATH\\Views\\principal\\menu\\menu.php', 108)
 2 SYSTEMPATH\View\View.php(213): include('APPPATH\\Views\\principal\\menu\\menu.php')
 3 SYSTEMPATH\View\View.php(216): CodeIgniter\View\View->CodeIgniter\View\{closure}()
 4 SYSTEMPATH\Common.php(1184): CodeIgniter\View\View->render('principal/menu/menu', [], true)
 5 APPPATH\Controllers\EstudiantesSolicitarCita.php(56): view('principal/menu/menu', [...])
 6 SYSTEMPATH\CodeIgniter.php(934): App\Controllers\EstudiantesSolicitarCita->index()
 7 SYSTEMPATH\CodeIgniter.php(499): CodeIgniter\CodeIgniter->runController(Object(App\Controllers\EstudiantesSolicitarCita))
 8 SYSTEMPATH\CodeIgniter.php(368): CodeIgniter\CodeIgniter->handleRequest(null, Object(Config\Cache), false)
 9 FCPATH\index.php(67): CodeIgniter\CodeIgniter->run()
CRITICAL - 2023-07-01 17:16:24 --> Trying to access array offset on value of type null
in APPPATH\Views\principal\menu\menu.php on line 108.
 1 APPPATH\Views\principal\menu\menu.php(108): CodeIgniter\Debug\Exceptions->errorHandler(2, 'Trying to access array offset on value of type null', 'APPPATH\\Views\\principal\\menu\\menu.php', 108)
 2 SYSTEMPATH\View\View.php(213): include('APPPATH\\Views\\principal\\menu\\menu.php')
 3 SYSTEMPATH\View\View.php(216): CodeIgniter\View\View->CodeIgniter\View\{closure}()
 4 SYSTEMPATH\Common.php(1184): CodeIgniter\View\View->render('principal/menu/menu', [], true)
 5 APPPATH\Controllers\EstudiantesSolicitarCita.php(56): view('principal/menu/menu', [...])
 6 SYSTEMPATH\CodeIgniter.php(934): App\Controllers\EstudiantesSolicitarCita->index()
 7 SYSTEMPATH\CodeIgniter.php(499): CodeIgniter\CodeIgniter->runController(Object(App\Controllers\EstudiantesSolicitarCita))
 8 SYSTEMPATH\CodeIgniter.php(368): CodeIgniter\CodeIgniter->handleRequest(null, Object(Config\Cache), false)
 9 FCPATH\index.php(67): CodeIgniter\CodeIgniter->run()
CRITICAL - 2023-07-01 17:16:24 --> Trying to access array offset on value of type null
in APPPATH\Views\principal\menu\menu.php on line 108.
 1 APPPATH\Views\principal\menu\menu.php(108): CodeIgniter\Debug\Exceptions->errorHandler(2, 'Trying to access array offset on value of type null', 'APPPATH\\Views\\principal\\menu\\menu.php', 108)
 2 SYSTEMPATH\View\View.php(213): include('APPPATH\\Views\\principal\\menu\\menu.php')
 3 SYSTEMPATH\View\View.php(216): CodeIgniter\View\View->CodeIgniter\View\{closure}()
 4 SYSTEMPATH\Common.php(1184): CodeIgniter\View\View->render('principal/menu/menu', [], true)
 5 APPPATH\Controllers\EstudiantesSolicitarCita.php(56): view('principal/menu/menu', [...])
 6 SYSTEMPATH\CodeIgniter.php(934): App\Controllers\EstudiantesSolicitarCita->index()
 7 SYSTEMPATH\CodeIgniter.php(499): CodeIgniter\CodeIgniter->runController(Object(App\Controllers\EstudiantesSolicitarCita))
 8 SYSTEMPATH\CodeIgniter.php(368): CodeIgniter\CodeIgniter->handleRequest(null, Object(Config\Cache), false)
 9 FCPATH\index.php(67): CodeIgniter\CodeIgniter->run()
CRITICAL - 2023-07-01 17:16:38 --> Trying to access array offset on value of type null
in APPPATH\Views\principal\menu\menu.php on line 108.
 1 APPPATH\Views\principal\menu\menu.php(108): CodeIgniter\Debug\Exceptions->errorHandler(2, 'Trying to access array offset on value of type null', 'APPPATH\\Views\\principal\\menu\\menu.php', 108)
 2 SYSTEMPATH\View\View.php(213): include('APPPATH\\Views\\principal\\menu\\menu.php')
 3 SYSTEMPATH\View\View.php(216): CodeIgniter\View\View->CodeIgniter\View\{closure}()
 4 SYSTEMPATH\Common.php(1184): CodeIgniter\View\View->render('principal/menu/menu', [], true)
 5 APPPATH\Controllers\EstudiantesSolicitarCita.php(56): view('principal/menu/menu', [...])
 6 SYSTEMPATH\CodeIgniter.php(934): App\Controllers\EstudiantesSolicitarCita->index()
 7 SYSTEMPATH\CodeIgniter.php(499): CodeIgniter\CodeIgniter->runController(Object(App\Controllers\EstudiantesSolicitarCita))
 8 SYSTEMPATH\CodeIgniter.php(368): CodeIgniter\CodeIgniter->handleRequest(null, Object(Config\Cache), false)
 9 FCPATH\index.php(67): CodeIgniter\CodeIgniter->run()
CRITICAL - 2023-07-01 17:16:44 --> Trying to access array offset on value of type null
in APPPATH\Views\principal\menu\menu.php on line 108.
 1 APPPATH\Views\principal\menu\menu.php(108): CodeIgniter\Debug\Exceptions->errorHandler(2, 'Trying to access array offset on value of type null', 'APPPATH\\Views\\principal\\menu\\menu.php', 108)
 2 SYSTEMPATH\View\View.php(213): include('APPPATH\\Views\\principal\\menu\\menu.php')
 3 SYSTEMPATH\View\View.php(216): CodeIgniter\View\View->CodeIgniter\View\{closure}()
 4 SYSTEMPATH\Common.php(1184): CodeIgniter\View\View->render('principal/menu/menu', [], true)
 5 APPPATH\Controllers\EstudiantesSolicitarCita.php(56): view('principal/menu/menu', [...])
 6 SYSTEMPATH\CodeIgniter.php(934): App\Controllers\EstudiantesSolicitarCita->index()
 7 SYSTEMPATH\CodeIgniter.php(499): CodeIgniter\CodeIgniter->runController(Object(App\Controllers\EstudiantesSolicitarCita))
 8 SYSTEMPATH\CodeIgniter.php(368): CodeIgniter\CodeIgniter->handleRequest(null, Object(Config\Cache), false)
 9 FCPATH\index.php(67): CodeIgniter\CodeIgniter->run()
CRITICAL - 2023-07-01 17:16:56 --> Trying to access array offset on value of type null
in APPPATH\Views\principal\menu\menu.php on line 108.
 1 APPPATH\Views\principal\menu\menu.php(108): CodeIgniter\Debug\Exceptions->errorHandler(2, 'Trying to access array offset on value of type null', 'APPPATH\\Views\\principal\\menu\\menu.php', 108)
 2 SYSTEMPATH\View\View.php(213): include('APPPATH\\Views\\principal\\menu\\menu.php')
 3 SYSTEMPATH\View\View.php(216): CodeIgniter\View\View->CodeIgniter\View\{closure}()
 4 SYSTEMPATH\Common.php(1184): CodeIgniter\View\View->render('principal/menu/menu', [], true)
 5 APPPATH\Controllers\EstudiantesSolicitarCita.php(56): view('principal/menu/menu', [...])
 6 SYSTEMPATH\CodeIgniter.php(934): App\Controllers\EstudiantesSolicitarCita->index()
 7 SYSTEMPATH\CodeIgniter.php(499): CodeIgniter\CodeIgniter->runController(Object(App\Controllers\EstudiantesSolicitarCita))
 8 SYSTEMPATH\CodeIgniter.php(368): CodeIgniter\CodeIgniter->handleRequest(null, Object(Config\Cache), false)
 9 FCPATH\index.php(67): CodeIgniter\CodeIgniter->run()
CRITICAL - 2023-07-01 17:40:28 --> Trying to access array offset on value of type null
in APPPATH\Views\principal\menu\menu.php on line 108.
 1 APPPATH\Views\principal\menu\menu.php(108): CodeIgniter\Debug\Exceptions->errorHandler(2, 'Trying to access array offset on value of type null', 'APPPATH\\Views\\principal\\menu\\menu.php', 108)
 2 SYSTEMPATH\View\View.php(213): include('APPPATH\\Views\\principal\\menu\\menu.php')
 3 SYSTEMPATH\View\View.php(216): CodeIgniter\View\View->CodeIgniter\View\{closure}()
 4 SYSTEMPATH\Common.php(1184): CodeIgniter\View\View->render('principal/menu/menu', [], true)
 5 APPPATH\Controllers\EstudiantesSolicitarCita.php(56): view('principal/menu/menu', [...])
 6 SYSTEMPATH\CodeIgniter.php(934): App\Controllers\EstudiantesSolicitarCita->index()
 7 SYSTEMPATH\CodeIgniter.php(499): CodeIgniter\CodeIgniter->runController(Object(App\Controllers\EstudiantesSolicitarCita))
 8 SYSTEMPATH\CodeIgniter.php(368): CodeIgniter\CodeIgniter->handleRequest(null, Object(Config\Cache), false)
 9 FCPATH\index.php(67): CodeIgniter\CodeIgniter->run()
CRITICAL - 2023-07-01 17:53:46 --> syntax error, unexpected token "exit"
in APPPATH\Controllers\EstudiantesSolicitarCita.php on line 108.
 1 SYSTEMPATH\Autoloader\Autoloader.php(289): CodeIgniter\Autoloader\Autoloader->includeFile('APPPATH\\Controllers\\EstudiantesSolicitarCita.php')
 2 SYSTEMPATH\Autoloader\Autoloader.php(267): CodeIgniter\Autoloader\Autoloader->loadInNamespace('App\\Controllers\\EstudiantesSolicitarCita')
 3 [internal function]: CodeIgniter\Autoloader\Autoloader->loadClass('App\\Controllers\\EstudiantesSolicitarCita')
 4 SYSTEMPATH\CodeIgniter.php(892): class_exists('\\App\\Controllers\\EstudiantesSolicitarCita', true)
 5 SYSTEMPATH\CodeIgniter.php(486): CodeIgniter\CodeIgniter->startController()
 6 SYSTEMPATH\CodeIgniter.php(368): CodeIgniter\CodeIgniter->handleRequest(null, Object(Config\Cache), false)
 7 FCPATH\index.php(67): CodeIgniter\CodeIgniter->run()
CRITICAL - 2023-07-01 17:56:03 --> Undefined property: App\Controllers\EstudiantesSolicitarCita::$session
in APPPATH\Controllers\EstudiantesSolicitarCita.php on line 109.
 1 APPPATH\Controllers\EstudiantesSolicitarCita.php(109): CodeIgniter\Debug\Exceptions->errorHandler(2, 'Undefined property: App\\Controllers\\EstudiantesSolicitarCita::$session', 'APPPATH\\Controllers\\EstudiantesSolicitarCita.php', 109)
 2 SYSTEMPATH\CodeIgniter.php(934): App\Controllers\EstudiantesSolicitarCita->traer_disp_docente()
 3 SYSTEMPATH\CodeIgniter.php(499): CodeIgniter\CodeIgniter->runController(Object(App\Controllers\EstudiantesSolicitarCita))
 4 SYSTEMPATH\CodeIgniter.php(368): CodeIgniter\CodeIgniter->handleRequest(null, Object(Config\Cache), false)
 5 FCPATH\index.php(67): CodeIgniter\CodeIgniter->run()
CRITICAL - 2023-07-01 17:56:22 --> Undefined property: App\Controllers\EstudiantesSolicitarCita::$session
in APPPATH\Controllers\EstudiantesSolicitarCita.php on line 109.
 1 APPPATH\Controllers\EstudiantesSolicitarCita.php(109): CodeIgniter\Debug\Exceptions->errorHandler(2, 'Undefined property: App\\Controllers\\EstudiantesSolicitarCita::$session', 'APPPATH\\Controllers\\EstudiantesSolicitarCita.php', 109)
 2 SYSTEMPATH\CodeIgniter.php(934): App\Controllers\EstudiantesSolicitarCita->traer_disp_docente()
 3 SYSTEMPATH\CodeIgniter.php(499): CodeIgniter\CodeIgniter->runController(Object(App\Controllers\EstudiantesSolicitarCita))
 4 SYSTEMPATH\CodeIgniter.php(368): CodeIgniter\CodeIgniter->handleRequest(null, Object(Config\Cache), false)
 5 FCPATH\index.php(67): CodeIgniter\CodeIgniter->run()
CRITICAL - 2023-07-01 17:59:06 --> Undefined property: App\Controllers\EstudiantesSolicitarCita::$session
in APPPATH\Controllers\EstudiantesSolicitarCita.php on line 45.
 1 APPPATH\Controllers\EstudiantesSolicitarCita.php(45): CodeIgniter\Debug\Exceptions->errorHandler(2, 'Undefined property: App\\Controllers\\EstudiantesSolicitarCita::$session', 'APPPATH\\Controllers\\EstudiantesSolicitarCita.php', 45)
 2 SYSTEMPATH\CodeIgniter.php(934): App\Controllers\EstudiantesSolicitarCita->index()
 3 SYSTEMPATH\CodeIgniter.php(499): CodeIgniter\CodeIgniter->runController(Object(App\Controllers\EstudiantesSolicitarCita))
 4 SYSTEMPATH\CodeIgniter.php(368): CodeIgniter\CodeIgniter->handleRequest(null, Object(Config\Cache), false)
 5 FCPATH\index.php(67): CodeIgniter\CodeIgniter->run()
CRITICAL - 2023-07-01 17:59:15 --> Undefined property: App\Controllers\EstudiantesSolicitarCita::$session
in APPPATH\Controllers\EstudiantesSolicitarCita.php on line 45.
 1 APPPATH\Controllers\EstudiantesSolicitarCita.php(45): CodeIgniter\Debug\Exceptions->errorHandler(2, 'Undefined property: App\\Controllers\\EstudiantesSolicitarCita::$session', 'APPPATH\\Controllers\\EstudiantesSolicitarCita.php', 45)
 2 SYSTEMPATH\CodeIgniter.php(934): App\Controllers\EstudiantesSolicitarCita->index()
 3 SYSTEMPATH\CodeIgniter.php(499): CodeIgniter\CodeIgniter->runController(Object(App\Controllers\EstudiantesSolicitarCita))
 4 SYSTEMPATH\CodeIgniter.php(368): CodeIgniter\CodeIgniter->handleRequest(null, Object(Config\Cache), false)
 5 FCPATH\index.php(67): CodeIgniter\CodeIgniter->run()
CRITICAL - 2023-07-01 17:59:32 --> Undefined property: App\Controllers\EstudiantesSolicitarCita::$session
in APPPATH\Controllers\EstudiantesSolicitarCita.php on line 45.
 1 APPPATH\Controllers\EstudiantesSolicitarCita.php(45): CodeIgniter\Debug\Exceptions->errorHandler(2, 'Undefined property: App\\Controllers\\EstudiantesSolicitarCita::$session', 'APPPATH\\Controllers\\EstudiantesSolicitarCita.php', 45)
 2 SYSTEMPATH\CodeIgniter.php(934): App\Controllers\EstudiantesSolicitarCita->index()
 3 SYSTEMPATH\CodeIgniter.php(499): CodeIgniter\CodeIgniter->runController(Object(App\Controllers\EstudiantesSolicitarCita))
 4 SYSTEMPATH\CodeIgniter.php(368): CodeIgniter\CodeIgniter->handleRequest(null, Object(Config\Cache), false)
 5 FCPATH\index.php(67): CodeIgniter\CodeIgniter->run()
CRITICAL - 2023-07-01 17:59:40 --> Undefined property: App\Controllers\EstudiantesSolicitarCita::$session
in APPPATH\Controllers\EstudiantesSolicitarCita.php on line 45.
 1 APPPATH\Controllers\EstudiantesSolicitarCita.php(45): CodeIgniter\Debug\Exceptions->errorHandler(2, 'Undefined property: App\\Controllers\\EstudiantesSolicitarCita::$session', 'APPPATH\\Controllers\\EstudiantesSolicitarCita.php', 45)
 2 SYSTEMPATH\CodeIgniter.php(934): App\Controllers\EstudiantesSolicitarCita->index()
 3 SYSTEMPATH\CodeIgniter.php(499): CodeIgniter\CodeIgniter->runController(Object(App\Controllers\EstudiantesSolicitarCita))
 4 SYSTEMPATH\CodeIgniter.php(368): CodeIgniter\CodeIgniter->handleRequest(null, Object(Config\Cache), false)
 5 FCPATH\index.php(67): CodeIgniter\CodeIgniter->run()
CRITICAL - 2023-07-01 17:59:49 --> Undefined property: App\Controllers\EstudiantesSolicitarCita::$session
in APPPATH\Controllers\EstudiantesSolicitarCita.php on line 45.
 1 APPPATH\Controllers\EstudiantesSolicitarCita.php(45): CodeIgniter\Debug\Exceptions->errorHandler(2, 'Undefined property: App\\Controllers\\EstudiantesSolicitarCita::$session', 'APPPATH\\Controllers\\EstudiantesSolicitarCita.php', 45)
 2 SYSTEMPATH\CodeIgniter.php(934): App\Controllers\EstudiantesSolicitarCita->index()
 3 SYSTEMPATH\CodeIgniter.php(499): CodeIgniter\CodeIgniter->runController(Object(App\Controllers\EstudiantesSolicitarCita))
 4 SYSTEMPATH\CodeIgniter.php(368): CodeIgniter\CodeIgniter->handleRequest(null, Object(Config\Cache), false)
 5 FCPATH\index.php(67): CodeIgniter\CodeIgniter->run()
CRITICAL - 2023-07-01 18:00:02 --> syntax error, unexpected variable "$datasUsuarios"
in APPPATH\Controllers\EstudiantesSolicitarCita.php on line 49.
 1 SYSTEMPATH\Autoloader\Autoloader.php(289): CodeIgniter\Autoloader\Autoloader->includeFile('APPPATH\\Controllers\\EstudiantesSolicitarCita.php')
 2 SYSTEMPATH\Autoloader\Autoloader.php(267): CodeIgniter\Autoloader\Autoloader->loadInNamespace('App\\Controllers\\EstudiantesSolicitarCita')
 3 [internal function]: CodeIgniter\Autoloader\Autoloader->loadClass('App\\Controllers\\EstudiantesSolicitarCita')
 4 SYSTEMPATH\CodeIgniter.php(892): class_exists('\\App\\Controllers\\EstudiantesSolicitarCita', true)
 5 SYSTEMPATH\CodeIgniter.php(486): CodeIgniter\CodeIgniter->startController()
 6 SYSTEMPATH\CodeIgniter.php(368): CodeIgniter\CodeIgniter->handleRequest(null, Object(Config\Cache), false)
 7 FCPATH\index.php(67): CodeIgniter\CodeIgniter->run()
CRITICAL - 2023-07-01 18:00:35 --> syntax error, unexpected identifier "var_dump"
in APPPATH\Controllers\EstudiantesSolicitarCita.php on line 60.
 1 SYSTEMPATH\Autoloader\Autoloader.php(289): CodeIgniter\Autoloader\Autoloader->includeFile('APPPATH\\Controllers\\EstudiantesSolicitarCita.php')
 2 SYSTEMPATH\Autoloader\Autoloader.php(267): CodeIgniter\Autoloader\Autoloader->loadInNamespace('App\\Controllers\\EstudiantesSolicitarCita')
 3 [internal function]: CodeIgniter\Autoloader\Autoloader->loadClass('App\\Controllers\\EstudiantesSolicitarCita')
 4 SYSTEMPATH\CodeIgniter.php(892): class_exists('\\App\\Controllers\\EstudiantesSolicitarCita', true)
 5 SYSTEMPATH\CodeIgniter.php(486): CodeIgniter\CodeIgniter->startController()
 6 SYSTEMPATH\CodeIgniter.php(368): CodeIgniter\CodeIgniter->handleRequest(null, Object(Config\Cache), false)
 7 FCPATH\index.php(67): CodeIgniter\CodeIgniter->run()
CRITICAL - 2023-07-01 18:00:46 --> Undefined property: App\Controllers\EstudiantesSolicitarCita::$session
in APPPATH\Controllers\EstudiantesSolicitarCita.php on line 59.
 1 APPPATH\Controllers\EstudiantesSolicitarCita.php(59): CodeIgniter\Debug\Exceptions->errorHandler(2, 'Undefined property: App\\Controllers\\EstudiantesSolicitarCita::$session', 'APPPATH\\Controllers\\EstudiantesSolicitarCita.php', 59)
 2 SYSTEMPATH\CodeIgniter.php(934): App\Controllers\EstudiantesSolicitarCita->index()
 3 SYSTEMPATH\CodeIgniter.php(499): CodeIgniter\CodeIgniter->runController(Object(App\Controllers\EstudiantesSolicitarCita))
 4 SYSTEMPATH\CodeIgniter.php(368): CodeIgniter\CodeIgniter->handleRequest(null, Object(Config\Cache), false)
 5 FCPATH\index.php(67): CodeIgniter\CodeIgniter->run()
CRITICAL - 2023-07-01 18:00:55 --> Undefined property: App\Controllers\EstudiantesSolicitarCita::$session
in APPPATH\Controllers\EstudiantesSolicitarCita.php on line 59.
 1 APPPATH\Controllers\EstudiantesSolicitarCita.php(59): CodeIgniter\Debug\Exceptions->errorHandler(2, 'Undefined property: App\\Controllers\\EstudiantesSolicitarCita::$session', 'APPPATH\\Controllers\\EstudiantesSolicitarCita.php', 59)
 2 SYSTEMPATH\CodeIgniter.php(934): App\Controllers\EstudiantesSolicitarCita->index()
 3 SYSTEMPATH\CodeIgniter.php(499): CodeIgniter\CodeIgniter->runController(Object(App\Controllers\EstudiantesSolicitarCita))
 4 SYSTEMPATH\CodeIgniter.php(368): CodeIgniter\CodeIgniter->handleRequest(null, Object(Config\Cache), false)
 5 FCPATH\index.php(67): CodeIgniter\CodeIgniter->run()
CRITICAL - 2023-07-01 18:01:04 --> Undefined property: App\Controllers\EstudiantesSolicitarCita::$session
in APPPATH\Controllers\EstudiantesSolicitarCita.php on line 59.
 1 APPPATH\Controllers\EstudiantesSolicitarCita.php(59): CodeIgniter\Debug\Exceptions->errorHandler(2, 'Undefined property: App\\Controllers\\EstudiantesSolicitarCita::$session', 'APPPATH\\Controllers\\EstudiantesSolicitarCita.php', 59)
 2 SYSTEMPATH\CodeIgniter.php(934): App\Controllers\EstudiantesSolicitarCita->index()
 3 SYSTEMPATH\CodeIgniter.php(499): CodeIgniter\CodeIgniter->runController(Object(App\Controllers\EstudiantesSolicitarCita))
 4 SYSTEMPATH\CodeIgniter.php(368): CodeIgniter\CodeIgniter->handleRequest(null, Object(Config\Cache), false)
 5 FCPATH\index.php(67): CodeIgniter\CodeIgniter->run()
CRITICAL - 2023-07-01 18:01:28 --> Undefined property: App\Controllers\EstudiantesSolicitarCita::$session
in APPPATH\Controllers\EstudiantesSolicitarCita.php on line 59.
 1 APPPATH\Controllers\EstudiantesSolicitarCita.php(59): CodeIgniter\Debug\Exceptions->errorHandler(2, 'Undefined property: App\\Controllers\\EstudiantesSolicitarCita::$session', 'APPPATH\\Controllers\\EstudiantesSolicitarCita.php', 59)
 2 SYSTEMPATH\CodeIgniter.php(934): App\Controllers\EstudiantesSolicitarCita->index()
 3 SYSTEMPATH\CodeIgniter.php(499): CodeIgniter\CodeIgniter->runController(Object(App\Controllers\EstudiantesSolicitarCita))
 4 SYSTEMPATH\CodeIgniter.php(368): CodeIgniter\CodeIgniter->handleRequest(null, Object(Config\Cache), false)
 5 FCPATH\index.php(67): CodeIgniter\CodeIgniter->run()
CRITICAL - 2023-07-01 18:01:43 --> syntax error, unexpected token ";"
in APPPATH\Controllers\EstudiantesSolicitarCita.php on line 59.
 1 SYSTEMPATH\Autoloader\Autoloader.php(289): CodeIgniter\Autoloader\Autoloader->includeFile('APPPATH\\Controllers\\EstudiantesSolicitarCita.php')
 2 SYSTEMPATH\Autoloader\Autoloader.php(267): CodeIgniter\Autoloader\Autoloader->loadInNamespace('App\\Controllers\\EstudiantesSolicitarCita')
 3 [internal function]: CodeIgniter\Autoloader\Autoloader->loadClass('App\\Controllers\\EstudiantesSolicitarCita')
 4 SYSTEMPATH\CodeIgniter.php(892): class_exists('\\App\\Controllers\\EstudiantesSolicitarCita', true)
 5 SYSTEMPATH\CodeIgniter.php(486): CodeIgniter\CodeIgniter->startController()
 6 SYSTEMPATH\CodeIgniter.php(368): CodeIgniter\CodeIgniter->handleRequest(null, Object(Config\Cache), false)
 7 FCPATH\index.php(67): CodeIgniter\CodeIgniter->run()
CRITICAL - 2023-07-01 18:02:21 --> Undefined property: App\Controllers\EstudiantesSolicitarCita::$session
in APPPATH\Controllers\EstudiantesSolicitarCita.php on line 60.
 1 APPPATH\Controllers\EstudiantesSolicitarCita.php(60): CodeIgniter\Debug\Exceptions->errorHandler(2, 'Undefined property: App\\Controllers\\EstudiantesSolicitarCita::$session', 'APPPATH\\Controllers\\EstudiantesSolicitarCita.php', 60)
 2 SYSTEMPATH\CodeIgniter.php(934): App\Controllers\EstudiantesSolicitarCita->index()
 3 SYSTEMPATH\CodeIgniter.php(499): CodeIgniter\CodeIgniter->runController(Object(App\Controllers\EstudiantesSolicitarCita))
 4 SYSTEMPATH\CodeIgniter.php(368): CodeIgniter\CodeIgniter->handleRequest(null, Object(Config\Cache), false)
 5 FCPATH\index.php(67): CodeIgniter\CodeIgniter->run()
CRITICAL - 2023-07-01 18:02:49 --> Undefined property: App\Controllers\EstudiantesSolicitarCita::$session
in APPPATH\Controllers\EstudiantesSolicitarCita.php on line 62.
 1 APPPATH\Controllers\EstudiantesSolicitarCita.php(62): CodeIgniter\Debug\Exceptions->errorHandler(2, 'Undefined property: App\\Controllers\\EstudiantesSolicitarCita::$session', 'APPPATH\\Controllers\\EstudiantesSolicitarCita.php', 62)
 2 SYSTEMPATH\CodeIgniter.php(934): App\Controllers\EstudiantesSolicitarCita->index()
 3 SYSTEMPATH\CodeIgniter.php(499): CodeIgniter\CodeIgniter->runController(Object(App\Controllers\EstudiantesSolicitarCita))
 4 SYSTEMPATH\CodeIgniter.php(368): CodeIgniter\CodeIgniter->handleRequest(null, Object(Config\Cache), false)
 5 FCPATH\index.php(67): CodeIgniter\CodeIgniter->run()
CRITICAL - 2023-07-01 18:08:49 --> Undefined variable $dispDocente
in APPPATH\Views\estudiantes\solicitar\solicitar.php on line 173.
 1 APPPATH\Views\estudiantes\solicitar\solicitar.php(173): CodeIgniter\Debug\Exceptions->errorHandler(2, 'Undefined variable $dispDocente', 'APPPATH\\Views\\estudiantes\\solicitar\\solicitar.php', 173)
 2 SYSTEMPATH\View\View.php(213): include('APPPATH\\Views\\estudiantes\\solicitar\\solicitar.php')
 3 SYSTEMPATH\View\View.php(216): CodeIgniter\View\View->CodeIgniter\View\{closure}()
 4 SYSTEMPATH\Common.php(1184): CodeIgniter\View\View->render('estudiantes/Solicitar/solicitar', [], true)
 5 APPPATH\Controllers\EstudiantesSolicitarCita.php(57): view('estudiantes/Solicitar/solicitar', [...])
 6 SYSTEMPATH\CodeIgniter.php(934): App\Controllers\EstudiantesSolicitarCita->index()
 7 SYSTEMPATH\CodeIgniter.php(499): CodeIgniter\CodeIgniter->runController(Object(App\Controllers\EstudiantesSolicitarCita))
 8 SYSTEMPATH\CodeIgniter.php(368): CodeIgniter\CodeIgniter->handleRequest(null, Object(Config\Cache), false)
 9 FCPATH\index.php(67): CodeIgniter\CodeIgniter->run()
CRITICAL - 2023-07-01 18:09:03 --> Undefined variable $dispDocente
in APPPATH\Views\estudiantes\solicitar\solicitar.php on line 173.
 1 APPPATH\Views\estudiantes\solicitar\solicitar.php(173): CodeIgniter\Debug\Exceptions->errorHandler(2, 'Undefined variable $dispDocente', 'APPPATH\\Views\\estudiantes\\solicitar\\solicitar.php', 173)
 2 SYSTEMPATH\View\View.php(213): include('APPPATH\\Views\\estudiantes\\solicitar\\solicitar.php')
 3 SYSTEMPATH\View\View.php(216): CodeIgniter\View\View->CodeIgniter\View\{closure}()
 4 SYSTEMPATH\Common.php(1184): CodeIgniter\View\View->render('estudiantes/Solicitar/solicitar', [], true)
 5 APPPATH\Controllers\EstudiantesSolicitarCita.php(57): view('estudiantes/Solicitar/solicitar', [...])
 6 SYSTEMPATH\CodeIgniter.php(934): App\Controllers\EstudiantesSolicitarCita->index()
 7 SYSTEMPATH\CodeIgniter.php(499): CodeIgniter\CodeIgniter->runController(Object(App\Controllers\EstudiantesSolicitarCita))
 8 SYSTEMPATH\CodeIgniter.php(368): CodeIgniter\CodeIgniter->handleRequest(null, Object(Config\Cache), false)
 9 FCPATH\index.php(67): CodeIgniter\CodeIgniter->run()
CRITICAL - 2023-07-01 18:09:22 --> Array to string conversion
in APPPATH\Views\estudiantes\solicitar\solicitar.php on line 173.
 1 APPPATH\Views\estudiantes\solicitar\solicitar.php(173): CodeIgniter\Debug\Exceptions->errorHandler(2, 'Array to string conversion', 'APPPATH\\Views\\estudiantes\\solicitar\\solicitar.php', 173)
 2 SYSTEMPATH\View\View.php(213): include('APPPATH\\Views\\estudiantes\\solicitar\\solicitar.php')
 3 SYSTEMPATH\View\View.php(216): CodeIgniter\View\View->CodeIgniter\View\{closure}()
 4 SYSTEMPATH\Common.php(1184): CodeIgniter\View\View->render('estudiantes/Solicitar/solicitar', [], true)
 5 APPPATH\Controllers\EstudiantesSolicitarCita.php(57): view('estudiantes/Solicitar/solicitar', [...])
 6 SYSTEMPATH\CodeIgniter.php(934): App\Controllers\EstudiantesSolicitarCita->index()
 7 SYSTEMPATH\CodeIgniter.php(499): CodeIgniter\CodeIgniter->runController(Object(App\Controllers\EstudiantesSolicitarCita))
 8 SYSTEMPATH\CodeIgniter.php(368): CodeIgniter\CodeIgniter->handleRequest(null, Object(Config\Cache), false)
 9 FCPATH\index.php(67): CodeIgniter\CodeIgniter->run()
CRITICAL - 2023-07-01 18:12:42 --> json_decode(): Argument #1 ($json) must be of type string, array given
in APPPATH\Views\estudiantes\solicitar\solicitar.php on line 173.
 1 APPPATH\Views\estudiantes\solicitar\solicitar.php(173): json_decode([...])
 2 SYSTEMPATH\View\View.php(213): include('APPPATH\\Views\\estudiantes\\solicitar\\solicitar.php')
 3 SYSTEMPATH\View\View.php(216): CodeIgniter\View\View->CodeIgniter\View\{closure}()
 4 SYSTEMPATH\Common.php(1184): CodeIgniter\View\View->render('estudiantes/Solicitar/solicitar', [], true)
 5 APPPATH\Controllers\EstudiantesSolicitarCita.php(57): view('estudiantes/Solicitar/solicitar', [...])
 6 SYSTEMPATH\CodeIgniter.php(934): App\Controllers\EstudiantesSolicitarCita->index()
 7 SYSTEMPATH\CodeIgniter.php(499): CodeIgniter\CodeIgniter->runController(Object(App\Controllers\EstudiantesSolicitarCita))
 8 SYSTEMPATH\CodeIgniter.php(368): CodeIgniter\CodeIgniter->handleRequest(null, Object(Config\Cache), false)
 9 FCPATH\index.php(67): CodeIgniter\CodeIgniter->run()
CRITICAL - 2023-07-01 18:13:43 --> Array to string conversion
in APPPATH\Views\estudiantes\solicitar\solicitar.php on line 173.
 1 APPPATH\Views\estudiantes\solicitar\solicitar.php(173): CodeIgniter\Debug\Exceptions->errorHandler(2, 'Array to string conversion', 'APPPATH\\Views\\estudiantes\\solicitar\\solicitar.php', 173)
 2 SYSTEMPATH\View\View.php(213): include('APPPATH\\Views\\estudiantes\\solicitar\\solicitar.php')
 3 SYSTEMPATH\View\View.php(216): CodeIgniter\View\View->CodeIgniter\View\{closure}()
 4 SYSTEMPATH\Common.php(1184): CodeIgniter\View\View->render('estudiantes/Solicitar/solicitar', [], true)
 5 APPPATH\Controllers\EstudiantesSolicitarCita.php(57): view('estudiantes/Solicitar/solicitar', [...])
 6 SYSTEMPATH\CodeIgniter.php(934): App\Controllers\EstudiantesSolicitarCita->index()
 7 SYSTEMPATH\CodeIgniter.php(499): CodeIgniter\CodeIgniter->runController(Object(App\Controllers\EstudiantesSolicitarCita))
 8 SYSTEMPATH\CodeIgniter.php(368): CodeIgniter\CodeIgniter->handleRequest(null, Object(Config\Cache), false)
 9 FCPATH\index.php(67): CodeIgniter\CodeIgniter->run()
CRITICAL - 2023-07-01 18:14:38 --> Array to string conversion
in APPPATH\Views\estudiantes\solicitar\solicitar.php on line 173.
 1 APPPATH\Views\estudiantes\solicitar\solicitar.php(173): CodeIgniter\Debug\Exceptions->errorHandler(2, 'Array to string conversion', 'APPPATH\\Views\\estudiantes\\solicitar\\solicitar.php', 173)
 2 SYSTEMPATH\View\View.php(213): include('APPPATH\\Views\\estudiantes\\solicitar\\solicitar.php')
 3 SYSTEMPATH\View\View.php(216): CodeIgniter\View\View->CodeIgniter\View\{closure}()
 4 SYSTEMPATH\Common.php(1184): CodeIgniter\View\View->render('estudiantes/Solicitar/solicitar', [], true)
 5 APPPATH\Controllers\EstudiantesSolicitarCita.php(57): view('estudiantes/Solicitar/solicitar', [...])
 6 SYSTEMPATH\CodeIgniter.php(934): App\Controllers\EstudiantesSolicitarCita->index()
 7 SYSTEMPATH\CodeIgniter.php(499): CodeIgniter\CodeIgniter->runController(Object(App\Controllers\EstudiantesSolicitarCita))
 8 SYSTEMPATH\CodeIgniter.php(368): CodeIgniter\CodeIgniter->handleRequest(null, Object(Config\Cache), false)
 9 FCPATH\index.php(67): CodeIgniter\CodeIgniter->run()
CRITICAL - 2023-07-01 18:14:58 --> Array to string conversion
in APPPATH\Views\estudiantes\solicitar\solicitar.php on line 173.
 1 APPPATH\Views\estudiantes\solicitar\solicitar.php(173): CodeIgniter\Debug\Exceptions->errorHandler(2, 'Array to string conversion', 'APPPATH\\Views\\estudiantes\\solicitar\\solicitar.php', 173)
 2 SYSTEMPATH\View\View.php(213): include('APPPATH\\Views\\estudiantes\\solicitar\\solicitar.php')
 3 SYSTEMPATH\View\View.php(216): CodeIgniter\View\View->CodeIgniter\View\{closure}()
 4 SYSTEMPATH\Common.php(1184): CodeIgniter\View\View->render('estudiantes/Solicitar/solicitar', [], true)
 5 APPPATH\Controllers\EstudiantesSolicitarCita.php(57): view('estudiantes/Solicitar/solicitar', [...])
 6 SYSTEMPATH\CodeIgniter.php(934): App\Controllers\EstudiantesSolicitarCita->index()
 7 SYSTEMPATH\CodeIgniter.php(499): CodeIgniter\CodeIgniter->runController(Object(App\Controllers\EstudiantesSolicitarCita))
 8 SYSTEMPATH\CodeIgniter.php(368): CodeIgniter\CodeIgniter->handleRequest(null, Object(Config\Cache), false)
 9 FCPATH\index.php(67): CodeIgniter\CodeIgniter->run()
CRITICAL - 2023-07-01 18:17:56 --> Undefined variable $session
in APPPATH\Views\estudiantes\solicitar\solicitar.php on line 173.
 1 APPPATH\Views\estudiantes\solicitar\solicitar.php(173): CodeIgniter\Debug\Exceptions->errorHandler(2, 'Undefined variable $session', 'APPPATH\\Views\\estudiantes\\solicitar\\solicitar.php', 173)
 2 SYSTEMPATH\View\View.php(213): include('APPPATH\\Views\\estudiantes\\solicitar\\solicitar.php')
 3 SYSTEMPATH\View\View.php(216): CodeIgniter\View\View->CodeIgniter\View\{closure}()
 4 SYSTEMPATH\Common.php(1184): CodeIgniter\View\View->render('estudiantes/Solicitar/solicitar', [], true)
 5 APPPATH\Controllers\EstudiantesSolicitarCita.php(57): view('estudiantes/Solicitar/solicitar', [...])
 6 SYSTEMPATH\CodeIgniter.php(934): App\Controllers\EstudiantesSolicitarCita->index()
 7 SYSTEMPATH\CodeIgniter.php(499): CodeIgniter\CodeIgniter->runController(Object(App\Controllers\EstudiantesSolicitarCita))
 8 SYSTEMPATH\CodeIgniter.php(368): CodeIgniter\CodeIgniter->handleRequest(null, Object(Config\Cache), false)
 9 FCPATH\index.php(67): CodeIgniter\CodeIgniter->run()
CRITICAL - 2023-07-01 18:23:06 --> Array to string conversion
in APPPATH\Views\estudiantes\solicitar\solicitar.php on line 149.
 1 APPPATH\Views\estudiantes\solicitar\solicitar.php(149): CodeIgniter\Debug\Exceptions->errorHandler(2, 'Array to string conversion', 'APPPATH\\Views\\estudiantes\\solicitar\\solicitar.php', 149)
 2 SYSTEMPATH\View\View.php(213): include('APPPATH\\Views\\estudiantes\\solicitar\\solicitar.php')
 3 SYSTEMPATH\View\View.php(216): CodeIgniter\View\View->CodeIgniter\View\{closure}()
 4 SYSTEMPATH\Common.php(1184): CodeIgniter\View\View->render('estudiantes/Solicitar/solicitar', [], true)
 5 APPPATH\Controllers\EstudiantesSolicitarCita.php(57): view('estudiantes/Solicitar/solicitar', [...])
 6 SYSTEMPATH\CodeIgniter.php(934): App\Controllers\EstudiantesSolicitarCita->index()
 7 SYSTEMPATH\CodeIgniter.php(499): CodeIgniter\CodeIgniter->runController(Object(App\Controllers\EstudiantesSolicitarCita))
 8 SYSTEMPATH\CodeIgniter.php(368): CodeIgniter\CodeIgniter->handleRequest(null, Object(Config\Cache), false)
 9 FCPATH\index.php(67): CodeIgniter\CodeIgniter->run()
CRITICAL - 2023-07-01 18:25:19 --> Array to string conversion
in APPPATH\Views\estudiantes\solicitar\solicitar.php on line 149.
 1 APPPATH\Views\estudiantes\solicitar\solicitar.php(149): CodeIgniter\Debug\Exceptions->errorHandler(2, 'Array to string conversion', 'APPPATH\\Views\\estudiantes\\solicitar\\solicitar.php', 149)
 2 SYSTEMPATH\View\View.php(213): include('APPPATH\\Views\\estudiantes\\solicitar\\solicitar.php')
 3 SYSTEMPATH\View\View.php(216): CodeIgniter\View\View->CodeIgniter\View\{closure}()
 4 SYSTEMPATH\Common.php(1184): CodeIgniter\View\View->render('estudiantes/Solicitar/solicitar', [], true)
 5 APPPATH\Controllers\EstudiantesSolicitarCita.php(57): view('estudiantes/Solicitar/solicitar', [...])
 6 SYSTEMPATH\CodeIgniter.php(934): App\Controllers\EstudiantesSolicitarCita->index()
 7 SYSTEMPATH\CodeIgniter.php(499): CodeIgniter\CodeIgniter->runController(Object(App\Controllers\EstudiantesSolicitarCita))
 8 SYSTEMPATH\CodeIgniter.php(368): CodeIgniter\CodeIgniter->handleRequest(null, Object(Config\Cache), false)
 9 FCPATH\index.php(67): CodeIgniter\CodeIgniter->run()
CRITICAL - 2023-07-01 18:25:48 --> Array to string conversion
in APPPATH\Views\estudiantes\solicitar\solicitar.php on line 149.
 1 APPPATH\Views\estudiantes\solicitar\solicitar.php(149): CodeIgniter\Debug\Exceptions->errorHandler(2, 'Array to string conversion', 'APPPATH\\Views\\estudiantes\\solicitar\\solicitar.php', 149)
 2 SYSTEMPATH\View\View.php(213): include('APPPATH\\Views\\estudiantes\\solicitar\\solicitar.php')
 3 SYSTEMPATH\View\View.php(216): CodeIgniter\View\View->CodeIgniter\View\{closure}()
 4 SYSTEMPATH\Common.php(1184): CodeIgniter\View\View->render('estudiantes/Solicitar/solicitar', [], true)
 5 APPPATH\Controllers\EstudiantesSolicitarCita.php(57): view('estudiantes/Solicitar/solicitar', [...])
 6 SYSTEMPATH\CodeIgniter.php(934): App\Controllers\EstudiantesSolicitarCita->index()
 7 SYSTEMPATH\CodeIgniter.php(499): CodeIgniter\CodeIgniter->runController(Object(App\Controllers\EstudiantesSolicitarCita))
 8 SYSTEMPATH\CodeIgniter.php(368): CodeIgniter\CodeIgniter->handleRequest(null, Object(Config\Cache), false)
 9 FCPATH\index.php(67): CodeIgniter\CodeIgniter->run()
CRITICAL - 2023-07-01 18:30:07 --> syntax error, unexpected token "return"
in APPPATH\Views\estudiantes\solicitar\solicitar.php on line 149.
 1 SYSTEMPATH\View\View.php(216): CodeIgniter\View\View->CodeIgniter\View\{closure}()
 2 SYSTEMPATH\Common.php(1184): CodeIgniter\View\View->render('estudiantes/Solicitar/solicitar', [], true)
 3 APPPATH\Controllers\EstudiantesSolicitarCita.php(57): view('estudiantes/Solicitar/solicitar', [...])
 4 SYSTEMPATH\CodeIgniter.php(934): App\Controllers\EstudiantesSolicitarCita->index()
 5 SYSTEMPATH\CodeIgniter.php(499): CodeIgniter\CodeIgniter->runController(Object(App\Controllers\EstudiantesSolicitarCita))
 6 SYSTEMPATH\CodeIgniter.php(368): CodeIgniter\CodeIgniter->handleRequest(null, Object(Config\Cache), false)
 7 FCPATH\index.php(67): CodeIgniter\CodeIgniter->run()
CRITICAL - 2023-07-01 18:30:23 --> Array to string conversion
in APPPATH\Views\estudiantes\solicitar\solicitar.php on line 149.
 1 APPPATH\Views\estudiantes\solicitar\solicitar.php(149): CodeIgniter\Debug\Exceptions->errorHandler(2, 'Array to string conversion', 'APPPATH\\Views\\estudiantes\\solicitar\\solicitar.php', 149)
 2 SYSTEMPATH\View\View.php(213): include('APPPATH\\Views\\estudiantes\\solicitar\\solicitar.php')
 3 SYSTEMPATH\View\View.php(216): CodeIgniter\View\View->CodeIgniter\View\{closure}()
 4 SYSTEMPATH\Common.php(1184): CodeIgniter\View\View->render('estudiantes/Solicitar/solicitar', [], true)
 5 APPPATH\Controllers\EstudiantesSolicitarCita.php(57): view('estudiantes/Solicitar/solicitar', [...])
 6 SYSTEMPATH\CodeIgniter.php(934): App\Controllers\EstudiantesSolicitarCita->index()
 7 SYSTEMPATH\CodeIgniter.php(499): CodeIgniter\CodeIgniter->runController(Object(App\Controllers\EstudiantesSolicitarCita))
 8 SYSTEMPATH\CodeIgniter.php(368): CodeIgniter\CodeIgniter->handleRequest(null, Object(Config\Cache), false)
 9 FCPATH\index.php(67): CodeIgniter\CodeIgniter->run()
CRITICAL - 2023-07-01 18:30:48 --> Array to string conversion
in APPPATH\Views\estudiantes\solicitar\solicitar.php on line 151.
 1 APPPATH\Views\estudiantes\solicitar\solicitar.php(151): CodeIgniter\Debug\Exceptions->errorHandler(2, 'Array to string conversion', 'APPPATH\\Views\\estudiantes\\solicitar\\solicitar.php', 151)
 2 SYSTEMPATH\View\View.php(213): include('APPPATH\\Views\\estudiantes\\solicitar\\solicitar.php')
 3 SYSTEMPATH\View\View.php(216): CodeIgniter\View\View->CodeIgniter\View\{closure}()
 4 SYSTEMPATH\Common.php(1184): CodeIgniter\View\View->render('estudiantes/Solicitar/solicitar', [], true)
 5 APPPATH\Controllers\EstudiantesSolicitarCita.php(57): view('estudiantes/Solicitar/solicitar', [...])
 6 SYSTEMPATH\CodeIgniter.php(934): App\Controllers\EstudiantesSolicitarCita->index()
 7 SYSTEMPATH\CodeIgniter.php(499): CodeIgniter\CodeIgniter->runController(Object(App\Controllers\EstudiantesSolicitarCita))
 8 SYSTEMPATH\CodeIgniter.php(368): CodeIgniter\CodeIgniter->handleRequest(null, Object(Config\Cache), false)
 9 FCPATH\index.php(67): CodeIgniter\CodeIgniter->run()
CRITICAL - 2023-07-01 18:31:16 --> Array to string conversion
in APPPATH\Views\estudiantes\solicitar\solicitar.php on line 151.
 1 APPPATH\Views\estudiantes\solicitar\solicitar.php(151): CodeIgniter\Debug\Exceptions->errorHandler(2, 'Array to string conversion', 'APPPATH\\Views\\estudiantes\\solicitar\\solicitar.php', 151)
 2 SYSTEMPATH\View\View.php(213): include('APPPATH\\Views\\estudiantes\\solicitar\\solicitar.php')
 3 SYSTEMPATH\View\View.php(216): CodeIgniter\View\View->CodeIgniter\View\{closure}()
 4 SYSTEMPATH\Common.php(1184): CodeIgniter\View\View->render('estudiantes/Solicitar/solicitar', [], true)
 5 APPPATH\Controllers\EstudiantesSolicitarCita.php(57): view('estudiantes/Solicitar/solicitar', [...])
 6 SYSTEMPATH\CodeIgniter.php(934): App\Controllers\EstudiantesSolicitarCita->index()
 7 SYSTEMPATH\CodeIgniter.php(499): CodeIgniter\CodeIgniter->runController(Object(App\Controllers\EstudiantesSolicitarCita))
 8 SYSTEMPATH\CodeIgniter.php(368): CodeIgniter\CodeIgniter->handleRequest(null, Object(Config\Cache), false)
 9 FCPATH\index.php(67): CodeIgniter\CodeIgniter->run()
CRITICAL - 2023-07-01 18:31:39 --> Array to string conversion
in APPPATH\Views\estudiantes\solicitar\solicitar.php on line 151.
 1 APPPATH\Views\estudiantes\solicitar\solicitar.php(151): CodeIgniter\Debug\Exceptions->errorHandler(2, 'Array to string conversion', 'APPPATH\\Views\\estudiantes\\solicitar\\solicitar.php', 151)
 2 SYSTEMPATH\View\View.php(213): include('APPPATH\\Views\\estudiantes\\solicitar\\solicitar.php')
 3 SYSTEMPATH\View\View.php(216): CodeIgniter\View\View->CodeIgniter\View\{closure}()
 4 SYSTEMPATH\Common.php(1184): CodeIgniter\View\View->render('estudiantes/Solicitar/solicitar', [], true)
 5 APPPATH\Controllers\EstudiantesSolicitarCita.php(57): view('estudiantes/Solicitar/solicitar', [...])
 6 SYSTEMPATH\CodeIgniter.php(934): App\Controllers\EstudiantesSolicitarCita->index()
 7 SYSTEMPATH\CodeIgniter.php(499): CodeIgniter\CodeIgniter->runController(Object(App\Controllers\EstudiantesSolicitarCita))
 8 SYSTEMPATH\CodeIgniter.php(368): CodeIgniter\CodeIgniter->handleRequest(null, Object(Config\Cache), false)
 9 FCPATH\index.php(67): CodeIgniter\CodeIgniter->run()
CRITICAL - 2023-07-01 18:36:30 --> syntax error, unexpected token "}", expecting ";"
in APPPATH\Controllers\EstudiantesSolicitarCita.php on line 108.
 1 SYSTEMPATH\Autoloader\Autoloader.php(289): CodeIgniter\Autoloader\Autoloader->includeFile('APPPATH\\Controllers\\EstudiantesSolicitarCita.php')
 2 SYSTEMPATH\Autoloader\Autoloader.php(267): CodeIgniter\Autoloader\Autoloader->loadInNamespace('App\\Controllers\\EstudiantesSolicitarCita')
 3 [internal function]: CodeIgniter\Autoloader\Autoloader->loadClass('App\\Controllers\\EstudiantesSolicitarCita')
 4 SYSTEMPATH\CodeIgniter.php(892): class_exists('\\App\\Controllers\\EstudiantesSolicitarCita', true)
 5 SYSTEMPATH\CodeIgniter.php(486): CodeIgniter\CodeIgniter->startController()
 6 SYSTEMPATH\CodeIgniter.php(368): CodeIgniter\CodeIgniter->handleRequest(null, Object(Config\Cache), false)
 7 FCPATH\index.php(67): CodeIgniter\CodeIgniter->run()
CRITICAL - 2023-07-01 18:36:47 --> json_decode(): Argument #1 ($json) must be of type string, array given
in APPPATH\Views\estudiantes\solicitar\solicitar.php on line 151.
 1 APPPATH\Views\estudiantes\solicitar\solicitar.php(151): json_decode([...])
 2 SYSTEMPATH\View\View.php(213): include('APPPATH\\Views\\estudiantes\\solicitar\\solicitar.php')
 3 SYSTEMPATH\View\View.php(216): CodeIgniter\View\View->CodeIgniter\View\{closure}()
 4 SYSTEMPATH\Common.php(1184): CodeIgniter\View\View->render('estudiantes/Solicitar/solicitar', [], true)
 5 APPPATH\Controllers\EstudiantesSolicitarCita.php(57): view('estudiantes/Solicitar/solicitar', [...])
 6 SYSTEMPATH\CodeIgniter.php(934): App\Controllers\EstudiantesSolicitarCita->index()
 7 SYSTEMPATH\CodeIgniter.php(499): CodeIgniter\CodeIgniter->runController(Object(App\Controllers\EstudiantesSolicitarCita))
 8 SYSTEMPATH\CodeIgniter.php(368): CodeIgniter\CodeIgniter->handleRequest(null, Object(Config\Cache), false)
 9 FCPATH\index.php(67): CodeIgniter\CodeIgniter->run()
CRITICAL - 2023-07-01 18:37:49 --> Array to string conversion
in APPPATH\Views\estudiantes\solicitar\solicitar.php on line 151.
 1 APPPATH\Views\estudiantes\solicitar\solicitar.php(151): CodeIgniter\Debug\Exceptions->errorHandler(2, 'Array to string conversion', 'APPPATH\\Views\\estudiantes\\solicitar\\solicitar.php', 151)
 2 SYSTEMPATH\View\View.php(213): include('APPPATH\\Views\\estudiantes\\solicitar\\solicitar.php')
 3 SYSTEMPATH\View\View.php(216): CodeIgniter\View\View->CodeIgniter\View\{closure}()
 4 SYSTEMPATH\Common.php(1184): CodeIgniter\View\View->render('estudiantes/Solicitar/solicitar', [], true)
 5 APPPATH\Controllers\EstudiantesSolicitarCita.php(57): view('estudiantes/Solicitar/solicitar', [...])
 6 SYSTEMPATH\CodeIgniter.php(934): App\Controllers\EstudiantesSolicitarCita->index()
 7 SYSTEMPATH\CodeIgniter.php(499): CodeIgniter\CodeIgniter->runController(Object(App\Controllers\EstudiantesSolicitarCita))
 8 SYSTEMPATH\CodeIgniter.php(368): CodeIgniter\CodeIgniter->handleRequest(null, Object(Config\Cache), false)
 9 FCPATH\index.php(67): CodeIgniter\CodeIgniter->run()
CRITICAL - 2023-07-01 18:50:48 --> syntax error, unexpected token ")"
in APPPATH\Views\estudiantes\solicitar\solicitar.php on line 188.
 1 SYSTEMPATH\View\View.php(216): CodeIgniter\View\View->CodeIgniter\View\{closure}()
 2 SYSTEMPATH\Common.php(1184): CodeIgniter\View\View->render('estudiantes/Solicitar/solicitar', [], true)
 3 APPPATH\Controllers\EstudiantesSolicitarCita.php(57): view('estudiantes/Solicitar/solicitar', [...])
 4 SYSTEMPATH\CodeIgniter.php(934): App\Controllers\EstudiantesSolicitarCita->index()
 5 SYSTEMPATH\CodeIgniter.php(499): CodeIgniter\CodeIgniter->runController(Object(App\Controllers\EstudiantesSolicitarCita))
 6 SYSTEMPATH\CodeIgniter.php(368): CodeIgniter\CodeIgniter->handleRequest(null, Object(Config\Cache), false)
 7 FCPATH\index.php(67): CodeIgniter\CodeIgniter->run()
CRITICAL - 2023-07-01 18:52:09 --> syntax error, unexpected identifier "i", expecting ";"
in APPPATH\Views\estudiantes\solicitar\solicitar.php on line 188.
 1 SYSTEMPATH\View\View.php(216): CodeIgniter\View\View->CodeIgniter\View\{closure}()
 2 SYSTEMPATH\Common.php(1184): CodeIgniter\View\View->render('estudiantes/Solicitar/solicitar', [], true)
 3 APPPATH\Controllers\EstudiantesSolicitarCita.php(57): view('estudiantes/Solicitar/solicitar', [...])
 4 SYSTEMPATH\CodeIgniter.php(934): App\Controllers\EstudiantesSolicitarCita->index()
 5 SYSTEMPATH\CodeIgniter.php(499): CodeIgniter\CodeIgniter->runController(Object(App\Controllers\EstudiantesSolicitarCita))
 6 SYSTEMPATH\CodeIgniter.php(368): CodeIgniter\CodeIgniter->handleRequest(null, Object(Config\Cache), false)
 7 FCPATH\index.php(67): CodeIgniter\CodeIgniter->run()
CRITICAL - 2023-07-01 18:52:23 --> syntax error, unexpected token ")", expecting ";"
in APPPATH\Views\estudiantes\solicitar\solicitar.php on line 188.
 1 SYSTEMPATH\View\View.php(216): CodeIgniter\View\View->CodeIgniter\View\{closure}()
 2 SYSTEMPATH\Common.php(1184): CodeIgniter\View\View->render('estudiantes/Solicitar/solicitar', [], true)
 3 APPPATH\Controllers\EstudiantesSolicitarCita.php(57): view('estudiantes/Solicitar/solicitar', [...])
 4 SYSTEMPATH\CodeIgniter.php(934): App\Controllers\EstudiantesSolicitarCita->index()
 5 SYSTEMPATH\CodeIgniter.php(499): CodeIgniter\CodeIgniter->runController(Object(App\Controllers\EstudiantesSolicitarCita))
 6 SYSTEMPATH\CodeIgniter.php(368): CodeIgniter\CodeIgniter->handleRequest(null, Object(Config\Cache), false)
 7 FCPATH\index.php(67): CodeIgniter\CodeIgniter->run()
CRITICAL - 2023-07-01 18:53:27 --> syntax error, unexpected token ")", expecting ";"
in APPPATH\Views\estudiantes\solicitar\solicitar.php on line 190.
 1 SYSTEMPATH\View\View.php(216): CodeIgniter\View\View->CodeIgniter\View\{closure}()
 2 SYSTEMPATH\Common.php(1184): CodeIgniter\View\View->render('estudiantes/Solicitar/solicitar', [], true)
 3 APPPATH\Controllers\EstudiantesSolicitarCita.php(57): view('estudiantes/Solicitar/solicitar', [...])
 4 SYSTEMPATH\CodeIgniter.php(934): App\Controllers\EstudiantesSolicitarCita->index()
 5 SYSTEMPATH\CodeIgniter.php(499): CodeIgniter\CodeIgniter->runController(Object(App\Controllers\EstudiantesSolicitarCita))
 6 SYSTEMPATH\CodeIgniter.php(368): CodeIgniter\CodeIgniter->handleRequest(null, Object(Config\Cache), false)
 7 FCPATH\index.php(67): CodeIgniter\CodeIgniter->run()
CRITICAL - 2023-07-01 18:58:21 --> foreach() argument must be of type array|object, null given
in APPPATH\Views\estudiantes\solicitar\solicitar.php on line 187.
 1 APPPATH\Views\estudiantes\solicitar\solicitar.php(187): CodeIgniter\Debug\Exceptions->errorHandler(2, 'foreach() argument must be of type array|object, null given', 'APPPATH\\Views\\estudiantes\\solicitar\\solicitar.php', 187)
 2 SYSTEMPATH\View\View.php(213): include('APPPATH\\Views\\estudiantes\\solicitar\\solicitar.php')
 3 SYSTEMPATH\View\View.php(216): CodeIgniter\View\View->CodeIgniter\View\{closure}()
 4 SYSTEMPATH\Common.php(1184): CodeIgniter\View\View->render('estudiantes/Solicitar/solicitar', [], true)
 5 APPPATH\Controllers\EstudiantesSolicitarCita.php(57): view('estudiantes/Solicitar/solicitar', [...])
 6 SYSTEMPATH\CodeIgniter.php(934): App\Controllers\EstudiantesSolicitarCita->index()
 7 SYSTEMPATH\CodeIgniter.php(499): CodeIgniter\CodeIgniter->runController(Object(App\Controllers\EstudiantesSolicitarCita))
 8 SYSTEMPATH\CodeIgniter.php(368): CodeIgniter\CodeIgniter->handleRequest(null, Object(Config\Cache), false)
 9 FCPATH\index.php(67): CodeIgniter\CodeIgniter->run()
CRITICAL - 2023-07-01 18:59:18 --> Undefined variable $datos
in APPPATH\Views\estudiantes\solicitar\solicitar.php on line 191.
 1 APPPATH\Views\estudiantes\solicitar\solicitar.php(191): CodeIgniter\Debug\Exceptions->errorHandler(2, 'Undefined variable $datos', 'APPPATH\\Views\\estudiantes\\solicitar\\solicitar.php', 191)
 2 SYSTEMPATH\View\View.php(213): include('APPPATH\\Views\\estudiantes\\solicitar\\solicitar.php')
 3 SYSTEMPATH\View\View.php(216): CodeIgniter\View\View->CodeIgniter\View\{closure}()
 4 SYSTEMPATH\Common.php(1184): CodeIgniter\View\View->render('estudiantes/Solicitar/solicitar', [], true)
 5 APPPATH\Controllers\EstudiantesSolicitarCita.php(57): view('estudiantes/Solicitar/solicitar', [...])
 6 SYSTEMPATH\CodeIgniter.php(934): App\Controllers\EstudiantesSolicitarCita->index()
 7 SYSTEMPATH\CodeIgniter.php(499): CodeIgniter\CodeIgniter->runController(Object(App\Controllers\EstudiantesSolicitarCita))
 8 SYSTEMPATH\CodeIgniter.php(368): CodeIgniter\CodeIgniter->handleRequest(null, Object(Config\Cache), false)
 9 FCPATH\index.php(67): CodeIgniter\CodeIgniter->run()
CRITICAL - 2023-07-01 19:00:16 --> Undefined variable $event
in APPPATH\Views\estudiantes\solicitar\solicitar.php on line 192.
 1 APPPATH\Views\estudiantes\solicitar\solicitar.php(192): CodeIgniter\Debug\Exceptions->errorHandler(2, 'Undefined variable $event', 'APPPATH\\Views\\estudiantes\\solicitar\\solicitar.php', 192)
 2 SYSTEMPATH\View\View.php(213): include('APPPATH\\Views\\estudiantes\\solicitar\\solicitar.php')
 3 SYSTEMPATH\View\View.php(216): CodeIgniter\View\View->CodeIgniter\View\{closure}()
 4 SYSTEMPATH\Common.php(1184): CodeIgniter\View\View->render('estudiantes/Solicitar/solicitar', [], true)
 5 APPPATH\Controllers\EstudiantesSolicitarCita.php(57): view('estudiantes/Solicitar/solicitar', [...])
 6 SYSTEMPATH\CodeIgniter.php(934): App\Controllers\EstudiantesSolicitarCita->index()
 7 SYSTEMPATH\CodeIgniter.php(499): CodeIgniter\CodeIgniter->runController(Object(App\Controllers\EstudiantesSolicitarCita))
 8 SYSTEMPATH\CodeIgniter.php(368): CodeIgniter\CodeIgniter->handleRequest(null, Object(Config\Cache), false)
 9 FCPATH\index.php(67): CodeIgniter\CodeIgniter->run()
CRITICAL - 2023-07-01 19:00:37 --> Undefined variable $event
in APPPATH\Views\estudiantes\solicitar\solicitar.php on line 192.
 1 APPPATH\Views\estudiantes\solicitar\solicitar.php(192): CodeIgniter\Debug\Exceptions->errorHandler(2, 'Undefined variable $event', 'APPPATH\\Views\\estudiantes\\solicitar\\solicitar.php', 192)
 2 SYSTEMPATH\View\View.php(213): include('APPPATH\\Views\\estudiantes\\solicitar\\solicitar.php')
 3 SYSTEMPATH\View\View.php(216): CodeIgniter\View\View->CodeIgniter\View\{closure}()
 4 SYSTEMPATH\Common.php(1184): CodeIgniter\View\View->render('estudiantes/Solicitar/solicitar', [], true)
 5 APPPATH\Controllers\EstudiantesSolicitarCita.php(57): view('estudiantes/Solicitar/solicitar', [...])
 6 SYSTEMPATH\CodeIgniter.php(934): App\Controllers\EstudiantesSolicitarCita->index()
 7 SYSTEMPATH\CodeIgniter.php(499): CodeIgniter\CodeIgniter->runController(Object(App\Controllers\EstudiantesSolicitarCita))
 8 SYSTEMPATH\CodeIgniter.php(368): CodeIgniter\CodeIgniter->handleRequest(null, Object(Config\Cache), false)
 9 FCPATH\index.php(67): CodeIgniter\CodeIgniter->run()
CRITICAL - 2023-07-01 19:00:38 --> Undefined variable $event
in APPPATH\Views\estudiantes\solicitar\solicitar.php on line 192.
 1 APPPATH\Views\estudiantes\solicitar\solicitar.php(192): CodeIgniter\Debug\Exceptions->errorHandler(2, 'Undefined variable $event', 'APPPATH\\Views\\estudiantes\\solicitar\\solicitar.php', 192)
 2 SYSTEMPATH\View\View.php(213): include('APPPATH\\Views\\estudiantes\\solicitar\\solicitar.php')
 3 SYSTEMPATH\View\View.php(216): CodeIgniter\View\View->CodeIgniter\View\{closure}()
 4 SYSTEMPATH\Common.php(1184): CodeIgniter\View\View->render('estudiantes/Solicitar/solicitar', [], true)
 5 APPPATH\Controllers\EstudiantesSolicitarCita.php(57): view('estudiantes/Solicitar/solicitar', [...])
 6 SYSTEMPATH\CodeIgniter.php(934): App\Controllers\EstudiantesSolicitarCita->index()
 7 SYSTEMPATH\CodeIgniter.php(499): CodeIgniter\CodeIgniter->runController(Object(App\Controllers\EstudiantesSolicitarCita))
 8 SYSTEMPATH\CodeIgniter.php(368): CodeIgniter\CodeIgniter->handleRequest(null, Object(Config\Cache), false)
 9 FCPATH\index.php(67): CodeIgniter\CodeIgniter->run()
CRITICAL - 2023-07-01 19:00:45 --> Undefined variable $event
in APPPATH\Views\estudiantes\solicitar\solicitar.php on line 192.
 1 APPPATH\Views\estudiantes\solicitar\solicitar.php(192): CodeIgniter\Debug\Exceptions->errorHandler(2, 'Undefined variable $event', 'APPPATH\\Views\\estudiantes\\solicitar\\solicitar.php', 192)
 2 SYSTEMPATH\View\View.php(213): include('APPPATH\\Views\\estudiantes\\solicitar\\solicitar.php')
 3 SYSTEMPATH\View\View.php(216): CodeIgniter\View\View->CodeIgniter\View\{closure}()
 4 SYSTEMPATH\Common.php(1184): CodeIgniter\View\View->render('estudiantes/Solicitar/solicitar', [], true)
 5 APPPATH\Controllers\EstudiantesSolicitarCita.php(57): view('estudiantes/Solicitar/solicitar', [...])
 6 SYSTEMPATH\CodeIgniter.php(934): App\Controllers\EstudiantesSolicitarCita->index()
 7 SYSTEMPATH\CodeIgniter.php(499): CodeIgniter\CodeIgniter->runController(Object(App\Controllers\EstudiantesSolicitarCita))
 8 SYSTEMPATH\CodeIgniter.php(368): CodeIgniter\CodeIgniter->handleRequest(null, Object(Config\Cache), false)
 9 FCPATH\index.php(67): CodeIgniter\CodeIgniter->run()
CRITICAL - 2023-07-01 19:01:06 --> Undefined variable $event
in APPPATH\Views\estudiantes\solicitar\solicitar.php on line 192.
 1 APPPATH\Views\estudiantes\solicitar\solicitar.php(192): CodeIgniter\Debug\Exceptions->errorHandler(2, 'Undefined variable $event', 'APPPATH\\Views\\estudiantes\\solicitar\\solicitar.php', 192)
 2 SYSTEMPATH\View\View.php(213): include('APPPATH\\Views\\estudiantes\\solicitar\\solicitar.php')
 3 SYSTEMPATH\View\View.php(216): CodeIgniter\View\View->CodeIgniter\View\{closure}()
 4 SYSTEMPATH\Common.php(1184): CodeIgniter\View\View->render('estudiantes/Solicitar/solicitar', [], true)
 5 APPPATH\Controllers\EstudiantesSolicitarCita.php(57): view('estudiantes/Solicitar/solicitar', [...])
 6 SYSTEMPATH\CodeIgniter.php(934): App\Controllers\EstudiantesSolicitarCita->index()
 7 SYSTEMPATH\CodeIgniter.php(499): CodeIgniter\CodeIgniter->runController(Object(App\Controllers\EstudiantesSolicitarCita))
 8 SYSTEMPATH\CodeIgniter.php(368): CodeIgniter\CodeIgniter->handleRequest(null, Object(Config\Cache), false)
 9 FCPATH\index.php(67): CodeIgniter\CodeIgniter->run()
CRITICAL - 2023-07-01 19:01:39 --> syntax error, unexpected string content "", expecting "-" or identifier or variable or number
in APPPATH\Views\estudiantes\solicitar\solicitar.php on line 192.
 1 SYSTEMPATH\View\View.php(216): CodeIgniter\View\View->CodeIgniter\View\{closure}()
 2 SYSTEMPATH\Common.php(1184): CodeIgniter\View\View->render('estudiantes/Solicitar/solicitar', [], true)
 3 APPPATH\Controllers\EstudiantesSolicitarCita.php(57): view('estudiantes/Solicitar/solicitar', [...])
 4 SYSTEMPATH\CodeIgniter.php(934): App\Controllers\EstudiantesSolicitarCita->index()
 5 SYSTEMPATH\CodeIgniter.php(499): CodeIgniter\CodeIgniter->runController(Object(App\Controllers\EstudiantesSolicitarCita))
 6 SYSTEMPATH\CodeIgniter.php(368): CodeIgniter\CodeIgniter->handleRequest(null, Object(Config\Cache), false)
 7 FCPATH\index.php(67): CodeIgniter\CodeIgniter->run()
CRITICAL - 2023-07-01 19:02:49 --> Undefined variable $dispDocente
in APPPATH\Views\estudiantes\solicitar\solicitar.php on line 187.
 1 APPPATH\Views\estudiantes\solicitar\solicitar.php(187): CodeIgniter\Debug\Exceptions->errorHandler(2, 'Undefined variable $dispDocente', 'APPPATH\\Views\\estudiantes\\solicitar\\solicitar.php', 187)
 2 SYSTEMPATH\View\View.php(213): include('APPPATH\\Views\\estudiantes\\solicitar\\solicitar.php')
 3 SYSTEMPATH\View\View.php(216): CodeIgniter\View\View->CodeIgniter\View\{closure}()
 4 SYSTEMPATH\Common.php(1184): CodeIgniter\View\View->render('estudiantes/Solicitar/solicitar', [], true)
 5 APPPATH\Controllers\EstudiantesSolicitarCita.php(57): view('estudiantes/Solicitar/solicitar', [...])
 6 SYSTEMPATH\CodeIgniter.php(934): App\Controllers\EstudiantesSolicitarCita->index()
 7 SYSTEMPATH\CodeIgniter.php(499): CodeIgniter\CodeIgniter->runController(Object(App\Controllers\EstudiantesSolicitarCita))
 8 SYSTEMPATH\CodeIgniter.php(368): CodeIgniter\CodeIgniter->handleRequest(null, Object(Config\Cache), false)
 9 FCPATH\index.php(67): CodeIgniter\CodeIgniter->run()
CRITICAL - 2023-07-01 19:03:04 --> Undefined variable $dispDocente
in APPPATH\Views\estudiantes\solicitar\solicitar.php on line 187.
 1 APPPATH\Views\estudiantes\solicitar\solicitar.php(187): CodeIgniter\Debug\Exceptions->errorHandler(2, 'Undefined variable $dispDocente', 'APPPATH\\Views\\estudiantes\\solicitar\\solicitar.php', 187)
 2 SYSTEMPATH\View\View.php(213): include('APPPATH\\Views\\estudiantes\\solicitar\\solicitar.php')
 3 SYSTEMPATH\View\View.php(216): CodeIgniter\View\View->CodeIgniter\View\{closure}()
 4 SYSTEMPATH\Common.php(1184): CodeIgniter\View\View->render('estudiantes/Solicitar/solicitar', [], true)
 5 APPPATH\Controllers\EstudiantesSolicitarCita.php(57): view('estudiantes/Solicitar/solicitar', [...])
 6 SYSTEMPATH\CodeIgniter.php(934): App\Controllers\EstudiantesSolicitarCita->index()
 7 SYSTEMPATH\CodeIgniter.php(499): CodeIgniter\CodeIgniter->runController(Object(App\Controllers\EstudiantesSolicitarCita))
 8 SYSTEMPATH\CodeIgniter.php(368): CodeIgniter\CodeIgniter->handleRequest(null, Object(Config\Cache), false)
 9 FCPATH\index.php(67): CodeIgniter\CodeIgniter->run()
CRITICAL - 2023-07-01 19:03:35 --> foreach() argument must be of type array|object, null given
in APPPATH\Views\estudiantes\solicitar\solicitar.php on line 187.
 1 APPPATH\Views\estudiantes\solicitar\solicitar.php(187): CodeIgniter\Debug\Exceptions->errorHandler(2, 'foreach() argument must be of type array|object, null given', 'APPPATH\\Views\\estudiantes\\solicitar\\solicitar.php', 187)
 2 SYSTEMPATH\View\View.php(213): include('APPPATH\\Views\\estudiantes\\solicitar\\solicitar.php')
 3 SYSTEMPATH\View\View.php(216): CodeIgniter\View\View->CodeIgniter\View\{closure}()
 4 SYSTEMPATH\Common.php(1184): CodeIgniter\View\View->render('estudiantes/Solicitar/solicitar', [], true)
 5 APPPATH\Controllers\EstudiantesSolicitarCita.php(57): view('estudiantes/Solicitar/solicitar', [...])
 6 SYSTEMPATH\CodeIgniter.php(934): App\Controllers\EstudiantesSolicitarCita->index()
 7 SYSTEMPATH\CodeIgniter.php(499): CodeIgniter\CodeIgniter->runController(Object(App\Controllers\EstudiantesSolicitarCita))
 8 SYSTEMPATH\CodeIgniter.php(368): CodeIgniter\CodeIgniter->handleRequest(null, Object(Config\Cache), false)
 9 FCPATH\index.php(67): CodeIgniter\CodeIgniter->run()
CRITICAL - 2023-07-01 19:04:34 --> foreach() argument must be of type array|object, null given
in APPPATH\Views\estudiantes\solicitar\solicitar.php on line 187.
 1 APPPATH\Views\estudiantes\solicitar\solicitar.php(187): CodeIgniter\Debug\Exceptions->errorHandler(2, 'foreach() argument must be of type array|object, null given', 'APPPATH\\Views\\estudiantes\\solicitar\\solicitar.php', 187)
 2 SYSTEMPATH\View\View.php(213): include('APPPATH\\Views\\estudiantes\\solicitar\\solicitar.php')
 3 SYSTEMPATH\View\View.php(216): CodeIgniter\View\View->CodeIgniter\View\{closure}()
 4 SYSTEMPATH\Common.php(1184): CodeIgniter\View\View->render('estudiantes/Solicitar/solicitar', [], true)
 5 APPPATH\Controllers\EstudiantesSolicitarCita.php(57): view('estudiantes/Solicitar/solicitar', [...])
 6 SYSTEMPATH\CodeIgniter.php(934): App\Controllers\EstudiantesSolicitarCita->index()
 7 SYSTEMPATH\CodeIgniter.php(499): CodeIgniter\CodeIgniter->runController(Object(App\Controllers\EstudiantesSolicitarCita))
 8 SYSTEMPATH\CodeIgniter.php(368): CodeIgniter\CodeIgniter->handleRequest(null, Object(Config\Cache), false)
 9 FCPATH\index.php(67): CodeIgniter\CodeIgniter->run()
CRITICAL - 2023-07-01 19:05:01 --> foreach() argument must be of type array|object, null given
in APPPATH\Views\estudiantes\solicitar\solicitar.php on line 187.
 1 APPPATH\Views\estudiantes\solicitar\solicitar.php(187): CodeIgniter\Debug\Exceptions->errorHandler(2, 'foreach() argument must be of type array|object, null given', 'APPPATH\\Views\\estudiantes\\solicitar\\solicitar.php', 187)
 2 SYSTEMPATH\View\View.php(213): include('APPPATH\\Views\\estudiantes\\solicitar\\solicitar.php')
 3 SYSTEMPATH\View\View.php(216): CodeIgniter\View\View->CodeIgniter\View\{closure}()
 4 SYSTEMPATH\Common.php(1184): CodeIgniter\View\View->render('estudiantes/Solicitar/solicitar', [], true)
 5 APPPATH\Controllers\EstudiantesSolicitarCita.php(57): view('estudiantes/Solicitar/solicitar', [...])
 6 SYSTEMPATH\CodeIgniter.php(934): App\Controllers\EstudiantesSolicitarCita->index()
 7 SYSTEMPATH\CodeIgniter.php(499): CodeIgniter\CodeIgniter->runController(Object(App\Controllers\EstudiantesSolicitarCita))
 8 SYSTEMPATH\CodeIgniter.php(368): CodeIgniter\CodeIgniter->handleRequest(null, Object(Config\Cache), false)
 9 FCPATH\index.php(67): CodeIgniter\CodeIgniter->run()
CRITICAL - 2023-07-01 19:05:27 --> foreach() argument must be of type array|object, null given
in APPPATH\Views\estudiantes\solicitar\solicitar.php on line 187.
 1 APPPATH\Views\estudiantes\solicitar\solicitar.php(187): CodeIgniter\Debug\Exceptions->errorHandler(2, 'foreach() argument must be of type array|object, null given', 'APPPATH\\Views\\estudiantes\\solicitar\\solicitar.php', 187)
 2 SYSTEMPATH\View\View.php(213): include('APPPATH\\Views\\estudiantes\\solicitar\\solicitar.php')
 3 SYSTEMPATH\View\View.php(216): CodeIgniter\View\View->CodeIgniter\View\{closure}()
 4 SYSTEMPATH\Common.php(1184): CodeIgniter\View\View->render('estudiantes/Solicitar/solicitar', [], true)
 5 APPPATH\Controllers\EstudiantesSolicitarCita.php(58): view('estudiantes/Solicitar/solicitar', [...])
 6 SYSTEMPATH\CodeIgniter.php(934): App\Controllers\EstudiantesSolicitarCita->index()
 7 SYSTEMPATH\CodeIgniter.php(499): CodeIgniter\CodeIgniter->runController(Object(App\Controllers\EstudiantesSolicitarCita))
 8 SYSTEMPATH\CodeIgniter.php(368): CodeIgniter\CodeIgniter->handleRequest(null, Object(Config\Cache), false)
 9 FCPATH\index.php(67): CodeIgniter\CodeIgniter->run()
CRITICAL - 2023-07-01 19:07:23 --> Undefined array key "xd"
in APPPATH\Views\estudiantes\solicitar\solicitar.php on line 191.
 1 APPPATH\Views\estudiantes\solicitar\solicitar.php(191): CodeIgniter\Debug\Exceptions->errorHandler(2, 'Undefined array key "xd"', 'APPPATH\\Views\\estudiantes\\solicitar\\solicitar.php', 191)
 2 SYSTEMPATH\View\View.php(213): include('APPPATH\\Views\\estudiantes\\solicitar\\solicitar.php')
 3 SYSTEMPATH\View\View.php(216): CodeIgniter\View\View->CodeIgniter\View\{closure}()
 4 SYSTEMPATH\Common.php(1184): CodeIgniter\View\View->render('estudiantes/Solicitar/solicitar', [], true)
 5 APPPATH\Controllers\EstudiantesSolicitarCita.php(57): view('estudiantes/Solicitar/solicitar', [...])
 6 SYSTEMPATH\CodeIgniter.php(934): App\Controllers\EstudiantesSolicitarCita->index()
 7 SYSTEMPATH\CodeIgniter.php(499): CodeIgniter\CodeIgniter->runController(Object(App\Controllers\EstudiantesSolicitarCita))
 8 SYSTEMPATH\CodeIgniter.php(368): CodeIgniter\CodeIgniter->handleRequest(null, Object(Config\Cache), false)
 9 FCPATH\index.php(67): CodeIgniter\CodeIgniter->run()
CRITICAL - 2023-07-01 19:08:59 --> foreach() argument must be of type array|object, null given
in APPPATH\Views\estudiantes\solicitar\solicitar.php on line 186.
 1 APPPATH\Views\estudiantes\solicitar\solicitar.php(186): CodeIgniter\Debug\Exceptions->errorHandler(2, 'foreach() argument must be of type array|object, null given', 'APPPATH\\Views\\estudiantes\\solicitar\\solicitar.php', 186)
 2 SYSTEMPATH\View\View.php(213): include('APPPATH\\Views\\estudiantes\\solicitar\\solicitar.php')
 3 SYSTEMPATH\View\View.php(216): CodeIgniter\View\View->CodeIgniter\View\{closure}()
 4 SYSTEMPATH\Common.php(1184): CodeIgniter\View\View->render('estudiantes/Solicitar/solicitar', [], true)
 5 APPPATH\Controllers\EstudiantesSolicitarCita.php(57): view('estudiantes/Solicitar/solicitar', [...])
 6 SYSTEMPATH\CodeIgniter.php(934): App\Controllers\EstudiantesSolicitarCita->index()
 7 SYSTEMPATH\CodeIgniter.php(499): CodeIgniter\CodeIgniter->runController(Object(App\Controllers\EstudiantesSolicitarCita))
 8 SYSTEMPATH\CodeIgniter.php(368): CodeIgniter\CodeIgniter->handleRequest(null, Object(Config\Cache), false)
 9 FCPATH\index.php(67): CodeIgniter\CodeIgniter->run()
CRITICAL - 2023-07-01 19:10:20 --> foreach() argument must be of type array|object, null given
in APPPATH\Views\estudiantes\solicitar\solicitar.php on line 187.
 1 APPPATH\Views\estudiantes\solicitar\solicitar.php(187): CodeIgniter\Debug\Exceptions->errorHandler(2, 'foreach() argument must be of type array|object, null given', 'APPPATH\\Views\\estudiantes\\solicitar\\solicitar.php', 187)
 2 SYSTEMPATH\View\View.php(213): include('APPPATH\\Views\\estudiantes\\solicitar\\solicitar.php')
 3 SYSTEMPATH\View\View.php(216): CodeIgniter\View\View->CodeIgniter\View\{closure}()
 4 SYSTEMPATH\Common.php(1184): CodeIgniter\View\View->render('estudiantes/Solicitar/solicitar', [], true)
 5 APPPATH\Controllers\EstudiantesSolicitarCita.php(57): view('estudiantes/Solicitar/solicitar', [...])
 6 SYSTEMPATH\CodeIgniter.php(934): App\Controllers\EstudiantesSolicitarCita->index()
 7 SYSTEMPATH\CodeIgniter.php(499): CodeIgniter\CodeIgniter->runController(Object(App\Controllers\EstudiantesSolicitarCita))
 8 SYSTEMPATH\CodeIgniter.php(368): CodeIgniter\CodeIgniter->handleRequest(null, Object(Config\Cache), false)
 9 FCPATH\index.php(67): CodeIgniter\CodeIgniter->run()
