CRITICAL - 2023-05-25 12:29:31 --> Undefined property: App\Controllers\DocenteDisponibilidad::$EventoModel
in APPPATH\Controllers\DocenteDisponibilidad.php on line 41.
 1 APPPATH\Controllers\DocenteDisponibilidad.php(41): CodeIgniter\Debug\Exceptions->errorHandler(2, 'Undefined property: App\\Controllers\\DocenteDisponibilidad::$EventoModel', 'APPPATH\\Controllers\\DocenteDisponibilidad.php', 41)
 2 SYSTEMPATH\CodeIgniter.php(934): App\Controllers\DocenteDisponibilidad->registrar()
 3 SYSTEMPATH\CodeIgniter.php(499): CodeIgniter\CodeIgniter->runController(Object(App\Controllers\DocenteDisponibilidad))
 4 SYSTEMPATH\CodeIgniter.php(368): CodeIgniter\CodeIgniter->handleRequest(null, Object(Config\Cache), false)
 5 FCPATH\index.php(67): CodeIgniter\CodeIgniter->run()
CRITICAL - 2023-05-25 12:31:28 --> Undefined property: App\Controllers\DocenteDisponibilidad::$EventoModel
in APPPATH\Controllers\DocenteDisponibilidad.php on line 41.
 1 APPPATH\Controllers\DocenteDisponibilidad.php(41): CodeIgniter\Debug\Exceptions->errorHandler(2, 'Undefined property: App\\Controllers\\DocenteDisponibilidad::$EventoModel', 'APPPATH\\Controllers\\DocenteDisponibilidad.php', 41)
 2 SYSTEMPATH\CodeIgniter.php(934): App\Controllers\DocenteDisponibilidad->registrar()
 3 SYSTEMPATH\CodeIgniter.php(499): CodeIgniter\CodeIgniter->runController(Object(App\Controllers\DocenteDisponibilidad))
 4 SYSTEMPATH\CodeIgniter.php(368): CodeIgniter\CodeIgniter->handleRequest(null, Object(Config\Cache), false)
 5 FCPATH\index.php(67): CodeIgniter\CodeIgniter->run()
CRITICAL - 2023-05-25 12:35:51 --> Undefined property: App\Controllers\DocenteDisponibilidad::$EventoModel
in APPPATH\Controllers\DocenteDisponibilidad.php on line 42.
 1 APPPATH\Controllers\DocenteDisponibilidad.php(42): CodeIgniter\Debug\Exceptions->errorHandler(2, 'Undefined property: App\\Controllers\\DocenteDisponibilidad::$EventoModel', 'APPPATH\\Controllers\\DocenteDisponibilidad.php', 42)
 2 SYSTEMPATH\CodeIgniter.php(934): App\Controllers\DocenteDisponibilidad->registrar()
 3 SYSTEMPATH\CodeIgniter.php(499): CodeIgniter\CodeIgniter->runController(Object(App\Controllers\DocenteDisponibilidad))
 4 SYSTEMPATH\CodeIgniter.php(368): CodeIgniter\CodeIgniter->handleRequest(null, Object(Config\Cache), false)
 5 FCPATH\index.php(67): CodeIgniter\CodeIgniter->run()
CRITICAL - 2023-05-25 12:36:31 --> Undefined property: App\Controllers\DocenteDisponibilidad::$EventoModel
in APPPATH\Controllers\DocenteDisponibilidad.php on line 42.
 1 APPPATH\Controllers\DocenteDisponibilidad.php(42): CodeIgniter\Debug\Exceptions->errorHandler(2, 'Undefined property: App\\Controllers\\DocenteDisponibilidad::$EventoModel', 'APPPATH\\Controllers\\DocenteDisponibilidad.php', 42)
 2 SYSTEMPATH\CodeIgniter.php(934): App\Controllers\DocenteDisponibilidad->registrar()
 3 SYSTEMPATH\CodeIgniter.php(499): CodeIgniter\CodeIgniter->runController(Object(App\Controllers\DocenteDisponibilidad))
 4 SYSTEMPATH\CodeIgniter.php(368): CodeIgniter\CodeIgniter->handleRequest(null, Object(Config\Cache), false)
 5 FCPATH\index.php(67): CodeIgniter\CodeIgniter->run()
CRITICAL - 2023-05-25 12:37:04 --> Undefined property: App\Controllers\DocenteDisponibilidad::$EventoModel
in APPPATH\Controllers\DocenteDisponibilidad.php on line 42.
 1 APPPATH\Controllers\DocenteDisponibilidad.php(42): CodeIgniter\Debug\Exceptions->errorHandler(2, 'Undefined property: App\\Controllers\\DocenteDisponibilidad::$EventoModel', 'APPPATH\\Controllers\\DocenteDisponibilidad.php', 42)
 2 SYSTEMPATH\CodeIgniter.php(934): App\Controllers\DocenteDisponibilidad->registrar()
 3 SYSTEMPATH\CodeIgniter.php(499): CodeIgniter\CodeIgniter->runController(Object(App\Controllers\DocenteDisponibilidad))
 4 SYSTEMPATH\CodeIgniter.php(368): CodeIgniter\CodeIgniter->handleRequest(null, Object(Config\Cache), false)
 5 FCPATH\index.php(67): CodeIgniter\CodeIgniter->run()
CRITICAL - 2023-05-25 12:37:35 --> Undefined property: App\Controllers\DocenteDisponibilidad::$Model
in APPPATH\Controllers\DocenteDisponibilidad.php on line 42.
 1 APPPATH\Controllers\DocenteDisponibilidad.php(42): CodeIgniter\Debug\Exceptions->errorHandler(2, 'Undefined property: App\\Controllers\\DocenteDisponibilidad::$Model', 'APPPATH\\Controllers\\DocenteDisponibilidad.php', 42)
 2 SYSTEMPATH\CodeIgniter.php(934): App\Controllers\DocenteDisponibilidad->registrar()
 3 SYSTEMPATH\CodeIgniter.php(499): CodeIgniter\CodeIgniter->runController(Object(App\Controllers\DocenteDisponibilidad))
 4 SYSTEMPATH\CodeIgniter.php(368): CodeIgniter\CodeIgniter->handleRequest(null, Object(Config\Cache), false)
 5 FCPATH\index.php(67): CodeIgniter\CodeIgniter->run()
CRITICAL - 2023-05-25 12:40:05 --> Undefined property: App\Controllers\DocenteDisponibilidad::$Model
in APPPATH\Controllers\DocenteDisponibilidad.php on line 42.
 1 APPPATH\Controllers\DocenteDisponibilidad.php(42): CodeIgniter\Debug\Exceptions->errorHandler(2, 'Undefined property: App\\Controllers\\DocenteDisponibilidad::$Model', 'APPPATH\\Controllers\\DocenteDisponibilidad.php', 42)
 2 SYSTEMPATH\CodeIgniter.php(934): App\Controllers\DocenteDisponibilidad->registrar()
 3 SYSTEMPATH\CodeIgniter.php(499): CodeIgniter\CodeIgniter->runController(Object(App\Controllers\DocenteDisponibilidad))
 4 SYSTEMPATH\CodeIgniter.php(368): CodeIgniter\CodeIgniter->handleRequest(null, Object(Config\Cache), false)
 5 FCPATH\index.php(67): CodeIgniter\CodeIgniter->run()
CRITICAL - 2023-05-25 12:49:00 --> Undefined property: App\Controllers\DocenteDisponibilidad::$model
in APPPATH\Controllers\DocenteDisponibilidad.php on line 42.
 1 APPPATH\Controllers\DocenteDisponibilidad.php(42): CodeIgniter\Debug\Exceptions->errorHandler(2, 'Undefined property: App\\Controllers\\DocenteDisponibilidad::$model', 'APPPATH\\Controllers\\DocenteDisponibilidad.php', 42)
 2 SYSTEMPATH\CodeIgniter.php(934): App\Controllers\DocenteDisponibilidad->registrar()
 3 SYSTEMPATH\CodeIgniter.php(499): CodeIgniter\CodeIgniter->runController(Object(App\Controllers\DocenteDisponibilidad))
 4 SYSTEMPATH\CodeIgniter.php(368): CodeIgniter\CodeIgniter->handleRequest(null, Object(Config\Cache), false)
 5 FCPATH\index.php(67): CodeIgniter\CodeIgniter->run()
CRITICAL - 2023-05-25 12:50:06 --> Class "App\Models\AdministradorModels\EventoModel" not found
in APPPATH\Controllers\DocenteDisponibilidad.php on line 20.
 1 SYSTEMPATH\CodeIgniter.php(906): App\Controllers\DocenteDisponibilidad->__construct()
 2 SYSTEMPATH\CodeIgniter.php(490): CodeIgniter\CodeIgniter->createController()
 3 SYSTEMPATH\CodeIgniter.php(368): CodeIgniter\CodeIgniter->handleRequest(null, Object(Config\Cache), false)
 4 FCPATH\index.php(67): CodeIgniter\CodeIgniter->run()
CRITICAL - 2023-05-25 12:50:07 --> Class "App\Models\AdministradorModels\EventoModel" not found
in APPPATH\Controllers\DocenteDisponibilidad.php on line 20.
 1 SYSTEMPATH\CodeIgniter.php(906): App\Controllers\DocenteDisponibilidad->__construct()
 2 SYSTEMPATH\CodeIgniter.php(490): CodeIgniter\CodeIgniter->createController()
 3 SYSTEMPATH\CodeIgniter.php(368): CodeIgniter\CodeIgniter->handleRequest(null, Object(Config\Cache), false)
 4 FCPATH\index.php(67): CodeIgniter\CodeIgniter->run()
CRITICAL - 2023-05-25 12:50:07 --> Class "App\Models\AdministradorModels\EventoModel" not found
in APPPATH\Controllers\DocenteDisponibilidad.php on line 20.
 1 SYSTEMPATH\CodeIgniter.php(906): App\Controllers\DocenteDisponibilidad->__construct()
 2 SYSTEMPATH\CodeIgniter.php(490): CodeIgniter\CodeIgniter->createController()
 3 SYSTEMPATH\CodeIgniter.php(368): CodeIgniter\CodeIgniter->handleRequest(null, Object(Config\Cache), false)
 4 FCPATH\index.php(67): CodeIgniter\CodeIgniter->run()
CRITICAL - 2023-05-25 12:50:08 --> Class "App\Models\AdministradorModels\EventoModel" not found
in APPPATH\Controllers\DocenteDisponibilidad.php on line 20.
 1 SYSTEMPATH\CodeIgniter.php(906): App\Controllers\DocenteDisponibilidad->__construct()
 2 SYSTEMPATH\CodeIgniter.php(490): CodeIgniter\CodeIgniter->createController()
 3 SYSTEMPATH\CodeIgniter.php(368): CodeIgniter\CodeIgniter->handleRequest(null, Object(Config\Cache), false)
 4 FCPATH\index.php(67): CodeIgniter\CodeIgniter->run()
CRITICAL - 2023-05-25 12:50:08 --> Class "App\Models\AdministradorModels\EventoModel" not found
in APPPATH\Controllers\DocenteDisponibilidad.php on line 20.
 1 SYSTEMPATH\CodeIgniter.php(906): App\Controllers\DocenteDisponibilidad->__construct()
 2 SYSTEMPATH\CodeIgniter.php(490): CodeIgniter\CodeIgniter->createController()
 3 SYSTEMPATH\CodeIgniter.php(368): CodeIgniter\CodeIgniter->handleRequest(null, Object(Config\Cache), false)
 4 FCPATH\index.php(67): CodeIgniter\CodeIgniter->run()
CRITICAL - 2023-05-25 12:50:08 --> Class "App\Models\AdministradorModels\EventoModel" not found
in APPPATH\Controllers\DocenteDisponibilidad.php on line 20.
 1 SYSTEMPATH\CodeIgniter.php(906): App\Controllers\DocenteDisponibilidad->__construct()
 2 SYSTEMPATH\CodeIgniter.php(490): CodeIgniter\CodeIgniter->createController()
 3 SYSTEMPATH\CodeIgniter.php(368): CodeIgniter\CodeIgniter->handleRequest(null, Object(Config\Cache), false)
 4 FCPATH\index.php(67): CodeIgniter\CodeIgniter->run()
CRITICAL - 2023-05-25 12:50:08 --> Class "App\Models\AdministradorModels\EventoModel" not found
in APPPATH\Controllers\DocenteDisponibilidad.php on line 20.
 1 SYSTEMPATH\CodeIgniter.php(906): App\Controllers\DocenteDisponibilidad->__construct()
 2 SYSTEMPATH\CodeIgniter.php(490): CodeIgniter\CodeIgniter->createController()
 3 SYSTEMPATH\CodeIgniter.php(368): CodeIgniter\CodeIgniter->handleRequest(null, Object(Config\Cache), false)
 4 FCPATH\index.php(67): CodeIgniter\CodeIgniter->run()
CRITICAL - 2023-05-25 12:50:08 --> Class "App\Models\AdministradorModels\EventoModel" not found
in APPPATH\Controllers\DocenteDisponibilidad.php on line 20.
 1 SYSTEMPATH\CodeIgniter.php(906): App\Controllers\DocenteDisponibilidad->__construct()
 2 SYSTEMPATH\CodeIgniter.php(490): CodeIgniter\CodeIgniter->createController()
 3 SYSTEMPATH\CodeIgniter.php(368): CodeIgniter\CodeIgniter->handleRequest(null, Object(Config\Cache), false)
 4 FCPATH\index.php(67): CodeIgniter\CodeIgniter->run()
CRITICAL - 2023-05-25 12:50:09 --> Class "App\Models\AdministradorModels\EventoModel" not found
in APPPATH\Controllers\DocenteDisponibilidad.php on line 20.
 1 SYSTEMPATH\CodeIgniter.php(906): App\Controllers\DocenteDisponibilidad->__construct()
 2 SYSTEMPATH\CodeIgniter.php(490): CodeIgniter\CodeIgniter->createController()
 3 SYSTEMPATH\CodeIgniter.php(368): CodeIgniter\CodeIgniter->handleRequest(null, Object(Config\Cache), false)
 4 FCPATH\index.php(67): CodeIgniter\CodeIgniter->run()
CRITICAL - 2023-05-25 12:50:09 --> Class "App\Models\AdministradorModels\EventoModel" not found
in APPPATH\Controllers\DocenteDisponibilidad.php on line 20.
 1 SYSTEMPATH\CodeIgniter.php(906): App\Controllers\DocenteDisponibilidad->__construct()
 2 SYSTEMPATH\CodeIgniter.php(490): CodeIgniter\CodeIgniter->createController()
 3 SYSTEMPATH\CodeIgniter.php(368): CodeIgniter\CodeIgniter->handleRequest(null, Object(Config\Cache), false)
 4 FCPATH\index.php(67): CodeIgniter\CodeIgniter->run()
CRITICAL - 2023-05-25 12:50:31 --> CodeIgniter\BaseModel::transformDataToArray(): Return value must be of type array, string returned
in SYSTEMPATH\BaseModel.php on line 1706.
 1 SYSTEMPATH\BaseModel.php(742): CodeIgniter\BaseModel->transformDataToArray('INSERT INTO pruebaeventos (title, start, color) VALUES (?,?,?)', 'insert')
 2 SYSTEMPATH\Model.php(730): CodeIgniter\BaseModel->insert('INSERT INTO pruebaeventos (title, start, color) VALUES (?,?,?)', false)
 3 SYSTEMPATH\BaseModel.php(692): CodeIgniter\Model->insert('INSERT INTO pruebaeventos (title, start, color) VALUES (?,?,?)', false)
 4 APPPATH\Models\PruebaCalendar\EventoModel.php(55): CodeIgniter\BaseModel->save('INSERT INTO pruebaeventos (title, start, color) VALUES (?,?,?)', [...])
 5 APPPATH\Controllers\DocenteDisponibilidad.php(45): App\Models\PruebaCalendar\EventoModel->registrarDatos('htht', '2023-05-11', '#000000')
 6 SYSTEMPATH\CodeIgniter.php(934): App\Controllers\DocenteDisponibilidad->registrar()
 7 SYSTEMPATH\CodeIgniter.php(499): CodeIgniter\CodeIgniter->runController(Object(App\Controllers\DocenteDisponibilidad))
 8 SYSTEMPATH\CodeIgniter.php(368): CodeIgniter\CodeIgniter->handleRequest(null, Object(Config\Cache), false)
 9 FCPATH\index.php(67): CodeIgniter\CodeIgniter->run()
CRITICAL - 2023-05-25 12:54:09 --> CodeIgniter\BaseModel::transformDataToArray(): Return value must be of type array, string returned
in SYSTEMPATH\BaseModel.php on line 1706.
 1 SYSTEMPATH\BaseModel.php(742): CodeIgniter\BaseModel->transformDataToArray('INSERT INTO pruebaeventos (title, start, color) VALUES (?,?,?)', 'insert')
 2 SYSTEMPATH\Model.php(730): CodeIgniter\BaseModel->insert('INSERT INTO pruebaeventos (title, start, color) VALUES (?,?,?)', false)
 3 SYSTEMPATH\BaseModel.php(692): CodeIgniter\Model->insert('INSERT INTO pruebaeventos (title, start, color) VALUES (?,?,?)', false)
 4 APPPATH\Models\PruebaCalendar\EventoModel.php(55): CodeIgniter\BaseModel->save('INSERT INTO pruebaeventos (title, start, color) VALUES (?,?,?)', [...])
 5 APPPATH\Controllers\DocenteDisponibilidad.php(45): App\Models\PruebaCalendar\EventoModel->registrarDatos('grgrg', '2023-05-11', '#000000')
 6 SYSTEMPATH\CodeIgniter.php(934): App\Controllers\DocenteDisponibilidad->registrar()
 7 SYSTEMPATH\CodeIgniter.php(499): CodeIgniter\CodeIgniter->runController(Object(App\Controllers\DocenteDisponibilidad))
 8 SYSTEMPATH\CodeIgniter.php(368): CodeIgniter\CodeIgniter->handleRequest(null, Object(Config\Cache), false)
 9 FCPATH\index.php(67): CodeIgniter\CodeIgniter->run()
CRITICAL - 2023-05-25 12:56:23 --> CodeIgniter\BaseModel::transformDataToArray(): Return value must be of type array, string returned
in SYSTEMPATH\BaseModel.php on line 1706.
 1 SYSTEMPATH\BaseModel.php(742): CodeIgniter\BaseModel->transformDataToArray('INSERT INTO pruebaeventos (title, start, color) VALUES (?,?,?)', 'insert')
 2 SYSTEMPATH\Model.php(730): CodeIgniter\BaseModel->insert('INSERT INTO pruebaeventos (title, start, color) VALUES (?,?,?)', false)
 3 SYSTEMPATH\BaseModel.php(692): CodeIgniter\Model->insert('INSERT INTO pruebaeventos (title, start, color) VALUES (?,?,?)', false)
 4 APPPATH\Models\PruebaCalendar\EventoModel.php(32): CodeIgniter\BaseModel->save('INSERT INTO pruebaeventos (title, start, color) VALUES (?,?,?)', [...])
 5 APPPATH\Controllers\DocenteDisponibilidad.php(45): App\Models\PruebaCalendar\EventoModel->registrarDatos('grgrg', '2023-05-11', '#000000')
 6 SYSTEMPATH\CodeIgniter.php(934): App\Controllers\DocenteDisponibilidad->registrar()
 7 SYSTEMPATH\CodeIgniter.php(499): CodeIgniter\CodeIgniter->runController(Object(App\Controllers\DocenteDisponibilidad))
 8 SYSTEMPATH\CodeIgniter.php(368): CodeIgniter\CodeIgniter->handleRequest(null, Object(Config\Cache), false)
 9 FCPATH\index.php(67): CodeIgniter\CodeIgniter->run()
CRITICAL - 2023-05-25 12:56:42 --> CodeIgniter\BaseModel::transformDataToArray(): Return value must be of type array, string returned
in SYSTEMPATH\BaseModel.php on line 1706.
 1 SYSTEMPATH\BaseModel.php(742): CodeIgniter\BaseModel->transformDataToArray('INSERT INTO pruebaeventos (title, start, color) VALUES (?,?,?)', 'insert')
 2 SYSTEMPATH\Model.php(730): CodeIgniter\BaseModel->insert('INSERT INTO pruebaeventos (title, start, color) VALUES (?,?,?)', false)
 3 SYSTEMPATH\BaseModel.php(692): CodeIgniter\Model->insert('INSERT INTO pruebaeventos (title, start, color) VALUES (?,?,?)', false)
 4 APPPATH\Models\PruebaCalendar\EventoModel.php(32): CodeIgniter\BaseModel->save('INSERT INTO pruebaeventos (title, start, color) VALUES (?,?,?)', [...])
 5 APPPATH\Controllers\DocenteDisponibilidad.php(45): App\Models\PruebaCalendar\EventoModel->registrarDatos('ff', '2023-05-04', '#000000')
 6 SYSTEMPATH\CodeIgniter.php(934): App\Controllers\DocenteDisponibilidad->registrar()
 7 SYSTEMPATH\CodeIgniter.php(499): CodeIgniter\CodeIgniter->runController(Object(App\Controllers\DocenteDisponibilidad))
 8 SYSTEMPATH\CodeIgniter.php(368): CodeIgniter\CodeIgniter->handleRequest(null, Object(Config\Cache), false)
 9 FCPATH\index.php(67): CodeIgniter\CodeIgniter->run()
CRITICAL - 2023-05-25 13:01:58 --> CodeIgniter\BaseModel::transformDataToArray(): Return value must be of type array, string returned
in SYSTEMPATH\BaseModel.php on line 1706.
 1 SYSTEMPATH\BaseModel.php(742): CodeIgniter\BaseModel->transformDataToArray('INSERT INTO pruebaeventos (title, start, color) VALUES (?,?,?)', 'insert')
 2 SYSTEMPATH\Model.php(730): CodeIgniter\BaseModel->insert('INSERT INTO pruebaeventos (title, start, color) VALUES (?,?,?)', false)
 3 SYSTEMPATH\BaseModel.php(692): CodeIgniter\Model->insert('INSERT INTO pruebaeventos (title, start, color) VALUES (?,?,?)', false)
 4 APPPATH\Models\PruebaCalendar\EventoModel.php(32): CodeIgniter\BaseModel->save('INSERT INTO pruebaeventos (title, start, color) VALUES (?,?,?)', [...])
 5 APPPATH\Controllers\DocenteDisponibilidad.php(45): App\Models\PruebaCalendar\EventoModel->registrarDatos('fefe', '2023-05-04', '#000000')
 6 SYSTEMPATH\CodeIgniter.php(934): App\Controllers\DocenteDisponibilidad->registrar()
 7 SYSTEMPATH\CodeIgniter.php(499): CodeIgniter\CodeIgniter->runController(Object(App\Controllers\DocenteDisponibilidad))
 8 SYSTEMPATH\CodeIgniter.php(368): CodeIgniter\CodeIgniter->handleRequest(null, Object(Config\Cache), false)
 9 FCPATH\index.php(67): CodeIgniter\CodeIgniter->run()
ERROR - 2023-05-25 13:14:36 --> Error connecting to the database: mysqli_sql_exception: Host 'MABAPRRATFSD010.FormacionSena.RED' is not allowed to connect to this MariaDB server in C:\xampp\htdocs\Agendamiento-Citas\system\Database\MySQLi\Connection.php:173
Stack trace:
#0 C:\xampp\htdocs\Agendamiento-Citas\system\Database\MySQLi\Connection.php(173): mysqli->real_connect('10.230.16.133', 'user_db', Object(SensitiveParameterValue), 'db_citas', 3306, '', 0)
#1 C:\xampp\htdocs\Agendamiento-Citas\system\Database\BaseConnection.php(391): CodeIgniter\Database\MySQLi\Connection->connect(false)
#2 C:\xampp\htdocs\Agendamiento-Citas\system\Database\BaseConnection.php(573): CodeIgniter\Database\BaseConnection->initialize()
#3 C:\xampp\htdocs\Agendamiento-Citas\system\Database\BaseBuilder.php(1616): CodeIgniter\Database\BaseConnection->query('SELECT `usuario...', Array, false)
#4 C:\xampp\htdocs\Agendamiento-Citas\system\Model.php(268): CodeIgniter\Database\BaseBuilder->get()
#5 C:\xampp\htdocs\Agendamiento-Citas\system\BaseModel.php(656): CodeIgniter\Model->doFirst()
#6 C:\xampp\htdocs\Agendamiento-Citas\app\Models\AdministradorModels\UsuariosModel.php(75): CodeIgniter\BaseModel->first()
#7 C:\xampp\htdocs\Agendamiento-Citas\app\Controllers\Perfiles.php(56): App\Models\AdministradorModels\UsuariosModel->traer_usuario('1')
#8 C:\xampp\htdocs\Agendamiento-Citas\system\CodeIgniter.php(934): App\Controllers\Perfiles->Docentes()
#9 C:\xampp\htdocs\Agendamiento-Citas\system\CodeIgniter.php(499): CodeIgniter\CodeIgniter->runController(Object(App\Controllers\Perfiles))
#10 C:\xampp\htdocs\Agendamiento-Citas\system\CodeIgniter.php(368): CodeIgniter\CodeIgniter->handleRequest(NULL, Object(Config\Cache), false)
#11 C:\xampp\htdocs\Agendamiento-Citas\public\index.php(67): CodeIgniter\CodeIgniter->run()
#12 {main}

Next CodeIgniter\Database\Exceptions\DatabaseException: Host 'MABAPRRATFSD010.FormacionSena.RED' is not allowed to connect to this MariaDB server in C:\xampp\htdocs\Agendamiento-Citas\system\Database\MySQLi\Connection.php:218
Stack trace:
#0 C:\xampp\htdocs\Agendamiento-Citas\system\Database\BaseConnection.php(391): CodeIgniter\Database\MySQLi\Connection->connect(false)
#1 C:\xampp\htdocs\Agendamiento-Citas\system\Database\BaseConnection.php(573): CodeIgniter\Database\BaseConnection->initialize()
#2 C:\xampp\htdocs\Agendamiento-Citas\system\Database\BaseBuilder.php(1616): CodeIgniter\Database\BaseConnection->query('SELECT `usuario...', Array, false)
#3 C:\xampp\htdocs\Agendamiento-Citas\system\Model.php(268): CodeIgniter\Database\BaseBuilder->get()
#4 C:\xampp\htdocs\Agendamiento-Citas\system\BaseModel.php(656): CodeIgniter\Model->doFirst()
#5 C:\xampp\htdocs\Agendamiento-Citas\app\Models\AdministradorModels\UsuariosModel.php(75): CodeIgniter\BaseModel->first()
#6 C:\xampp\htdocs\Agendamiento-Citas\app\Controllers\Perfiles.php(56): App\Models\AdministradorModels\UsuariosModel->traer_usuario('1')
#7 C:\xampp\htdocs\Agendamiento-Citas\system\CodeIgniter.php(934): App\Controllers\Perfiles->Docentes()
#8 C:\xampp\htdocs\Agendamiento-Citas\system\CodeIgniter.php(499): CodeIgniter\CodeIgniter->runController(Object(App\Controllers\Perfiles))
#9 C:\xampp\htdocs\Agendamiento-Citas\system\CodeIgniter.php(368): CodeIgniter\CodeIgniter->handleRequest(NULL, Object(Config\Cache), false)
#10 C:\xampp\htdocs\Agendamiento-Citas\public\index.php(67): CodeIgniter\CodeIgniter->run()
#11 {main}
CRITICAL - 2023-05-25 13:14:36 --> Unable to connect to the database.
Main connection [MySQLi]: Host 'MABAPRRATFSD010.FormacionSena.RED' is not allowed to connect to this MariaDB server
in SYSTEMPATH\Database\BaseConnection.php on line 427.
 1 SYSTEMPATH\Database\BaseConnection.php(573): CodeIgniter\Database\BaseConnection->initialize()
 2 SYSTEMPATH\Database\BaseBuilder.php(1616): CodeIgniter\Database\BaseConnection->query('SELECT `usuarios`.*, `roles`.`nombre` as `rol_nombre`, `dt_sexo`.`nombre` as `sexo_nombre`, `dt_cargo`.`nombre` as `cargo_nombre`, `dt_documento`.`nombre` as `tp_nombre`, `telefonos`.`numero` as `telefono_usuario`, `correos`.`correo_electronico` as `correo_usuario`
FROM `usuarios`
JOIN `roles` ON `roles`.`id_rol` = `usuarios`.`id_rol`
JOIN `telefonos` ON `telefonos`.`id_usuario` = `usuarios`.`id_usuario`
JOIN `correos` ON `correos`.`id_usuarios` = `usuarios`.`id_usuario`
JOIN `detalles` as `dt_cargo` ON `dt_cargo`.`id_detalles` = `usuarios`.`cargo`
JOIN `detalles` as `dt_documento` ON `dt_documento`.`id_detalles` = `usuarios`.`tipo_de_documento`
JOIN `detalles` as `dt_sexo` ON `dt_sexo`.`id_detalles` = `usuarios`.`sexo`
WHERE `usuarios`.`estado` = :usuarios.estado:
AND `usuarios`.`id_usuario` = :usuarios.id_usuario:
 LIMIT 1', [...], false)
 3 SYSTEMPATH\Model.php(268): CodeIgniter\Database\BaseBuilder->get()
 4 SYSTEMPATH\BaseModel.php(656): CodeIgniter\Model->doFirst()
 5 APPPATH\Models\AdministradorModels\UsuariosModel.php(75): CodeIgniter\BaseModel->first()
 6 APPPATH\Controllers\Perfiles.php(56): App\Models\AdministradorModels\UsuariosModel->traer_usuario('1')
 7 SYSTEMPATH\CodeIgniter.php(934): App\Controllers\Perfiles->Docentes()
 8 SYSTEMPATH\CodeIgniter.php(499): CodeIgniter\CodeIgniter->runController(Object(App\Controllers\Perfiles))
 9 SYSTEMPATH\CodeIgniter.php(368): CodeIgniter\CodeIgniter->handleRequest(null, Object(Config\Cache), false)
10 FCPATH\index.php(67): CodeIgniter\CodeIgniter->run()
ERROR - 2023-05-25 13:35:34 --> mysqli_sql_exception: You have an error in your SQL syntax; check the manual that corresponds to your MariaDB server version for the right syntax to use near 'FROM `usuarios`
JOIN `roles` ON `roles`.`id_rol` = `usuarios`.`id_rol`
JOIN `...' at line 2 in C:\xampp\htdocs\Agendamiento-Citas\system\Database\MySQLi\Connection.php:295
Stack trace:
#0 C:\xampp\htdocs\Agendamiento-Citas\system\Database\MySQLi\Connection.php(295): mysqli->query('SELECT `usuario...', 0)
#1 C:\xampp\htdocs\Agendamiento-Citas\system\Database\BaseConnection.php(691): CodeIgniter\Database\MySQLi\Connection->execute('SELECT `usuario...')
#2 C:\xampp\htdocs\Agendamiento-Citas\system\Database\BaseConnection.php(605): CodeIgniter\Database\BaseConnection->simpleQuery('SELECT `usuario...')
#3 C:\xampp\htdocs\Agendamiento-Citas\system\Database\BaseBuilder.php(1616): CodeIgniter\Database\BaseConnection->query('SELECT `usuario...', Array, false)
#4 C:\xampp\htdocs\Agendamiento-Citas\system\Model.php(268): CodeIgniter\Database\BaseBuilder->get()
#5 C:\xampp\htdocs\Agendamiento-Citas\system\BaseModel.php(656): CodeIgniter\Model->doFirst()
#6 C:\xampp\htdocs\Agendamiento-Citas\app\Models\AdministradorModels\UsuariosModel.php(76): CodeIgniter\BaseModel->first()
#7 C:\xampp\htdocs\Agendamiento-Citas\app\Controllers\Perfiles.php(94): App\Models\AdministradorModels\UsuariosModel->traer_usuario('1')
#8 C:\xampp\htdocs\Agendamiento-Citas\system\CodeIgniter.php(934): App\Controllers\Perfiles->buscar_user()
#9 C:\xampp\htdocs\Agendamiento-Citas\system\CodeIgniter.php(499): CodeIgniter\CodeIgniter->runController(Object(App\Controllers\Perfiles))
#10 C:\xampp\htdocs\Agendamiento-Citas\system\CodeIgniter.php(368): CodeIgniter\CodeIgniter->handleRequest(NULL, Object(Config\Cache), false)
#11 C:\xampp\htdocs\Agendamiento-Citas\public\index.php(67): CodeIgniter\CodeIgniter->run()
#12 {main}
CRITICAL - 2023-05-25 13:35:34 --> You have an error in your SQL syntax; check the manual that corresponds to your MariaDB server version for the right syntax to use near 'FROM `usuarios`
JOIN `roles` ON `roles`.`id_rol` = `usuarios`.`id_rol`
JOIN `...' at line 2
in SYSTEMPATH\Database\BaseConnection.php on line 645.
 1 SYSTEMPATH\Database\BaseBuilder.php(1616): CodeIgniter\Database\BaseConnection->query('SELECT `usuarios`.*, `roles`.`nombre` as `rol_nombre`, `dt_sexo`.`nombre` as `sexo_nombre`, `dt_cargo`.`nombre` as `cargo_nombre`, `dt_documento`.`nombre` as `tp_nombre`, `telefonos`.`numero` as `telefono_usuario`, `correos`.`correo_electronico` as `correo_usuario`, `telefonos`.
FROM `usuarios`
JOIN `roles` ON `roles`.`id_rol` = `usuarios`.`id_rol`
JOIN `telefonos` ON `telefonos`.`id_usuario` = `usuarios`.`id_usuario`
JOIN `correos` ON `correos`.`id_usuarios` = `usuarios`.`id_usuario`
JOIN `detalles` as `dt_cargo` ON `dt_cargo`.`id_detalles` = `usuarios`.`cargo`
JOIN `detalles` as `dt_documento` ON `dt_documento`.`id_detalles` = `usuarios`.`tipo_de_documento`
JOIN `detalles` as `dt_sexo` ON `dt_sexo`.`id_detalles` = `usuarios`.`sexo`
JOIN `detalles` as `dt_sexo` ON `dt_sexo`.`id_detalles` = `usuarios`.`sexo`
WHERE `usuarios`.`estado` = :usuarios.estado:
AND `usuarios`.`id_usuario` = :usuarios.id_usuario:
 LIMIT 1', [...], false)
 2 SYSTEMPATH\Model.php(268): CodeIgniter\Database\BaseBuilder->get()
 3 SYSTEMPATH\BaseModel.php(656): CodeIgniter\Model->doFirst()
 4 APPPATH\Models\AdministradorModels\UsuariosModel.php(76): CodeIgniter\BaseModel->first()
 5 APPPATH\Controllers\Perfiles.php(94): App\Models\AdministradorModels\UsuariosModel->traer_usuario('1')
 6 SYSTEMPATH\CodeIgniter.php(934): App\Controllers\Perfiles->buscar_user()
 7 SYSTEMPATH\CodeIgniter.php(499): CodeIgniter\CodeIgniter->runController(Object(App\Controllers\Perfiles))
 8 SYSTEMPATH\CodeIgniter.php(368): CodeIgniter\CodeIgniter->handleRequest(null, Object(Config\Cache), false)
 9 FCPATH\index.php(67): CodeIgniter\CodeIgniter->run()
ERROR - 2023-05-25 13:43:52 --> mysqli_sql_exception: Not unique table/alias: 'dt_sexo' in C:\xampp\htdocs\Agendamiento-Citas\system\Database\MySQLi\Connection.php:295
Stack trace:
#0 C:\xampp\htdocs\Agendamiento-Citas\system\Database\MySQLi\Connection.php(295): mysqli->query('SELECT `usuario...', 0)
#1 C:\xampp\htdocs\Agendamiento-Citas\system\Database\BaseConnection.php(691): CodeIgniter\Database\MySQLi\Connection->execute('SELECT `usuario...')
#2 C:\xampp\htdocs\Agendamiento-Citas\system\Database\BaseConnection.php(605): CodeIgniter\Database\BaseConnection->simpleQuery('SELECT `usuario...')
#3 C:\xampp\htdocs\Agendamiento-Citas\system\Database\BaseBuilder.php(1616): CodeIgniter\Database\BaseConnection->query('SELECT `usuario...', Array, false)
#4 C:\xampp\htdocs\Agendamiento-Citas\system\Model.php(268): CodeIgniter\Database\BaseBuilder->get()
#5 C:\xampp\htdocs\Agendamiento-Citas\system\BaseModel.php(656): CodeIgniter\Model->doFirst()
#6 C:\xampp\htdocs\Agendamiento-Citas\app\Models\AdministradorModels\UsuariosModel.php(77): CodeIgniter\BaseModel->first()
#7 C:\xampp\htdocs\Agendamiento-Citas\app\Controllers\Perfiles.php(94): App\Models\AdministradorModels\UsuariosModel->traer_usuario('1')
#8 C:\xampp\htdocs\Agendamiento-Citas\system\CodeIgniter.php(934): App\Controllers\Perfiles->buscar_user()
#9 C:\xampp\htdocs\Agendamiento-Citas\system\CodeIgniter.php(499): CodeIgniter\CodeIgniter->runController(Object(App\Controllers\Perfiles))
#10 C:\xampp\htdocs\Agendamiento-Citas\system\CodeIgniter.php(368): CodeIgniter\CodeIgniter->handleRequest(NULL, Object(Config\Cache), false)
#11 C:\xampp\htdocs\Agendamiento-Citas\public\index.php(67): CodeIgniter\CodeIgniter->run()
#12 {main}
CRITICAL - 2023-05-25 13:43:52 --> Not unique table/alias: 'dt_sexo'
in SYSTEMPATH\Database\BaseConnection.php on line 645.
 1 SYSTEMPATH\Database\BaseBuilder.php(1616): CodeIgniter\Database\BaseConnection->query('SELECT `usuarios`.*, `roles`.`nombre` as `rol_nombre`, `dt_sexo`.`nombre` as `sexo_nombre`, `dt_cargo`.`nombre` as `cargo_nombre`, `dt_documento`.`nombre` as `tp_nombre`, `telefonos`.`numero` as `telefono_usuario`, `correos`.`correo_electronico` as `correo_usuario`, `dt_telefo`.`nombre` as `tipo_telefono`
FROM `usuarios`
JOIN `roles` ON `roles`.`id_rol` = `usuarios`.`id_rol`
JOIN `telefonos` ON `telefonos`.`id_usuario` = `usuarios`.`id_usuario`
JOIN `detalles` as `dt_telefo` ON `dt_telefo`.`id_detalles` = `telefonos`.`id_detalles`
JOIN `correos` ON `correos`.`id_usuarios` = `usuarios`.`id_usuario`
JOIN `detalles` as `dt_cargo` ON `dt_cargo`.`id_detalles` = `usuarios`.`cargo`
JOIN `detalles` as `dt_documento` ON `dt_documento`.`id_detalles` = `usuarios`.`tipo_de_documento`
JOIN `detalles` as `dt_sexo` ON `dt_sexo`.`id_detalles` = `usuarios`.`sexo`
JOIN `detalles` as `dt_sexo` ON `dt_sexo`.`id_detalles` = `usuarios`.`sexo`
WHERE `usuarios`.`estado` = :usuarios.estado:
AND `usuarios`.`id_usuario` = :usuarios.id_usuario:
 LIMIT 1', [...], false)
 2 SYSTEMPATH\Model.php(268): CodeIgniter\Database\BaseBuilder->get()
 3 SYSTEMPATH\BaseModel.php(656): CodeIgniter\Model->doFirst()
 4 APPPATH\Models\AdministradorModels\UsuariosModel.php(77): CodeIgniter\BaseModel->first()
 5 APPPATH\Controllers\Perfiles.php(94): App\Models\AdministradorModels\UsuariosModel->traer_usuario('1')
 6 SYSTEMPATH\CodeIgniter.php(934): App\Controllers\Perfiles->buscar_user()
 7 SYSTEMPATH\CodeIgniter.php(499): CodeIgniter\CodeIgniter->runController(Object(App\Controllers\Perfiles))
 8 SYSTEMPATH\CodeIgniter.php(368): CodeIgniter\CodeIgniter->handleRequest(null, Object(Config\Cache), false)
 9 FCPATH\index.php(67): CodeIgniter\CodeIgniter->run()
ERROR - 2023-05-25 13:44:40 --> mysqli_sql_exception: Not unique table/alias: 'dt_sexo' in C:\xampp\htdocs\Agendamiento-Citas\system\Database\MySQLi\Connection.php:295
Stack trace:
#0 C:\xampp\htdocs\Agendamiento-Citas\system\Database\MySQLi\Connection.php(295): mysqli->query('SELECT `usuario...', 0)
#1 C:\xampp\htdocs\Agendamiento-Citas\system\Database\BaseConnection.php(691): CodeIgniter\Database\MySQLi\Connection->execute('SELECT `usuario...')
#2 C:\xampp\htdocs\Agendamiento-Citas\system\Database\BaseConnection.php(605): CodeIgniter\Database\BaseConnection->simpleQuery('SELECT `usuario...')
#3 C:\xampp\htdocs\Agendamiento-Citas\system\Database\BaseBuilder.php(1616): CodeIgniter\Database\BaseConnection->query('SELECT `usuario...', Array, false)
#4 C:\xampp\htdocs\Agendamiento-Citas\system\Model.php(268): CodeIgniter\Database\BaseBuilder->get()
#5 C:\xampp\htdocs\Agendamiento-Citas\system\BaseModel.php(656): CodeIgniter\Model->doFirst()
#6 C:\xampp\htdocs\Agendamiento-Citas\app\Models\AdministradorModels\UsuariosModel.php(77): CodeIgniter\BaseModel->first()
#7 C:\xampp\htdocs\Agendamiento-Citas\app\Controllers\Perfiles.php(94): App\Models\AdministradorModels\UsuariosModel->traer_usuario('1')
#8 C:\xampp\htdocs\Agendamiento-Citas\system\CodeIgniter.php(934): App\Controllers\Perfiles->buscar_user()
#9 C:\xampp\htdocs\Agendamiento-Citas\system\CodeIgniter.php(499): CodeIgniter\CodeIgniter->runController(Object(App\Controllers\Perfiles))
#10 C:\xampp\htdocs\Agendamiento-Citas\system\CodeIgniter.php(368): CodeIgniter\CodeIgniter->handleRequest(NULL, Object(Config\Cache), false)
#11 C:\xampp\htdocs\Agendamiento-Citas\public\index.php(67): CodeIgniter\CodeIgniter->run()
#12 {main}
CRITICAL - 2023-05-25 13:44:40 --> Not unique table/alias: 'dt_sexo'
in SYSTEMPATH\Database\BaseConnection.php on line 645.
 1 SYSTEMPATH\Database\BaseBuilder.php(1616): CodeIgniter\Database\BaseConnection->query('SELECT `usuarios`.*, `roles`.`nombre` as `rol_nombre`, `dt_sexo`.`nombre` as `sexo_nombre`, `dt_cargo`.`nombre` as `cargo_nombre`, `dt_documento`.`nombre` as `tp_nombre`, `telefonos`.`numero` as `telefono_usuario`, `correos`.`correo_electronico` as `correo_usuario`, `dt_telefo`.`nombre` as `tipo_telefono`
FROM `usuarios`
JOIN `roles` ON `roles`.`id_rol` = `usuarios`.`id_rol`
JOIN `telefonos` ON `telefonos`.`id_usuario` = `usuarios`.`id_usuario`
JOIN `detalles` as `dt_telefo` ON `dt_telefo`.`id_detalles` = `telefonos`.`id_detalles`
JOIN `correos` ON `correos`.`id_usuarios` = `usuarios`.`id_usuario`
JOIN `detalles` as `dt_cargo` ON `dt_cargo`.`id_detalles` = `usuarios`.`cargo`
JOIN `detalles` as `dt_documento` ON `dt_documento`.`id_detalles` = `usuarios`.`tipo_de_documento`
JOIN `detalles` as `dt_sexo` ON `dt_sexo`.`id_detalles` = `usuarios`.`sexo`
JOIN `detalles` as `dt_sexo` ON `dt_sexo`.`id_detalles` = `usuarios`.`sexo`
WHERE `usuarios`.`estado` = :usuarios.estado:
AND `usuarios`.`id_usuario` = :usuarios.id_usuario:
 LIMIT 1', [...], false)
 2 SYSTEMPATH\Model.php(268): CodeIgniter\Database\BaseBuilder->get()
 3 SYSTEMPATH\BaseModel.php(656): CodeIgniter\Model->doFirst()
 4 APPPATH\Models\AdministradorModels\UsuariosModel.php(77): CodeIgniter\BaseModel->first()
 5 APPPATH\Controllers\Perfiles.php(94): App\Models\AdministradorModels\UsuariosModel->traer_usuario('1')
 6 SYSTEMPATH\CodeIgniter.php(934): App\Controllers\Perfiles->buscar_user()
 7 SYSTEMPATH\CodeIgniter.php(499): CodeIgniter\CodeIgniter->runController(Object(App\Controllers\Perfiles))
 8 SYSTEMPATH\CodeIgniter.php(368): CodeIgniter\CodeIgniter->handleRequest(null, Object(Config\Cache), false)
 9 FCPATH\index.php(67): CodeIgniter\CodeIgniter->run()
ERROR - 2023-05-25 13:45:42 --> mysqli_sql_exception: Not unique table/alias: 'dt_sexo' in C:\xampp\htdocs\Agendamiento-Citas\system\Database\MySQLi\Connection.php:295
Stack trace:
#0 C:\xampp\htdocs\Agendamiento-Citas\system\Database\MySQLi\Connection.php(295): mysqli->query('SELECT `usuario...', 0)
#1 C:\xampp\htdocs\Agendamiento-Citas\system\Database\BaseConnection.php(691): CodeIgniter\Database\MySQLi\Connection->execute('SELECT `usuario...')
#2 C:\xampp\htdocs\Agendamiento-Citas\system\Database\BaseConnection.php(605): CodeIgniter\Database\BaseConnection->simpleQuery('SELECT `usuario...')
#3 C:\xampp\htdocs\Agendamiento-Citas\system\Database\BaseBuilder.php(1616): CodeIgniter\Database\BaseConnection->query('SELECT `usuario...', Array, false)
#4 C:\xampp\htdocs\Agendamiento-Citas\system\Model.php(268): CodeIgniter\Database\BaseBuilder->get()
#5 C:\xampp\htdocs\Agendamiento-Citas\system\BaseModel.php(656): CodeIgniter\Model->doFirst()
#6 C:\xampp\htdocs\Agendamiento-Citas\app\Models\AdministradorModels\UsuariosModel.php(77): CodeIgniter\BaseModel->first()
#7 C:\xampp\htdocs\Agendamiento-Citas\app\Controllers\Perfiles.php(56): App\Models\AdministradorModels\UsuariosModel->traer_usuario('1')
#8 C:\xampp\htdocs\Agendamiento-Citas\system\CodeIgniter.php(934): App\Controllers\Perfiles->Docentes()
#9 C:\xampp\htdocs\Agendamiento-Citas\system\CodeIgniter.php(499): CodeIgniter\CodeIgniter->runController(Object(App\Controllers\Perfiles))
#10 C:\xampp\htdocs\Agendamiento-Citas\system\CodeIgniter.php(368): CodeIgniter\CodeIgniter->handleRequest(NULL, Object(Config\Cache), false)
#11 C:\xampp\htdocs\Agendamiento-Citas\public\index.php(67): CodeIgniter\CodeIgniter->run()
#12 {main}
CRITICAL - 2023-05-25 13:45:42 --> Not unique table/alias: 'dt_sexo'
in SYSTEMPATH\Database\BaseConnection.php on line 645.
 1 SYSTEMPATH\Database\BaseBuilder.php(1616): CodeIgniter\Database\BaseConnection->query('SELECT `usuarios`.*, `roles`.`nombre` as `rol_nombre`, `dt_sexo`.`nombre` as `sexo_nombre`, `dt_cargo`.`nombre` as `cargo_nombre`, `dt_documento`.`nombre` as `tp_nombre`, `telefonos`.`numero` as `telefono_usuario`, `correos`.`correo_electronico` as `correo_usuario`, `dt_telefo`.`nombre` as `tipo_telefono`
FROM `usuarios`
JOIN `roles` ON `roles`.`id_rol` = `usuarios`.`id_rol`
JOIN `telefonos` ON `telefonos`.`id_usuario` = `usuarios`.`id_usuario`
JOIN `detalles` as `dt_telefo` ON `dt_telefo`.`id_detalles` = `telefonos`.`id_detalles`
JOIN `correos` ON `correos`.`id_usuarios` = `usuarios`.`id_usuario`
JOIN `detalles` as `dt_cargo` ON `dt_cargo`.`id_detalles` = `usuarios`.`cargo`
JOIN `detalles` as `dt_documento` ON `dt_documento`.`id_detalles` = `usuarios`.`tipo_de_documento`
JOIN `detalles` as `dt_sexo` ON `dt_sexo`.`id_detalles` = `usuarios`.`sexo`
JOIN `detalles` as `dt_sexo` ON `dt_sexo`.`id_detalles` = `usuarios`.`sexo`
WHERE `usuarios`.`estado` = :usuarios.estado:
AND `usuarios`.`id_usuario` = :usuarios.id_usuario:
 LIMIT 1', [...], false)
 2 SYSTEMPATH\Model.php(268): CodeIgniter\Database\BaseBuilder->get()
 3 SYSTEMPATH\BaseModel.php(656): CodeIgniter\Model->doFirst()
 4 APPPATH\Models\AdministradorModels\UsuariosModel.php(77): CodeIgniter\BaseModel->first()
 5 APPPATH\Controllers\Perfiles.php(56): App\Models\AdministradorModels\UsuariosModel->traer_usuario('1')
 6 SYSTEMPATH\CodeIgniter.php(934): App\Controllers\Perfiles->Docentes()
 7 SYSTEMPATH\CodeIgniter.php(499): CodeIgniter\CodeIgniter->runController(Object(App\Controllers\Perfiles))
 8 SYSTEMPATH\CodeIgniter.php(368): CodeIgniter\CodeIgniter->handleRequest(null, Object(Config\Cache), false)
 9 FCPATH\index.php(67): CodeIgniter\CodeIgniter->run()
CRITICAL - 2023-05-25 13:46:07 --> Undefined variable $Perfil
in APPPATH\Views\docentes\perfil\perfil.php on line 236.
 1 APPPATH\Views\docentes\perfil\perfil.php(236): CodeIgniter\Debug\Exceptions->errorHandler(2, 'Undefined variable $Perfil', 'APPPATH\\Views\\docentes\\perfil\\perfil.php', 236)
 2 SYSTEMPATH\View\View.php(213): include('APPPATH\\Views\\docentes\\perfil\\perfil.php')
 3 SYSTEMPATH\View\View.php(216): CodeIgniter\View\View->CodeIgniter\View\{closure}()
 4 SYSTEMPATH\Common.php(1184): CodeIgniter\View\View->render('docentes/perfil/perfil', [], true)
 5 APPPATH\Controllers\Perfiles.php(62): view('docentes/perfil/perfil', [...])
 6 SYSTEMPATH\CodeIgniter.php(934): App\Controllers\Perfiles->Docentes()
 7 SYSTEMPATH\CodeIgniter.php(499): CodeIgniter\CodeIgniter->runController(Object(App\Controllers\Perfiles))
 8 SYSTEMPATH\CodeIgniter.php(368): CodeIgniter\CodeIgniter->handleRequest(null, Object(Config\Cache), false)
 9 FCPATH\index.php(67): CodeIgniter\CodeIgniter->run()
CRITICAL - 2023-05-25 13:46:30 --> Undefined variable $data
in APPPATH\Views\docentes\perfil\perfil.php on line 236.
 1 APPPATH\Views\docentes\perfil\perfil.php(236): CodeIgniter\Debug\Exceptions->errorHandler(2, 'Undefined variable $data', 'APPPATH\\Views\\docentes\\perfil\\perfil.php', 236)
 2 SYSTEMPATH\View\View.php(213): include('APPPATH\\Views\\docentes\\perfil\\perfil.php')
 3 SYSTEMPATH\View\View.php(216): CodeIgniter\View\View->CodeIgniter\View\{closure}()
 4 SYSTEMPATH\Common.php(1184): CodeIgniter\View\View->render('docentes/perfil/perfil', [], true)
 5 APPPATH\Controllers\Perfiles.php(62): view('docentes/perfil/perfil', [...])
 6 SYSTEMPATH\CodeIgniter.php(934): App\Controllers\Perfiles->Docentes()
 7 SYSTEMPATH\CodeIgniter.php(499): CodeIgniter\CodeIgniter->runController(Object(App\Controllers\Perfiles))
 8 SYSTEMPATH\CodeIgniter.php(368): CodeIgniter\CodeIgniter->handleRequest(null, Object(Config\Cache), false)
 9 FCPATH\index.php(67): CodeIgniter\CodeIgniter->run()
CRITICAL - 2023-05-25 13:50:19 --> Undefined property: App\Controllers\Perfiles::$detalles
in APPPATH\Controllers\Perfiles.php on line 20.
 1 APPPATH\Controllers\Perfiles.php(20): CodeIgniter\Debug\Exceptions->errorHandler(2, 'Undefined property: App\\Controllers\\Perfiles::$detalles', 'APPPATH\\Controllers\\Perfiles.php', 20)
 2 SYSTEMPATH\CodeIgniter.php(906): App\Controllers\Perfiles->__construct()
 3 SYSTEMPATH\CodeIgniter.php(490): CodeIgniter\CodeIgniter->createController()
 4 SYSTEMPATH\CodeIgniter.php(368): CodeIgniter\CodeIgniter->handleRequest(null, Object(Config\Cache), false)
 5 FCPATH\index.php(67): CodeIgniter\CodeIgniter->run()
CRITICAL - 2023-05-25 13:50:40 --> Undefined property: App\Controllers\Perfiles::$detalles
in APPPATH\Controllers\Perfiles.php on line 20.
 1 APPPATH\Controllers\Perfiles.php(20): CodeIgniter\Debug\Exceptions->errorHandler(2, 'Undefined property: App\\Controllers\\Perfiles::$detalles', 'APPPATH\\Controllers\\Perfiles.php', 20)
 2 SYSTEMPATH\CodeIgniter.php(906): App\Controllers\Perfiles->__construct()
 3 SYSTEMPATH\CodeIgniter.php(490): CodeIgniter\CodeIgniter->createController()
 4 SYSTEMPATH\CodeIgniter.php(368): CodeIgniter\CodeIgniter->handleRequest(null, Object(Config\Cache), false)
 5 FCPATH\index.php(67): CodeIgniter\CodeIgniter->run()
CRITICAL - 2023-05-25 13:51:21 --> Undefined property: App\Controllers\Perfiles::$detalles
in APPPATH\Controllers\Perfiles.php on line 31.
 1 APPPATH\Controllers\Perfiles.php(31): CodeIgniter\Debug\Exceptions->errorHandler(2, 'Undefined property: App\\Controllers\\Perfiles::$detalles', 'APPPATH\\Controllers\\Perfiles.php', 31)
 2 SYSTEMPATH\CodeIgniter.php(934): App\Controllers\Perfiles->Admin()
 3 SYSTEMPATH\CodeIgniter.php(499): CodeIgniter\CodeIgniter->runController(Object(App\Controllers\Perfiles))
 4 SYSTEMPATH\CodeIgniter.php(368): CodeIgniter\CodeIgniter->handleRequest(null, Object(Config\Cache), false)
 5 FCPATH\index.php(67): CodeIgniter\CodeIgniter->run()
CRITICAL - 2023-05-25 13:51:21 --> Undefined variable $tipoTel
in APPPATH\Controllers\Perfiles.php on line 64.
 1 APPPATH\Controllers\Perfiles.php(64): CodeIgniter\Debug\Exceptions->errorHandler(2, 'Undefined variable $tipoTel', 'APPPATH\\Controllers\\Perfiles.php', 64)
 2 SYSTEMPATH\CodeIgniter.php(934): App\Controllers\Perfiles->Docentes()
 3 SYSTEMPATH\CodeIgniter.php(499): CodeIgniter\CodeIgniter->runController(Object(App\Controllers\Perfiles))
 4 SYSTEMPATH\CodeIgniter.php(368): CodeIgniter\CodeIgniter->handleRequest(null, Object(Config\Cache), false)
 5 FCPATH\index.php(67): CodeIgniter\CodeIgniter->run()
CRITICAL - 2023-05-25 13:51:33 --> Undefined property: App\Controllers\Perfiles::$detalles
in APPPATH\Controllers\Perfiles.php on line 31.
 1 APPPATH\Controllers\Perfiles.php(31): CodeIgniter\Debug\Exceptions->errorHandler(2, 'Undefined property: App\\Controllers\\Perfiles::$detalles', 'APPPATH\\Controllers\\Perfiles.php', 31)
 2 SYSTEMPATH\CodeIgniter.php(934): App\Controllers\Perfiles->Admin()
 3 SYSTEMPATH\CodeIgniter.php(499): CodeIgniter\CodeIgniter->runController(Object(App\Controllers\Perfiles))
 4 SYSTEMPATH\CodeIgniter.php(368): CodeIgniter\CodeIgniter->handleRequest(null, Object(Config\Cache), false)
 5 FCPATH\index.php(67): CodeIgniter\CodeIgniter->run()
CRITICAL - 2023-05-25 13:52:44 --> Undefined variable $tipoTel
in APPPATH\Controllers\Perfiles.php on line 64.
 1 APPPATH\Controllers\Perfiles.php(64): CodeIgniter\Debug\Exceptions->errorHandler(2, 'Undefined variable $tipoTel', 'APPPATH\\Controllers\\Perfiles.php', 64)
 2 SYSTEMPATH\CodeIgniter.php(934): App\Controllers\Perfiles->Docentes()
 3 SYSTEMPATH\CodeIgniter.php(499): CodeIgniter\CodeIgniter->runController(Object(App\Controllers\Perfiles))
 4 SYSTEMPATH\CodeIgniter.php(368): CodeIgniter\CodeIgniter->handleRequest(null, Object(Config\Cache), false)
 5 FCPATH\index.php(67): CodeIgniter\CodeIgniter->run()
CRITICAL - 2023-05-25 13:53:31 --> Undefined property: App\Controllers\Perfiles::$detalles
in APPPATH\Controllers\Perfiles.php on line 62.
 1 APPPATH\Controllers\Perfiles.php(62): CodeIgniter\Debug\Exceptions->errorHandler(2, 'Undefined property: App\\Controllers\\Perfiles::$detalles', 'APPPATH\\Controllers\\Perfiles.php', 62)
 2 SYSTEMPATH\CodeIgniter.php(934): App\Controllers\Perfiles->Docentes()
 3 SYSTEMPATH\CodeIgniter.php(499): CodeIgniter\CodeIgniter->runController(Object(App\Controllers\Perfiles))
 4 SYSTEMPATH\CodeIgniter.php(368): CodeIgniter\CodeIgniter->handleRequest(null, Object(Config\Cache), false)
 5 FCPATH\index.php(67): CodeIgniter\CodeIgniter->run()
CRITICAL - 2023-05-25 13:54:05 --> Undefined variable $tipoTel
in APPPATH\Controllers\Perfiles.php on line 65.
 1 APPPATH\Controllers\Perfiles.php(65): CodeIgniter\Debug\Exceptions->errorHandler(2, 'Undefined variable $tipoTel', 'APPPATH\\Controllers\\Perfiles.php', 65)
 2 SYSTEMPATH\CodeIgniter.php(934): App\Controllers\Perfiles->Docentes()
 3 SYSTEMPATH\CodeIgniter.php(499): CodeIgniter\CodeIgniter->runController(Object(App\Controllers\Perfiles))
 4 SYSTEMPATH\CodeIgniter.php(368): CodeIgniter\CodeIgniter->handleRequest(null, Object(Config\Cache), false)
 5 FCPATH\index.php(67): CodeIgniter\CodeIgniter->run()
CRITICAL - 2023-05-25 13:54:24 --> Undefined variable $tipoTel
in APPPATH\Controllers\Perfiles.php on line 65.
 1 APPPATH\Controllers\Perfiles.php(65): CodeIgniter\Debug\Exceptions->errorHandler(2, 'Undefined variable $tipoTel', 'APPPATH\\Controllers\\Perfiles.php', 65)
 2 SYSTEMPATH\CodeIgniter.php(934): App\Controllers\Perfiles->Docentes()
 3 SYSTEMPATH\CodeIgniter.php(499): CodeIgniter\CodeIgniter->runController(Object(App\Controllers\Perfiles))
 4 SYSTEMPATH\CodeIgniter.php(368): CodeIgniter\CodeIgniter->handleRequest(null, Object(Config\Cache), false)
 5 FCPATH\index.php(67): CodeIgniter\CodeIgniter->run()
CRITICAL - 2023-05-25 13:55:03 --> Undefined property: App\Controllers\Perfiles::$detalles
in APPPATH\Controllers\Perfiles.php on line 62.
 1 APPPATH\Controllers\Perfiles.php(62): CodeIgniter\Debug\Exceptions->errorHandler(2, 'Undefined property: App\\Controllers\\Perfiles::$detalles', 'APPPATH\\Controllers\\Perfiles.php', 62)
 2 SYSTEMPATH\CodeIgniter.php(934): App\Controllers\Perfiles->Docentes()
 3 SYSTEMPATH\CodeIgniter.php(499): CodeIgniter\CodeIgniter->runController(Object(App\Controllers\Perfiles))
 4 SYSTEMPATH\CodeIgniter.php(368): CodeIgniter\CodeIgniter->handleRequest(null, Object(Config\Cache), false)
 5 FCPATH\index.php(67): CodeIgniter\CodeIgniter->run()
CRITICAL - 2023-05-25 13:55:36 --> Call to undefined method App\Controllers\Perfiles::obtenerDetallesConexion()
in APPPATH\Controllers\Perfiles.php on line 62.
 1 SYSTEMPATH\CodeIgniter.php(934): App\Controllers\Perfiles->Docentes()
 2 SYSTEMPATH\CodeIgniter.php(499): CodeIgniter\CodeIgniter->runController(Object(App\Controllers\Perfiles))
 3 SYSTEMPATH\CodeIgniter.php(368): CodeIgniter\CodeIgniter->handleRequest(null, Object(Config\Cache), false)
 4 FCPATH\index.php(67): CodeIgniter\CodeIgniter->run()
CRITICAL - 2023-05-25 13:58:54 --> Call to undefined method App\Controllers\Perfiles::obtenerDetallesConexion()
in APPPATH\Controllers\Perfiles.php on line 62.
 1 SYSTEMPATH\CodeIgniter.php(934): App\Controllers\Perfiles->Docentes()
 2 SYSTEMPATH\CodeIgniter.php(499): CodeIgniter\CodeIgniter->runController(Object(App\Controllers\Perfiles))
 3 SYSTEMPATH\CodeIgniter.php(368): CodeIgniter\CodeIgniter->handleRequest(null, Object(Config\Cache), false)
 4 FCPATH\index.php(67): CodeIgniter\CodeIgniter->run()
CRITICAL - 2023-05-25 13:59:17 --> Undefined variable $data
in APPPATH\Views\docentes\perfil\perfil.php on line 236.
 1 APPPATH\Views\docentes\perfil\perfil.php(236): CodeIgniter\Debug\Exceptions->errorHandler(2, 'Undefined variable $data', 'APPPATH\\Views\\docentes\\perfil\\perfil.php', 236)
 2 SYSTEMPATH\View\View.php(213): include('APPPATH\\Views\\docentes\\perfil\\perfil.php')
 3 SYSTEMPATH\View\View.php(216): CodeIgniter\View\View->CodeIgniter\View\{closure}()
 4 SYSTEMPATH\Common.php(1184): CodeIgniter\View\View->render('docentes/perfil/perfil', [], true)
 5 APPPATH\Controllers\Perfiles.php(62): view('docentes/perfil/perfil', [...])
 6 SYSTEMPATH\CodeIgniter.php(934): App\Controllers\Perfiles->Docentes()
 7 SYSTEMPATH\CodeIgniter.php(499): CodeIgniter\CodeIgniter->runController(Object(App\Controllers\Perfiles))
 8 SYSTEMPATH\CodeIgniter.php(368): CodeIgniter\CodeIgniter->handleRequest(null, Object(Config\Cache), false)
 9 FCPATH\index.php(67): CodeIgniter\CodeIgniter->run()
CRITICAL - 2023-05-25 13:59:37 --> Undefined variable $data
in APPPATH\Views\docentes\perfil\perfil.php on line 236.
 1 APPPATH\Views\docentes\perfil\perfil.php(236): CodeIgniter\Debug\Exceptions->errorHandler(2, 'Undefined variable $data', 'APPPATH\\Views\\docentes\\perfil\\perfil.php', 236)
 2 SYSTEMPATH\View\View.php(213): include('APPPATH\\Views\\docentes\\perfil\\perfil.php')
 3 SYSTEMPATH\View\View.php(216): CodeIgniter\View\View->CodeIgniter\View\{closure}()
 4 SYSTEMPATH\Common.php(1184): CodeIgniter\View\View->render('docentes/perfil/perfil', [], true)
 5 APPPATH\Controllers\Perfiles.php(62): view('docentes/perfil/perfil', [...])
 6 SYSTEMPATH\CodeIgniter.php(934): App\Controllers\Perfiles->Docentes()
 7 SYSTEMPATH\CodeIgniter.php(499): CodeIgniter\CodeIgniter->runController(Object(App\Controllers\Perfiles))
 8 SYSTEMPATH\CodeIgniter.php(368): CodeIgniter\CodeIgniter->handleRequest(null, Object(Config\Cache), false)
 9 FCPATH\index.php(67): CodeIgniter\CodeIgniter->run()
CRITICAL - 2023-05-25 14:18:31 --> Undefined variable $tipoTel
in APPPATH\Views\docentes\perfil\perfil.php on line 236.
 1 APPPATH\Views\docentes\perfil\perfil.php(236): CodeIgniter\Debug\Exceptions->errorHandler(2, 'Undefined variable $tipoTel', 'APPPATH\\Views\\docentes\\perfil\\perfil.php', 236)
 2 SYSTEMPATH\View\View.php(213): include('APPPATH\\Views\\docentes\\perfil\\perfil.php')
 3 SYSTEMPATH\View\View.php(216): CodeIgniter\View\View->CodeIgniter\View\{closure}()
 4 SYSTEMPATH\Common.php(1184): CodeIgniter\View\View->render('docentes/perfil/perfil', [], true)
 5 APPPATH\Controllers\Perfiles.php(65): view('docentes/perfil/perfil', [...])
 6 SYSTEMPATH\CodeIgniter.php(934): App\Controllers\Perfiles->Docentes()
 7 SYSTEMPATH\CodeIgniter.php(499): CodeIgniter\CodeIgniter->runController(Object(App\Controllers\Perfiles))
 8 SYSTEMPATH\CodeIgniter.php(368): CodeIgniter\CodeIgniter->handleRequest(null, Object(Config\Cache), false)
 9 FCPATH\index.php(67): CodeIgniter\CodeIgniter->run()
CRITICAL - 2023-05-25 14:53:10 --> Undefined variable $detalles
in APPPATH\Views\docentes\perfil\perfil.php on line 237.
 1 APPPATH\Views\docentes\perfil\perfil.php(237): CodeIgniter\Debug\Exceptions->errorHandler(2, 'Undefined variable $detalles', 'APPPATH\\Views\\docentes\\perfil\\perfil.php', 237)
 2 SYSTEMPATH\View\View.php(213): include('APPPATH\\Views\\docentes\\perfil\\perfil.php')
 3 SYSTEMPATH\View\View.php(216): CodeIgniter\View\View->CodeIgniter\View\{closure}()
 4 SYSTEMPATH\Common.php(1184): CodeIgniter\View\View->render('docentes/perfil/perfil', [], true)
 5 APPPATH\Controllers\Perfiles.php(70): view('docentes/perfil/perfil', [...])
 6 SYSTEMPATH\CodeIgniter.php(934): App\Controllers\Perfiles->Docentes()
 7 SYSTEMPATH\CodeIgniter.php(499): CodeIgniter\CodeIgniter->runController(Object(App\Controllers\Perfiles))
 8 SYSTEMPATH\CodeIgniter.php(368): CodeIgniter\CodeIgniter->handleRequest(null, Object(Config\Cache), false)
 9 FCPATH\index.php(67): CodeIgniter\CodeIgniter->run()
ERROR - 2023-05-25 15:02:08 --> mysqli_sql_exception: Unknown column 'id_detalle' in 'field list' in C:\xampp\htdocs\Agendamiento-Citas\system\Database\MySQLi\Connection.php:295
Stack trace:
#0 C:\xampp\htdocs\Agendamiento-Citas\system\Database\MySQLi\Connection.php(295): mysqli->query('SELECT `usuario...', 0)
#1 C:\xampp\htdocs\Agendamiento-Citas\system\Database\BaseConnection.php(691): CodeIgniter\Database\MySQLi\Connection->execute('SELECT `usuario...')
#2 C:\xampp\htdocs\Agendamiento-Citas\system\Database\BaseConnection.php(605): CodeIgniter\Database\BaseConnection->simpleQuery('SELECT `usuario...')
#3 C:\xampp\htdocs\Agendamiento-Citas\system\Database\BaseBuilder.php(1616): CodeIgniter\Database\BaseConnection->query('SELECT `usuario...', Array, false)
#4 C:\xampp\htdocs\Agendamiento-Citas\system\Model.php(268): CodeIgniter\Database\BaseBuilder->get()
#5 C:\xampp\htdocs\Agendamiento-Citas\system\BaseModel.php(656): CodeIgniter\Model->doFirst()
#6 C:\xampp\htdocs\Agendamiento-Citas\app\Models\AdministradorModels\UsuariosModel.php(76): CodeIgniter\BaseModel->first()
#7 C:\xampp\htdocs\Agendamiento-Citas\app\Controllers\Perfiles.php(63): App\Models\AdministradorModels\UsuariosModel->traer_usuario('1')
#8 C:\xampp\htdocs\Agendamiento-Citas\system\CodeIgniter.php(934): App\Controllers\Perfiles->Docentes()
#9 C:\xampp\htdocs\Agendamiento-Citas\system\CodeIgniter.php(499): CodeIgniter\CodeIgniter->runController(Object(App\Controllers\Perfiles))
#10 C:\xampp\htdocs\Agendamiento-Citas\system\CodeIgniter.php(368): CodeIgniter\CodeIgniter->handleRequest(NULL, Object(Config\Cache), false)
#11 C:\xampp\htdocs\Agendamiento-Citas\public\index.php(67): CodeIgniter\CodeIgniter->run()
#12 {main}
CRITICAL - 2023-05-25 15:02:08 --> Unknown column 'id_detalle' in 'field list'
in SYSTEMPATH\Database\BaseConnection.php on line 645.
 1 SYSTEMPATH\Database\BaseBuilder.php(1616): CodeIgniter\Database\BaseConnection->query('SELECT `usuarios`.*, `roles`.`nombre` as `rol_nombre`, `dt_sexo`.`nombre` as `sexo_nombre`, `dt_cargo`.`nombre` as `cargo_nombre`, `dt_documento`.`nombre` as `tp_nombre`, `id_detalle` as `id_detalle`, `telefonos`.`numero` as `telefono_usuario`, `correos`.`correo_electronico` as `correo_usuario`, `dt_telefo`.`nombre` as `tipo_telefono`
FROM `usuarios`
JOIN `roles` ON `roles`.`id_rol` = `usuarios`.`id_rol`
JOIN `telefonos` ON `telefonos`.`id_usuario` = `usuarios`.`id_usuario`
JOIN `detalles` as `dt_telefo` ON `dt_telefo`.`id_detalles` = `telefonos`.`id_detalles`
JOIN `correos` ON `correos`.`id_usuarios` = `usuarios`.`id_usuario`
JOIN `detalles` as `dt_cargo` ON `dt_cargo`.`id_detalles` = `usuarios`.`cargo`
JOIN `detalles` as `dt_documento` ON `dt_documento`.`id_detalles` = `usuarios`.`tipo_de_documento`
JOIN `detalles` as `dt_sexo` ON `dt_sexo`.`id_detalles` = `usuarios`.`sexo`
WHERE `usuarios`.`estado` = :usuarios.estado:
AND `usuarios`.`id_usuario` = :usuarios.id_usuario:
 LIMIT 1', [...], false)
 2 SYSTEMPATH\Model.php(268): CodeIgniter\Database\BaseBuilder->get()
 3 SYSTEMPATH\BaseModel.php(656): CodeIgniter\Model->doFirst()
 4 APPPATH\Models\AdministradorModels\UsuariosModel.php(76): CodeIgniter\BaseModel->first()
 5 APPPATH\Controllers\Perfiles.php(63): App\Models\AdministradorModels\UsuariosModel->traer_usuario('1')
 6 SYSTEMPATH\CodeIgniter.php(934): App\Controllers\Perfiles->Docentes()
 7 SYSTEMPATH\CodeIgniter.php(499): CodeIgniter\CodeIgniter->runController(Object(App\Controllers\Perfiles))
 8 SYSTEMPATH\CodeIgniter.php(368): CodeIgniter\CodeIgniter->handleRequest(null, Object(Config\Cache), false)
 9 FCPATH\index.php(67): CodeIgniter\CodeIgniter->run()
ERROR - 2023-05-25 15:02:09 --> mysqli_sql_exception: Unknown column 'id_detalle' in 'field list' in C:\xampp\htdocs\Agendamiento-Citas\system\Database\MySQLi\Connection.php:295
Stack trace:
#0 C:\xampp\htdocs\Agendamiento-Citas\system\Database\MySQLi\Connection.php(295): mysqli->query('SELECT `usuario...', 0)
#1 C:\xampp\htdocs\Agendamiento-Citas\system\Database\BaseConnection.php(691): CodeIgniter\Database\MySQLi\Connection->execute('SELECT `usuario...')
#2 C:\xampp\htdocs\Agendamiento-Citas\system\Database\BaseConnection.php(605): CodeIgniter\Database\BaseConnection->simpleQuery('SELECT `usuario...')
#3 C:\xampp\htdocs\Agendamiento-Citas\system\Database\BaseBuilder.php(1616): CodeIgniter\Database\BaseConnection->query('SELECT `usuario...', Array, false)
#4 C:\xampp\htdocs\Agendamiento-Citas\system\Model.php(268): CodeIgniter\Database\BaseBuilder->get()
#5 C:\xampp\htdocs\Agendamiento-Citas\system\BaseModel.php(656): CodeIgniter\Model->doFirst()
#6 C:\xampp\htdocs\Agendamiento-Citas\app\Models\AdministradorModels\UsuariosModel.php(76): CodeIgniter\BaseModel->first()
#7 C:\xampp\htdocs\Agendamiento-Citas\app\Controllers\Perfiles.php(63): App\Models\AdministradorModels\UsuariosModel->traer_usuario('1')
#8 C:\xampp\htdocs\Agendamiento-Citas\system\CodeIgniter.php(934): App\Controllers\Perfiles->Docentes()
#9 C:\xampp\htdocs\Agendamiento-Citas\system\CodeIgniter.php(499): CodeIgniter\CodeIgniter->runController(Object(App\Controllers\Perfiles))
#10 C:\xampp\htdocs\Agendamiento-Citas\system\CodeIgniter.php(368): CodeIgniter\CodeIgniter->handleRequest(NULL, Object(Config\Cache), false)
#11 C:\xampp\htdocs\Agendamiento-Citas\public\index.php(67): CodeIgniter\CodeIgniter->run()
#12 {main}
CRITICAL - 2023-05-25 15:02:09 --> Unknown column 'id_detalle' in 'field list'
in SYSTEMPATH\Database\BaseConnection.php on line 645.
 1 SYSTEMPATH\Database\BaseBuilder.php(1616): CodeIgniter\Database\BaseConnection->query('SELECT `usuarios`.*, `roles`.`nombre` as `rol_nombre`, `dt_sexo`.`nombre` as `sexo_nombre`, `dt_cargo`.`nombre` as `cargo_nombre`, `dt_documento`.`nombre` as `tp_nombre`, `id_detalle` as `id_detalle`, `telefonos`.`numero` as `telefono_usuario`, `correos`.`correo_electronico` as `correo_usuario`, `dt_telefo`.`nombre` as `tipo_telefono`
FROM `usuarios`
JOIN `roles` ON `roles`.`id_rol` = `usuarios`.`id_rol`
JOIN `telefonos` ON `telefonos`.`id_usuario` = `usuarios`.`id_usuario`
JOIN `detalles` as `dt_telefo` ON `dt_telefo`.`id_detalles` = `telefonos`.`id_detalles`
JOIN `correos` ON `correos`.`id_usuarios` = `usuarios`.`id_usuario`
JOIN `detalles` as `dt_cargo` ON `dt_cargo`.`id_detalles` = `usuarios`.`cargo`
JOIN `detalles` as `dt_documento` ON `dt_documento`.`id_detalles` = `usuarios`.`tipo_de_documento`
JOIN `detalles` as `dt_sexo` ON `dt_sexo`.`id_detalles` = `usuarios`.`sexo`
WHERE `usuarios`.`estado` = :usuarios.estado:
AND `usuarios`.`id_usuario` = :usuarios.id_usuario:
 LIMIT 1', [...], false)
 2 SYSTEMPATH\Model.php(268): CodeIgniter\Database\BaseBuilder->get()
 3 SYSTEMPATH\BaseModel.php(656): CodeIgniter\Model->doFirst()
 4 APPPATH\Models\AdministradorModels\UsuariosModel.php(76): CodeIgniter\BaseModel->first()
 5 APPPATH\Controllers\Perfiles.php(63): App\Models\AdministradorModels\UsuariosModel->traer_usuario('1')
 6 SYSTEMPATH\CodeIgniter.php(934): App\Controllers\Perfiles->Docentes()
 7 SYSTEMPATH\CodeIgniter.php(499): CodeIgniter\CodeIgniter->runController(Object(App\Controllers\Perfiles))
 8 SYSTEMPATH\CodeIgniter.php(368): CodeIgniter\CodeIgniter->handleRequest(null, Object(Config\Cache), false)
 9 FCPATH\index.php(67): CodeIgniter\CodeIgniter->run()
ERROR - 2023-05-25 15:02:21 --> mysqli_sql_exception: Unknown column 'telefono.id_detalle' in 'field list' in C:\xampp\htdocs\Agendamiento-Citas\system\Database\MySQLi\Connection.php:295
Stack trace:
#0 C:\xampp\htdocs\Agendamiento-Citas\system\Database\MySQLi\Connection.php(295): mysqli->query('SELECT `usuario...', 0)
#1 C:\xampp\htdocs\Agendamiento-Citas\system\Database\BaseConnection.php(691): CodeIgniter\Database\MySQLi\Connection->execute('SELECT `usuario...')
#2 C:\xampp\htdocs\Agendamiento-Citas\system\Database\BaseConnection.php(605): CodeIgniter\Database\BaseConnection->simpleQuery('SELECT `usuario...')
#3 C:\xampp\htdocs\Agendamiento-Citas\system\Database\BaseBuilder.php(1616): CodeIgniter\Database\BaseConnection->query('SELECT `usuario...', Array, false)
#4 C:\xampp\htdocs\Agendamiento-Citas\system\Model.php(268): CodeIgniter\Database\BaseBuilder->get()
#5 C:\xampp\htdocs\Agendamiento-Citas\system\BaseModel.php(656): CodeIgniter\Model->doFirst()
#6 C:\xampp\htdocs\Agendamiento-Citas\app\Models\AdministradorModels\UsuariosModel.php(76): CodeIgniter\BaseModel->first()
#7 C:\xampp\htdocs\Agendamiento-Citas\app\Controllers\Perfiles.php(63): App\Models\AdministradorModels\UsuariosModel->traer_usuario('1')
#8 C:\xampp\htdocs\Agendamiento-Citas\system\CodeIgniter.php(934): App\Controllers\Perfiles->Docentes()
#9 C:\xampp\htdocs\Agendamiento-Citas\system\CodeIgniter.php(499): CodeIgniter\CodeIgniter->runController(Object(App\Controllers\Perfiles))
#10 C:\xampp\htdocs\Agendamiento-Citas\system\CodeIgniter.php(368): CodeIgniter\CodeIgniter->handleRequest(NULL, Object(Config\Cache), false)
#11 C:\xampp\htdocs\Agendamiento-Citas\public\index.php(67): CodeIgniter\CodeIgniter->run()
#12 {main}
CRITICAL - 2023-05-25 15:02:21 --> Unknown column 'telefono.id_detalle' in 'field list'
in SYSTEMPATH\Database\BaseConnection.php on line 645.
 1 SYSTEMPATH\Database\BaseBuilder.php(1616): CodeIgniter\Database\BaseConnection->query('SELECT `usuarios`.*, `roles`.`nombre` as `rol_nombre`, `dt_sexo`.`nombre` as `sexo_nombre`, `dt_cargo`.`nombre` as `cargo_nombre`, `dt_documento`.`nombre` as `tp_nombre`, `telefono`.`id_detalle` as `id_detalle`, `telefonos`.`numero` as `telefono_usuario`, `correos`.`correo_electronico` as `correo_usuario`, `dt_telefo`.`nombre` as `tipo_telefono`
FROM `usuarios`
JOIN `roles` ON `roles`.`id_rol` = `usuarios`.`id_rol`
JOIN `telefonos` ON `telefonos`.`id_usuario` = `usuarios`.`id_usuario`
JOIN `detalles` as `dt_telefo` ON `dt_telefo`.`id_detalles` = `telefonos`.`id_detalles`
JOIN `correos` ON `correos`.`id_usuarios` = `usuarios`.`id_usuario`
JOIN `detalles` as `dt_cargo` ON `dt_cargo`.`id_detalles` = `usuarios`.`cargo`
JOIN `detalles` as `dt_documento` ON `dt_documento`.`id_detalles` = `usuarios`.`tipo_de_documento`
JOIN `detalles` as `dt_sexo` ON `dt_sexo`.`id_detalles` = `usuarios`.`sexo`
WHERE `usuarios`.`estado` = :usuarios.estado:
AND `usuarios`.`id_usuario` = :usuarios.id_usuario:
 LIMIT 1', [...], false)
 2 SYSTEMPATH\Model.php(268): CodeIgniter\Database\BaseBuilder->get()
 3 SYSTEMPATH\BaseModel.php(656): CodeIgniter\Model->doFirst()
 4 APPPATH\Models\AdministradorModels\UsuariosModel.php(76): CodeIgniter\BaseModel->first()
 5 APPPATH\Controllers\Perfiles.php(63): App\Models\AdministradorModels\UsuariosModel->traer_usuario('1')
 6 SYSTEMPATH\CodeIgniter.php(934): App\Controllers\Perfiles->Docentes()
 7 SYSTEMPATH\CodeIgniter.php(499): CodeIgniter\CodeIgniter->runController(Object(App\Controllers\Perfiles))
 8 SYSTEMPATH\CodeIgniter.php(368): CodeIgniter\CodeIgniter->handleRequest(null, Object(Config\Cache), false)
 9 FCPATH\index.php(67): CodeIgniter\CodeIgniter->run()
ERROR - 2023-05-25 15:02:27 --> mysqli_sql_exception: Unknown column 'telefonos.id_detalle' in 'field list' in C:\xampp\htdocs\Agendamiento-Citas\system\Database\MySQLi\Connection.php:295
Stack trace:
#0 C:\xampp\htdocs\Agendamiento-Citas\system\Database\MySQLi\Connection.php(295): mysqli->query('SELECT `usuario...', 0)
#1 C:\xampp\htdocs\Agendamiento-Citas\system\Database\BaseConnection.php(691): CodeIgniter\Database\MySQLi\Connection->execute('SELECT `usuario...')
#2 C:\xampp\htdocs\Agendamiento-Citas\system\Database\BaseConnection.php(605): CodeIgniter\Database\BaseConnection->simpleQuery('SELECT `usuario...')
#3 C:\xampp\htdocs\Agendamiento-Citas\system\Database\BaseBuilder.php(1616): CodeIgniter\Database\BaseConnection->query('SELECT `usuario...', Array, false)
#4 C:\xampp\htdocs\Agendamiento-Citas\system\Model.php(268): CodeIgniter\Database\BaseBuilder->get()
#5 C:\xampp\htdocs\Agendamiento-Citas\system\BaseModel.php(656): CodeIgniter\Model->doFirst()
#6 C:\xampp\htdocs\Agendamiento-Citas\app\Models\AdministradorModels\UsuariosModel.php(76): CodeIgniter\BaseModel->first()
#7 C:\xampp\htdocs\Agendamiento-Citas\app\Controllers\Perfiles.php(63): App\Models\AdministradorModels\UsuariosModel->traer_usuario('1')
#8 C:\xampp\htdocs\Agendamiento-Citas\system\CodeIgniter.php(934): App\Controllers\Perfiles->Docentes()
#9 C:\xampp\htdocs\Agendamiento-Citas\system\CodeIgniter.php(499): CodeIgniter\CodeIgniter->runController(Object(App\Controllers\Perfiles))
#10 C:\xampp\htdocs\Agendamiento-Citas\system\CodeIgniter.php(368): CodeIgniter\CodeIgniter->handleRequest(NULL, Object(Config\Cache), false)
#11 C:\xampp\htdocs\Agendamiento-Citas\public\index.php(67): CodeIgniter\CodeIgniter->run()
#12 {main}
CRITICAL - 2023-05-25 15:02:27 --> Unknown column 'telefonos.id_detalle' in 'field list'
in SYSTEMPATH\Database\BaseConnection.php on line 645.
 1 SYSTEMPATH\Database\BaseBuilder.php(1616): CodeIgniter\Database\BaseConnection->query('SELECT `usuarios`.*, `roles`.`nombre` as `rol_nombre`, `dt_sexo`.`nombre` as `sexo_nombre`, `dt_cargo`.`nombre` as `cargo_nombre`, `dt_documento`.`nombre` as `tp_nombre`, `telefonos`.`id_detalle` as `id_detalle`, `telefonos`.`numero` as `telefono_usuario`, `correos`.`correo_electronico` as `correo_usuario`, `dt_telefo`.`nombre` as `tipo_telefono`
FROM `usuarios`
JOIN `roles` ON `roles`.`id_rol` = `usuarios`.`id_rol`
JOIN `telefonos` ON `telefonos`.`id_usuario` = `usuarios`.`id_usuario`
JOIN `detalles` as `dt_telefo` ON `dt_telefo`.`id_detalles` = `telefonos`.`id_detalles`
JOIN `correos` ON `correos`.`id_usuarios` = `usuarios`.`id_usuario`
JOIN `detalles` as `dt_cargo` ON `dt_cargo`.`id_detalles` = `usuarios`.`cargo`
JOIN `detalles` as `dt_documento` ON `dt_documento`.`id_detalles` = `usuarios`.`tipo_de_documento`
JOIN `detalles` as `dt_sexo` ON `dt_sexo`.`id_detalles` = `usuarios`.`sexo`
WHERE `usuarios`.`estado` = :usuarios.estado:
AND `usuarios`.`id_usuario` = :usuarios.id_usuario:
 LIMIT 1', [...], false)
 2 SYSTEMPATH\Model.php(268): CodeIgniter\Database\BaseBuilder->get()
 3 SYSTEMPATH\BaseModel.php(656): CodeIgniter\Model->doFirst()
 4 APPPATH\Models\AdministradorModels\UsuariosModel.php(76): CodeIgniter\BaseModel->first()
 5 APPPATH\Controllers\Perfiles.php(63): App\Models\AdministradorModels\UsuariosModel->traer_usuario('1')
 6 SYSTEMPATH\CodeIgniter.php(934): App\Controllers\Perfiles->Docentes()
 7 SYSTEMPATH\CodeIgniter.php(499): CodeIgniter\CodeIgniter->runController(Object(App\Controllers\Perfiles))
 8 SYSTEMPATH\CodeIgniter.php(368): CodeIgniter\CodeIgniter->handleRequest(null, Object(Config\Cache), false)
 9 FCPATH\index.php(67): CodeIgniter\CodeIgniter->run()
CRITICAL - 2023-05-25 15:17:30 --> Undefined variable $detalles
in APPPATH\Controllers\Perfiles.php on line 69.
 1 APPPATH\Controllers\Perfiles.php(69): CodeIgniter\Debug\Exceptions->errorHandler(2, 'Undefined variable $detalles', 'APPPATH\\Controllers\\Perfiles.php', 69)
 2 SYSTEMPATH\CodeIgniter.php(934): App\Controllers\Perfiles->Docentes()
 3 SYSTEMPATH\CodeIgniter.php(499): CodeIgniter\CodeIgniter->runController(Object(App\Controllers\Perfiles))
 4 SYSTEMPATH\CodeIgniter.php(368): CodeIgniter\CodeIgniter->handleRequest(null, Object(Config\Cache), false)
 5 FCPATH\index.php(67): CodeIgniter\CodeIgniter->run()
CRITICAL - 2023-05-25 15:18:18 --> Undefined variable $detalles
in APPPATH\Controllers\Perfiles.php on line 69.
 1 APPPATH\Controllers\Perfiles.php(69): CodeIgniter\Debug\Exceptions->errorHandler(2, 'Undefined variable $detalles', 'APPPATH\\Controllers\\Perfiles.php', 69)
 2 SYSTEMPATH\CodeIgniter.php(934): App\Controllers\Perfiles->Docentes()
 3 SYSTEMPATH\CodeIgniter.php(499): CodeIgniter\CodeIgniter->runController(Object(App\Controllers\Perfiles))
 4 SYSTEMPATH\CodeIgniter.php(368): CodeIgniter\CodeIgniter->handleRequest(null, Object(Config\Cache), false)
 5 FCPATH\index.php(67): CodeIgniter\CodeIgniter->run()
CRITICAL - 2023-05-25 15:18:19 --> Undefined variable $detalles
in APPPATH\Controllers\Perfiles.php on line 69.
 1 APPPATH\Controllers\Perfiles.php(69): CodeIgniter\Debug\Exceptions->errorHandler(2, 'Undefined variable $detalles', 'APPPATH\\Controllers\\Perfiles.php', 69)
 2 SYSTEMPATH\CodeIgniter.php(934): App\Controllers\Perfiles->Docentes()
 3 SYSTEMPATH\CodeIgniter.php(499): CodeIgniter\CodeIgniter->runController(Object(App\Controllers\Perfiles))
 4 SYSTEMPATH\CodeIgniter.php(368): CodeIgniter\CodeIgniter->handleRequest(null, Object(Config\Cache), false)
 5 FCPATH\index.php(67): CodeIgniter\CodeIgniter->run()
CRITICAL - 2023-05-25 15:23:09 --> Trying to access array offset on value of type null
in APPPATH\Views\docentes\perfil\perfil.php on line 26.
 1 APPPATH\Views\docentes\perfil\perfil.php(26): CodeIgniter\Debug\Exceptions->errorHandler(2, 'Trying to access array offset on value of type null', 'APPPATH\\Views\\docentes\\perfil\\perfil.php', 26)
 2 SYSTEMPATH\View\View.php(213): include('APPPATH\\Views\\docentes\\perfil\\perfil.php')
 3 SYSTEMPATH\View\View.php(216): CodeIgniter\View\View->CodeIgniter\View\{closure}()
 4 SYSTEMPATH\Common.php(1184): CodeIgniter\View\View->render('docentes/perfil/perfil', [], true)
 5 APPPATH\Controllers\Perfiles.php(72): view('docentes/perfil/perfil', [...])
 6 SYSTEMPATH\CodeIgniter.php(934): App\Controllers\Perfiles->Docentes()
 7 SYSTEMPATH\CodeIgniter.php(499): CodeIgniter\CodeIgniter->runController(Object(App\Controllers\Perfiles))
 8 SYSTEMPATH\CodeIgniter.php(368): CodeIgniter\CodeIgniter->handleRequest(null, Object(Config\Cache), false)
 9 FCPATH\index.php(67): CodeIgniter\CodeIgniter->run()
ERROR - 2023-05-25 15:25:55 --> mysqli_sql_exception: Unknown column 'usuario.tipo_de_documento' in 'field list' in C:\xampp\htdocs\Agendamiento-Citas\system\Database\MySQLi\Connection.php:295
Stack trace:
#0 C:\xampp\htdocs\Agendamiento-Citas\system\Database\MySQLi\Connection.php(295): mysqli->query('SELECT `usuario...', 0)
#1 C:\xampp\htdocs\Agendamiento-Citas\system\Database\BaseConnection.php(691): CodeIgniter\Database\MySQLi\Connection->execute('SELECT `usuario...')
#2 C:\xampp\htdocs\Agendamiento-Citas\system\Database\BaseConnection.php(605): CodeIgniter\Database\BaseConnection->simpleQuery('SELECT `usuario...')
#3 C:\xampp\htdocs\Agendamiento-Citas\system\Database\BaseBuilder.php(1616): CodeIgniter\Database\BaseConnection->query('SELECT `usuario...', Array, false)
#4 C:\xampp\htdocs\Agendamiento-Citas\system\Model.php(268): CodeIgniter\Database\BaseBuilder->get()
#5 C:\xampp\htdocs\Agendamiento-Citas\system\BaseModel.php(656): CodeIgniter\Model->doFirst()
#6 C:\xampp\htdocs\Agendamiento-Citas\app\Models\AdministradorModels\UsuariosModel.php(76): CodeIgniter\BaseModel->first()
#7 C:\xampp\htdocs\Agendamiento-Citas\app\Controllers\Perfiles.php(104): App\Models\AdministradorModels\UsuariosModel->traer_usuario('1')
#8 C:\xampp\htdocs\Agendamiento-Citas\system\CodeIgniter.php(934): App\Controllers\Perfiles->buscar_user()
#9 C:\xampp\htdocs\Agendamiento-Citas\system\CodeIgniter.php(499): CodeIgniter\CodeIgniter->runController(Object(App\Controllers\Perfiles))
#10 C:\xampp\htdocs\Agendamiento-Citas\system\CodeIgniter.php(368): CodeIgniter\CodeIgniter->handleRequest(NULL, Object(Config\Cache), false)
#11 C:\xampp\htdocs\Agendamiento-Citas\public\index.php(67): CodeIgniter\CodeIgniter->run()
#12 {main}
CRITICAL - 2023-05-25 15:25:55 --> Unknown column 'usuario.tipo_de_documento' in 'field list'
in SYSTEMPATH\Database\BaseConnection.php on line 645.
 1 SYSTEMPATH\Database\BaseBuilder.php(1616): CodeIgniter\Database\BaseConnection->query('SELECT `usuarios`.*, `roles`.`nombre` as `rol_nombre`, `dt_sexo`.`nombre` as `sexo_nombre`, `dt_cargo`.`nombre` as `cargo_nombre`, `dt_documento`.`nombre` as `tp_nombre`, `telefonos`.`id_detalles` as `id_detalle`, `telefonos`.`numero` as `telefono_usuario`, `correos`.`correo_electronico` as `correo_usuario`, `dt_telefo`.`nombre` as `tipo_telefono`, `usuario`.`tipo_de_documento` as `id_documento`
FROM `usuarios`
JOIN `roles` ON `roles`.`id_rol` = `usuarios`.`id_rol`
JOIN `telefonos` ON `telefonos`.`id_usuario` = `usuarios`.`id_usuario`
JOIN `detalles` as `dt_telefo` ON `dt_telefo`.`id_detalles` = `telefonos`.`id_detalles`
JOIN `correos` ON `correos`.`id_usuarios` = `usuarios`.`id_usuario`
JOIN `detalles` as `dt_cargo` ON `dt_cargo`.`id_detalles` = `usuarios`.`cargo`
JOIN `detalles` as `dt_documento` ON `dt_documento`.`id_detalles` = `usuarios`.`tipo_de_documento`
JOIN `detalles` as `dt_sexo` ON `dt_sexo`.`id_detalles` = `usuarios`.`sexo`
WHERE `usuarios`.`estado` = :usuarios.estado:
AND `usuarios`.`id_usuario` = :usuarios.id_usuario:
 LIMIT 1', [...], false)
 2 SYSTEMPATH\Model.php(268): CodeIgniter\Database\BaseBuilder->get()
 3 SYSTEMPATH\BaseModel.php(656): CodeIgniter\Model->doFirst()
 4 APPPATH\Models\AdministradorModels\UsuariosModel.php(76): CodeIgniter\BaseModel->first()
 5 APPPATH\Controllers\Perfiles.php(104): App\Models\AdministradorModels\UsuariosModel->traer_usuario('1')
 6 SYSTEMPATH\CodeIgniter.php(934): App\Controllers\Perfiles->buscar_user()
 7 SYSTEMPATH\CodeIgniter.php(499): CodeIgniter\CodeIgniter->runController(Object(App\Controllers\Perfiles))
 8 SYSTEMPATH\CodeIgniter.php(368): CodeIgniter\CodeIgniter->handleRequest(null, Object(Config\Cache), false)
 9 FCPATH\index.php(67): CodeIgniter\CodeIgniter->run()
ERROR - 2023-05-25 15:26:04 --> mysqli_sql_exception: Unknown column 'usuario.tipo_de_documento' in 'field list' in C:\xampp\htdocs\Agendamiento-Citas\system\Database\MySQLi\Connection.php:295
Stack trace:
#0 C:\xampp\htdocs\Agendamiento-Citas\system\Database\MySQLi\Connection.php(295): mysqli->query('SELECT `usuario...', 0)
#1 C:\xampp\htdocs\Agendamiento-Citas\system\Database\BaseConnection.php(691): CodeIgniter\Database\MySQLi\Connection->execute('SELECT `usuario...')
#2 C:\xampp\htdocs\Agendamiento-Citas\system\Database\BaseConnection.php(605): CodeIgniter\Database\BaseConnection->simpleQuery('SELECT `usuario...')
#3 C:\xampp\htdocs\Agendamiento-Citas\system\Database\BaseBuilder.php(1616): CodeIgniter\Database\BaseConnection->query('SELECT `usuario...', Array, false)
#4 C:\xampp\htdocs\Agendamiento-Citas\system\Model.php(268): CodeIgniter\Database\BaseBuilder->get()
#5 C:\xampp\htdocs\Agendamiento-Citas\system\BaseModel.php(656): CodeIgniter\Model->doFirst()
#6 C:\xampp\htdocs\Agendamiento-Citas\app\Models\AdministradorModels\UsuariosModel.php(76): CodeIgniter\BaseModel->first()
#7 C:\xampp\htdocs\Agendamiento-Citas\app\Controllers\Perfiles.php(64): App\Models\AdministradorModels\UsuariosModel->traer_usuario('1')
#8 C:\xampp\htdocs\Agendamiento-Citas\system\CodeIgniter.php(934): App\Controllers\Perfiles->Docentes()
#9 C:\xampp\htdocs\Agendamiento-Citas\system\CodeIgniter.php(499): CodeIgniter\CodeIgniter->runController(Object(App\Controllers\Perfiles))
#10 C:\xampp\htdocs\Agendamiento-Citas\system\CodeIgniter.php(368): CodeIgniter\CodeIgniter->handleRequest(NULL, Object(Config\Cache), false)
#11 C:\xampp\htdocs\Agendamiento-Citas\public\index.php(67): CodeIgniter\CodeIgniter->run()
#12 {main}
CRITICAL - 2023-05-25 15:26:04 --> Unknown column 'usuario.tipo_de_documento' in 'field list'
in SYSTEMPATH\Database\BaseConnection.php on line 645.
 1 SYSTEMPATH\Database\BaseBuilder.php(1616): CodeIgniter\Database\BaseConnection->query('SELECT `usuarios`.*, `roles`.`nombre` as `rol_nombre`, `dt_sexo`.`nombre` as `sexo_nombre`, `dt_cargo`.`nombre` as `cargo_nombre`, `dt_documento`.`nombre` as `tp_nombre`, `telefonos`.`id_detalles` as `id_detalle`, `telefonos`.`numero` as `telefono_usuario`, `correos`.`correo_electronico` as `correo_usuario`, `dt_telefo`.`nombre` as `tipo_telefono`, `usuario`.`tipo_de_documento` as `id_documento`
FROM `usuarios`
JOIN `roles` ON `roles`.`id_rol` = `usuarios`.`id_rol`
JOIN `telefonos` ON `telefonos`.`id_usuario` = `usuarios`.`id_usuario`
JOIN `detalles` as `dt_telefo` ON `dt_telefo`.`id_detalles` = `telefonos`.`id_detalles`
JOIN `correos` ON `correos`.`id_usuarios` = `usuarios`.`id_usuario`
JOIN `detalles` as `dt_cargo` ON `dt_cargo`.`id_detalles` = `usuarios`.`cargo`
JOIN `detalles` as `dt_documento` ON `dt_documento`.`id_detalles` = `usuarios`.`tipo_de_documento`
JOIN `detalles` as `dt_sexo` ON `dt_sexo`.`id_detalles` = `usuarios`.`sexo`
WHERE `usuarios`.`estado` = :usuarios.estado:
AND `usuarios`.`id_usuario` = :usuarios.id_usuario:
 LIMIT 1', [...], false)
 2 SYSTEMPATH\Model.php(268): CodeIgniter\Database\BaseBuilder->get()
 3 SYSTEMPATH\BaseModel.php(656): CodeIgniter\Model->doFirst()
 4 APPPATH\Models\AdministradorModels\UsuariosModel.php(76): CodeIgniter\BaseModel->first()
 5 APPPATH\Controllers\Perfiles.php(64): App\Models\AdministradorModels\UsuariosModel->traer_usuario('1')
 6 SYSTEMPATH\CodeIgniter.php(934): App\Controllers\Perfiles->Docentes()
 7 SYSTEMPATH\CodeIgniter.php(499): CodeIgniter\CodeIgniter->runController(Object(App\Controllers\Perfiles))
 8 SYSTEMPATH\CodeIgniter.php(368): CodeIgniter\CodeIgniter->handleRequest(null, Object(Config\Cache), false)
 9 FCPATH\index.php(67): CodeIgniter\CodeIgniter->run()
CRITICAL - 2023-05-25 16:16:32 --> Trying to access array offset on value of type null
in APPPATH\Views\docentes\perfil\perfil.php on line 26.
 1 APPPATH\Views\docentes\perfil\perfil.php(26): CodeIgniter\Debug\Exceptions->errorHandler(2, 'Trying to access array offset on value of type null', 'APPPATH\\Views\\docentes\\perfil\\perfil.php', 26)
 2 SYSTEMPATH\View\View.php(213): include('APPPATH\\Views\\docentes\\perfil\\perfil.php')
 3 SYSTEMPATH\View\View.php(216): CodeIgniter\View\View->CodeIgniter\View\{closure}()
 4 SYSTEMPATH\Common.php(1184): CodeIgniter\View\View->render('docentes/perfil/perfil', [], true)
 5 APPPATH\Controllers\Perfiles.php(72): view('docentes/perfil/perfil', [...])
 6 SYSTEMPATH\CodeIgniter.php(934): App\Controllers\Perfiles->Docentes()
 7 SYSTEMPATH\CodeIgniter.php(499): CodeIgniter\CodeIgniter->runController(Object(App\Controllers\Perfiles))
 8 SYSTEMPATH\CodeIgniter.php(368): CodeIgniter\CodeIgniter->handleRequest(null, Object(Config\Cache), false)
 9 FCPATH\index.php(67): CodeIgniter\CodeIgniter->run()
CRITICAL - 2023-05-25 16:25:04 --> Trying to access array offset on value of type null
in APPPATH\Views\docentes\perfil\perfil.php on line 26.
 1 APPPATH\Views\docentes\perfil\perfil.php(26): CodeIgniter\Debug\Exceptions->errorHandler(2, 'Trying to access array offset on value of type null', 'APPPATH\\Views\\docentes\\perfil\\perfil.php', 26)
 2 SYSTEMPATH\View\View.php(213): include('APPPATH\\Views\\docentes\\perfil\\perfil.php')
 3 SYSTEMPATH\View\View.php(216): CodeIgniter\View\View->CodeIgniter\View\{closure}()
 4 SYSTEMPATH\Common.php(1184): CodeIgniter\View\View->render('docentes/perfil/perfil', [], true)
 5 APPPATH\Controllers\Perfiles.php(72): view('docentes/perfil/perfil', [...])
 6 SYSTEMPATH\CodeIgniter.php(934): App\Controllers\Perfiles->Docentes()
 7 SYSTEMPATH\CodeIgniter.php(499): CodeIgniter\CodeIgniter->runController(Object(App\Controllers\Perfiles))
 8 SYSTEMPATH\CodeIgniter.php(368): CodeIgniter\CodeIgniter->handleRequest(null, Object(Config\Cache), false)
 9 FCPATH\index.php(67): CodeIgniter\CodeIgniter->run()
