CRITICAL - 2023-07-17 08:39:45 --> Undefined variable $detalles
in APPPATH\Views\administradores\encabezado\encabezado.php on line 194.
 1 APPPATH\Views\administradores\encabezado\encabezado.php(194): CodeIgniter\Debug\Exceptions->errorHandler(2, 'Undefined variable $detalles', 'APPPATH\\Views\\administradores\\encabezado\\encabezado.php', 194)
 2 SYSTEMPATH\View\View.php(213): include('APPPATH\\Views\\administradores\\encabezado\\encabezado.php')
 3 SYSTEMPATH\View\View.php(216): CodeIgniter\View\View->CodeIgniter\View\{closure}()
 4 SYSTEMPATH\Common.php(1184): CodeIgniter\View\View->render('administradores/encabezado/encabezado', [], true)
 5 APPPATH\Controllers\AdministrarEncabezado.php(35): view('administradores/encabezado/encabezado', [...])
 6 SYSTEMPATH\CodeIgniter.php(934): App\Controllers\AdministrarEncabezado->index()
 7 SYSTEMPATH\CodeIgniter.php(499): CodeIgniter\CodeIgniter->runController(Object(App\Controllers\AdministrarEncabezado))
 8 SYSTEMPATH\CodeIgniter.php(368): CodeIgniter\CodeIgniter->handleRequest(null, Object(Config\Cache), false)
 9 FCPATH\index.php(67): CodeIgniter\CodeIgniter->run()
CRITICAL - 2023-07-17 08:44:29 --> Cannot redeclare App\Controllers\AdministrarEncabezado::insertar()
in APPPATH\Controllers\AdministrarEncabezado.php on line 110.
 1 [internal function]: CodeIgniter\Debug\Exceptions->shutdownHandler()
CRITICAL - 2023-07-17 11:17:45 --> Undefined variable $detallesEliminados
in APPPATH\Views\administradores\encabezado\encabezado.php on line 356.
 1 APPPATH\Views\administradores\encabezado\encabezado.php(356): CodeIgniter\Debug\Exceptions->errorHandler(2, 'Undefined variable $detallesEliminados', 'APPPATH\\Views\\administradores\\encabezado\\encabezado.php', 356)
 2 SYSTEMPATH\View\View.php(213): include('APPPATH\\Views\\administradores\\encabezado\\encabezado.php')
 3 SYSTEMPATH\View\View.php(216): CodeIgniter\View\View->CodeIgniter\View\{closure}()
 4 SYSTEMPATH\Common.php(1184): CodeIgniter\View\View->render('administradores/encabezado/encabezado', [], true)
 5 APPPATH\Controllers\AdministrarEncabezado.php(39): view('administradores/encabezado/encabezado', [...])
 6 SYSTEMPATH\CodeIgniter.php(934): App\Controllers\AdministrarEncabezado->index()
 7 SYSTEMPATH\CodeIgniter.php(499): CodeIgniter\CodeIgniter->runController(Object(App\Controllers\AdministrarEncabezado))
 8 SYSTEMPATH\CodeIgniter.php(368): CodeIgniter\CodeIgniter->handleRequest(null, Object(Config\Cache), false)
 9 FCPATH\index.php(67): CodeIgniter\CodeIgniter->run()
CRITICAL - 2023-07-17 11:17:46 --> Undefined variable $detallesEliminados
in APPPATH\Views\administradores\encabezado\encabezado.php on line 356.
 1 APPPATH\Views\administradores\encabezado\encabezado.php(356): CodeIgniter\Debug\Exceptions->errorHandler(2, 'Undefined variable $detallesEliminados', 'APPPATH\\Views\\administradores\\encabezado\\encabezado.php', 356)
 2 SYSTEMPATH\View\View.php(213): include('APPPATH\\Views\\administradores\\encabezado\\encabezado.php')
 3 SYSTEMPATH\View\View.php(216): CodeIgniter\View\View->CodeIgniter\View\{closure}()
 4 SYSTEMPATH\Common.php(1184): CodeIgniter\View\View->render('administradores/encabezado/encabezado', [], true)
 5 APPPATH\Controllers\AdministrarEncabezado.php(39): view('administradores/encabezado/encabezado', [...])
 6 SYSTEMPATH\CodeIgniter.php(934): App\Controllers\AdministrarEncabezado->index()
 7 SYSTEMPATH\CodeIgniter.php(499): CodeIgniter\CodeIgniter->runController(Object(App\Controllers\AdministrarEncabezado))
 8 SYSTEMPATH\CodeIgniter.php(368): CodeIgniter\CodeIgniter->handleRequest(null, Object(Config\Cache), false)
 9 FCPATH\index.php(67): CodeIgniter\CodeIgniter->run()
CRITICAL - 2023-07-17 11:17:47 --> Undefined variable $detallesEliminados
in APPPATH\Views\administradores\encabezado\encabezado.php on line 356.
 1 APPPATH\Views\administradores\encabezado\encabezado.php(356): CodeIgniter\Debug\Exceptions->errorHandler(2, 'Undefined variable $detallesEliminados', 'APPPATH\\Views\\administradores\\encabezado\\encabezado.php', 356)
 2 SYSTEMPATH\View\View.php(213): include('APPPATH\\Views\\administradores\\encabezado\\encabezado.php')
 3 SYSTEMPATH\View\View.php(216): CodeIgniter\View\View->CodeIgniter\View\{closure}()
 4 SYSTEMPATH\Common.php(1184): CodeIgniter\View\View->render('administradores/encabezado/encabezado', [], true)
 5 APPPATH\Controllers\AdministrarEncabezado.php(39): view('administradores/encabezado/encabezado', [...])
 6 SYSTEMPATH\CodeIgniter.php(934): App\Controllers\AdministrarEncabezado->index()
 7 SYSTEMPATH\CodeIgniter.php(499): CodeIgniter\CodeIgniter->runController(Object(App\Controllers\AdministrarEncabezado))
 8 SYSTEMPATH\CodeIgniter.php(368): CodeIgniter\CodeIgniter->handleRequest(null, Object(Config\Cache), false)
 9 FCPATH\index.php(67): CodeIgniter\CodeIgniter->run()
CRITICAL - 2023-07-17 11:17:47 --> Undefined variable $detallesEliminados
in APPPATH\Views\administradores\encabezado\encabezado.php on line 356.
 1 APPPATH\Views\administradores\encabezado\encabezado.php(356): CodeIgniter\Debug\Exceptions->errorHandler(2, 'Undefined variable $detallesEliminados', 'APPPATH\\Views\\administradores\\encabezado\\encabezado.php', 356)
 2 SYSTEMPATH\View\View.php(213): include('APPPATH\\Views\\administradores\\encabezado\\encabezado.php')
 3 SYSTEMPATH\View\View.php(216): CodeIgniter\View\View->CodeIgniter\View\{closure}()
 4 SYSTEMPATH\Common.php(1184): CodeIgniter\View\View->render('administradores/encabezado/encabezado', [], true)
 5 APPPATH\Controllers\AdministrarEncabezado.php(39): view('administradores/encabezado/encabezado', [...])
 6 SYSTEMPATH\CodeIgniter.php(934): App\Controllers\AdministrarEncabezado->index()
 7 SYSTEMPATH\CodeIgniter.php(499): CodeIgniter\CodeIgniter->runController(Object(App\Controllers\AdministrarEncabezado))
 8 SYSTEMPATH\CodeIgniter.php(368): CodeIgniter\CodeIgniter->handleRequest(null, Object(Config\Cache), false)
 9 FCPATH\index.php(67): CodeIgniter\CodeIgniter->run()
CRITICAL - 2023-07-17 11:17:47 --> Undefined variable $detallesEliminados
in APPPATH\Views\administradores\encabezado\encabezado.php on line 356.
 1 APPPATH\Views\administradores\encabezado\encabezado.php(356): CodeIgniter\Debug\Exceptions->errorHandler(2, 'Undefined variable $detallesEliminados', 'APPPATH\\Views\\administradores\\encabezado\\encabezado.php', 356)
 2 SYSTEMPATH\View\View.php(213): include('APPPATH\\Views\\administradores\\encabezado\\encabezado.php')
 3 SYSTEMPATH\View\View.php(216): CodeIgniter\View\View->CodeIgniter\View\{closure}()
 4 SYSTEMPATH\Common.php(1184): CodeIgniter\View\View->render('administradores/encabezado/encabezado', [], true)
 5 APPPATH\Controllers\AdministrarEncabezado.php(39): view('administradores/encabezado/encabezado', [...])
 6 SYSTEMPATH\CodeIgniter.php(934): App\Controllers\AdministrarEncabezado->index()
 7 SYSTEMPATH\CodeIgniter.php(499): CodeIgniter\CodeIgniter->runController(Object(App\Controllers\AdministrarEncabezado))
 8 SYSTEMPATH\CodeIgniter.php(368): CodeIgniter\CodeIgniter->handleRequest(null, Object(Config\Cache), false)
 9 FCPATH\index.php(67): CodeIgniter\CodeIgniter->run()
CRITICAL - 2023-07-17 11:17:47 --> Undefined variable $detallesEliminados
in APPPATH\Views\administradores\encabezado\encabezado.php on line 356.
 1 APPPATH\Views\administradores\encabezado\encabezado.php(356): CodeIgniter\Debug\Exceptions->errorHandler(2, 'Undefined variable $detallesEliminados', 'APPPATH\\Views\\administradores\\encabezado\\encabezado.php', 356)
 2 SYSTEMPATH\View\View.php(213): include('APPPATH\\Views\\administradores\\encabezado\\encabezado.php')
 3 SYSTEMPATH\View\View.php(216): CodeIgniter\View\View->CodeIgniter\View\{closure}()
 4 SYSTEMPATH\Common.php(1184): CodeIgniter\View\View->render('administradores/encabezado/encabezado', [], true)
 5 APPPATH\Controllers\AdministrarEncabezado.php(39): view('administradores/encabezado/encabezado', [...])
 6 SYSTEMPATH\CodeIgniter.php(934): App\Controllers\AdministrarEncabezado->index()
 7 SYSTEMPATH\CodeIgniter.php(499): CodeIgniter\CodeIgniter->runController(Object(App\Controllers\AdministrarEncabezado))
 8 SYSTEMPATH\CodeIgniter.php(368): CodeIgniter\CodeIgniter->handleRequest(null, Object(Config\Cache), false)
 9 FCPATH\index.php(67): CodeIgniter\CodeIgniter->run()
CRITICAL - 2023-07-17 11:17:47 --> Undefined variable $detallesEliminados
in APPPATH\Views\administradores\encabezado\encabezado.php on line 356.
 1 APPPATH\Views\administradores\encabezado\encabezado.php(356): CodeIgniter\Debug\Exceptions->errorHandler(2, 'Undefined variable $detallesEliminados', 'APPPATH\\Views\\administradores\\encabezado\\encabezado.php', 356)
 2 SYSTEMPATH\View\View.php(213): include('APPPATH\\Views\\administradores\\encabezado\\encabezado.php')
 3 SYSTEMPATH\View\View.php(216): CodeIgniter\View\View->CodeIgniter\View\{closure}()
 4 SYSTEMPATH\Common.php(1184): CodeIgniter\View\View->render('administradores/encabezado/encabezado', [], true)
 5 APPPATH\Controllers\AdministrarEncabezado.php(39): view('administradores/encabezado/encabezado', [...])
 6 SYSTEMPATH\CodeIgniter.php(934): App\Controllers\AdministrarEncabezado->index()
 7 SYSTEMPATH\CodeIgniter.php(499): CodeIgniter\CodeIgniter->runController(Object(App\Controllers\AdministrarEncabezado))
 8 SYSTEMPATH\CodeIgniter.php(368): CodeIgniter\CodeIgniter->handleRequest(null, Object(Config\Cache), false)
 9 FCPATH\index.php(67): CodeIgniter\CodeIgniter->run()
CRITICAL - 2023-07-17 11:17:48 --> Undefined variable $detallesEliminados
in APPPATH\Views\administradores\encabezado\encabezado.php on line 356.
 1 APPPATH\Views\administradores\encabezado\encabezado.php(356): CodeIgniter\Debug\Exceptions->errorHandler(2, 'Undefined variable $detallesEliminados', 'APPPATH\\Views\\administradores\\encabezado\\encabezado.php', 356)
 2 SYSTEMPATH\View\View.php(213): include('APPPATH\\Views\\administradores\\encabezado\\encabezado.php')
 3 SYSTEMPATH\View\View.php(216): CodeIgniter\View\View->CodeIgniter\View\{closure}()
 4 SYSTEMPATH\Common.php(1184): CodeIgniter\View\View->render('administradores/encabezado/encabezado', [], true)
 5 APPPATH\Controllers\AdministrarEncabezado.php(39): view('administradores/encabezado/encabezado', [...])
 6 SYSTEMPATH\CodeIgniter.php(934): App\Controllers\AdministrarEncabezado->index()
 7 SYSTEMPATH\CodeIgniter.php(499): CodeIgniter\CodeIgniter->runController(Object(App\Controllers\AdministrarEncabezado))
 8 SYSTEMPATH\CodeIgniter.php(368): CodeIgniter\CodeIgniter->handleRequest(null, Object(Config\Cache), false)
 9 FCPATH\index.php(67): CodeIgniter\CodeIgniter->run()
CRITICAL - 2023-07-17 11:17:48 --> Undefined variable $detallesEliminados
in APPPATH\Views\administradores\encabezado\encabezado.php on line 356.
 1 APPPATH\Views\administradores\encabezado\encabezado.php(356): CodeIgniter\Debug\Exceptions->errorHandler(2, 'Undefined variable $detallesEliminados', 'APPPATH\\Views\\administradores\\encabezado\\encabezado.php', 356)
 2 SYSTEMPATH\View\View.php(213): include('APPPATH\\Views\\administradores\\encabezado\\encabezado.php')
 3 SYSTEMPATH\View\View.php(216): CodeIgniter\View\View->CodeIgniter\View\{closure}()
 4 SYSTEMPATH\Common.php(1184): CodeIgniter\View\View->render('administradores/encabezado/encabezado', [], true)
 5 APPPATH\Controllers\AdministrarEncabezado.php(39): view('administradores/encabezado/encabezado', [...])
 6 SYSTEMPATH\CodeIgniter.php(934): App\Controllers\AdministrarEncabezado->index()
 7 SYSTEMPATH\CodeIgniter.php(499): CodeIgniter\CodeIgniter->runController(Object(App\Controllers\AdministrarEncabezado))
 8 SYSTEMPATH\CodeIgniter.php(368): CodeIgniter\CodeIgniter->handleRequest(null, Object(Config\Cache), false)
 9 FCPATH\index.php(67): CodeIgniter\CodeIgniter->run()
