CRITICAL - 2023-06-19 15:06:50 --> Call to undefined function App\Controllers\alert()
in APPPATH\Controllers\LoginSignin.php on line 68.
 1 SYSTEMPATH\CodeIgniter.php(934): App\Controllers\LoginSignin->auth()
 2 SYSTEMPATH\CodeIgniter.php(499): CodeIgniter\CodeIgniter->runController(Object(App\Controllers\LoginSignin))
 3 SYSTEMPATH\CodeIgniter.php(368): CodeIgniter\CodeIgniter->handleRequest(null, Object(Config\Cache), false)
 4 FCPATH\index.php(67): CodeIgniter\CodeIgniter->run()
CRITICAL - 2023-06-19 15:54:05 --> Cannot redeclare App\Controllers\DocenteDisponibilidad::create()
in APPPATH\Controllers\DocenteDisponibilidad.php on line 54.
 1 [internal function]: CodeIgniter\Debug\Exceptions->shutdownHandler()
CRITICAL - 2023-06-19 15:54:07 --> Cannot redeclare App\Controllers\DocenteDisponibilidad::create()
in APPPATH\Controllers\DocenteDisponibilidad.php on line 54.
 1 [internal function]: CodeIgniter\Debug\Exceptions->shutdownHandler()
ERROR - 2023-06-19 17:52:49 --> mysqli_sql_exception: Table 'db_citas.calendario' doesn't exist in C:\xampp\htdocs\Agendamiento-Citas\system\Database\MySQLi\Connection.php:295
Stack trace:
#0 C:\xampp\htdocs\Agendamiento-Citas\system\Database\MySQLi\Connection.php(295): mysqli->query('INSERT INTO `ca...', 0)
#1 C:\xampp\htdocs\Agendamiento-Citas\system\Database\BaseConnection.php(691): CodeIgniter\Database\MySQLi\Connection->execute('INSERT INTO `ca...')
#2 C:\xampp\htdocs\Agendamiento-Citas\system\Database\BaseConnection.php(605): CodeIgniter\Database\BaseConnection->simpleQuery('INSERT INTO `ca...')
#3 C:\xampp\htdocs\Agendamiento-Citas\system\Database\BaseBuilder.php(2309): CodeIgniter\Database\BaseConnection->query('INSERT INTO `ca...', Array, false)
#4 C:\xampp\htdocs\Agendamiento-Citas\system\Model.php(330): CodeIgniter\Database\BaseBuilder->insert()
#5 C:\xampp\htdocs\Agendamiento-Citas\system\BaseModel.php(782): CodeIgniter\Model->doInsert(Array)
#6 C:\xampp\htdocs\Agendamiento-Citas\system\Model.php(730): CodeIgniter\BaseModel->insert(Array, true)
#7 C:\xampp\htdocs\Agendamiento-Citas\app\Controllers\DocenteDisponibilidad.php(56): CodeIgniter\Model->insert(Array)
#8 C:\xampp\htdocs\Agendamiento-Citas\system\CodeIgniter.php(934): App\Controllers\DocenteDisponibilidad->create()
#9 C:\xampp\htdocs\Agendamiento-Citas\system\CodeIgniter.php(499): CodeIgniter\CodeIgniter->runController(Object(App\Controllers\DocenteDisponibilidad))
#10 C:\xampp\htdocs\Agendamiento-Citas\system\CodeIgniter.php(368): CodeIgniter\CodeIgniter->handleRequest(NULL, Object(Config\Cache), false)
#11 C:\xampp\htdocs\Agendamiento-Citas\public\index.php(67): CodeIgniter\CodeIgniter->run()
#12 {main}
CRITICAL - 2023-06-19 17:52:49 --> Table 'db_citas.calendario' doesn't exist
in SYSTEMPATH\Database\BaseConnection.php on line 645.
 1 SYSTEMPATH\Database\BaseBuilder.php(2309): CodeIgniter\Database\BaseConnection->query('INSERT INTO `calendario` (`start`, `end`, `color`, `fecha_crea`) VALUES (:start:, :end:, :color:, :fecha_crea:)', [...], false)
 2 SYSTEMPATH\Model.php(330): CodeIgniter\Database\BaseBuilder->insert()
 3 SYSTEMPATH\BaseModel.php(782): CodeIgniter\Model->doInsert([...])
 4 SYSTEMPATH\Model.php(730): CodeIgniter\BaseModel->insert([...], true)
 5 APPPATH\Controllers\DocenteDisponibilidad.php(56): CodeIgniter\Model->insert([...])
 6 SYSTEMPATH\CodeIgniter.php(934): App\Controllers\DocenteDisponibilidad->create()
 7 SYSTEMPATH\CodeIgniter.php(499): CodeIgniter\CodeIgniter->runController(Object(App\Controllers\DocenteDisponibilidad))
 8 SYSTEMPATH\CodeIgniter.php(368): CodeIgniter\CodeIgniter->handleRequest(null, Object(Config\Cache), false)
 9 FCPATH\index.php(67): CodeIgniter\CodeIgniter->run()
ERROR - 2023-06-19 17:53:26 --> mysqli_sql_exception: Table 'db_citas.calendario' doesn't exist in C:\xampp\htdocs\Agendamiento-Citas\system\Database\MySQLi\Connection.php:295
Stack trace:
#0 C:\xampp\htdocs\Agendamiento-Citas\system\Database\MySQLi\Connection.php(295): mysqli->query('INSERT INTO `ca...', 0)
#1 C:\xampp\htdocs\Agendamiento-Citas\system\Database\BaseConnection.php(691): CodeIgniter\Database\MySQLi\Connection->execute('INSERT INTO `ca...')
#2 C:\xampp\htdocs\Agendamiento-Citas\system\Database\BaseConnection.php(605): CodeIgniter\Database\BaseConnection->simpleQuery('INSERT INTO `ca...')
#3 C:\xampp\htdocs\Agendamiento-Citas\system\Database\BaseBuilder.php(2309): CodeIgniter\Database\BaseConnection->query('INSERT INTO `ca...', Array, false)
#4 C:\xampp\htdocs\Agendamiento-Citas\system\Model.php(330): CodeIgniter\Database\BaseBuilder->insert()
#5 C:\xampp\htdocs\Agendamiento-Citas\system\BaseModel.php(782): CodeIgniter\Model->doInsert(Array)
#6 C:\xampp\htdocs\Agendamiento-Citas\system\Model.php(730): CodeIgniter\BaseModel->insert(Array, true)
#7 C:\xampp\htdocs\Agendamiento-Citas\app\Controllers\DocenteDisponibilidad.php(56): CodeIgniter\Model->insert(Array)
#8 C:\xampp\htdocs\Agendamiento-Citas\system\CodeIgniter.php(934): App\Controllers\DocenteDisponibilidad->create()
#9 C:\xampp\htdocs\Agendamiento-Citas\system\CodeIgniter.php(499): CodeIgniter\CodeIgniter->runController(Object(App\Controllers\DocenteDisponibilidad))
#10 C:\xampp\htdocs\Agendamiento-Citas\system\CodeIgniter.php(368): CodeIgniter\CodeIgniter->handleRequest(NULL, Object(Config\Cache), false)
#11 C:\xampp\htdocs\Agendamiento-Citas\public\index.php(67): CodeIgniter\CodeIgniter->run()
#12 {main}
CRITICAL - 2023-06-19 17:53:26 --> Table 'db_citas.calendario' doesn't exist
in SYSTEMPATH\Database\BaseConnection.php on line 645.
 1 SYSTEMPATH\Database\BaseBuilder.php(2309): CodeIgniter\Database\BaseConnection->query('INSERT INTO `calendario` (`start`, `end`, `color`, `fecha_crea`) VALUES (:start:, :end:, :color:, :fecha_crea:)', [...], false)
 2 SYSTEMPATH\Model.php(330): CodeIgniter\Database\BaseBuilder->insert()
 3 SYSTEMPATH\BaseModel.php(782): CodeIgniter\Model->doInsert([...])
 4 SYSTEMPATH\Model.php(730): CodeIgniter\BaseModel->insert([...], true)
 5 APPPATH\Controllers\DocenteDisponibilidad.php(56): CodeIgniter\Model->insert([...])
 6 SYSTEMPATH\CodeIgniter.php(934): App\Controllers\DocenteDisponibilidad->create()
 7 SYSTEMPATH\CodeIgniter.php(499): CodeIgniter\CodeIgniter->runController(Object(App\Controllers\DocenteDisponibilidad))
 8 SYSTEMPATH\CodeIgniter.php(368): CodeIgniter\CodeIgniter->handleRequest(null, Object(Config\Cache), false)
 9 FCPATH\index.php(67): CodeIgniter\CodeIgniter->run()
CRITICAL - 2023-06-19 18:04:06 --> syntax error, unexpected token "=>"
in APPPATH\Controllers\DocenteDisponibilidad.php on line 52.
 1 SYSTEMPATH\Autoloader\Autoloader.php(289): CodeIgniter\Autoloader\Autoloader->includeFile('APPPATH\\Controllers\\DocenteDisponibilidad.php')
 2 SYSTEMPATH\Autoloader\Autoloader.php(267): CodeIgniter\Autoloader\Autoloader->loadInNamespace('App\\Controllers\\DocenteDisponibilidad')
 3 [internal function]: CodeIgniter\Autoloader\Autoloader->loadClass('App\\Controllers\\DocenteDisponibilidad')
 4 SYSTEMPATH\CodeIgniter.php(892): class_exists('\\App\\Controllers\\DocenteDisponibilidad', true)
 5 SYSTEMPATH\CodeIgniter.php(486): CodeIgniter\CodeIgniter->startController()
 6 SYSTEMPATH\CodeIgniter.php(368): CodeIgniter\CodeIgniter->handleRequest(null, Object(Config\Cache), false)
 7 FCPATH\index.php(67): CodeIgniter\CodeIgniter->run()
CRITICAL - 2023-06-19 18:04:12 --> syntax error, unexpected token "=>"
in APPPATH\Controllers\DocenteDisponibilidad.php on line 52.
 1 SYSTEMPATH\Autoloader\Autoloader.php(289): CodeIgniter\Autoloader\Autoloader->includeFile('APPPATH\\Controllers\\DocenteDisponibilidad.php')
 2 SYSTEMPATH\Autoloader\Autoloader.php(267): CodeIgniter\Autoloader\Autoloader->loadInNamespace('App\\Controllers\\DocenteDisponibilidad')
 3 [internal function]: CodeIgniter\Autoloader\Autoloader->loadClass('App\\Controllers\\DocenteDisponibilidad')
 4 SYSTEMPATH\CodeIgniter.php(892): class_exists('\\App\\Controllers\\DocenteDisponibilidad', true)
 5 SYSTEMPATH\CodeIgniter.php(486): CodeIgniter\CodeIgniter->startController()
 6 SYSTEMPATH\CodeIgniter.php(368): CodeIgniter\CodeIgniter->handleRequest(null, Object(Config\Cache), false)
 7 FCPATH\index.php(67): CodeIgniter\CodeIgniter->run()
CRITICAL - 2023-06-19 18:04:44 --> syntax error, unexpected token "=>"
in APPPATH\Controllers\DocenteDisponibilidad.php on line 52.
 1 SYSTEMPATH\Autoloader\Autoloader.php(289): CodeIgniter\Autoloader\Autoloader->includeFile('APPPATH\\Controllers\\DocenteDisponibilidad.php')
 2 SYSTEMPATH\Autoloader\Autoloader.php(267): CodeIgniter\Autoloader\Autoloader->loadInNamespace('App\\Controllers\\DocenteDisponibilidad')
 3 [internal function]: CodeIgniter\Autoloader\Autoloader->loadClass('App\\Controllers\\DocenteDisponibilidad')
 4 SYSTEMPATH\CodeIgniter.php(892): class_exists('\\App\\Controllers\\DocenteDisponibilidad', true)
 5 SYSTEMPATH\CodeIgniter.php(486): CodeIgniter\CodeIgniter->startController()
 6 SYSTEMPATH\CodeIgniter.php(368): CodeIgniter\CodeIgniter->handleRequest(null, Object(Config\Cache), false)
 7 FCPATH\index.php(67): CodeIgniter\CodeIgniter->run()
CRITICAL - 2023-06-19 18:05:57 --> syntax error, unexpected token "=>"
in APPPATH\Controllers\DocenteDisponibilidad.php on line 52.
 1 SYSTEMPATH\Autoloader\Autoloader.php(289): CodeIgniter\Autoloader\Autoloader->includeFile('APPPATH\\Controllers\\DocenteDisponibilidad.php')
 2 SYSTEMPATH\Autoloader\Autoloader.php(267): CodeIgniter\Autoloader\Autoloader->loadInNamespace('App\\Controllers\\DocenteDisponibilidad')
 3 [internal function]: CodeIgniter\Autoloader\Autoloader->loadClass('App\\Controllers\\DocenteDisponibilidad')
 4 SYSTEMPATH\CodeIgniter.php(892): class_exists('\\App\\Controllers\\DocenteDisponibilidad', true)
 5 SYSTEMPATH\CodeIgniter.php(486): CodeIgniter\CodeIgniter->startController()
 6 SYSTEMPATH\CodeIgniter.php(368): CodeIgniter\CodeIgniter->handleRequest(null, Object(Config\Cache), false)
 7 FCPATH\index.php(67): CodeIgniter\CodeIgniter->run()
CRITICAL - 2023-06-19 18:06:10 --> syntax error, unexpected token "=>"
in APPPATH\Controllers\DocenteDisponibilidad.php on line 52.
 1 SYSTEMPATH\Autoloader\Autoloader.php(289): CodeIgniter\Autoloader\Autoloader->includeFile('APPPATH\\Controllers\\DocenteDisponibilidad.php')
 2 SYSTEMPATH\Autoloader\Autoloader.php(267): CodeIgniter\Autoloader\Autoloader->loadInNamespace('App\\Controllers\\DocenteDisponibilidad')
 3 [internal function]: CodeIgniter\Autoloader\Autoloader->loadClass('App\\Controllers\\DocenteDisponibilidad')
 4 SYSTEMPATH\CodeIgniter.php(892): class_exists('\\App\\Controllers\\DocenteDisponibilidad', true)
 5 SYSTEMPATH\CodeIgniter.php(486): CodeIgniter\CodeIgniter->startController()
 6 SYSTEMPATH\CodeIgniter.php(368): CodeIgniter\CodeIgniter->handleRequest(null, Object(Config\Cache), false)
 7 FCPATH\index.php(67): CodeIgniter\CodeIgniter->run()
CRITICAL - 2023-06-19 18:06:28 --> syntax error, unexpected token "=>"
in APPPATH\Controllers\DocenteDisponibilidad.php on line 52.
 1 SYSTEMPATH\Autoloader\Autoloader.php(289): CodeIgniter\Autoloader\Autoloader->includeFile('APPPATH\\Controllers\\DocenteDisponibilidad.php')
 2 SYSTEMPATH\Autoloader\Autoloader.php(267): CodeIgniter\Autoloader\Autoloader->loadInNamespace('App\\Controllers\\DocenteDisponibilidad')
 3 [internal function]: CodeIgniter\Autoloader\Autoloader->loadClass('App\\Controllers\\DocenteDisponibilidad')
 4 SYSTEMPATH\CodeIgniter.php(892): class_exists('\\App\\Controllers\\DocenteDisponibilidad', true)
 5 SYSTEMPATH\CodeIgniter.php(486): CodeIgniter\CodeIgniter->startController()
 6 SYSTEMPATH\CodeIgniter.php(368): CodeIgniter\CodeIgniter->handleRequest(null, Object(Config\Cache), false)
 7 FCPATH\index.php(67): CodeIgniter\CodeIgniter->run()
CRITICAL - 2023-06-19 18:06:35 --> syntax error, unexpected token "=>"
in APPPATH\Controllers\DocenteDisponibilidad.php on line 52.
 1 SYSTEMPATH\Autoloader\Autoloader.php(289): CodeIgniter\Autoloader\Autoloader->includeFile('APPPATH\\Controllers\\DocenteDisponibilidad.php')
 2 SYSTEMPATH\Autoloader\Autoloader.php(267): CodeIgniter\Autoloader\Autoloader->loadInNamespace('App\\Controllers\\DocenteDisponibilidad')
 3 [internal function]: CodeIgniter\Autoloader\Autoloader->loadClass('App\\Controllers\\DocenteDisponibilidad')
 4 SYSTEMPATH\CodeIgniter.php(892): class_exists('\\App\\Controllers\\DocenteDisponibilidad', true)
 5 SYSTEMPATH\CodeIgniter.php(486): CodeIgniter\CodeIgniter->startController()
 6 SYSTEMPATH\CodeIgniter.php(368): CodeIgniter\CodeIgniter->handleRequest(null, Object(Config\Cache), false)
 7 FCPATH\index.php(67): CodeIgniter\CodeIgniter->run()
CRITICAL - 2023-06-19 18:06:40 --> syntax error, unexpected token "=>"
in APPPATH\Controllers\DocenteDisponibilidad.php on line 52.
 1 SYSTEMPATH\Autoloader\Autoloader.php(289): CodeIgniter\Autoloader\Autoloader->includeFile('APPPATH\\Controllers\\DocenteDisponibilidad.php')
 2 SYSTEMPATH\Autoloader\Autoloader.php(267): CodeIgniter\Autoloader\Autoloader->loadInNamespace('App\\Controllers\\DocenteDisponibilidad')
 3 [internal function]: CodeIgniter\Autoloader\Autoloader->loadClass('App\\Controllers\\DocenteDisponibilidad')
 4 SYSTEMPATH\CodeIgniter.php(892): class_exists('\\App\\Controllers\\DocenteDisponibilidad', true)
 5 SYSTEMPATH\CodeIgniter.php(486): CodeIgniter\CodeIgniter->startController()
 6 SYSTEMPATH\CodeIgniter.php(368): CodeIgniter\CodeIgniter->handleRequest(null, Object(Config\Cache), false)
 7 FCPATH\index.php(67): CodeIgniter\CodeIgniter->run()
CRITICAL - 2023-06-19 18:06:50 --> syntax error, unexpected token "=>"
in APPPATH\Controllers\DocenteDisponibilidad.php on line 52.
 1 SYSTEMPATH\Autoloader\Autoloader.php(289): CodeIgniter\Autoloader\Autoloader->includeFile('APPPATH\\Controllers\\DocenteDisponibilidad.php')
 2 SYSTEMPATH\Autoloader\Autoloader.php(267): CodeIgniter\Autoloader\Autoloader->loadInNamespace('App\\Controllers\\DocenteDisponibilidad')
 3 [internal function]: CodeIgniter\Autoloader\Autoloader->loadClass('App\\Controllers\\DocenteDisponibilidad')
 4 SYSTEMPATH\CodeIgniter.php(892): class_exists('\\App\\Controllers\\DocenteDisponibilidad', true)
 5 SYSTEMPATH\CodeIgniter.php(486): CodeIgniter\CodeIgniter->startController()
 6 SYSTEMPATH\CodeIgniter.php(368): CodeIgniter\CodeIgniter->handleRequest(null, Object(Config\Cache), false)
 7 FCPATH\index.php(67): CodeIgniter\CodeIgniter->run()
CRITICAL - 2023-06-19 18:07:03 --> syntax error, unexpected token "=>"
in APPPATH\Controllers\DocenteDisponibilidad.php on line 52.
 1 SYSTEMPATH\Autoloader\Autoloader.php(289): CodeIgniter\Autoloader\Autoloader->includeFile('APPPATH\\Controllers\\DocenteDisponibilidad.php')
 2 SYSTEMPATH\Autoloader\Autoloader.php(267): CodeIgniter\Autoloader\Autoloader->loadInNamespace('App\\Controllers\\DocenteDisponibilidad')
 3 [internal function]: CodeIgniter\Autoloader\Autoloader->loadClass('App\\Controllers\\DocenteDisponibilidad')
 4 SYSTEMPATH\CodeIgniter.php(892): class_exists('\\App\\Controllers\\DocenteDisponibilidad', true)
 5 SYSTEMPATH\CodeIgniter.php(486): CodeIgniter\CodeIgniter->startController()
 6 SYSTEMPATH\CodeIgniter.php(368): CodeIgniter\CodeIgniter->handleRequest(null, Object(Config\Cache), false)
 7 FCPATH\index.php(67): CodeIgniter\CodeIgniter->run()
CRITICAL - 2023-06-19 18:07:06 --> syntax error, unexpected token "=>"
in APPPATH\Controllers\DocenteDisponibilidad.php on line 52.
 1 SYSTEMPATH\Autoloader\Autoloader.php(289): CodeIgniter\Autoloader\Autoloader->includeFile('APPPATH\\Controllers\\DocenteDisponibilidad.php')
 2 SYSTEMPATH\Autoloader\Autoloader.php(267): CodeIgniter\Autoloader\Autoloader->loadInNamespace('App\\Controllers\\DocenteDisponibilidad')
 3 [internal function]: CodeIgniter\Autoloader\Autoloader->loadClass('App\\Controllers\\DocenteDisponibilidad')
 4 SYSTEMPATH\CodeIgniter.php(892): class_exists('\\App\\Controllers\\DocenteDisponibilidad', true)
 5 SYSTEMPATH\CodeIgniter.php(486): CodeIgniter\CodeIgniter->startController()
 6 SYSTEMPATH\CodeIgniter.php(368): CodeIgniter\CodeIgniter->handleRequest(null, Object(Config\Cache), false)
 7 FCPATH\index.php(67): CodeIgniter\CodeIgniter->run()
ERROR - 2023-06-19 18:10:36 --> mysqli_sql_exception: Table 'db_citas.calendario' doesn't exist in C:\xampp\htdocs\Agendamiento-Citas\system\Database\MySQLi\Connection.php:295
Stack trace:
#0 C:\xampp\htdocs\Agendamiento-Citas\system\Database\MySQLi\Connection.php(295): mysqli->query('INSERT INTO `ca...', 0)
#1 C:\xampp\htdocs\Agendamiento-Citas\system\Database\BaseConnection.php(691): CodeIgniter\Database\MySQLi\Connection->execute('INSERT INTO `ca...')
#2 C:\xampp\htdocs\Agendamiento-Citas\system\Database\BaseConnection.php(605): CodeIgniter\Database\BaseConnection->simpleQuery('INSERT INTO `ca...')
#3 C:\xampp\htdocs\Agendamiento-Citas\system\Database\BaseBuilder.php(2309): CodeIgniter\Database\BaseConnection->query('INSERT INTO `ca...', Array, false)
#4 C:\xampp\htdocs\Agendamiento-Citas\system\Model.php(330): CodeIgniter\Database\BaseBuilder->insert()
#5 C:\xampp\htdocs\Agendamiento-Citas\system\BaseModel.php(782): CodeIgniter\Model->doInsert(Array)
#6 C:\xampp\htdocs\Agendamiento-Citas\system\Model.php(730): CodeIgniter\BaseModel->insert(Array, true)
#7 C:\xampp\htdocs\Agendamiento-Citas\app\Controllers\DocenteDisponibilidad.php(52): CodeIgniter\Model->insert(Array)
#8 C:\xampp\htdocs\Agendamiento-Citas\system\CodeIgniter.php(934): App\Controllers\DocenteDisponibilidad->crear_disponiblidad()
#9 C:\xampp\htdocs\Agendamiento-Citas\system\CodeIgniter.php(499): CodeIgniter\CodeIgniter->runController(Object(App\Controllers\DocenteDisponibilidad))
#10 C:\xampp\htdocs\Agendamiento-Citas\system\CodeIgniter.php(368): CodeIgniter\CodeIgniter->handleRequest(NULL, Object(Config\Cache), false)
#11 C:\xampp\htdocs\Agendamiento-Citas\public\index.php(67): CodeIgniter\CodeIgniter->run()
#12 {main}
CRITICAL - 2023-06-19 18:10:36 --> Table 'db_citas.calendario' doesn't exist
in SYSTEMPATH\Database\BaseConnection.php on line 645.
 1 SYSTEMPATH\Database\BaseBuilder.php(2309): CodeIgniter\Database\BaseConnection->query('INSERT INTO `calendario` (`title`, `start`, `end`, `color`, `fecha_crea`) VALUES (:title:, :start:, :end:, :color:, :fecha_crea:)', [...], false)
 2 SYSTEMPATH\Model.php(330): CodeIgniter\Database\BaseBuilder->insert()
 3 SYSTEMPATH\BaseModel.php(782): CodeIgniter\Model->doInsert([...])
 4 SYSTEMPATH\Model.php(730): CodeIgniter\BaseModel->insert([...], true)
 5 APPPATH\Controllers\DocenteDisponibilidad.php(52): CodeIgniter\Model->insert([...])
 6 SYSTEMPATH\CodeIgniter.php(934): App\Controllers\DocenteDisponibilidad->crear_disponiblidad()
 7 SYSTEMPATH\CodeIgniter.php(499): CodeIgniter\CodeIgniter->runController(Object(App\Controllers\DocenteDisponibilidad))
 8 SYSTEMPATH\CodeIgniter.php(368): CodeIgniter\CodeIgniter->handleRequest(null, Object(Config\Cache), false)
 9 FCPATH\index.php(67): CodeIgniter\CodeIgniter->run()
ERROR - 2023-06-19 18:10:51 --> mysqli_sql_exception: Table 'db_citas.calendario' doesn't exist in C:\xampp\htdocs\Agendamiento-Citas\system\Database\MySQLi\Connection.php:295
Stack trace:
#0 C:\xampp\htdocs\Agendamiento-Citas\system\Database\MySQLi\Connection.php(295): mysqli->query('INSERT INTO `ca...', 0)
#1 C:\xampp\htdocs\Agendamiento-Citas\system\Database\BaseConnection.php(691): CodeIgniter\Database\MySQLi\Connection->execute('INSERT INTO `ca...')
#2 C:\xampp\htdocs\Agendamiento-Citas\system\Database\BaseConnection.php(605): CodeIgniter\Database\BaseConnection->simpleQuery('INSERT INTO `ca...')
#3 C:\xampp\htdocs\Agendamiento-Citas\system\Database\BaseBuilder.php(2309): CodeIgniter\Database\BaseConnection->query('INSERT INTO `ca...', Array, false)
#4 C:\xampp\htdocs\Agendamiento-Citas\system\Model.php(330): CodeIgniter\Database\BaseBuilder->insert()
#5 C:\xampp\htdocs\Agendamiento-Citas\system\BaseModel.php(782): CodeIgniter\Model->doInsert(Array)
#6 C:\xampp\htdocs\Agendamiento-Citas\system\Model.php(730): CodeIgniter\BaseModel->insert(Array, true)
#7 C:\xampp\htdocs\Agendamiento-Citas\app\Controllers\DocenteDisponibilidad.php(52): CodeIgniter\Model->insert(Array)
#8 C:\xampp\htdocs\Agendamiento-Citas\system\CodeIgniter.php(934): App\Controllers\DocenteDisponibilidad->crear_disponiblidad()
#9 C:\xampp\htdocs\Agendamiento-Citas\system\CodeIgniter.php(499): CodeIgniter\CodeIgniter->runController(Object(App\Controllers\DocenteDisponibilidad))
#10 C:\xampp\htdocs\Agendamiento-Citas\system\CodeIgniter.php(368): CodeIgniter\CodeIgniter->handleRequest(NULL, Object(Config\Cache), false)
#11 C:\xampp\htdocs\Agendamiento-Citas\public\index.php(67): CodeIgniter\CodeIgniter->run()
#12 {main}
CRITICAL - 2023-06-19 18:10:51 --> Table 'db_citas.calendario' doesn't exist
in SYSTEMPATH\Database\BaseConnection.php on line 645.
 1 SYSTEMPATH\Database\BaseBuilder.php(2309): CodeIgniter\Database\BaseConnection->query('INSERT INTO `calendario` (`title`, `start`, `end`, `color`, `fecha_crea`) VALUES (:title:, :start:, :end:, :color:, :fecha_crea:)', [...], false)
 2 SYSTEMPATH\Model.php(330): CodeIgniter\Database\BaseBuilder->insert()
 3 SYSTEMPATH\BaseModel.php(782): CodeIgniter\Model->doInsert([...])
 4 SYSTEMPATH\Model.php(730): CodeIgniter\BaseModel->insert([...], true)
 5 APPPATH\Controllers\DocenteDisponibilidad.php(52): CodeIgniter\Model->insert([...])
 6 SYSTEMPATH\CodeIgniter.php(934): App\Controllers\DocenteDisponibilidad->crear_disponiblidad()
 7 SYSTEMPATH\CodeIgniter.php(499): CodeIgniter\CodeIgniter->runController(Object(App\Controllers\DocenteDisponibilidad))
 8 SYSTEMPATH\CodeIgniter.php(368): CodeIgniter\CodeIgniter->handleRequest(null, Object(Config\Cache), false)
 9 FCPATH\index.php(67): CodeIgniter\CodeIgniter->run()
ERROR - 2023-06-19 18:11:56 --> mysqli_sql_exception: Table 'db_citas.calendario' doesn't exist in C:\xampp\htdocs\Agendamiento-Citas\system\Database\MySQLi\Connection.php:295
Stack trace:
#0 C:\xampp\htdocs\Agendamiento-Citas\system\Database\MySQLi\Connection.php(295): mysqli->query('INSERT INTO `ca...', 0)
#1 C:\xampp\htdocs\Agendamiento-Citas\system\Database\BaseConnection.php(691): CodeIgniter\Database\MySQLi\Connection->execute('INSERT INTO `ca...')
#2 C:\xampp\htdocs\Agendamiento-Citas\system\Database\BaseConnection.php(605): CodeIgniter\Database\BaseConnection->simpleQuery('INSERT INTO `ca...')
#3 C:\xampp\htdocs\Agendamiento-Citas\system\Database\BaseBuilder.php(2309): CodeIgniter\Database\BaseConnection->query('INSERT INTO `ca...', Array, false)
#4 C:\xampp\htdocs\Agendamiento-Citas\system\Model.php(330): CodeIgniter\Database\BaseBuilder->insert()
#5 C:\xampp\htdocs\Agendamiento-Citas\system\BaseModel.php(782): CodeIgniter\Model->doInsert(Array)
#6 C:\xampp\htdocs\Agendamiento-Citas\system\Model.php(730): CodeIgniter\BaseModel->insert(Array, true)
#7 C:\xampp\htdocs\Agendamiento-Citas\app\Controllers\DocenteDisponibilidad.php(52): CodeIgniter\Model->insert(Array)
#8 C:\xampp\htdocs\Agendamiento-Citas\system\CodeIgniter.php(934): App\Controllers\DocenteDisponibilidad->crear_disponiblidad()
#9 C:\xampp\htdocs\Agendamiento-Citas\system\CodeIgniter.php(499): CodeIgniter\CodeIgniter->runController(Object(App\Controllers\DocenteDisponibilidad))
#10 C:\xampp\htdocs\Agendamiento-Citas\system\CodeIgniter.php(368): CodeIgniter\CodeIgniter->handleRequest(NULL, Object(Config\Cache), false)
#11 C:\xampp\htdocs\Agendamiento-Citas\public\index.php(67): CodeIgniter\CodeIgniter->run()
#12 {main}
CRITICAL - 2023-06-19 18:11:56 --> Table 'db_citas.calendario' doesn't exist
in SYSTEMPATH\Database\BaseConnection.php on line 645.
 1 SYSTEMPATH\Database\BaseBuilder.php(2309): CodeIgniter\Database\BaseConnection->query('INSERT INTO `calendario` (`title`, `start`, `end`, `color`, `fecha_crea`) VALUES (:title:, :start:, :end:, :color:, :fecha_crea:)', [...], false)
 2 SYSTEMPATH\Model.php(330): CodeIgniter\Database\BaseBuilder->insert()
 3 SYSTEMPATH\BaseModel.php(782): CodeIgniter\Model->doInsert([...])
 4 SYSTEMPATH\Model.php(730): CodeIgniter\BaseModel->insert([...], true)
 5 APPPATH\Controllers\DocenteDisponibilidad.php(52): CodeIgniter\Model->insert([...])
 6 SYSTEMPATH\CodeIgniter.php(934): App\Controllers\DocenteDisponibilidad->crear_disponiblidad()
 7 SYSTEMPATH\CodeIgniter.php(499): CodeIgniter\CodeIgniter->runController(Object(App\Controllers\DocenteDisponibilidad))
 8 SYSTEMPATH\CodeIgniter.php(368): CodeIgniter\CodeIgniter->handleRequest(null, Object(Config\Cache), false)
 9 FCPATH\index.php(67): CodeIgniter\CodeIgniter->run()
ERROR - 2023-06-19 18:13:27 --> mysqli_sql_exception: Table 'db_citas.calendario' doesn't exist in C:\xampp\htdocs\Agendamiento-Citas\system\Database\MySQLi\Connection.php:295
Stack trace:
#0 C:\xampp\htdocs\Agendamiento-Citas\system\Database\MySQLi\Connection.php(295): mysqli->query('INSERT INTO `ca...', 0)
#1 C:\xampp\htdocs\Agendamiento-Citas\system\Database\BaseConnection.php(691): CodeIgniter\Database\MySQLi\Connection->execute('INSERT INTO `ca...')
#2 C:\xampp\htdocs\Agendamiento-Citas\system\Database\BaseConnection.php(605): CodeIgniter\Database\BaseConnection->simpleQuery('INSERT INTO `ca...')
#3 C:\xampp\htdocs\Agendamiento-Citas\system\Database\BaseBuilder.php(2309): CodeIgniter\Database\BaseConnection->query('INSERT INTO `ca...', Array, false)
#4 C:\xampp\htdocs\Agendamiento-Citas\system\Model.php(330): CodeIgniter\Database\BaseBuilder->insert()
#5 C:\xampp\htdocs\Agendamiento-Citas\system\BaseModel.php(782): CodeIgniter\Model->doInsert(Array)
#6 C:\xampp\htdocs\Agendamiento-Citas\system\Model.php(730): CodeIgniter\BaseModel->insert(Array, true)
#7 C:\xampp\htdocs\Agendamiento-Citas\app\Controllers\DocenteDisponibilidad.php(52): CodeIgniter\Model->insert(Array)
#8 C:\xampp\htdocs\Agendamiento-Citas\system\CodeIgniter.php(934): App\Controllers\DocenteDisponibilidad->crear_disponiblidad()
#9 C:\xampp\htdocs\Agendamiento-Citas\system\CodeIgniter.php(499): CodeIgniter\CodeIgniter->runController(Object(App\Controllers\DocenteDisponibilidad))
#10 C:\xampp\htdocs\Agendamiento-Citas\system\CodeIgniter.php(368): CodeIgniter\CodeIgniter->handleRequest(NULL, Object(Config\Cache), false)
#11 C:\xampp\htdocs\Agendamiento-Citas\public\index.php(67): CodeIgniter\CodeIgniter->run()
#12 {main}
CRITICAL - 2023-06-19 18:13:27 --> Table 'db_citas.calendario' doesn't exist
in SYSTEMPATH\Database\BaseConnection.php on line 645.
 1 SYSTEMPATH\Database\BaseBuilder.php(2309): CodeIgniter\Database\BaseConnection->query('INSERT INTO `calendario` (`title`, `start`, `end`, `color`, `fecha_crea`) VALUES (:title:, :start:, :end:, :color:, :fecha_crea:)', [...], false)
 2 SYSTEMPATH\Model.php(330): CodeIgniter\Database\BaseBuilder->insert()
 3 SYSTEMPATH\BaseModel.php(782): CodeIgniter\Model->doInsert([...])
 4 SYSTEMPATH\Model.php(730): CodeIgniter\BaseModel->insert([...], true)
 5 APPPATH\Controllers\DocenteDisponibilidad.php(52): CodeIgniter\Model->insert([...])
 6 SYSTEMPATH\CodeIgniter.php(934): App\Controllers\DocenteDisponibilidad->crear_disponiblidad()
 7 SYSTEMPATH\CodeIgniter.php(499): CodeIgniter\CodeIgniter->runController(Object(App\Controllers\DocenteDisponibilidad))
 8 SYSTEMPATH\CodeIgniter.php(368): CodeIgniter\CodeIgniter->handleRequest(null, Object(Config\Cache), false)
 9 FCPATH\index.php(67): CodeIgniter\CodeIgniter->run()
CRITICAL - 2023-06-19 18:14:15 --> Invalid file: "agendamientodisponibilidad.php"
in SYSTEMPATH\Exceptions\FrameworkException.php on line 33.
 1 SYSTEMPATH\View\View.php(201): CodeIgniter\Exceptions\FrameworkException::forInvalidFile('agendamientodisponibilidad.php')
 2 SYSTEMPATH\Common.php(1184): CodeIgniter\View\View->render('agendamientodisponibilidad', [], true)
 3 APPPATH\Controllers\DocenteDisponibilidad.php(59): view('agendamientodisponibilidad')
 4 SYSTEMPATH\CodeIgniter.php(934): App\Controllers\DocenteDisponibilidad->crear_disponiblidad()
 5 SYSTEMPATH\CodeIgniter.php(499): CodeIgniter\CodeIgniter->runController(Object(App\Controllers\DocenteDisponibilidad))
 6 SYSTEMPATH\CodeIgniter.php(368): CodeIgniter\CodeIgniter->handleRequest(null, Object(Config\Cache), false)
 7 FCPATH\index.php(67): CodeIgniter\CodeIgniter->run()
CRITICAL - 2023-06-19 18:20:40 --> syntax error, unexpected token ";", expecting "]"
in APPPATH\Controllers\DocenteDisponibilidad.php on line 57.
 1 SYSTEMPATH\Autoloader\Autoloader.php(289): CodeIgniter\Autoloader\Autoloader->includeFile('APPPATH\\Controllers\\DocenteDisponibilidad.php')
 2 SYSTEMPATH\Autoloader\Autoloader.php(267): CodeIgniter\Autoloader\Autoloader->loadInNamespace('App\\Controllers\\DocenteDisponibilidad')
 3 [internal function]: CodeIgniter\Autoloader\Autoloader->loadClass('App\\Controllers\\DocenteDisponibilidad')
 4 SYSTEMPATH\CodeIgniter.php(892): class_exists('\\App\\Controllers\\DocenteDisponibilidad', true)
 5 SYSTEMPATH\CodeIgniter.php(486): CodeIgniter\CodeIgniter->startController()
 6 SYSTEMPATH\CodeIgniter.php(368): CodeIgniter\CodeIgniter->handleRequest(null, Object(Config\Cache), false)
 7 FCPATH\index.php(67): CodeIgniter\CodeIgniter->run()
ERROR - 2023-06-19 18:21:10 --> mysqli_sql_exception: Column 'usuario_crea' cannot be null in C:\xampp\htdocs\Agendamiento-Citas\system\Database\MySQLi\Connection.php:295
Stack trace:
#0 C:\xampp\htdocs\Agendamiento-Citas\system\Database\MySQLi\Connection.php(295): mysqli->query('INSERT INTO `pr...', 0)
#1 C:\xampp\htdocs\Agendamiento-Citas\system\Database\BaseConnection.php(691): CodeIgniter\Database\MySQLi\Connection->execute('INSERT INTO `pr...')
#2 C:\xampp\htdocs\Agendamiento-Citas\system\Database\BaseConnection.php(605): CodeIgniter\Database\BaseConnection->simpleQuery('INSERT INTO `pr...')
#3 C:\xampp\htdocs\Agendamiento-Citas\system\Database\BaseBuilder.php(2309): CodeIgniter\Database\BaseConnection->query('INSERT INTO `pr...', Array, false)
#4 C:\xampp\htdocs\Agendamiento-Citas\system\Model.php(330): CodeIgniter\Database\BaseBuilder->insert()
#5 C:\xampp\htdocs\Agendamiento-Citas\system\BaseModel.php(782): CodeIgniter\Model->doInsert(Array)
#6 C:\xampp\htdocs\Agendamiento-Citas\system\Model.php(730): CodeIgniter\BaseModel->insert(Array, true)
#7 C:\xampp\htdocs\Agendamiento-Citas\app\Controllers\DocenteDisponibilidad.php(52): CodeIgniter\Model->insert(Array)
#8 C:\xampp\htdocs\Agendamiento-Citas\system\CodeIgniter.php(934): App\Controllers\DocenteDisponibilidad->crear_disponiblidad()
#9 C:\xampp\htdocs\Agendamiento-Citas\system\CodeIgniter.php(499): CodeIgniter\CodeIgniter->runController(Object(App\Controllers\DocenteDisponibilidad))
#10 C:\xampp\htdocs\Agendamiento-Citas\system\CodeIgniter.php(368): CodeIgniter\CodeIgniter->handleRequest(NULL, Object(Config\Cache), false)
#11 C:\xampp\htdocs\Agendamiento-Citas\public\index.php(67): CodeIgniter\CodeIgniter->run()
#12 {main}
CRITICAL - 2023-06-19 18:21:10 --> Column 'usuario_crea' cannot be null
in SYSTEMPATH\Database\BaseConnection.php on line 645.
 1 SYSTEMPATH\Database\BaseBuilder.php(2309): CodeIgniter\Database\BaseConnection->query('INSERT INTO `pruebaeventos` (`title`, `start`, `end`, `color`, `usuario_crea`, `fecha_crea`) VALUES (:title:, :start:, :end:, :color:, :usuario_crea:, :fecha_crea:)', [...], false)
 2 SYSTEMPATH\Model.php(330): CodeIgniter\Database\BaseBuilder->insert()
 3 SYSTEMPATH\BaseModel.php(782): CodeIgniter\Model->doInsert([...])
 4 SYSTEMPATH\Model.php(730): CodeIgniter\BaseModel->insert([...], true)
 5 APPPATH\Controllers\DocenteDisponibilidad.php(52): CodeIgniter\Model->insert([...])
 6 SYSTEMPATH\CodeIgniter.php(934): App\Controllers\DocenteDisponibilidad->crear_disponiblidad()
 7 SYSTEMPATH\CodeIgniter.php(499): CodeIgniter\CodeIgniter->runController(Object(App\Controllers\DocenteDisponibilidad))
 8 SYSTEMPATH\CodeIgniter.php(368): CodeIgniter\CodeIgniter->handleRequest(null, Object(Config\Cache), false)
 9 FCPATH\index.php(67): CodeIgniter\CodeIgniter->run()
ERROR - 2023-06-19 18:21:44 --> mysqli_sql_exception: Column 'usuario_crea' cannot be null in C:\xampp\htdocs\Agendamiento-Citas\system\Database\MySQLi\Connection.php:295
Stack trace:
#0 C:\xampp\htdocs\Agendamiento-Citas\system\Database\MySQLi\Connection.php(295): mysqli->query('INSERT INTO `pr...', 0)
#1 C:\xampp\htdocs\Agendamiento-Citas\system\Database\BaseConnection.php(691): CodeIgniter\Database\MySQLi\Connection->execute('INSERT INTO `pr...')
#2 C:\xampp\htdocs\Agendamiento-Citas\system\Database\BaseConnection.php(605): CodeIgniter\Database\BaseConnection->simpleQuery('INSERT INTO `pr...')
#3 C:\xampp\htdocs\Agendamiento-Citas\system\Database\BaseBuilder.php(2309): CodeIgniter\Database\BaseConnection->query('INSERT INTO `pr...', Array, false)
#4 C:\xampp\htdocs\Agendamiento-Citas\system\Model.php(330): CodeIgniter\Database\BaseBuilder->insert()
#5 C:\xampp\htdocs\Agendamiento-Citas\system\BaseModel.php(782): CodeIgniter\Model->doInsert(Array)
#6 C:\xampp\htdocs\Agendamiento-Citas\system\Model.php(730): CodeIgniter\BaseModel->insert(Array, true)
#7 C:\xampp\htdocs\Agendamiento-Citas\app\Controllers\DocenteDisponibilidad.php(52): CodeIgniter\Model->insert(Array)
#8 C:\xampp\htdocs\Agendamiento-Citas\system\CodeIgniter.php(934): App\Controllers\DocenteDisponibilidad->crear_disponiblidad()
#9 C:\xampp\htdocs\Agendamiento-Citas\system\CodeIgniter.php(499): CodeIgniter\CodeIgniter->runController(Object(App\Controllers\DocenteDisponibilidad))
#10 C:\xampp\htdocs\Agendamiento-Citas\system\CodeIgniter.php(368): CodeIgniter\CodeIgniter->handleRequest(NULL, Object(Config\Cache), false)
#11 C:\xampp\htdocs\Agendamiento-Citas\public\index.php(67): CodeIgniter\CodeIgniter->run()
#12 {main}
CRITICAL - 2023-06-19 18:21:44 --> Column 'usuario_crea' cannot be null
in SYSTEMPATH\Database\BaseConnection.php on line 645.
 1 SYSTEMPATH\Database\BaseBuilder.php(2309): CodeIgniter\Database\BaseConnection->query('INSERT INTO `pruebaeventos` (`title`, `start`, `end`, `color`, `usuario_crea`, `fecha_crea`) VALUES (:title:, :start:, :end:, :color:, :usuario_crea:, :fecha_crea:)', [...], false)
 2 SYSTEMPATH\Model.php(330): CodeIgniter\Database\BaseBuilder->insert()
 3 SYSTEMPATH\BaseModel.php(782): CodeIgniter\Model->doInsert([...])
 4 SYSTEMPATH\Model.php(730): CodeIgniter\BaseModel->insert([...], true)
 5 APPPATH\Controllers\DocenteDisponibilidad.php(52): CodeIgniter\Model->insert([...])
 6 SYSTEMPATH\CodeIgniter.php(934): App\Controllers\DocenteDisponibilidad->crear_disponiblidad()
 7 SYSTEMPATH\CodeIgniter.php(499): CodeIgniter\CodeIgniter->runController(Object(App\Controllers\DocenteDisponibilidad))
 8 SYSTEMPATH\CodeIgniter.php(368): CodeIgniter\CodeIgniter->handleRequest(null, Object(Config\Cache), false)
 9 FCPATH\index.php(67): CodeIgniter\CodeIgniter->run()
ERROR - 2023-06-19 18:22:11 --> mysqli_sql_exception: Column 'usuario_crea' cannot be null in C:\xampp\htdocs\Agendamiento-Citas\system\Database\MySQLi\Connection.php:295
Stack trace:
#0 C:\xampp\htdocs\Agendamiento-Citas\system\Database\MySQLi\Connection.php(295): mysqli->query('INSERT INTO `pr...', 0)
#1 C:\xampp\htdocs\Agendamiento-Citas\system\Database\BaseConnection.php(691): CodeIgniter\Database\MySQLi\Connection->execute('INSERT INTO `pr...')
#2 C:\xampp\htdocs\Agendamiento-Citas\system\Database\BaseConnection.php(605): CodeIgniter\Database\BaseConnection->simpleQuery('INSERT INTO `pr...')
#3 C:\xampp\htdocs\Agendamiento-Citas\system\Database\BaseBuilder.php(2309): CodeIgniter\Database\BaseConnection->query('INSERT INTO `pr...', Array, false)
#4 C:\xampp\htdocs\Agendamiento-Citas\system\Model.php(330): CodeIgniter\Database\BaseBuilder->insert()
#5 C:\xampp\htdocs\Agendamiento-Citas\system\BaseModel.php(782): CodeIgniter\Model->doInsert(Array)
#6 C:\xampp\htdocs\Agendamiento-Citas\system\Model.php(730): CodeIgniter\BaseModel->insert(Array, true)
#7 C:\xampp\htdocs\Agendamiento-Citas\app\Controllers\DocenteDisponibilidad.php(52): CodeIgniter\Model->insert(Array)
#8 C:\xampp\htdocs\Agendamiento-Citas\system\CodeIgniter.php(934): App\Controllers\DocenteDisponibilidad->crear_disponiblidad()
#9 C:\xampp\htdocs\Agendamiento-Citas\system\CodeIgniter.php(499): CodeIgniter\CodeIgniter->runController(Object(App\Controllers\DocenteDisponibilidad))
#10 C:\xampp\htdocs\Agendamiento-Citas\system\CodeIgniter.php(368): CodeIgniter\CodeIgniter->handleRequest(NULL, Object(Config\Cache), false)
#11 C:\xampp\htdocs\Agendamiento-Citas\public\index.php(67): CodeIgniter\CodeIgniter->run()
#12 {main}
CRITICAL - 2023-06-19 18:22:11 --> Column 'usuario_crea' cannot be null
in SYSTEMPATH\Database\BaseConnection.php on line 645.
 1 SYSTEMPATH\Database\BaseBuilder.php(2309): CodeIgniter\Database\BaseConnection->query('INSERT INTO `pruebaeventos` (`title`, `start`, `end`, `color`, `usuario_crea`, `fecha_crea`) VALUES (:title:, :start:, :end:, :color:, :usuario_crea:, :fecha_crea:)', [...], false)
 2 SYSTEMPATH\Model.php(330): CodeIgniter\Database\BaseBuilder->insert()
 3 SYSTEMPATH\BaseModel.php(782): CodeIgniter\Model->doInsert([...])
 4 SYSTEMPATH\Model.php(730): CodeIgniter\BaseModel->insert([...], true)
 5 APPPATH\Controllers\DocenteDisponibilidad.php(52): CodeIgniter\Model->insert([...])
 6 SYSTEMPATH\CodeIgniter.php(934): App\Controllers\DocenteDisponibilidad->crear_disponiblidad()
 7 SYSTEMPATH\CodeIgniter.php(499): CodeIgniter\CodeIgniter->runController(Object(App\Controllers\DocenteDisponibilidad))
 8 SYSTEMPATH\CodeIgniter.php(368): CodeIgniter\CodeIgniter->handleRequest(null, Object(Config\Cache), false)
 9 FCPATH\index.php(67): CodeIgniter\CodeIgniter->run()
CRITICAL - 2023-06-19 18:56:06 --> Undefined variable $eventos
in APPPATH\Views\docentes\agendamientoDisponibilidad\agendamiento.php on line 134.
 1 APPPATH\Views\docentes\agendamientoDisponibilidad\agendamiento.php(134): CodeIgniter\Debug\Exceptions->errorHandler(2, 'Undefined variable $eventos', 'APPPATH\\Views\\docentes\\agendamientoDisponibilidad\\agendamiento.php', 134)
 2 SYSTEMPATH\View\View.php(213): include('APPPATH\\Views\\docentes\\agendamientoDisponibilidad\\agendamiento.php')
 3 SYSTEMPATH\View\View.php(216): CodeIgniter\View\View->CodeIgniter\View\{closure}()
 4 SYSTEMPATH\Common.php(1184): CodeIgniter\View\View->render('docentes/agendamientoDisponibilidad/agendamiento', [], true)
 5 APPPATH\Controllers\DocenteDisponibilidad.php(36): view('docentes/agendamientoDisponibilidad/agendamiento', [...])
 6 SYSTEMPATH\CodeIgniter.php(934): App\Controllers\DocenteDisponibilidad->index()
 7 SYSTEMPATH\CodeIgniter.php(499): CodeIgniter\CodeIgniter->runController(Object(App\Controllers\DocenteDisponibilidad))
 8 SYSTEMPATH\CodeIgniter.php(368): CodeIgniter\CodeIgniter->handleRequest(null, Object(Config\Cache), false)
 9 FCPATH\index.php(67): CodeIgniter\CodeIgniter->run()
CRITICAL - 2023-06-19 18:58:49 --> Too few arguments to function App\Models\PruebaCalendar\CalendarioModel::traer_todos_los_eventos_por_usuario(), 0 passed in C:\xampp\htdocs\Agendamiento-Citas\app\Controllers\DocenteDisponibilidad.php on line 27 and exactly 1 expected
in APPPATH\Models\PruebaCalendar\CalendarioModel.php on line 33.
 1 APPPATH\Controllers\DocenteDisponibilidad.php(27): App\Models\PruebaCalendar\CalendarioModel->traer_todos_los_eventos_por_usuario()
 2 SYSTEMPATH\CodeIgniter.php(934): App\Controllers\DocenteDisponibilidad->index()
 3 SYSTEMPATH\CodeIgniter.php(499): CodeIgniter\CodeIgniter->runController(Object(App\Controllers\DocenteDisponibilidad))
 4 SYSTEMPATH\CodeIgniter.php(368): CodeIgniter\CodeIgniter->handleRequest(null, Object(Config\Cache), false)
 5 FCPATH\index.php(67): CodeIgniter\CodeIgniter->run()
CRITICAL - 2023-06-19 18:59:44 --> Too few arguments to function App\Models\PruebaCalendar\CalendarioModel::traer_todos_los_eventos_por_usuario(), 0 passed in C:\xampp\htdocs\Agendamiento-Citas\app\Controllers\DocenteDisponibilidad.php on line 27 and exactly 1 expected
in APPPATH\Models\PruebaCalendar\CalendarioModel.php on line 33.
 1 APPPATH\Controllers\DocenteDisponibilidad.php(27): App\Models\PruebaCalendar\CalendarioModel->traer_todos_los_eventos_por_usuario()
 2 SYSTEMPATH\CodeIgniter.php(934): App\Controllers\DocenteDisponibilidad->index()
 3 SYSTEMPATH\CodeIgniter.php(499): CodeIgniter\CodeIgniter->runController(Object(App\Controllers\DocenteDisponibilidad))
 4 SYSTEMPATH\CodeIgniter.php(368): CodeIgniter\CodeIgniter->handleRequest(null, Object(Config\Cache), false)
 5 FCPATH\index.php(67): CodeIgniter\CodeIgniter->run()
CRITICAL - 2023-06-19 19:12:42 --> CodeIgniter\HTTP\RedirectResponse::with(): Argument #1 ($key) must be of type string, array given, called in C:\xampp\htdocs\Agendamiento-Citas\app\Controllers\DocenteDisponibilidad.php on line 68
in SYSTEMPATH\HTTP\RedirectResponse.php on line 130.
 1 APPPATH\Controllers\DocenteDisponibilidad.php(68): CodeIgniter\HTTP\RedirectResponse->with([...])
 2 SYSTEMPATH\CodeIgniter.php(934): App\Controllers\DocenteDisponibilidad->crear_disponiblidad()
 3 SYSTEMPATH\CodeIgniter.php(499): CodeIgniter\CodeIgniter->runController(Object(App\Controllers\DocenteDisponibilidad))
 4 SYSTEMPATH\CodeIgniter.php(368): CodeIgniter\CodeIgniter->handleRequest(null, Object(Config\Cache), false)
 5 FCPATH\index.php(67): CodeIgniter\CodeIgniter->run()
CRITICAL - 2023-06-19 19:12:43 --> CodeIgniter\HTTP\RedirectResponse::with(): Argument #1 ($key) must be of type string, array given, called in C:\xampp\htdocs\Agendamiento-Citas\app\Controllers\DocenteDisponibilidad.php on line 68
in SYSTEMPATH\HTTP\RedirectResponse.php on line 130.
 1 APPPATH\Controllers\DocenteDisponibilidad.php(68): CodeIgniter\HTTP\RedirectResponse->with([...])
 2 SYSTEMPATH\CodeIgniter.php(934): App\Controllers\DocenteDisponibilidad->crear_disponiblidad()
 3 SYSTEMPATH\CodeIgniter.php(499): CodeIgniter\CodeIgniter->runController(Object(App\Controllers\DocenteDisponibilidad))
 4 SYSTEMPATH\CodeIgniter.php(368): CodeIgniter\CodeIgniter->handleRequest(null, Object(Config\Cache), false)
 5 FCPATH\index.php(67): CodeIgniter\CodeIgniter->run()
CRITICAL - 2023-06-19 19:13:44 --> CodeIgniter\HTTP\RedirectResponse::with(): Argument #1 ($key) must be of type string, array given, called in C:\xampp\htdocs\Agendamiento-Citas\app\Controllers\DocenteDisponibilidad.php on line 68
in SYSTEMPATH\HTTP\RedirectResponse.php on line 130.
 1 APPPATH\Controllers\DocenteDisponibilidad.php(68): CodeIgniter\HTTP\RedirectResponse->with([...])
 2 SYSTEMPATH\CodeIgniter.php(934): App\Controllers\DocenteDisponibilidad->crear_disponiblidad()
 3 SYSTEMPATH\CodeIgniter.php(499): CodeIgniter\CodeIgniter->runController(Object(App\Controllers\DocenteDisponibilidad))
 4 SYSTEMPATH\CodeIgniter.php(368): CodeIgniter\CodeIgniter->handleRequest(null, Object(Config\Cache), false)
 5 FCPATH\index.php(67): CodeIgniter\CodeIgniter->run()
CRITICAL - 2023-06-19 19:15:02 --> CodeIgniter\HTTP\RedirectResponse::with(): Argument #1 ($key) must be of type string, array given, called in C:\xampp\htdocs\Agendamiento-Citas\app\Controllers\DocenteDisponibilidad.php on line 68
in SYSTEMPATH\HTTP\RedirectResponse.php on line 130.
 1 APPPATH\Controllers\DocenteDisponibilidad.php(68): CodeIgniter\HTTP\RedirectResponse->with([...])
 2 SYSTEMPATH\CodeIgniter.php(934): App\Controllers\DocenteDisponibilidad->crear_disponiblidad()
 3 SYSTEMPATH\CodeIgniter.php(499): CodeIgniter\CodeIgniter->runController(Object(App\Controllers\DocenteDisponibilidad))
 4 SYSTEMPATH\CodeIgniter.php(368): CodeIgniter\CodeIgniter->handleRequest(null, Object(Config\Cache), false)
 5 FCPATH\index.php(67): CodeIgniter\CodeIgniter->run()
CRITICAL - 2023-06-19 19:16:34 --> CodeIgniter\HTTP\RedirectResponse::with(): Argument #1 ($key) must be of type string, array given, called in C:\xampp\htdocs\Agendamiento-Citas\app\Controllers\DocenteDisponibilidad.php on line 68
in SYSTEMPATH\HTTP\RedirectResponse.php on line 130.
 1 APPPATH\Controllers\DocenteDisponibilidad.php(68): CodeIgniter\HTTP\RedirectResponse->with([...])
 2 SYSTEMPATH\CodeIgniter.php(934): App\Controllers\DocenteDisponibilidad->crear_disponiblidad()
 3 SYSTEMPATH\CodeIgniter.php(499): CodeIgniter\CodeIgniter->runController(Object(App\Controllers\DocenteDisponibilidad))
 4 SYSTEMPATH\CodeIgniter.php(368): CodeIgniter\CodeIgniter->handleRequest(null, Object(Config\Cache), false)
 5 FCPATH\index.php(67): CodeIgniter\CodeIgniter->run()
CRITICAL - 2023-06-19 20:22:47 --> Unclosed '{' on line 13
in APPPATH\Controllers\DocenteDisponibilidad.php on line 130.
 1 SYSTEMPATH\Autoloader\Autoloader.php(289): CodeIgniter\Autoloader\Autoloader->includeFile('APPPATH\\Controllers\\DocenteDisponibilidad.php')
 2 SYSTEMPATH\Autoloader\Autoloader.php(267): CodeIgniter\Autoloader\Autoloader->loadInNamespace('App\\Controllers\\DocenteDisponibilidad')
 3 [internal function]: CodeIgniter\Autoloader\Autoloader->loadClass('App\\Controllers\\DocenteDisponibilidad')
 4 SYSTEMPATH\CodeIgniter.php(892): class_exists('\\App\\Controllers\\DocenteDisponibilidad', true)
 5 SYSTEMPATH\CodeIgniter.php(486): CodeIgniter\CodeIgniter->startController()
 6 SYSTEMPATH\CodeIgniter.php(368): CodeIgniter\CodeIgniter->handleRequest(null, Object(Config\Cache), false)
 7 FCPATH\index.php(67): CodeIgniter\CodeIgniter->run()
CRITICAL - 2023-06-19 20:23:33 --> Undefined variable $id_usuario
in APPPATH\Controllers\DocenteDisponibilidad.php on line 72.
 1 APPPATH\Controllers\DocenteDisponibilidad.php(72): CodeIgniter\Debug\Exceptions->errorHandler(2, 'Undefined variable $id_usuario', 'APPPATH\\Controllers\\DocenteDisponibilidad.php', 72)
 2 SYSTEMPATH\CodeIgniter.php(934): App\Controllers\DocenteDisponibilidad->crear_disponiblidad()
 3 SYSTEMPATH\CodeIgniter.php(499): CodeIgniter\CodeIgniter->runController(Object(App\Controllers\DocenteDisponibilidad))
 4 SYSTEMPATH\CodeIgniter.php(368): CodeIgniter\CodeIgniter->handleRequest(null, Object(Config\Cache), false)
 5 FCPATH\index.php(67): CodeIgniter\CodeIgniter->run()
CRITICAL - 2023-06-19 21:49:07 --> syntax error, unexpected token "echo"
in APPPATH\Views\docentes\agendamientoDisponibilidad\agendamiento.php on line 199.
 1 SYSTEMPATH\View\View.php(216): CodeIgniter\View\View->CodeIgniter\View\{closure}()
 2 SYSTEMPATH\Common.php(1184): CodeIgniter\View\View->render('docentes/agendamientoDisponibilidad/agendamiento', [], true)
 3 APPPATH\Controllers\DocenteDisponibilidad.php(36): view('docentes/agendamientoDisponibilidad/agendamiento', [...])
 4 SYSTEMPATH\CodeIgniter.php(934): App\Controllers\DocenteDisponibilidad->index()
 5 SYSTEMPATH\CodeIgniter.php(499): CodeIgniter\CodeIgniter->runController(Object(App\Controllers\DocenteDisponibilidad))
 6 SYSTEMPATH\CodeIgniter.php(368): CodeIgniter\CodeIgniter->handleRequest(null, Object(Config\Cache), false)
 7 FCPATH\index.php(67): CodeIgniter\CodeIgniter->run()
CRITICAL - 2023-06-19 23:50:00 --> Class "App\Controllers\DateTime" not found
in APPPATH\Controllers\DocenteDisponibilidad.php on line 81.
 1 APPPATH\Controllers\DocenteDisponibilidad.php(58): App\Controllers\DocenteDisponibilidad->convertDateTime('2023-06-19T13:00')
 2 SYSTEMPATH\CodeIgniter.php(934): App\Controllers\DocenteDisponibilidad->crear_disponiblidad()
 3 SYSTEMPATH\CodeIgniter.php(499): CodeIgniter\CodeIgniter->runController(Object(App\Controllers\DocenteDisponibilidad))
 4 SYSTEMPATH\CodeIgniter.php(368): CodeIgniter\CodeIgniter->handleRequest(null, Object(Config\Cache), false)
 5 FCPATH\index.php(67): CodeIgniter\CodeIgniter->run()
